[2019-12-04 09:43:23] Initializing...
FISCO-BCOS Version : 2.1.0
Build Time         : 20190923 13:22:09
Build Type         : Linux/clang/Release
Git Branch         : HEAD
Git Commit Hash    : cb68124d4fbf3df563a57dfff5f0c6eedc1419cc
[2019-12-04 09:43:23] The FISCO-BCOS is running...
[2019-12-04 18:44:29] Initializing...
FISCO-BCOS Version : 2.1.0
Build Time         : 20190923 13:22:09
Build Type         : Linux/clang/Release
Git Branch         : HEAD
Git Commit Hash    : cb68124d4fbf3df563a57dfff5f0c6eedc1419cc
[2019-12-04 18:44:29] The FISCO-BCOS is running...
[2019-12-04 22:42:11] Initializing...
FISCO-BCOS Version : 2.1.0
Build Time         : 20190923 13:22:09
Build Type         : Linux/clang/Release
Git Branch         : HEAD
Git Commit Hash    : cb68124d4fbf3df563a57dfff5f0c6eedc1419cc
[2019-12-04 22:42:12] The FISCO-BCOS is running...
[2019-12-04 22:45:33] FISCO-BCOS program exit normally.
[2019-12-04 22:55:42] Initializing...
FISCO-BCOS Version : 2.1.0
Build Time         : 20190923 13:22:09
Build Type         : Linux/clang/Release
Git Branch         : HEAD
Git Commit Hash    : cb68124d4fbf3df563a57dfff5f0c6eedc1419cc
[2019-12-04 22:55:42] The FISCO-BCOS is running...
[2019-12-04 23:01:10] FISCO-BCOS program exit normally.
[2019-12-04 23:06:03] Initializing...
FISCO-BCOS Version : 2.1.0
Build Time         : 20190923 13:22:09
Build Type         : Linux/clang/Release
Git Branch         : HEAD
Git Commit Hash    : cb68124d4fbf3df563a57dfff5f0c6eedc1419cc
[2019-12-04 23:06:03] The FISCO-BCOS is running...
[2019-12-04 23:24:30] FISCO-BCOS program exit normally.
[2019-12-04 23:39:17] Initializing...
FISCO-BCOS Version : 2.1.0
Build Time         : 20190923 13:22:09
Build Type         : Linux/clang/Release
Git Branch         : HEAD
Git Commit Hash    : cb68124d4fbf3df563a57dfff5f0c6eedc1419cc
[2019-12-04 23:39:17] The FISCO-BCOS is running...
[2019-12-04 23:46:33] FISCO-BCOS program exit normally.
[2019-12-04 23:52:56] Initializing...
FISCO-BCOS Version : 2.1.0
Build Time         : 20190923 13:22:09
Build Type         : Linux/clang/Release
Git Branch         : HEAD
Git Commit Hash    : cb68124d4fbf3df563a57dfff5f0c6eedc1419cc
[2019-12-04 23:52:57] The FISCO-BCOS is running...
[2019-12-05 09:40:32] Initializing...
FISCO-BCOS Version : 2.1.0
Build Time         : 20190923 13:22:09
Build Type         : Linux/clang/Release
Git Branch         : HEAD
Git Commit Hash    : cb68124d4fbf3df563a57dfff5f0c6eedc1419cc
[2019-12-05 09:40:33] The FISCO-BCOS is running...
[2019-12-05 10:32:51] FISCO-BCOS program exit normally.
[2019-12-05 10:37:14] Initializing...
FISCO-BCOS Version : 2.1.0
Build Time         : 20190923 13:22:09
Build Type         : Linux/clang/Release
Git Branch         : HEAD
Git Commit Hash    : cb68124d4fbf3df563a57dfff5f0c6eedc1419cc
[2019-12-05 10:37:14] The FISCO-BCOS is running...
[2019-12-05 11:21:39] FISCO-BCOS program exit normally.
[2019-12-05 15:41:44] Initializing...
FISCO-BCOS Version : 2.1.0
Build Time         : 20190923 13:22:09
Build Type         : Linux/clang/Release
Git Branch         : HEAD
Git Commit Hash    : cb68124d4fbf3df563a57dfff5f0c6eedc1419cc
[2019-12-05 15:41:48] The FISCO-BCOS is running...
[2019-12-05 20:07:53] Initializing...
FISCO-BCOS Version : 2.1.0
Build Time         : 20190923 13:22:09
Build Type         : Linux/clang/Release
Git Branch         : HEAD
Git Commit Hash    : cb68124d4fbf3df563a57dfff5f0c6eedc1419cc
[2019-12-05 20:07:55] The FISCO-BCOS is running...
[2019-12-06 01:10:00] FISCO-BCOS program exit normally.
[2019-12-09 19:51:55] Initializing...
FISCO-BCOS Version : 2.1.0
Build Time         : 20190923 13:22:09
Build Type         : Linux/clang/Release
Git Branch         : HEAD
Git Commit Hash    : cb68124d4fbf3df563a57dfff5f0c6eedc1419cc
[2019-12-09 19:51:57] The FISCO-BCOS is running...
[2019-12-09 22:18:32] FISCO-BCOS program exit normally.
[2019-12-10 13:07:29] Initializing...
FISCO-BCOS Version : 2.1.0
Build Time         : 20190923 13:22:09
Build Type         : Linux/clang/Release
Git Branch         : HEAD
Git Commit Hash    : cb68124d4fbf3df563a57dfff5f0c6eedc1419cc
[2019-12-10 13:07:30] The FISCO-BCOS is running...
[2019-12-10 17:48:31] Initializing...
FISCO-BCOS Version : 2.1.0
Build Time         : 20190923 13:22:09
Build Type         : Linux/clang/Release
Git Branch         : HEAD
Git Commit Hash    : cb68124d4fbf3df563a57dfff5f0c6eedc1419cc
[2019-12-10 17:48:32] The FISCO-BCOS is running...
[2019-12-12 19:55:23] Initializing...
FISCO-BCOS Version : 2.1.0
Build Time         : 20190923 13:22:09
Build Type         : Linux/clang/Release
Git Branch         : HEAD
Git Commit Hash    : cb68124d4fbf3df563a57dfff5f0c6eedc1419cc
[2019-12-12 19:55:26] The FISCO-BCOS is running...
