info|2019-12-12 14:34:15.845930|[g:1][CONSENSUS][SEALER]++++++++++++++++ Generating seal on,blkNum=241,tx=0,nodeIdx=2,hash=0ee856cf...
info|2019-12-12 14:34:15.900098|[g:1][CONSENSUS][PBFT]checkTimeout Succ,view=1670,toView=1671,nodeIdx=2,changeCycle=0,myNode=933db757...,timecost=0.359
info|2019-12-12 14:34:15.903410|[g:1][CONSENSUS][PBFT]checkAndChangeView: Reach consensus,org_view=1670,org_changeCycle=0,cur_changeCycle=0,to_view=1671
info|2019-12-12 14:34:17.133441|[g:1][CONSENSUS]addRawPrepare,height=241,reqIdx=3,hash=e9bc58a7...
info|2019-12-12 14:34:17.133857|[g:1][CONSENSUS][PBFT]checkTimeout Succ,view=1671,toView=1672,nodeIdx=2,changeCycle=0,myNode=933db757...,timecost=0.222
info|2019-12-12 14:34:17.378955|[g:1][CONSENSUS][PBFT]checkAndChangeView: Reach consensus,org_view=1671,org_changeCycle=0,cur_changeCycle=0,to_view=1672
info|2019-12-12 14:34:18.257972|[g:1][CONSENSUS]addRawPrepare,height=241,reqIdx=0,hash=e64eac67...
info|2019-12-12 14:34:18.258994|[g:1][CONSENSUS][PBFT]checkTimeout Succ,view=1672,toView=1673,nodeIdx=2,changeCycle=0,myNode=933db757...,timecost=0.246
info|2019-12-12 14:34:18.270018|[g:1][CONSENSUS][PBFT]checkAndChangeView: Reach consensus,org_view=1672,org_changeCycle=0,cur_changeCycle=0,to_view=1673
info|2019-12-12 14:34:19.187330|[P2P][Service] heartBeat,connected count=3
info|2019-12-12 14:34:19.264016|[g:1][CONSENSUS]addRawPrepare,height=241,reqIdx=1,hash=591392d4...
info|2019-12-12 14:34:19.264259|[g:1][CONSENSUS][PBFT]checkTimeout Succ,view=1673,toView=1674,nodeIdx=2,changeCycle=0,myNode=933db757...,timecost=0.217
info|2019-12-12 14:34:19.266649|[g:1][CONSENSUS][PBFT]checkAndChangeView: Reach consensus,org_view=1673,org_changeCycle=0,cur_changeCycle=0,to_view=1674
info|2019-12-12 14:34:20.266564|[g:1][CONSENSUS][SEALER]++++++++++++++++ Generating seal on,blkNum=241,tx=0,nodeIdx=2,hash=98972a63...
info|2019-12-12 14:34:20.267129|[g:1][CONSENSUS][PBFT]checkTimeout Succ,view=1674,toView=1675,nodeIdx=2,changeCycle=0,myNode=933db757...,timecost=0.298
info|2019-12-12 14:34:20.304836|[g:1][CONSENSUS][PBFT]checkAndChangeView: Reach consensus,org_view=1674,org_changeCycle=0,cur_changeCycle=0,to_view=1675
info|2019-12-12 14:34:21.797753|[g:1][CONSENSUS]addRawPrepare,height=241,reqIdx=3,hash=1bd5a442...
info|2019-12-12 14:34:21.800178|[g:1][CONSENSUS][PBFT]checkTimeout Succ,view=1675,toView=1676,nodeIdx=2,changeCycle=0,myNode=933db757...,timecost=1.821
info|2019-12-12 14:34:21.802111|[g:1][CONSENSUS][PBFT]checkAndChangeView: Reach consensus,org_view=1675,org_changeCycle=0,cur_changeCycle=0,to_view=1676
info|2019-12-12 14:34:22.805806|[g:1][CONSENSUS]addRawPrepare,height=241,reqIdx=0,hash=7d5f1775...
info|2019-12-12 14:34:22.806115|[g:1][CONSENSUS][PBFT]checkTimeout Succ,view=1676,toView=1677,nodeIdx=2,changeCycle=0,myNode=933db757...,timecost=0.271
info|2019-12-12 14:34:22.855499|[g:1][CONSENSUS][PBFT]checkAndChangeView: Reach consensus,org_view=1676,org_changeCycle=0,cur_changeCycle=0,to_view=1677
