warning|2019-12-12 19:42:41.184020|[g:1][CONSENSUS][PBFT]ViewChangeWarning: not caused by omit empty block ,v=1677,toV=1678,curNum=240,hash=49951fa7...,nodeIdx=2,myNode=933db757...
info|2019-12-12 19:42:41.184612|[g:1][CONSENSUS][PBFT]checkTimeout Succ,view=1677,toView=1678,nodeIdx=2,changeCycle=1,myNode=933db757...,timecost=0.785
info|2019-12-12 19:42:41.390095|[g:1][CONSENSUS][PBFT]checkAndChangeView: Reach consensus,org_view=1677,org_changeCycle=1,cur_changeCycle=1,to_view=1678
info|2019-12-12 19:42:42.036900|[P2P][Service] heartBeat,connected count=3
info|2019-12-12 19:42:43.923710|[g:1][CONSENSUS][SEALER]++++++++++++++++ Generating seal on,blkNum=241,tx=0,nodeIdx=2,hash=b0471dd4...
info|2019-12-12 19:42:42.000159|[g:1][CONSENSUS][PBFT]checkTimeout Succ,view=1678,toView=1679,nodeIdx=2,changeCycle=0,myNode=933db757...,timecost=-2088.04
warning|2019-12-12 19:42:42.046231|[g:1][CONSENSUS][PBFT]ViewChangeWarning: not caused by omit empty block ,v=1678,toV=1680,curNum=240,hash=49951fa7...,nodeIdx=2,myNode=933db757...
info|2019-12-12 19:42:42.046910|[g:1][CONSENSUS][PBFT]checkTimeout Succ,view=1678,toView=1680,nodeIdx=2,changeCycle=1,myNode=933db757...,timecost=0.835
info|2019-12-12 19:42:42.423869|[g:1][CONSENSUS][PBFT]checkAndChangeView, update m_changeCycle to 1
info|2019-12-12 19:42:42.423883|[g:1][CONSENSUS][PBFT]checkAndChangeView: Reach consensus,org_view=1678,org_changeCycle=1,cur_changeCycle=1,to_view=1680
info|2019-12-12 19:42:43.238992|[g:1][CONSENSUS]addRawPrepare,height=241,reqIdx=0,hash=54be4f51...
info|2019-12-12 19:42:43.324180|[g:1][CONSENSUS][PBFT]checkTimeout Succ,view=1680,toView=1681,nodeIdx=2,changeCycle=0,myNode=933db757...,timecost=8.425
info|2019-12-12 19:42:43.416054|[g:1][CONSENSUS][PBFT]checkAndChangeView: Reach consensus,org_view=1680,org_changeCycle=0,cur_changeCycle=0,to_view=1681
info|2019-12-12 19:42:44.418885|[g:1][CONSENSUS]addRawPrepare,height=241,reqIdx=1,hash=d5dcf39d...
info|2019-12-12 19:42:44.419972|[g:1][CONSENSUS][PBFT]checkTimeout Succ,view=1681,toView=1682,nodeIdx=2,changeCycle=0,myNode=933db757...,timecost=0.602
info|2019-12-12 19:42:44.472349|[g:1][CONSENSUS][PBFT]checkAndChangeView: Reach consensus,org_view=1681,org_changeCycle=0,cur_changeCycle=0,to_view=1682
info|2019-12-12 19:42:45.497192|[g:1][CONSENSUS][SEALER]++++++++++++++++ Generating seal on,blkNum=241,tx=0,nodeIdx=2,hash=db4dbdb1...
info|2019-12-12 19:42:45.941601|[g:1][CONSENSUS][PBFT]checkTimeout Succ,view=1682,toView=1683,nodeIdx=2,changeCycle=0,myNode=933db757...,timecost=401.04
info|2019-12-12 19:42:45.942896|[g:1][CONSENSUS][PBFT]checkAndChangeView: Reach consensus,org_view=1682,org_changeCycle=0,cur_changeCycle=0,to_view=1683
info|2019-12-12 19:42:46.894607|[g:1][CONSENSUS]addRawPrepare,height=241,reqIdx=3,hash=55e32d31...
info|2019-12-12 19:42:46.895195|[g:1][CONSENSUS][PBFT]checkTimeout Succ,view=1683,toView=1684,nodeIdx=2,changeCycle=0,myNode=933db757...,timecost=0.267
info|2019-12-12 19:42:47.570501|[g:1][CONSENSUS][PBFT]checkAndChangeView: Reach consensus,org_view=1683,org_changeCycle=0,cur_changeCycle=0,to_view=1684
info|2019-12-12 19:42:48.809805|[g:1][CONSENSUS]addRawPrepare,height=241,reqIdx=0,hash=a5f86509...
info|2019-12-12 19:42:48.810382|[g:1][CONSENSUS][PBFT]checkTimeout Succ,view=1684,toView=1685,nodeIdx=2,changeCycle=0,myNode=933db757...,timecost=0.37
info|2019-12-12 19:42:49.062710|[g:1][CONSENSUS][PBFT]checkAndChangeView: Reach consensus,org_view=1684,org_changeCycle=0,cur_changeCycle=0,to_view=1685
info|2019-12-12 19:42:50.207270|[g:1][CONSENSUS]addRawPrepare,height=241,reqIdx=1,hash=d97675fc...
info|2019-12-12 19:42:50.324002|[g:1][CONSENSUS][PBFT]checkTimeout Succ,view=1685,toView=1686,nodeIdx=2,changeCycle=0,myNode=933db757...,timecost=116.542
info|2019-12-12 19:42:50.324887|[g:1][CONSENSUS][PBFT]checkAndChangeView: Reach consensus,org_view=1685,org_changeCycle=0,cur_changeCycle=0,to_view=1686
info|2019-12-12 19:42:51.331307|[g:1][CONSENSUS][SEALER]++++++++++++++++ Generating seal on,blkNum=241,tx=0,nodeIdx=2,hash=13fe4946...
info|2019-12-12 19:42:51.332151|[g:1][CONSENSUS][PBFT]checkTimeout Succ,view=1686,toView=1687,nodeIdx=2,changeCycle=0,myNode=933db757...,timecost=0.351
info|2019-12-12 19:42:51.406363|[g:1][CONSENSUS][PBFT]checkAndChangeView: Reach consensus,org_view=1686,org_changeCycle=0,cur_changeCycle=0,to_view=1687
info|2019-12-12 19:42:52.040776|[P2P][Service] heartBeat,connected count=3
info|2019-12-12 19:42:52.445987|[g:1][CONSENSUS]addRawPrepare,height=241,reqIdx=3,hash=673381b2...
info|2019-12-12 19:42:52.446466|[g:1][CONSENSUS][PBFT]checkTimeout Succ,view=1687,toView=1688,nodeIdx=2,changeCycle=0,myNode=933db757...,timecost=0.301
info|2019-12-12 19:42:52.505506|[g:1][CONSENSUS][PBFT]checkAndChangeView: Reach consensus,org_view=1687,org_changeCycle=0,cur_changeCycle=0,to_view=1688
info|2019-12-12 19:42:53.592076|[g:1][CONSENSUS]addRawPrepare,height=241,reqIdx=0,hash=545bd88f...
info|2019-12-12 19:42:53.619486|[g:1][CONSENSUS][PBFT]checkTimeout Succ,view=1688,toView=1689,nodeIdx=2,changeCycle=0,myNode=933db757...,timecost=27.378
info|2019-12-12 19:42:53.620470|[g:1][CONSENSUS][PBFT]checkAndChangeView: Reach consensus,org_view=1688,org_changeCycle=0,cur_changeCycle=0,to_view=1689
info|2019-12-12 19:42:54.886865|[g:1][CONSENSUS]addRawPrepare,height=241,reqIdx=1,hash=00daa175...
info|2019-12-12 19:42:54.902512|[g:1][CONSENSUS][PBFT]checkTimeout Succ,view=1689,toView=1690,nodeIdx=2,changeCycle=0,myNode=933db757...,timecost=15.331
info|2019-12-12 19:42:54.986383|[g:1][CONSENSUS][PBFT]checkAndChangeView: Reach consensus,org_view=1689,org_changeCycle=0,cur_changeCycle=0,to_view=1690
info|2019-12-12 19:42:56.005716|[g:1][CONSENSUS][SEALER]++++++++++++++++ Generating seal on,blkNum=241,tx=0,nodeIdx=2,hash=bea2eab9...
info|2019-12-12 19:42:56.039691|[g:1][CONSENSUS][PBFT]checkTimeout Succ,view=1690,toView=1691,nodeIdx=2,changeCycle=0,myNode=933db757...,timecost=0.55
info|2019-12-12 19:42:56.197898|[g:1][CONSENSUS][PBFT]checkAndChangeView: Reach consensus,org_view=1690,org_changeCycle=0,cur_changeCycle=0,to_view=1691
info|2019-12-12 19:42:57.645412|[g:1][CONSENSUS]addRawPrepare,height=241,reqIdx=3,hash=08d323c3...
info|2019-12-12 19:42:57.712639|[g:1][CONSENSUS][PBFT]checkTimeout Succ,view=1691,toView=1692,nodeIdx=2,changeCycle=0,myNode=933db757...,timecost=0.659
info|2019-12-12 19:42:57.737166|[g:1][CONSENSUS][PBFT]checkAndChangeView: Reach consensus,org_view=1691,org_changeCycle=0,cur_changeCycle=0,to_view=1692
info|2019-12-12 19:42:58.671745|[g:1][CONSENSUS]addRawPrepare,height=241,reqIdx=0,hash=0fdbef6d...
info|2019-12-12 19:42:58.934090|[g:1][CONSENSUS][PBFT]checkTimeout Succ,view=1692,toView=1693,nodeIdx=2,changeCycle=0,myNode=933db757...,timecost=262.326
info|2019-12-12 19:42:58.955227|[g:1][CONSENSUS][PBFT]checkAndChangeView: Reach consensus,org_view=1692,org_changeCycle=0,cur_changeCycle=0,to_view=1693
info|2019-12-12 19:42:59.806474|[g:1][CONSENSUS]addRawPrepare,height=241,reqIdx=1,hash=3b5afcca...
info|2019-12-12 19:42:59.910054|[g:1][CONSENSUS][PBFT]checkTimeout Succ,view=1693,toView=1694,nodeIdx=2,changeCycle=0,myNode=933db757...,timecost=1.142
info|2019-12-12 19:43:00.121682|[g:1][CONSENSUS][PBFT]checkAndChangeView: Reach consensus,org_view=1693,org_changeCycle=0,cur_changeCycle=0,to_view=1694
info|2019-12-12 19:43:01.563825|[g:1][CONSENSUS][SEALER]++++++++++++++++ Generating seal on,blkNum=241,tx=0,nodeIdx=2,hash=86e4454b...
info|2019-12-12 19:43:01.627140|[g:1][CONSENSUS][PBFT]checkTimeout Succ,view=1694,toView=1695,nodeIdx=2,changeCycle=0,myNode=933db757...,timecost=62.905
info|2019-12-12 19:43:01.628162|[g:1][CONSENSUS][PBFT]checkAndChangeView: Reach consensus,org_view=1694,org_changeCycle=0,cur_changeCycle=0,to_view=1695
info|2019-12-12 19:43:02.040875|[P2P][Service] heartBeat,connected count=3
info|2019-12-12 19:43:02.662785|[g:1][CONSENSUS]addRawPrepare,height=241,reqIdx=3,hash=6dfdf94c...
info|2019-12-12 19:43:02.686545|[g:1][CONSENSUS][PBFT]checkTimeout Succ,view=1695,toView=1696,nodeIdx=2,changeCycle=0,myNode=933db757...,timecost=23.719
info|2019-12-12 19:43:02.688227|[g:1][CONSENSUS][PBFT]checkAndChangeView: Reach consensus,org_view=1695,org_changeCycle=0,cur_changeCycle=0,to_view=1696
info|2019-12-12 19:43:03.748232|[g:1][CONSENSUS]addRawPrepare,height=241,reqIdx=0,hash=5199ffb6...
info|2019-12-12 19:43:03.768670|[g:1][CONSENSUS][PBFT]checkTimeout Succ,view=1696,toView=1697,nodeIdx=2,changeCycle=0,myNode=933db757...,timecost=4.287
info|2019-12-12 19:43:03.799422|[g:1][CONSENSUS][PBFT]checkAndChangeView: Reach consensus,org_view=1696,org_changeCycle=0,cur_changeCycle=0,to_view=1697
info|2019-12-12 19:43:04.976834|[g:1][CONSENSUS]addRawPrepare,height=241,reqIdx=1,hash=fb235d25...
info|2019-12-12 19:43:04.977621|[g:1][CONSENSUS][PBFT]checkTimeout Succ,view=1697,toView=1698,nodeIdx=2,changeCycle=0,myNode=933db757...,timecost=0.529
info|2019-12-12 19:43:05.148918|[g:1][CONSENSUS][PBFT]checkAndChangeView: Reach consensus,org_view=1697,org_changeCycle=0,cur_changeCycle=0,to_view=1698
info|2019-12-12 19:43:06.184777|[g:1][CONSENSUS][SEALER]++++++++++++++++ Generating seal on,blkNum=241,tx=0,nodeIdx=2,hash=9517207d...
info|2019-12-12 19:43:06.296640|[g:1][CONSENSUS][PBFT]checkTimeout Succ,view=1698,toView=1699,nodeIdx=2,changeCycle=0,myNode=933db757...,timecost=0.299
info|2019-12-12 19:43:06.297040|[g:1][CONSENSUS][PBFT]checkAndChangeView: Reach consensus,org_view=1698,org_changeCycle=0,cur_changeCycle=0,to_view=1699
info|2019-12-12 19:43:07.416451|[g:1][CONSENSUS]addRawPrepare,height=241,reqIdx=3,hash=439b6317...
info|2019-12-12 19:43:07.493250|[g:1][CONSENSUS][PBFT]checkTimeout Succ,view=1699,toView=1700,nodeIdx=2,changeCycle=0,myNode=933db757...,timecost=76.775
info|2019-12-12 19:43:07.495218|[g:1][CONSENSUS][PBFT]checkAndChangeView: Reach consensus,org_view=1699,org_changeCycle=0,cur_changeCycle=0,to_view=1700
info|2019-12-12 19:43:08.667286|[g:1][CONSENSUS]addRawPrepare,height=241,reqIdx=0,hash=6fabb462...
info|2019-12-12 19:43:08.668382|[g:1][CONSENSUS][PBFT]checkTimeout Succ,view=1700,toView=1701,nodeIdx=2,changeCycle=0,myNode=933db757...,timecost=0.534
info|2019-12-12 19:43:08.669602|[g:1][CONSENSUS][PBFT]checkAndChangeView: Reach consensus,org_view=1700,org_changeCycle=0,cur_changeCycle=0,to_view=1701
info|2019-12-12 19:43:10.200565|[g:1][CONSENSUS]addRawPrepare,height=241,reqIdx=1,hash=c823f6b5...
info|2019-12-12 19:43:10.229484|[g:1][CONSENSUS][PBFT]checkTimeout Succ,view=1701,toView=1702,nodeIdx=2,changeCycle=0,myNode=933db757...,timecost=28.694
info|2019-12-12 19:43:10.293324|[g:1][CONSENSUS][PBFT]checkAndChangeView: Reach consensus,org_view=1701,org_changeCycle=0,cur_changeCycle=0,to_view=1702
info|2019-12-12 19:43:11.310296|[g:1][CONSENSUS][SEALER]++++++++++++++++ Generating seal on,blkNum=241,tx=0,nodeIdx=2,hash=c10d7711...
info|2019-12-12 19:43:11.371601|[g:1][CONSENSUS][PBFT]checkTimeout Succ,view=1702,toView=1703,nodeIdx=2,changeCycle=0,myNode=933db757...,timecost=1.048
info|2019-12-12 19:43:11.415802|[g:1][CONSENSUS][PBFT]checkAndChangeView: Reach consensus,org_view=1702,org_changeCycle=0,cur_changeCycle=0,to_view=1703
info|2019-12-12 19:43:12.152950|[P2P][Service] heartBeat,connected count=3
info|2019-12-12 19:43:12.548556|[g:1][CONSENSUS]addRawPrepare,height=241,reqIdx=3,hash=4ee94136...
info|2019-12-12 19:43:12.695176|[g:1][CONSENSUS][PBFT]checkTimeout Succ,view=1703,toView=1704,nodeIdx=2,changeCycle=0,myNode=933db757...,timecost=116.395
info|2019-12-12 19:43:12.711106|[g:1][CONSENSUS][PBFT]checkAndChangeView: Reach consensus,org_view=1703,org_changeCycle=0,cur_changeCycle=0,to_view=1704
info|2019-12-12 19:43:13.738755|[g:1][CONSENSUS]addRawPrepare,height=241,reqIdx=0,hash=496eb426...
info|2019-12-12 19:43:13.822769|[g:1][CONSENSUS][PBFT]checkTimeout Succ,view=1704,toView=1705,nodeIdx=2,changeCycle=0,myNode=933db757...,timecost=31.691
info|2019-12-12 19:43:13.935174|[g:1][CONSENSUS][PBFT]checkAndChangeView: Reach consensus,org_view=1704,org_changeCycle=0,cur_changeCycle=0,to_view=1705
info|2019-12-12 19:43:15.678502|[g:1][CONSENSUS]addRawPrepare,height=241,reqIdx=1,hash=2cb9934d...
info|2019-12-12 19:43:15.679004|[g:1][CONSENSUS][PBFT]checkTimeout Succ,view=1705,toView=1706,nodeIdx=2,changeCycle=0,myNode=933db757...,timecost=0.303
info|2019-12-12 19:43:15.805870|[g:1][CONSENSUS][PBFT]checkAndChangeView: Reach consensus,org_view=1705,org_changeCycle=0,cur_changeCycle=0,to_view=1706
info|2019-12-12 19:43:16.808474|[g:1][CONSENSUS][SEALER]++++++++++++++++ Generating seal on,blkNum=241,tx=0,nodeIdx=2,hash=36d0e246...
info|2019-12-12 19:43:16.812116|[g:1][CONSENSUS][PBFT]checkTimeout Succ,view=1706,toView=1707,nodeIdx=2,changeCycle=0,myNode=933db757...,timecost=0.373
info|2019-12-12 19:43:16.912084|[g:1][CONSENSUS][PBFT]checkAndChangeView: Reach consensus,org_view=1706,org_changeCycle=0,cur_changeCycle=0,to_view=1707
info|2019-12-12 19:43:18.124504|[g:1][CONSENSUS]addRawPrepare,height=241,reqIdx=3,hash=98446da5...
info|2019-12-12 19:43:18.124986|[g:1][CONSENSUS][PBFT]checkTimeout Succ,view=1707,toView=1708,nodeIdx=2,changeCycle=0,myNode=933db757...,timecost=0.256
info|2019-12-12 19:43:18.152957|[g:1][CONSENSUS][PBFT]checkAndChangeView: Reach consensus,org_view=1707,org_changeCycle=0,cur_changeCycle=0,to_view=1708
info|2019-12-12 19:43:19.345682|[g:1][CONSENSUS]addRawPrepare,height=241,reqIdx=0,hash=e83b2abd...
info|2019-12-12 19:43:19.346225|[g:1][CONSENSUS][PBFT]checkTimeout Succ,view=1708,toView=1709,nodeIdx=2,changeCycle=0,myNode=933db757...,timecost=0.327
info|2019-12-12 19:43:19.347469|[g:1][CONSENSUS][PBFT]checkAndChangeView: Reach consensus,org_view=1708,org_changeCycle=0,cur_changeCycle=0,to_view=1709
info|2019-12-12 19:43:20.445207|[g:1][CONSENSUS]addRawPrepare,height=241,reqIdx=1,hash=a98b339a...
info|2019-12-12 19:43:20.486447|[g:1][CONSENSUS][PBFT]checkTimeout Succ,view=1709,toView=1710,nodeIdx=2,changeCycle=0,myNode=933db757...,timecost=6.759
info|2019-12-12 19:43:20.508200|[g:1][CONSENSUS][PBFT]checkAndChangeView: Reach consensus,org_view=1709,org_changeCycle=0,cur_changeCycle=0,to_view=1710
info|2019-12-12 19:43:21.515195|[g:1][CONSENSUS][SEALER]++++++++++++++++ Generating seal on,blkNum=241,tx=0,nodeIdx=2,hash=2f9f28ef...
info|2019-12-12 19:43:21.630919|[g:1][CONSENSUS][PBFT]checkTimeout Succ,view=1710,toView=1711,nodeIdx=2,changeCycle=0,myNode=933db757...,timecost=0.331
info|2019-12-12 19:43:21.634182|[g:1][CONSENSUS][PBFT]checkAndChangeView: Reach consensus,org_view=1710,org_changeCycle=0,cur_changeCycle=0,to_view=1711
info|2019-12-12 19:43:22.173679|[P2P][Service] heartBeat,connected count=3
info|2019-12-12 19:43:22.670556|[g:1][CONSENSUS]addRawPrepare,height=241,reqIdx=3,hash=a1f0f346...
info|2019-12-12 19:43:22.737009|[g:1][CONSENSUS][PBFT]checkTimeout Succ,view=1711,toView=1712,nodeIdx=2,changeCycle=0,myNode=933db757...,timecost=66.24
info|2019-12-12 19:43:22.737914|[g:1][CONSENSUS][PBFT]checkAndChangeView: Reach consensus,org_view=1711,org_changeCycle=0,cur_changeCycle=0,to_view=1712
info|2019-12-12 19:43:24.103883|[g:1][CONSENSUS]addRawPrepare,height=241,reqIdx=0,hash=e7031a2b...
info|2019-12-12 19:43:24.104492|[g:1][CONSENSUS][PBFT]checkTimeout Succ,view=1712,toView=1713,nodeIdx=2,changeCycle=0,myNode=933db757...,timecost=0.587
info|2019-12-12 19:43:24.251760|[g:1][CONSENSUS][PBFT]checkAndChangeView: Reach consensus,org_view=1712,org_changeCycle=0,cur_changeCycle=0,to_view=1713
info|2019-12-12 19:43:25.318226|[g:1][CONSENSUS]addRawPrepare,height=241,reqIdx=1,hash=ea638339...
info|2019-12-12 19:43:25.418411|[g:1][CONSENSUS][PBFT]checkTimeout Succ,view=1713,toView=1714,nodeIdx=2,changeCycle=0,myNode=933db757...,timecost=1.95
info|2019-12-12 19:43:25.419388|[g:1][CONSENSUS][PBFT]checkAndChangeView: Reach consensus,org_view=1713,org_changeCycle=0,cur_changeCycle=0,to_view=1714
info|2019-12-12 19:43:26.425171|[g:1][CONSENSUS][SEALER]++++++++++++++++ Generating seal on,blkNum=241,tx=0,nodeIdx=2,hash=9f42cb62...
info|2019-12-12 19:43:26.479024|[g:1][CONSENSUS][PBFT]checkTimeout Succ,view=1714,toView=1715,nodeIdx=2,changeCycle=0,myNode=933db757...,timecost=0.239
info|2019-12-12 19:43:26.570521|[g:1][CONSENSUS][PBFT]checkAndChangeView: Reach consensus,org_view=1714,org_changeCycle=0,cur_changeCycle=0,to_view=1715
info|2019-12-12 19:43:27.586547|[g:1][CONSENSUS]addRawPrepare,height=241,reqIdx=3,hash=c33a2655...
info|2019-12-12 19:43:27.664120|[g:1][CONSENSUS][PBFT]checkTimeout Succ,view=1715,toView=1716,nodeIdx=2,changeCycle=0,myNode=933db757...,timecost=75.96
info|2019-12-12 19:43:27.797570|[g:1][CONSENSUS][PBFT]checkAndChangeView: Reach consensus,org_view=1715,org_changeCycle=0,cur_changeCycle=0,to_view=1716
info|2019-12-12 19:43:28.855220|[g:1][CONSENSUS]addRawPrepare,height=241,reqIdx=0,hash=ba4e4079...
info|2019-12-12 19:43:28.856668|[g:1][CONSENSUS][PBFT]checkTimeout Succ,view=1716,toView=1717,nodeIdx=2,changeCycle=0,myNode=933db757...,timecost=1.143
info|2019-12-12 19:43:28.893282|[g:1][CONSENSUS][PBFT]checkAndChangeView: Reach consensus,org_view=1716,org_changeCycle=0,cur_changeCycle=0,to_view=1717
info|2019-12-12 19:43:30.015488|[g:1][CONSENSUS]addRawPrepare,height=241,reqIdx=1,hash=b16fa007...
info|2019-12-12 19:43:30.088343|[g:1][CONSENSUS][PBFT]checkTimeout Succ,view=1717,toView=1718,nodeIdx=2,changeCycle=0,myNode=933db757...,timecost=0.63
info|2019-12-12 19:43:30.095611|[g:1][CONSENSUS][PBFT]checkAndChangeView: Reach consensus,org_view=1717,org_changeCycle=0,cur_changeCycle=0,to_view=1718
info|2019-12-12 19:43:31.114650|[g:1][CONSENSUS][SEALER]++++++++++++++++ Generating seal on,blkNum=241,tx=0,nodeIdx=2,hash=04093708...
info|2019-12-12 19:43:31.194581|[g:1][CONSENSUS][PBFT]checkTimeout Succ,view=1718,toView=1719,nodeIdx=2,changeCycle=0,myNode=933db757...,timecost=1.506
info|2019-12-12 19:43:31.208718|[g:1][CONSENSUS][PBFT]checkAndChangeView: Reach consensus,org_view=1718,org_changeCycle=0,cur_changeCycle=0,to_view=1719
info|2019-12-12 19:43:32.174367|[P2P][Service] heartBeat,connected count=3
info|2019-12-12 19:43:32.347737|[g:1][CONSENSUS]addRawPrepare,height=241,reqIdx=3,hash=27a7c052...
info|2019-12-12 19:43:32.397377|[g:1][CONSENSUS][PBFT]checkTimeout Succ,view=1719,toView=1720,nodeIdx=2,changeCycle=0,myNode=933db757...,timecost=0.449
info|2019-12-12 19:43:32.398377|[g:1][CONSENSUS][PBFT]checkAndChangeView: Reach consensus,org_view=1719,org_changeCycle=0,cur_changeCycle=0,to_view=1720
info|2019-12-12 19:43:33.569255|[g:1][CONSENSUS]addRawPrepare,height=241,reqIdx=0,hash=734167f3...
info|2019-12-12 19:43:33.570871|[g:1][CONSENSUS][PBFT]checkTimeout Succ,view=1720,toView=1721,nodeIdx=2,changeCycle=0,myNode=933db757...,timecost=0.712
info|2019-12-12 19:43:33.587014|[g:1][CONSENSUS][PBFT]checkAndChangeView: Reach consensus,org_view=1720,org_changeCycle=0,cur_changeCycle=0,to_view=1721
info|2019-12-12 19:43:34.720211|[g:1][CONSENSUS]addRawPrepare,height=241,reqIdx=1,hash=52fbcedd...
info|2019-12-12 19:43:34.720902|[g:1][CONSENSUS][PBFT]checkTimeout Succ,view=1721,toView=1722,nodeIdx=2,changeCycle=0,myNode=933db757...,timecost=0.341
info|2019-12-12 19:43:34.721223|[g:1][CONSENSUS][PBFT]checkAndChangeView: Reach consensus,org_view=1721,org_changeCycle=0,cur_changeCycle=0,to_view=1722
info|2019-12-12 19:43:35.722195|[g:1][CONSENSUS][SEALER]++++++++++++++++ Generating seal on,blkNum=241,tx=0,nodeIdx=2,hash=3e5522fb...
info|2019-12-12 19:43:35.735957|[g:1][CONSENSUS][PBFT]checkTimeout Succ,view=1722,toView=1723,nodeIdx=2,changeCycle=0,myNode=933db757...,timecost=0.358
info|2019-12-12 19:43:35.805078|[g:1][CONSENSUS][PBFT]checkAndChangeView: Reach consensus,org_view=1722,org_changeCycle=0,cur_changeCycle=0,to_view=1723
info|2019-12-12 19:43:36.817943|[g:1][CONSENSUS]addRawPrepare,height=241,reqIdx=3,hash=82f958dd...
info|2019-12-12 19:43:36.818422|[g:1][CONSENSUS][PBFT]checkTimeout Succ,view=1723,toView=1724,nodeIdx=2,changeCycle=0,myNode=933db757...,timecost=0.291
info|2019-12-12 19:43:36.849754|[g:1][CONSENSUS][PBFT]checkAndChangeView: Reach consensus,org_view=1723,org_changeCycle=0,cur_changeCycle=0,to_view=1724
info|2019-12-12 19:43:38.190085|[g:1][CONSENSUS]addRawPrepare,height=241,reqIdx=0,hash=7551a1a1...
info|2019-12-12 19:43:38.190513|[g:1][CONSENSUS][PBFT]checkTimeout Succ,view=1724,toView=1725,nodeIdx=2,changeCycle=0,myNode=933db757...,timecost=0.308
info|2019-12-12 19:43:38.191888|[g:1][CONSENSUS][PBFT]checkAndChangeView: Reach consensus,org_view=1724,org_changeCycle=0,cur_changeCycle=0,to_view=1725
info|2019-12-12 19:43:39.334736|[g:1][CONSENSUS]addRawPrepare,height=241,reqIdx=1,hash=a230335f...
info|2019-12-12 19:43:39.335128|[g:1][CONSENSUS][PBFT]checkTimeout Succ,view=1725,toView=1726,nodeIdx=2,changeCycle=0,myNode=933db757...,timecost=0.325
info|2019-12-12 19:43:39.501654|[g:1][CONSENSUS][PBFT]checkAndChangeView: Reach consensus,org_view=1725,org_changeCycle=0,cur_changeCycle=0,to_view=1726
info|2019-12-12 19:43:40.504619|[g:1][CONSENSUS][SEALER]++++++++++++++++ Generating seal on,blkNum=241,tx=0,nodeIdx=2,hash=f793bcef...
info|2019-12-12 19:43:40.590199|[g:1][CONSENSUS][PBFT]checkTimeout Succ,view=1726,toView=1727,nodeIdx=2,changeCycle=0,myNode=933db757...,timecost=0.292
info|2019-12-12 19:43:40.591402|[g:1][CONSENSUS][PBFT]checkAndChangeView: Reach consensus,org_view=1726,org_changeCycle=0,cur_changeCycle=0,to_view=1727
info|2019-12-12 19:43:41.648348|[g:1][CONSENSUS]addRawPrepare,height=241,reqIdx=3,hash=80be92fa...
info|2019-12-12 19:43:41.653542|[g:1][CONSENSUS][PBFT]checkTimeout Succ,view=1727,toView=1728,nodeIdx=2,changeCycle=0,myNode=933db757...,timecost=1.783
info|2019-12-12 19:43:41.659069|[g:1][CONSENSUS][PBFT]checkAndChangeView: Reach consensus,org_view=1727,org_changeCycle=0,cur_changeCycle=0,to_view=1728
info|2019-12-12 19:43:42.174809|[P2P][Service] heartBeat,connected count=3
info|2019-12-12 19:43:42.680665|[g:1][CONSENSUS]addRawPrepare,height=241,reqIdx=0,hash=7f8beb48...
info|2019-12-12 19:43:42.681032|[g:1][CONSENSUS][PBFT]checkTimeout Succ,view=1728,toView=1729,nodeIdx=2,changeCycle=0,myNode=933db757...,timecost=0.244
info|2019-12-12 19:43:42.694453|[g:1][CONSENSUS][PBFT]checkAndChangeView: Reach consensus,org_view=1728,org_changeCycle=0,cur_changeCycle=0,to_view=1729
info|2019-12-12 19:43:43.751807|[g:1][CONSENSUS]addRawPrepare,height=241,reqIdx=1,hash=2d7af3f1...
info|2019-12-12 19:43:43.752619|[g:1][CONSENSUS][PBFT]checkTimeout Succ,view=1729,toView=1730,nodeIdx=2,changeCycle=0,myNode=933db757...,timecost=0.382
info|2019-12-12 19:43:43.796112|[g:1][CONSENSUS][PBFT]checkAndChangeView: Reach consensus,org_view=1729,org_changeCycle=0,cur_changeCycle=0,to_view=1730
info|2019-12-12 19:43:44.797105|[g:1][CONSENSUS][SEALER]++++++++++++++++ Generating seal on,blkNum=241,tx=0,nodeIdx=2,hash=596f7e18...
info|2019-12-12 19:43:44.797741|[g:1][CONSENSUS][PBFT]checkTimeout Succ,view=1730,toView=1731,nodeIdx=2,changeCycle=0,myNode=933db757...,timecost=0.278
info|2019-12-12 19:43:44.830529|[g:1][CONSENSUS][PBFT]checkAndChangeView: Reach consensus,org_view=1730,org_changeCycle=0,cur_changeCycle=0,to_view=1731
info|2019-12-12 19:43:45.809599|[g:1][CONSENSUS]addRawPrepare,height=241,reqIdx=3,hash=21f5e398...
info|2019-12-12 19:43:45.810363|[g:1][CONSENSUS][PBFT]checkTimeout Succ,view=1731,toView=1732,nodeIdx=2,changeCycle=0,myNode=933db757...,timecost=0.545
info|2019-12-12 19:43:45.814376|[g:1][CONSENSUS][PBFT]checkAndChangeView: Reach consensus,org_view=1731,org_changeCycle=0,cur_changeCycle=0,to_view=1732
info|2019-12-12 19:43:46.889662|[g:1][CONSENSUS]addRawPrepare,height=241,reqIdx=0,hash=3103de7f...
info|2019-12-12 19:43:46.943680|[g:1][CONSENSUS][PBFT]checkTimeout Succ,view=1732,toView=1733,nodeIdx=2,changeCycle=0,myNode=933db757...,timecost=1.344
info|2019-12-12 19:43:46.972046|[g:1][CONSENSUS][PBFT]checkAndChangeView: Reach consensus,org_view=1732,org_changeCycle=0,cur_changeCycle=0,to_view=1733
info|2019-12-12 19:43:48.044863|[g:1][CONSENSUS]addRawPrepare,height=241,reqIdx=1,hash=9091a4fe...
info|2019-12-12 19:43:48.045397|[g:1][CONSENSUS][PBFT]checkTimeout Succ,view=1733,toView=1734,nodeIdx=2,changeCycle=0,myNode=933db757...,timecost=0.309
info|2019-12-12 19:43:48.050510|[g:1][CONSENSUS][PBFT]checkAndChangeView: Reach consensus,org_view=1733,org_changeCycle=0,cur_changeCycle=0,to_view=1734
info|2019-12-12 19:43:49.051529|[g:1][CONSENSUS][SEALER]++++++++++++++++ Generating seal on,blkNum=241,tx=0,nodeIdx=2,hash=1f1ed9af...
info|2019-12-12 19:43:49.099348|[g:1][CONSENSUS][PBFT]checkTimeout Succ,view=1734,toView=1735,nodeIdx=2,changeCycle=0,myNode=933db757...,timecost=0.274
info|2019-12-12 19:43:49.112776|[g:1][CONSENSUS][PBFT]checkAndChangeView: Reach consensus,org_view=1734,org_changeCycle=0,cur_changeCycle=0,to_view=1735
info|2019-12-12 19:43:50.132835|[g:1][CONSENSUS]addRawPrepare,height=241,reqIdx=3,hash=cc6f3226...
info|2019-12-12 19:43:50.176544|[g:1][CONSENSUS][PBFT]checkTimeout Succ,view=1735,toView=1736,nodeIdx=2,changeCycle=0,myNode=933db757...,timecost=0.436
info|2019-12-12 19:43:50.198308|[g:1][CONSENSUS][PBFT]checkAndChangeView: Reach consensus,org_view=1735,org_changeCycle=0,cur_changeCycle=0,to_view=1736
info|2019-12-12 19:43:51.515417|[g:1][CONSENSUS]addRawPrepare,height=241,reqIdx=0,hash=5e40dd68...
info|2019-12-12 19:43:51.515896|[g:1][CONSENSUS][PBFT]checkTimeout Succ,view=1736,toView=1737,nodeIdx=2,changeCycle=0,myNode=933db757...,timecost=0.453
info|2019-12-12 19:43:51.528723|[g:1][CONSENSUS][PBFT]checkAndChangeView: Reach consensus,org_view=1736,org_changeCycle=0,cur_changeCycle=0,to_view=1737
info|2019-12-12 19:43:52.175143|[P2P][Service] heartBeat,connected count=3
info|2019-12-12 19:43:52.627997|[g:1][CONSENSUS]addRawPrepare,height=241,reqIdx=1,hash=8d503cbb...
info|2019-12-12 19:43:52.673993|[g:1][CONSENSUS][PBFT]checkTimeout Succ,view=1737,toView=1738,nodeIdx=2,changeCycle=0,myNode=933db757...,timecost=0.585
info|2019-12-12 19:43:52.775779|[g:1][CONSENSUS][PBFT]checkAndChangeView: Reach consensus,org_view=1737,org_changeCycle=0,cur_changeCycle=0,to_view=1738
info|2019-12-12 19:43:53.971325|[g:1][CONSENSUS][SEALER]++++++++++++++++ Generating seal on,blkNum=241,tx=0,nodeIdx=2,hash=1e368cfe...
info|2019-12-12 19:43:54.004015|[g:1][CONSENSUS][PBFT]checkTimeout Succ,view=1738,toView=1739,nodeIdx=2,changeCycle=0,myNode=933db757...,timecost=0.269
info|2019-12-12 19:43:54.037865|[g:1][CONSENSUS][PBFT]checkAndChangeView: Reach consensus,org_view=1738,org_changeCycle=0,cur_changeCycle=0,to_view=1739
info|2019-12-12 19:43:55.122061|[g:1][CONSENSUS]addRawPrepare,height=241,reqIdx=3,hash=9b539331...
info|2019-12-12 19:43:55.176748|[g:1][CONSENSUS][PBFT]checkTimeout Succ,view=1739,toView=1740,nodeIdx=2,changeCycle=0,myNode=933db757...,timecost=54.545
info|2019-12-12 19:43:55.177578|[g:1][CONSENSUS][PBFT]checkAndChangeView: Reach consensus,org_view=1739,org_changeCycle=0,cur_changeCycle=0,to_view=1740
info|2019-12-12 19:43:56.222562|[g:1][CONSENSUS]addRawPrepare,height=241,reqIdx=0,hash=f4a0bec5...
info|2019-12-12 19:43:56.222991|[g:1][CONSENSUS][PBFT]checkTimeout Succ,view=1740,toView=1741,nodeIdx=2,changeCycle=0,myNode=933db757...,timecost=0.397
info|2019-12-12 19:43:56.233902|[g:1][CONSENSUS][PBFT]checkAndChangeView: Reach consensus,org_view=1740,org_changeCycle=0,cur_changeCycle=0,to_view=1741
info|2019-12-12 19:43:57.236426|[g:1][CONSENSUS]addRawPrepare,height=241,reqIdx=1,hash=656dcac5...
info|2019-12-12 19:43:57.245214|[g:1][CONSENSUS][PBFT]checkTimeout Succ,view=1741,toView=1742,nodeIdx=2,changeCycle=0,myNode=933db757...,timecost=0.835
info|2019-12-12 19:43:57.247270|[g:1][CONSENSUS][PBFT]checkAndChangeView: Reach consensus,org_view=1741,org_changeCycle=0,cur_changeCycle=0,to_view=1742
info|2019-12-12 19:43:58.255559|[g:1][CONSENSUS][SEALER]++++++++++++++++ Generating seal on,blkNum=241,tx=0,nodeIdx=2,hash=3c93f887...
info|2019-12-12 19:43:58.285954|[g:1][CONSENSUS][PBFT]checkTimeout Succ,view=1742,toView=1743,nodeIdx=2,changeCycle=0,myNode=933db757...,timecost=0.353
info|2019-12-12 19:43:58.287040|[g:1][CONSENSUS][PBFT]checkAndChangeView: Reach consensus,org_view=1742,org_changeCycle=0,cur_changeCycle=0,to_view=1743
info|2019-12-12 19:43:59.395982|[g:1][CONSENSUS]addRawPrepare,height=241,reqIdx=3,hash=5a4ec10a...
info|2019-12-12 19:43:59.406000|[g:1][CONSENSUS][PBFT]checkTimeout Succ,view=1743,toView=1744,nodeIdx=2,changeCycle=0,myNode=933db757...,timecost=9.985
info|2019-12-12 19:43:59.471242|[g:1][CONSENSUS][PBFT]checkAndChangeView: Reach consensus,org_view=1743,org_changeCycle=0,cur_changeCycle=0,to_view=1744
info|2019-12-12 19:44:00.434288|[g:1][CONSENSUS]addRawPrepare,height=241,reqIdx=0,hash=19dabc2b...
info|2019-12-12 19:44:00.434769|[g:1][CONSENSUS][PBFT]checkTimeout Succ,view=1744,toView=1745,nodeIdx=2,changeCycle=0,myNode=933db757...,timecost=0.366
info|2019-12-12 19:44:00.436816|[g:1][CONSENSUS][PBFT]checkAndChangeView: Reach consensus,org_view=1744,org_changeCycle=0,cur_changeCycle=0,to_view=1745
info|2019-12-12 19:44:01.454772|[g:1][CONSENSUS]addRawPrepare,height=241,reqIdx=1,hash=3e77f7d2...
info|2019-12-12 19:44:01.516437|[g:1][CONSENSUS][PBFT]checkTimeout Succ,view=1745,toView=1746,nodeIdx=2,changeCycle=0,myNode=933db757...,timecost=8.058
info|2019-12-12 19:44:01.517661|[g:1][CONSENSUS][PBFT]checkAndChangeView: Reach consensus,org_view=1745,org_changeCycle=0,cur_changeCycle=0,to_view=1746
info|2019-12-12 19:44:02.186802|[P2P][Service] heartBeat,connected count=3
info|2019-12-12 19:44:02.519161|[g:1][CONSENSUS][SEALER]++++++++++++++++ Generating seal on,blkNum=241,tx=0,nodeIdx=2,hash=53a03da2...
info|2019-12-12 19:44:02.595945|[g:1][CONSENSUS][PBFT]checkTimeout Succ,view=1746,toView=1747,nodeIdx=2,changeCycle=0,myNode=933db757...,timecost=0.417
info|2019-12-12 19:44:02.596320|[g:1][CONSENSUS][PBFT]checkAndChangeView: Reach consensus,org_view=1746,org_changeCycle=0,cur_changeCycle=0,to_view=1747
info|2019-12-12 19:44:03.639107|[g:1][CONSENSUS]addRawPrepare,height=241,reqIdx=3,hash=51c454c3...
info|2019-12-12 19:44:03.664618|[g:1][CONSENSUS][PBFT]checkTimeout Succ,view=1747,toView=1748,nodeIdx=2,changeCycle=0,myNode=933db757...,timecost=0.363
info|2019-12-12 19:44:03.705218|[g:1][CONSENSUS][PBFT]checkAndChangeView: Reach consensus,org_view=1747,org_changeCycle=0,cur_changeCycle=0,to_view=1748
info|2019-12-12 19:44:04.777482|[g:1][CONSENSUS]addRawPrepare,height=241,reqIdx=0,hash=89b60659...
info|2019-12-12 19:44:04.777946|[g:1][CONSENSUS][PBFT]checkTimeout Succ,view=1748,toView=1749,nodeIdx=2,changeCycle=0,myNode=933db757...,timecost=0.313
info|2019-12-12 19:44:04.844127|[g:1][CONSENSUS][PBFT]checkAndChangeView: Reach consensus,org_view=1748,org_changeCycle=0,cur_changeCycle=0,to_view=1749
info|2019-12-12 19:44:05.889165|[g:1][CONSENSUS]addRawPrepare,height=241,reqIdx=1,hash=5d91ca9e...
info|2019-12-12 19:44:05.889479|[g:1][CONSENSUS][PBFT]checkTimeout Succ,view=1749,toView=1750,nodeIdx=2,changeCycle=0,myNode=933db757...,timecost=0.236
info|2019-12-12 19:44:05.889915|[g:1][CONSENSUS][PBFT]checkAndChangeView: Reach consensus,org_view=1749,org_changeCycle=0,cur_changeCycle=0,to_view=1750
info|2019-12-12 19:44:06.893295|[g:1][CONSENSUS][SEALER]++++++++++++++++ Generating seal on,blkNum=241,tx=0,nodeIdx=2,hash=b68d3556...
info|2019-12-12 19:44:06.915462|[g:1][CONSENSUS][PBFT]checkTimeout Succ,view=1750,toView=1751,nodeIdx=2,changeCycle=0,myNode=933db757...,timecost=0.204
info|2019-12-12 19:44:06.985483|[g:1][CONSENSUS][PBFT]checkAndChangeView: Reach consensus,org_view=1750,org_changeCycle=0,cur_changeCycle=0,to_view=1751
info|2019-12-12 19:44:08.043584|[g:1][CONSENSUS]addRawPrepare,height=241,reqIdx=3,hash=a8e2eab4...
info|2019-12-12 19:44:08.044158|[g:1][CONSENSUS][PBFT]checkTimeout Succ,view=1751,toView=1752,nodeIdx=2,changeCycle=0,myNode=933db757...,timecost=0.331
info|2019-12-12 19:44:08.057338|[g:1][CONSENSUS][PBFT]checkAndChangeView: Reach consensus,org_view=1751,org_changeCycle=0,cur_changeCycle=0,to_view=1752
info|2019-12-12 19:44:09.069467|[g:1][CONSENSUS]addRawPrepare,height=241,reqIdx=0,hash=c785bfb8...
info|2019-12-12 19:44:09.070450|[g:1][CONSENSUS][PBFT]checkTimeout Succ,view=1752,toView=1753,nodeIdx=2,changeCycle=0,myNode=933db757...,timecost=0.693
info|2019-12-12 19:44:09.072155|[g:1][CONSENSUS][PBFT]checkAndChangeView: Reach consensus,org_view=1752,org_changeCycle=0,cur_changeCycle=0,to_view=1753
info|2019-12-12 19:44:10.093267|[g:1][CONSENSUS]addRawPrepare,height=241,reqIdx=1,hash=7bdb4247...
info|2019-12-12 19:44:10.095288|[g:1][CONSENSUS][PBFT]checkTimeout Succ,view=1753,toView=1754,nodeIdx=2,changeCycle=0,myNode=933db757...,timecost=0.926
info|2019-12-12 19:44:10.142364|[g:1][CONSENSUS][PBFT]checkAndChangeView: Reach consensus,org_view=1753,org_changeCycle=0,cur_changeCycle=0,to_view=1754
info|2019-12-12 19:44:11.143071|[g:1][CONSENSUS][SEALER]++++++++++++++++ Generating seal on,blkNum=241,tx=0,nodeIdx=2,hash=50c9f6f7...
info|2019-12-12 19:44:11.143950|[g:1][CONSENSUS][PBFT]checkTimeout Succ,view=1754,toView=1755,nodeIdx=2,changeCycle=0,myNode=933db757...,timecost=0.484
info|2019-12-12 19:44:11.275345|[g:1][CONSENSUS][PBFT]checkAndChangeView: Reach consensus,org_view=1754,org_changeCycle=0,cur_changeCycle=0,to_view=1755
info|2019-12-12 19:44:12.210080|[P2P][Service] heartBeat,connected count=3
info|2019-12-12 19:44:12.272163|[g:1][CONSENSUS]addRawPrepare,height=241,reqIdx=3,hash=b7d21ac7...
info|2019-12-12 19:44:12.272525|[g:1][CONSENSUS][PBFT]checkTimeout Succ,view=1755,toView=1756,nodeIdx=2,changeCycle=0,myNode=933db757...,timecost=0.325
info|2019-12-12 19:44:12.275689|[g:1][CONSENSUS][PBFT]checkAndChangeView: Reach consensus,org_view=1755,org_changeCycle=0,cur_changeCycle=0,to_view=1756
info|2019-12-12 19:44:13.281891|[g:1][CONSENSUS]addRawPrepare,height=241,reqIdx=0,hash=83ee387f...
info|2019-12-12 19:44:13.282506|[g:1][CONSENSUS][PBFT]checkTimeout Succ,view=1756,toView=1757,nodeIdx=2,changeCycle=0,myNode=933db757...,timecost=0.531
info|2019-12-12 19:44:13.282925|[g:1][CONSENSUS][PBFT]checkAndChangeView: Reach consensus,org_view=1756,org_changeCycle=0,cur_changeCycle=0,to_view=1757
info|2019-12-12 19:44:14.307047|[g:1][CONSENSUS]addRawPrepare,height=241,reqIdx=1,hash=adf3d9e7...
info|2019-12-12 19:44:14.355791|[g:1][CONSENSUS][PBFT]checkTimeout Succ,view=1757,toView=1758,nodeIdx=2,changeCycle=0,myNode=933db757...,timecost=48.726
info|2019-12-12 19:44:14.356765|[g:1][CONSENSUS][PBFT]checkAndChangeView: Reach consensus,org_view=1757,org_changeCycle=0,cur_changeCycle=0,to_view=1758
info|2019-12-12 19:44:15.360308|[g:1][CONSENSUS][SEALER]++++++++++++++++ Generating seal on,blkNum=241,tx=0,nodeIdx=2,hash=08f52879...
info|2019-12-12 19:44:15.413505|[g:1][CONSENSUS][PBFT]checkTimeout Succ,view=1758,toView=1759,nodeIdx=2,changeCycle=0,myNode=933db757...,timecost=44.647
info|2019-12-12 19:44:15.414534|[g:1][CONSENSUS][PBFT]checkAndChangeView: Reach consensus,org_view=1758,org_changeCycle=0,cur_changeCycle=0,to_view=1759
info|2019-12-12 19:44:16.452936|[g:1][CONSENSUS]addRawPrepare,height=241,reqIdx=3,hash=67df25cf...
info|2019-12-12 19:44:16.453295|[g:1][CONSENSUS][PBFT]checkTimeout Succ,view=1759,toView=1760,nodeIdx=2,changeCycle=0,myNode=933db757...,timecost=0.22
info|2019-12-12 19:44:16.455328|[g:1][CONSENSUS][PBFT]checkAndChangeView: Reach consensus,org_view=1759,org_changeCycle=0,cur_changeCycle=0,to_view=1760
info|2019-12-12 19:44:17.455298|[g:1][CONSENSUS]addRawPrepare,height=241,reqIdx=0,hash=83a9bd35...
info|2019-12-12 19:44:17.455618|[g:1][CONSENSUS][PBFT]checkTimeout Succ,view=1760,toView=1761,nodeIdx=2,changeCycle=0,myNode=933db757...,timecost=0.238
info|2019-12-12 19:44:17.456879|[g:1][CONSENSUS][PBFT]checkAndChangeView: Reach consensus,org_view=1760,org_changeCycle=0,cur_changeCycle=0,to_view=1761
info|2019-12-12 19:44:18.579507|[g:1][CONSENSUS]addRawPrepare,height=241,reqIdx=1,hash=5468f4de...
info|2019-12-12 19:44:18.655860|[g:1][CONSENSUS][PBFT]checkTimeout Succ,view=1761,toView=1762,nodeIdx=2,changeCycle=0,myNode=933db757...,timecost=0.701
info|2019-12-12 19:44:18.657489|[g:1][CONSENSUS][PBFT]checkAndChangeView: Reach consensus,org_view=1761,org_changeCycle=0,cur_changeCycle=0,to_view=1762
info|2019-12-12 19:44:19.720270|[g:1][CONSENSUS][SEALER]++++++++++++++++ Generating seal on,blkNum=241,tx=0,nodeIdx=2,hash=d51de3eb...
info|2019-12-12 19:44:19.745769|[g:1][CONSENSUS][PBFT]checkTimeout Succ,view=1762,toView=1763,nodeIdx=2,changeCycle=0,myNode=933db757...,timecost=22.897
info|2019-12-12 19:44:19.747005|[g:1][CONSENSUS][PBFT]checkAndChangeView: Reach consensus,org_view=1762,org_changeCycle=0,cur_changeCycle=0,to_view=1763
info|2019-12-12 19:44:20.798469|[g:1][CONSENSUS]addRawPrepare,height=241,reqIdx=3,hash=0edd42c0...
info|2019-12-12 19:44:20.798804|[g:1][CONSENSUS][PBFT]checkTimeout Succ,view=1763,toView=1764,nodeIdx=2,changeCycle=0,myNode=933db757...,timecost=0.302
info|2019-12-12 19:44:20.814026|[g:1][CONSENSUS][PBFT]checkAndChangeView: Reach consensus,org_view=1763,org_changeCycle=0,cur_changeCycle=0,to_view=1764
info|2019-12-12 19:44:21.875184|[g:1][CONSENSUS]addRawPrepare,height=241,reqIdx=0,hash=c942c426...
info|2019-12-12 19:44:22.066129|[g:1][CONSENSUS][PBFT]checkTimeout Succ,view=1764,toView=1765,nodeIdx=2,changeCycle=0,myNode=933db757...,timecost=190.825
info|2019-12-12 19:44:22.066537|[g:1][CONSENSUS][PBFT]checkAndChangeView: Reach consensus,org_view=1764,org_changeCycle=0,cur_changeCycle=0,to_view=1765
info|2019-12-12 19:44:22.210162|[P2P][Service] heartBeat,connected count=3
info|2019-12-12 19:44:22.959211|[g:1][CONSENSUS]addRawPrepare,height=241,reqIdx=1,hash=81e72603...
info|2019-12-12 19:44:22.960007|[g:1][CONSENSUS][PBFT]checkTimeout Succ,view=1765,toView=1766,nodeIdx=2,changeCycle=0,myNode=933db757...,timecost=0.721
info|2019-12-12 19:44:22.961669|[g:1][CONSENSUS][PBFT]checkAndChangeView: Reach consensus,org_view=1765,org_changeCycle=0,cur_changeCycle=0,to_view=1766
info|2019-12-12 19:44:23.963048|[g:1][CONSENSUS][SEALER]++++++++++++++++ Generating seal on,blkNum=241,tx=0,nodeIdx=2,hash=d2cd0211...
info|2019-12-12 19:44:23.967630|[g:1][CONSENSUS][PBFT]checkTimeout Succ,view=1766,toView=1767,nodeIdx=2,changeCycle=0,myNode=933db757...,timecost=0.635
info|2019-12-12 19:44:23.968419|[g:1][CONSENSUS][PBFT]checkAndChangeView: Reach consensus,org_view=1766,org_changeCycle=0,cur_changeCycle=0,to_view=1767
info|2019-12-12 19:44:24.993261|[g:1][CONSENSUS]addRawPrepare,height=241,reqIdx=3,hash=29ed5944...
info|2019-12-12 19:44:25.051604|[g:1][CONSENSUS][PBFT]checkTimeout Succ,view=1767,toView=1768,nodeIdx=2,changeCycle=0,myNode=933db757...,timecost=0.349
info|2019-12-12 19:44:25.052344|[g:1][CONSENSUS][PBFT]checkAndChangeView: Reach consensus,org_view=1767,org_changeCycle=0,cur_changeCycle=0,to_view=1768
info|2019-12-12 19:44:26.084532|[g:1][CONSENSUS]addRawPrepare,height=241,reqIdx=0,hash=9a01c379...
info|2019-12-12 19:44:26.084766|[g:1][CONSENSUS][PBFT]checkTimeout Succ,view=1768,toView=1769,nodeIdx=2,changeCycle=0,myNode=933db757...,timecost=0.207
info|2019-12-12 19:44:26.085146|[g:1][CONSENSUS][PBFT]checkAndChangeView: Reach consensus,org_view=1768,org_changeCycle=0,cur_changeCycle=0,to_view=1769
info|2019-12-12 19:44:27.321660|[g:1][CONSENSUS]addRawPrepare,height=241,reqIdx=1,hash=34075b4a...
info|2019-12-12 19:44:27.322065|[g:1][CONSENSUS][PBFT]checkTimeout Succ,view=1769,toView=1770,nodeIdx=2,changeCycle=0,myNode=933db757...,timecost=0.223
info|2019-12-12 19:44:27.345470|[g:1][CONSENSUS][PBFT]checkAndChangeView: Reach consensus,org_view=1769,org_changeCycle=0,cur_changeCycle=0,to_view=1770
info|2019-12-12 19:44:28.352748|[g:1][CONSENSUS][SEALER]++++++++++++++++ Generating seal on,blkNum=241,tx=0,nodeIdx=2,hash=fc0916b9...
info|2019-12-12 19:44:28.386860|[g:1][CONSENSUS][PBFT]checkTimeout Succ,view=1770,toView=1771,nodeIdx=2,changeCycle=0,myNode=933db757...,timecost=0.181
info|2019-12-12 19:44:28.412870|[g:1][CONSENSUS][PBFT]checkAndChangeView: Reach consensus,org_view=1770,org_changeCycle=0,cur_changeCycle=0,to_view=1771
info|2019-12-12 19:44:29.416361|[g:1][CONSENSUS]addRawPrepare,height=241,reqIdx=3,hash=8e801517...
info|2019-12-12 19:44:29.416675|[g:1][CONSENSUS][PBFT]checkTimeout Succ,view=1771,toView=1772,nodeIdx=2,changeCycle=0,myNode=933db757...,timecost=0.272
info|2019-12-12 19:44:29.418394|[g:1][CONSENSUS][PBFT]checkAndChangeView: Reach consensus,org_view=1771,org_changeCycle=0,cur_changeCycle=0,to_view=1772
info|2019-12-12 19:44:30.447718|[g:1][CONSENSUS]addRawPrepare,height=241,reqIdx=0,hash=3696045b...
info|2019-12-12 19:44:30.448021|[g:1][CONSENSUS][PBFT]checkTimeout Succ,view=1772,toView=1773,nodeIdx=2,changeCycle=0,myNode=933db757...,timecost=0.257
info|2019-12-12 19:44:30.480724|[g:1][CONSENSUS][PBFT]checkAndChangeView: Reach consensus,org_view=1772,org_changeCycle=0,cur_changeCycle=0,to_view=1773
info|2019-12-12 19:44:31.482942|[g:1][CONSENSUS]addRawPrepare,height=241,reqIdx=1,hash=06333d34...
info|2019-12-12 19:44:31.483162|[g:1][CONSENSUS][PBFT]checkTimeout Succ,view=1773,toView=1774,nodeIdx=2,changeCycle=0,myNode=933db757...,timecost=0.193
info|2019-12-12 19:44:31.618570|[g:1][CONSENSUS][PBFT]checkAndChangeView: Reach consensus,org_view=1773,org_changeCycle=0,cur_changeCycle=0,to_view=1774
info|2019-12-12 19:44:32.210334|[P2P][Service] heartBeat,connected count=3
info|2019-12-12 19:44:32.618240|[g:1][CONSENSUS][SEALER]++++++++++++++++ Generating seal on,blkNum=241,tx=0,nodeIdx=2,hash=d3769eca...
info|2019-12-12 19:44:32.621860|[g:1][CONSENSUS][PBFT]checkTimeout Succ,view=1774,toView=1775,nodeIdx=2,changeCycle=0,myNode=933db757...,timecost=1.39
info|2019-12-12 19:44:32.622701|[g:1][CONSENSUS][PBFT]checkAndChangeView: Reach consensus,org_view=1774,org_changeCycle=0,cur_changeCycle=0,to_view=1775
info|2019-12-12 19:44:33.639309|[g:1][CONSENSUS]addRawPrepare,height=241,reqIdx=3,hash=a3bfb847...
info|2019-12-12 19:44:33.639663|[g:1][CONSENSUS][PBFT]checkTimeout Succ,view=1775,toView=1776,nodeIdx=2,changeCycle=0,myNode=933db757...,timecost=0.274
info|2019-12-12 19:44:33.658943|[g:1][CONSENSUS][PBFT]checkAndChangeView: Reach consensus,org_view=1775,org_changeCycle=0,cur_changeCycle=0,to_view=1776
info|2019-12-12 19:44:34.894212|[g:1][CONSENSUS]addRawPrepare,height=241,reqIdx=0,hash=59852197...
info|2019-12-12 19:44:34.894595|[g:1][CONSENSUS][PBFT]checkTimeout Succ,view=1776,toView=1777,nodeIdx=2,changeCycle=0,myNode=933db757...,timecost=0.253
info|2019-12-12 19:44:34.900129|[g:1][CONSENSUS][PBFT]checkAndChangeView: Reach consensus,org_view=1776,org_changeCycle=0,cur_changeCycle=0,to_view=1777
info|2019-12-12 19:44:35.897228|[g:1][CONSENSUS]addRawPrepare,height=241,reqIdx=1,hash=9caf1dc8...
info|2019-12-12 19:44:35.917344|[g:1][CONSENSUS][PBFT]checkTimeout Succ,view=1777,toView=1778,nodeIdx=2,changeCycle=0,myNode=933db757...,timecost=19.926
info|2019-12-12 19:44:35.921727|[g:1][CONSENSUS][PBFT]checkAndChangeView: Reach consensus,org_view=1777,org_changeCycle=0,cur_changeCycle=0,to_view=1778
info|2019-12-12 19:44:36.921563|[g:1][CONSENSUS][SEALER]++++++++++++++++ Generating seal on,blkNum=241,tx=0,nodeIdx=2,hash=9d70a88e...
info|2019-12-12 19:44:36.958106|[g:1][CONSENSUS][PBFT]checkTimeout Succ,view=1778,toView=1779,nodeIdx=2,changeCycle=0,myNode=933db757...,timecost=34.323
info|2019-12-12 19:44:36.971938|[g:1][CONSENSUS][PBFT]checkAndChangeView: Reach consensus,org_view=1778,org_changeCycle=0,cur_changeCycle=0,to_view=1779
info|2019-12-12 19:44:37.984585|[g:1][CONSENSUS]addRawPrepare,height=241,reqIdx=3,hash=49bc4507...
info|2019-12-12 19:44:37.998390|[g:1][CONSENSUS][PBFT]checkTimeout Succ,view=1779,toView=1780,nodeIdx=2,changeCycle=0,myNode=933db757...,timecost=0.257
info|2019-12-12 19:44:38.027515|[g:1][CONSENSUS][PBFT]checkAndChangeView: Reach consensus,org_view=1779,org_changeCycle=0,cur_changeCycle=0,to_view=1780
info|2019-12-12 19:44:39.018033|[g:1][CONSENSUS]addRawPrepare,height=241,reqIdx=0,hash=e3dee425...
info|2019-12-12 19:44:39.074063|[g:1][CONSENSUS][PBFT]checkTimeout Succ,view=1780,toView=1781,nodeIdx=2,changeCycle=0,myNode=933db757...,timecost=54.642
info|2019-12-12 19:44:39.074787|[g:1][CONSENSUS][PBFT]checkAndChangeView: Reach consensus,org_view=1780,org_changeCycle=0,cur_changeCycle=0,to_view=1781
info|2019-12-12 19:44:40.080400|[g:1][CONSENSUS]addRawPrepare,height=241,reqIdx=1,hash=24a06e9d...
info|2019-12-12 19:44:40.495509|[g:1][CONSENSUS][PBFT]checkTimeout Succ,view=1781,toView=1782,nodeIdx=2,changeCycle=0,myNode=933db757...,timecost=415.037
info|2019-12-12 19:44:40.496449|[g:1][CONSENSUS][PBFT]checkAndChangeView: Reach consensus,org_view=1781,org_changeCycle=0,cur_changeCycle=0,to_view=1782
info|2019-12-12 19:44:41.496397|[g:1][CONSENSUS][SEALER]++++++++++++++++ Generating seal on,blkNum=241,tx=0,nodeIdx=2,hash=cd3eebff...
info|2019-12-12 19:44:41.538317|[g:1][CONSENSUS][PBFT]checkTimeout Succ,view=1782,toView=1783,nodeIdx=2,changeCycle=0,myNode=933db757...,timecost=0.286
info|2019-12-12 19:44:41.650359|[g:1][CONSENSUS][PBFT]checkAndChangeView: Reach consensus,org_view=1782,org_changeCycle=0,cur_changeCycle=0,to_view=1783
info|2019-12-12 19:44:42.210449|[P2P][Service] heartBeat,connected count=3
info|2019-12-12 19:44:42.766451|[g:1][CONSENSUS]addRawPrepare,height=241,reqIdx=3,hash=930b93ea...
info|2019-12-12 19:44:42.766785|[g:1][CONSENSUS][PBFT]checkTimeout Succ,view=1783,toView=1784,nodeIdx=2,changeCycle=0,myNode=933db757...,timecost=0.202
info|2019-12-12 19:44:42.836829|[g:1][CONSENSUS][PBFT]checkAndChangeView: Reach consensus,org_view=1783,org_changeCycle=0,cur_changeCycle=0,to_view=1784
info|2019-12-12 19:44:43.838117|[g:1][CONSENSUS]addRawPrepare,height=241,reqIdx=0,hash=410379d5...
info|2019-12-12 19:44:43.886676|[g:1][CONSENSUS][PBFT]checkTimeout Succ,view=1784,toView=1785,nodeIdx=2,changeCycle=0,myNode=933db757...,timecost=18.32
info|2019-12-12 19:44:43.914460|[g:1][CONSENSUS][PBFT]checkAndChangeView: Reach consensus,org_view=1784,org_changeCycle=0,cur_changeCycle=0,to_view=1785
info|2019-12-12 19:44:44.978058|[g:1][CONSENSUS]addRawPrepare,height=241,reqIdx=1,hash=5b0d2e4c...
info|2019-12-12 19:44:44.978387|[g:1][CONSENSUS][PBFT]checkTimeout Succ,view=1785,toView=1786,nodeIdx=2,changeCycle=0,myNode=933db757...,timecost=0.299
info|2019-12-12 19:44:44.980854|[g:1][CONSENSUS][PBFT]checkAndChangeView: Reach consensus,org_view=1785,org_changeCycle=0,cur_changeCycle=0,to_view=1786
info|2019-12-12 19:44:45.983458|[g:1][CONSENSUS][SEALER]++++++++++++++++ Generating seal on,blkNum=241,tx=0,nodeIdx=2,hash=4f5dee1c...
info|2019-12-12 19:44:45.984708|[g:1][CONSENSUS][PBFT]checkTimeout Succ,view=1786,toView=1787,nodeIdx=2,changeCycle=0,myNode=933db757...,timecost=0.337
info|2019-12-12 19:44:46.041213|[g:1][CONSENSUS][PBFT]checkAndChangeView: Reach consensus,org_view=1786,org_changeCycle=0,cur_changeCycle=0,to_view=1787
info|2019-12-12 19:44:47.079811|[g:1][CONSENSUS]addRawPrepare,height=241,reqIdx=3,hash=0323057d...
info|2019-12-12 19:44:47.173362|[g:1][CONSENSUS][PBFT]checkTimeout Succ,view=1787,toView=1788,nodeIdx=2,changeCycle=0,myNode=933db757...,timecost=12.407
info|2019-12-12 19:44:47.174392|[g:1][CONSENSUS][PBFT]checkAndChangeView: Reach consensus,org_view=1787,org_changeCycle=0,cur_changeCycle=0,to_view=1788
info|2019-12-12 19:44:48.277734|[g:1][CONSENSUS]addRawPrepare,height=241,reqIdx=0,hash=92d0f45c...
info|2019-12-12 19:44:48.278723|[g:1][CONSENSUS][PBFT]checkTimeout Succ,view=1788,toView=1789,nodeIdx=2,changeCycle=0,myNode=933db757...,timecost=0.517
info|2019-12-12 19:44:48.279685|[g:1][CONSENSUS][PBFT]checkAndChangeView: Reach consensus,org_view=1788,org_changeCycle=0,cur_changeCycle=0,to_view=1789
info|2019-12-12 19:44:49.282779|[g:1][CONSENSUS]addRawPrepare,height=241,reqIdx=1,hash=da716ec0...
info|2019-12-12 19:44:49.283212|[g:1][CONSENSUS][PBFT]checkTimeout Succ,view=1789,toView=1790,nodeIdx=2,changeCycle=0,myNode=933db757...,timecost=0.349
info|2019-12-12 19:44:49.284345|[g:1][CONSENSUS][PBFT]checkAndChangeView: Reach consensus,org_view=1789,org_changeCycle=0,cur_changeCycle=0,to_view=1790
info|2019-12-12 19:44:50.301298|[g:1][CONSENSUS][SEALER]++++++++++++++++ Generating seal on,blkNum=241,tx=0,nodeIdx=2,hash=c00b2947...
info|2019-12-12 19:44:50.302203|[g:1][CONSENSUS][PBFT]checkTimeout Succ,view=1790,toView=1791,nodeIdx=2,changeCycle=0,myNode=933db757...,timecost=0.291
info|2019-12-12 19:44:50.330094|[g:1][CONSENSUS][PBFT]checkAndChangeView: Reach consensus,org_view=1790,org_changeCycle=0,cur_changeCycle=0,to_view=1791
info|2019-12-12 19:44:51.367486|[g:1][CONSENSUS]addRawPrepare,height=241,reqIdx=3,hash=96b06016...
info|2019-12-12 19:44:51.396572|[g:1][CONSENSUS][PBFT]checkTimeout Succ,view=1791,toView=1792,nodeIdx=2,changeCycle=0,myNode=933db757...,timecost=29.064
info|2019-12-12 19:44:51.397357|[g:1][CONSENSUS][PBFT]checkAndChangeView: Reach consensus,org_view=1791,org_changeCycle=0,cur_changeCycle=0,to_view=1792
info|2019-12-12 19:44:52.210789|[P2P][Service] heartBeat,connected count=3
info|2019-12-12 19:44:52.387951|[g:1][CONSENSUS]addRawPrepare,height=241,reqIdx=0,hash=fbbd6314...
info|2019-12-12 19:44:52.388279|[g:1][CONSENSUS][PBFT]checkTimeout Succ,view=1792,toView=1793,nodeIdx=2,changeCycle=0,myNode=933db757...,timecost=0.307
info|2019-12-12 19:44:52.390304|[g:1][CONSENSUS][PBFT]checkAndChangeView: Reach consensus,org_view=1792,org_changeCycle=0,cur_changeCycle=0,to_view=1793
info|2019-12-12 19:44:53.422109|[g:1][CONSENSUS]addRawPrepare,height=241,reqIdx=1,hash=a8420800...
info|2019-12-12 19:44:53.422365|[g:1][CONSENSUS][PBFT]checkTimeout Succ,view=1793,toView=1794,nodeIdx=2,changeCycle=0,myNode=933db757...,timecost=0.218
info|2019-12-12 19:44:53.426048|[g:1][CONSENSUS][PBFT]checkAndChangeView: Reach consensus,org_view=1793,org_changeCycle=0,cur_changeCycle=0,to_view=1794
info|2019-12-12 19:44:54.427235|[g:1][CONSENSUS][SEALER]++++++++++++++++ Generating seal on,blkNum=241,tx=0,nodeIdx=2,hash=981be7fb...
info|2019-12-12 19:44:54.452163|[g:1][CONSENSUS][PBFT]checkTimeout Succ,view=1794,toView=1795,nodeIdx=2,changeCycle=0,myNode=933db757...,timecost=0.208
info|2019-12-12 19:44:54.454409|[g:1][CONSENSUS][PBFT]checkAndChangeView: Reach consensus,org_view=1794,org_changeCycle=0,cur_changeCycle=0,to_view=1795
info|2019-12-12 19:44:55.480297|[g:1][CONSENSUS]addRawPrepare,height=241,reqIdx=3,hash=31cc1b59...
info|2019-12-12 19:44:55.480643|[g:1][CONSENSUS][PBFT]checkTimeout Succ,view=1795,toView=1796,nodeIdx=2,changeCycle=0,myNode=933db757...,timecost=0.324
info|2019-12-12 19:44:55.481959|[g:1][CONSENSUS][PBFT]checkAndChangeView: Reach consensus,org_view=1795,org_changeCycle=0,cur_changeCycle=0,to_view=1796
info|2019-12-12 19:44:56.487464|[g:1][CONSENSUS]addRawPrepare,height=241,reqIdx=0,hash=de7eba2a...
info|2019-12-12 19:44:56.487749|[g:1][CONSENSUS][PBFT]checkTimeout Succ,view=1796,toView=1797,nodeIdx=2,changeCycle=0,myNode=933db757...,timecost=0.255
info|2019-12-12 19:44:56.491411|[g:1][CONSENSUS][PBFT]checkAndChangeView: Reach consensus,org_view=1796,org_changeCycle=0,cur_changeCycle=0,to_view=1797
info|2019-12-12 19:44:57.492969|[g:1][CONSENSUS]addRawPrepare,height=241,reqIdx=1,hash=0a402cc0...
info|2019-12-12 19:44:57.493347|[g:1][CONSENSUS][PBFT]checkTimeout Succ,view=1797,toView=1798,nodeIdx=2,changeCycle=0,myNode=933db757...,timecost=0.352
info|2019-12-12 19:44:57.508514|[g:1][CONSENSUS][PBFT]checkAndChangeView: Reach consensus,org_view=1797,org_changeCycle=0,cur_changeCycle=0,to_view=1798
info|2019-12-12 19:44:58.509199|[g:1][CONSENSUS][SEALER]++++++++++++++++ Generating seal on,blkNum=241,tx=0,nodeIdx=2,hash=e05a3ccf...
info|2019-12-12 19:44:58.511272|[g:1][CONSENSUS][PBFT]checkTimeout Succ,view=1798,toView=1799,nodeIdx=2,changeCycle=0,myNode=933db757...,timecost=0.189
info|2019-12-12 19:44:58.511831|[g:1][CONSENSUS][PBFT]checkAndChangeView: Reach consensus,org_view=1798,org_changeCycle=0,cur_changeCycle=0,to_view=1799
info|2019-12-12 19:44:59.549028|[g:1][CONSENSUS]addRawPrepare,height=241,reqIdx=3,hash=1ec49f2f...
info|2019-12-12 19:44:59.549552|[g:1][CONSENSUS][PBFT]checkTimeout Succ,view=1799,toView=1800,nodeIdx=2,changeCycle=0,myNode=933db757...,timecost=0.235
info|2019-12-12 19:44:59.553055|[g:1][CONSENSUS][PBFT]checkAndChangeView: Reach consensus,org_view=1799,org_changeCycle=0,cur_changeCycle=0,to_view=1800
info|2019-12-12 19:45:00.554038|[g:1][CONSENSUS]addRawPrepare,height=241,reqIdx=0,hash=73dfd9c3...
info|2019-12-12 19:45:00.554280|[g:1][CONSENSUS][PBFT]checkTimeout Succ,view=1800,toView=1801,nodeIdx=2,changeCycle=0,myNode=933db757...,timecost=0.207
info|2019-12-12 19:45:00.556734|[g:1][CONSENSUS][PBFT]checkAndChangeView: Reach consensus,org_view=1800,org_changeCycle=0,cur_changeCycle=0,to_view=1801
info|2019-12-12 19:45:01.586661|[g:1][CONSENSUS]addRawPrepare,height=241,reqIdx=1,hash=a46b7f3b...
info|2019-12-12 19:45:01.607860|[g:1][CONSENSUS][PBFT]checkTimeout Succ,view=1801,toView=1802,nodeIdx=2,changeCycle=0,myNode=933db757...,timecost=14.834
info|2019-12-12 19:45:01.609656|[g:1][CONSENSUS][PBFT]checkAndChangeView: Reach consensus,org_view=1801,org_changeCycle=0,cur_changeCycle=0,to_view=1802
info|2019-12-12 19:45:02.215045|[P2P][Service] heartBeat,connected count=3
info|2019-12-12 19:45:02.610404|[g:1][CONSENSUS][SEALER]++++++++++++++++ Generating seal on,blkNum=241,tx=0,nodeIdx=2,hash=4beb2b60...
info|2019-12-12 19:45:02.635667|[g:1][CONSENSUS][PBFT]checkTimeout Succ,view=1802,toView=1803,nodeIdx=2,changeCycle=0,myNode=933db757...,timecost=0.368
info|2019-12-12 19:45:02.637151|[g:1][CONSENSUS][PBFT]checkAndChangeView: Reach consensus,org_view=1802,org_changeCycle=0,cur_changeCycle=0,to_view=1803
info|2019-12-12 19:45:03.636964|[g:1][CONSENSUS]addRawPrepare,height=241,reqIdx=3,hash=8294ff4c...
info|2019-12-12 19:45:03.637674|[g:1][CONSENSUS][PBFT]checkTimeout Succ,view=1803,toView=1804,nodeIdx=2,changeCycle=0,myNode=933db757...,timecost=0.686
info|2019-12-12 19:45:03.657565|[g:1][CONSENSUS][PBFT]checkAndChangeView: Reach consensus,org_view=1803,org_changeCycle=0,cur_changeCycle=0,to_view=1804
info|2019-12-12 19:45:04.679035|[g:1][CONSENSUS]addRawPrepare,height=241,reqIdx=0,hash=d0acf2f5...
info|2019-12-12 19:45:04.679389|[g:1][CONSENSUS][PBFT]checkTimeout Succ,view=1804,toView=1805,nodeIdx=2,changeCycle=0,myNode=933db757...,timecost=0.262
info|2019-12-12 19:45:04.691929|[g:1][CONSENSUS][PBFT]checkAndChangeView: Reach consensus,org_view=1804,org_changeCycle=0,cur_changeCycle=0,to_view=1805
info|2019-12-12 19:45:05.708531|[g:1][CONSENSUS]addRawPrepare,height=241,reqIdx=1,hash=53abd6ca...
info|2019-12-12 19:45:05.708914|[g:1][CONSENSUS][PBFT]checkTimeout Succ,view=1805,toView=1806,nodeIdx=2,changeCycle=0,myNode=933db757...,timecost=0.283
info|2019-12-12 19:45:05.710575|[g:1][CONSENSUS][PBFT]checkAndChangeView: Reach consensus,org_view=1805,org_changeCycle=0,cur_changeCycle=0,to_view=1806
info|2019-12-12 19:45:06.710390|[g:1][CONSENSUS][SEALER]++++++++++++++++ Generating seal on,blkNum=241,tx=0,nodeIdx=2,hash=1baf7043...
info|2019-12-12 19:45:06.711043|[g:1][CONSENSUS][PBFT]checkTimeout Succ,view=1806,toView=1807,nodeIdx=2,changeCycle=0,myNode=933db757...,timecost=0.318
info|2019-12-12 19:45:06.714343|[g:1][CONSENSUS][PBFT]checkAndChangeView: Reach consensus,org_view=1806,org_changeCycle=0,cur_changeCycle=0,to_view=1807
                                                                                                                                                                                                                                                                                                                                                                                                                                                                                                                                                                                                                                                                                                                                                                                                                                                                                                                                                                                                                                                                                                                                                                                                                                                                                                                                                                                                                                                                                                                                                                                                                                                                                                                                                                                                                                                                                                                                                                                                                                                                                                                                                                                                                                                                                                                                                                                                                                                                       