info|2019-12-05 00:00:00.787039|[g:1][CONSENSUS]addRawPrepare,height=29,reqIdx=3,hash=6aab21a6...
info|2019-12-05 00:00:00.788566|[g:1][CONSENSUS][PBFT]checkTimeout Succ,view=331,toView=332,nodeIdx=2,changeCycle=0,myNode=933db757...,timecost=0.562
info|2019-12-05 00:00:00.792297|[g:1][CONSENSUS][PBFT]checkAndChangeView: Reach consensus,org_view=331,org_changeCycle=0,cur_changeCycle=0,to_view=332
info|2019-12-05 00:00:01.794765|[g:1][CONSENSUS]addRawPrepare,height=29,reqIdx=0,hash=91e9a601...
info|2019-12-05 00:00:01.795690|[g:1][CONSENSUS][PBFT]checkTimeout Succ,view=332,toView=333,nodeIdx=2,changeCycle=0,myNode=933db757...,timecost=0.717
info|2019-12-05 00:00:01.806566|[g:1][CONSENSUS][PBFT]checkAndChangeView: Reach consensus,org_view=332,org_changeCycle=0,cur_changeCycle=0,to_view=333
info|2019-12-05 00:00:02.813065|[g:1][CONSENSUS]addRawPrepare,height=29,reqIdx=1,hash=0b4249e0...
info|2019-12-05 00:00:02.815450|[g:1][CONSENSUS][PBFT]checkTimeout Succ,view=333,toView=334,nodeIdx=2,changeCycle=0,myNode=933db757...,timecost=2.274
info|2019-12-05 00:00:02.819885|[g:1][CONSENSUS][PBFT]checkAndChangeView: Reach consensus,org_view=333,org_changeCycle=0,cur_changeCycle=0,to_view=334
info|2019-12-05 00:00:03.819763|[g:1][CONSENSUS][SEALER]++++++++++++++++ Generating seal on,blkNum=29,tx=0,nodeIdx=2,hash=79e97446...
info|2019-12-05 00:00:03.824927|[g:1][CONSENSUS][PBFT]checkTimeout Succ,view=334,toView=335,nodeIdx=2,changeCycle=0,myNode=933db757...,timecost=0.759
info|2019-12-05 00:00:03.833295|[g:1][CONSENSUS][PBFT]checkAndChangeView: Reach consensus,org_view=334,org_changeCycle=0,cur_changeCycle=0,to_view=335
info|2019-12-05 00:00:04.839918|[g:1][CONSENSUS]addRawPrepare,height=29,reqIdx=3,hash=b2f91b19...
info|2019-12-05 00:00:04.840621|[g:1][CONSENSUS][PBFT]checkTimeout Succ,view=335,toView=336,nodeIdx=2,changeCycle=0,myNode=933db757...,timecost=0.494
info|2019-12-05 00:00:04.863656|[g:1][CONSENSUS][PBFT]checkAndChangeView: Reach consensus,org_view=335,org_changeCycle=0,cur_changeCycle=0,to_view=336
info|2019-12-05 00:00:05.863830|[g:1][CONSENSUS]addRawPrepare,height=29,reqIdx=0,hash=a30daf64...
info|2019-12-05 00:00:05.864760|[g:1][CONSENSUS][PBFT]checkTimeout Succ,view=336,toView=337,nodeIdx=2,changeCycle=0,myNode=933db757...,timecost=0.734
info|2019-12-05 00:00:05.870599|[g:1][CONSENSUS][PBFT]checkAndChangeView: Reach consensus,org_view=336,org_changeCycle=0,cur_changeCycle=0,to_view=337
info|2019-12-05 00:00:06.877796|[g:1][CONSENSUS]addRawPrepare,height=29,reqIdx=1,hash=9a9a16e2...
info|2019-12-05 00:00:06.878276|[g:1][CONSENSUS][PBFT]checkTimeout Succ,view=337,toView=338,nodeIdx=2,changeCycle=0,myNode=933db757...,timecost=0.439
info|2019-12-05 00:00:06.881519|[g:1][CONSENSUS][PBFT]checkAndChangeView: Reach consensus,org_view=337,org_changeCycle=0,cur_changeCycle=0,to_view=338
info|2019-12-05 00:00:07.048021|[P2P][Service] heartBeat,connected count=3
info|2019-12-05 00:00:07.883375|[g:1][CONSENSUS][SEALER]++++++++++++++++ Generating seal on,blkNum=29,tx=0,nodeIdx=2,hash=ca527ad1...
info|2019-12-05 00:00:07.884783|[g:1][CONSENSUS][PBFT]checkTimeout Succ,view=338,toView=339,nodeIdx=2,changeCycle=0,myNode=933db757...,timecost=0.392
info|2019-12-05 00:00:07.889221|[g:1][CONSENSUS][PBFT]checkAndChangeView: Reach consensus,org_view=338,org_changeCycle=0,cur_changeCycle=0,to_view=339
info|2019-12-05 00:00:08.895151|[g:1][CONSENSUS]addRawPrepare,height=29,reqIdx=3,hash=9a9d86c5...
info|2019-12-05 00:00:08.895740|[g:1][CONSENSUS][PBFT]checkTimeout Succ,view=339,toView=340,nodeIdx=2,changeCycle=0,myNode=933db757...,timecost=0.453
info|2019-12-05 00:00:08.901270|[g:1][CONSENSUS][PBFT]checkAndChangeView: Reach consensus,org_view=339,org_changeCycle=0,cur_changeCycle=0,to_view=340
info|2019-12-05 00:00:09.903152|[g:1][CONSENSUS]addRawPrepare,height=29,reqIdx=0,hash=3c33d18d...
info|2019-12-05 00:00:09.906673|[g:1][CONSENSUS][PBFT]checkTimeout Succ,view=340,toView=341,nodeIdx=2,changeCycle=0,myNode=933db757...,timecost=3.388
info|2019-12-05 00:00:09.910455|[g:1][CONSENSUS][PBFT]checkAndChangeView: Reach consensus,org_view=340,org_changeCycle=0,cur_changeCycle=0,to_view=341
info|2019-12-05 00:00:10.924150|[g:1][CONSENSUS]addRawPrepare,height=29,reqIdx=1,hash=6383f49e...
info|2019-12-05 00:00:10.926499|[g:1][CONSENSUS][PBFT]checkTimeout Succ,view=341,toView=342,nodeIdx=2,changeCycle=0,myNode=933db757...,timecost=0.823
info|2019-12-05 00:00:10.929677|[g:1][CONSENSUS][PBFT]checkAndChangeView: Reach consensus,org_view=341,org_changeCycle=0,cur_changeCycle=0,to_view=342
info|2019-12-05 00:00:11.930436|[g:1][CONSENSUS][SEALER]++++++++++++++++ Generating seal on,blkNum=29,tx=0,nodeIdx=2,hash=674117ea...
info|2019-12-05 00:00:11.934983|[g:1][CONSENSUS][PBFT]checkTimeout Succ,view=342,toView=343,nodeIdx=2,changeCycle=0,myNode=933db757...,timecost=0.725
info|2019-12-05 00:00:11.941895|[g:1][CONSENSUS][PBFT]checkAndChangeView: Reach consensus,org_view=342,org_changeCycle=0,cur_changeCycle=0,to_view=343
info|2019-12-05 00:00:12.950898|[g:1][CONSENSUS]addRawPrepare,height=29,reqIdx=3,hash=a8ca6cb7...
info|2019-12-05 00:00:12.952135|[g:1][CONSENSUS][PBFT]checkTimeout Succ,view=343,toView=344,nodeIdx=2,changeCycle=0,myNode=933db757...,timecost=0.639
info|2019-12-05 00:00:12.953538|[g:1][CONSENSUS][PBFT]checkAndChangeView: Reach consensus,org_view=343,org_changeCycle=0,cur_changeCycle=0,to_view=344
info|2019-12-05 00:00:13.961869|[g:1][CONSENSUS]addRawPrepare,height=29,reqIdx=0,hash=05d5b7e2...
info|2019-12-05 00:00:13.962191|[g:1][CONSENSUS][PBFT]checkTimeout Succ,view=344,toView=345,nodeIdx=2,changeCycle=0,myNode=933db757...,timecost=0.211
info|2019-12-05 00:00:13.964413|[g:1][CONSENSUS][PBFT]checkAndChangeView: Reach consensus,org_view=344,org_changeCycle=0,cur_changeCycle=0,to_view=345
info|2019-12-05 00:00:14.970550|[g:1][CONSENSUS]addRawPrepare,height=29,reqIdx=1,hash=63ede89c...
info|2019-12-05 00:00:14.971473|[g:1][CONSENSUS][PBFT]checkTimeout Succ,view=345,toView=346,nodeIdx=2,changeCycle=0,myNode=933db757...,timecost=0.705
info|2019-12-05 00:00:14.982922|[g:1][CONSENSUS][PBFT]checkAndChangeView: Reach consensus,org_view=345,org_changeCycle=0,cur_changeCycle=0,to_view=346
info|2019-12-05 00:00:15.983152|[g:1][CONSENSUS][SEALER]++++++++++++++++ Generating seal on,blkNum=29,tx=0,nodeIdx=2,hash=eb609997...
info|2019-12-05 00:00:15.985477|[g:1][CONSENSUS][PBFT]checkTimeout Succ,view=346,toView=347,nodeIdx=2,changeCycle=0,myNode=933db757...,timecost=1.901
info|2019-12-05 00:00:15.986766|[g:1][CONSENSUS][PBFT]checkAndChangeView: Reach consensus,org_view=346,org_changeCycle=0,cur_changeCycle=0,to_view=347
info|2019-12-05 00:00:16.998489|[g:1][CONSENSUS]addRawPrepare,height=29,reqIdx=3,hash=d8d5d2e9...
info|2019-12-05 00:00:16.999073|[g:1][CONSENSUS][PBFT]checkTimeout Succ,view=347,toView=348,nodeIdx=2,changeCycle=0,myNode=933db757...,timecost=0.398
info|2019-12-05 00:00:17.002872|[g:1][CONSENSUS][PBFT]checkAndChangeView: Reach consensus,org_view=347,org_changeCycle=0,cur_changeCycle=0,to_view=348
info|2019-12-05 00:00:17.048352|[P2P][Service] heartBeat,connected count=3
info|2019-12-05 00:00:18.008810|[g:1][CONSENSUS]addRawPrepare,height=29,reqIdx=0,hash=f57d0dae...
info|2019-12-05 00:00:18.009389|[g:1][CONSENSUS][PBFT]checkTimeout Succ,view=348,toView=349,nodeIdx=2,changeCycle=0,myNode=933db757...,timecost=0.422
info|2019-12-05 00:00:18.018582|[g:1][CONSENSUS][PBFT]checkAndChangeView: Reach consensus,org_view=348,org_changeCycle=0,cur_changeCycle=0,to_view=349
info|2019-12-05 00:00:19.026118|[g:1][CONSENSUS]addRawPrepare,height=29,reqIdx=1,hash=4fbab550...
info|2019-12-05 00:00:19.027072|[g:1][CONSENSUS][PBFT]checkTimeout Succ,view=349,toView=350,nodeIdx=2,changeCycle=0,myNode=933db757...,timecost=0.729
info|2019-12-05 00:00:19.035737|[g:1][CONSENSUS][PBFT]checkAndChangeView: Reach consensus,org_view=349,org_changeCycle=0,cur_changeCycle=0,to_view=350
info|2019-12-05 00:00:20.040913|[g:1][CONSENSUS][SEALER]++++++++++++++++ Generating seal on,blkNum=29,tx=0,nodeIdx=2,hash=74714fb3...
info|2019-12-05 00:00:20.042107|[g:1][CONSENSUS][PBFT]checkTimeout Succ,view=350,toView=351,nodeIdx=2,changeCycle=0,myNode=933db757...,timecost=0.519
info|2019-12-05 00:00:20.047816|[g:1][CONSENSUS][PBFT]checkAndChangeView: Reach consensus,org_view=350,org_changeCycle=0,cur_changeCycle=0,to_view=351
info|2019-12-05 00:00:21.053913|[g:1][CONSENSUS]addRawPrepare,height=29,reqIdx=3,hash=e79e3a00...
info|2019-12-05 00:00:21.058613|[g:1][CONSENSUS][PBFT]checkTimeout Succ,view=351,toView=352,nodeIdx=2,changeCycle=0,myNode=933db757...,timecost=0.687
info|2019-12-05 00:00:21.066196|[g:1][CONSENSUS][PBFT]checkAndChangeView: Reach consensus,org_view=351,org_changeCycle=0,cur_changeCycle=0,to_view=352
info|2019-12-05 00:00:22.065166|[g:1][CONSENSUS]addRawPrepare,height=29,reqIdx=0,hash=bec217ba...
info|2019-12-05 00:00:22.066104|[g:1][CONSENSUS][PBFT]checkTimeout Succ,view=352,toView=353,nodeIdx=2,changeCycle=0,myNode=933db757...,timecost=0.662
info|2019-12-05 00:00:22.074574|[g:1][CONSENSUS][PBFT]checkAndChangeView: Reach consensus,org_view=352,org_changeCycle=0,cur_changeCycle=0,to_view=353
info|2019-12-05 00:00:23.087068|[g:1][CONSENSUS]addRawPrepare,height=29,reqIdx=1,hash=3b0ae4ab...
info|2019-12-05 00:00:23.089206|[g:1][CONSENSUS][PBFT]checkTimeout Succ,view=353,toView=354,nodeIdx=2,changeCycle=0,myNode=933db757...,timecost=1.78
info|2019-12-05 00:00:23.090484|[g:1][CONSENSUS][PBFT]checkAndChangeView: Reach consensus,org_view=353,org_changeCycle=0,cur_changeCycle=0,to_view=354
info|2019-12-05 00:00:24.100603|[g:1][CONSENSUS][SEALER]++++++++++++++++ Generating seal on,blkNum=29,tx=0,nodeIdx=2,hash=97156a6a...
info|2019-12-05 00:00:24.102856|[g:1][CONSENSUS][PBFT]checkTimeout Succ,view=354,toView=355,nodeIdx=2,changeCycle=0,myNode=933db757...,timecost=0.723
info|2019-12-05 00:00:24.121629|[g:1][CONSENSUS][PBFT]checkAndChangeView: Reach consensus,org_view=354,org_changeCycle=0,cur_changeCycle=0,to_view=355
info|2019-12-05 00:00:25.127774|[g:1][CONSENSUS]addRawPrepare,height=29,reqIdx=3,hash=c507dedf...
info|2019-12-05 00:00:25.128998|[g:1][CONSENSUS][PBFT]checkTimeout Succ,view=355,toView=356,nodeIdx=2,changeCycle=0,myNode=933db757...,timecost=0.725
info|2019-12-05 00:00:25.134460|[g:1][CONSENSUS][PBFT]checkAndChangeView: Reach consensus,org_view=355,org_changeCycle=0,cur_changeCycle=0,to_view=356
info|2019-12-05 00:00:26.144511|[g:1][CONSENSUS]addRawPrepare,height=29,reqIdx=0,hash=514b39f7...
info|2019-12-05 00:00:26.145815|[g:1][CONSENSUS][PBFT]checkTimeout Succ,view=356,toView=357,nodeIdx=2,changeCycle=0,myNode=933db757...,timecost=0.673
info|2019-12-05 00:00:26.147151|[g:1][CONSENSUS][PBFT]checkAndChangeView: Reach consensus,org_view=356,org_changeCycle=0,cur_changeCycle=0,to_view=357
info|2019-12-05 00:00:27.048762|[P2P][Service] heartBeat,connected count=3
info|2019-12-05 00:00:27.150533|[g:1][CONSENSUS]addRawPrepare,height=29,reqIdx=1,hash=082181a0...
info|2019-12-05 00:00:27.151097|[g:1][CONSENSUS][PBFT]checkTimeout Succ,view=357,toView=358,nodeIdx=2,changeCycle=0,myNode=933db757...,timecost=0.415
info|2019-12-05 00:00:27.152928|[g:1][CONSENSUS][PBFT]checkAndChangeView: Reach consensus,org_view=357,org_changeCycle=0,cur_changeCycle=0,to_view=358
info|2019-12-05 00:00:28.154161|[g:1][CONSENSUS][SEALER]++++++++++++++++ Generating seal on,blkNum=29,tx=0,nodeIdx=2,hash=cc825ff1...
info|2019-12-05 00:00:28.158947|[g:1][CONSENSUS][PBFT]checkTimeout Succ,view=358,toView=359,nodeIdx=2,changeCycle=0,myNode=933db757...,timecost=2.918
info|2019-12-05 00:00:28.165754|[g:1][CONSENSUS][PBFT]checkAndChangeView: Reach consensus,org_view=358,org_changeCycle=0,cur_changeCycle=0,to_view=359
info|2019-12-05 00:00:29.172456|[g:1][CONSENSUS]addRawPrepare,height=29,reqIdx=3,hash=4682cbfb...
info|2019-12-05 00:00:29.173271|[g:1][CONSENSUS][PBFT]checkTimeout Succ,view=359,toView=360,nodeIdx=2,changeCycle=0,myNode=933db757...,timecost=0.634
info|2019-12-05 00:00:29.185011|[g:1][CONSENSUS][PBFT]checkAndChangeView: Reach consensus,org_view=359,org_changeCycle=0,cur_changeCycle=0,to_view=360
info|2019-12-05 00:00:30.182955|[g:1][CONSENSUS]addRawPrepare,height=29,reqIdx=0,hash=da1ad848...
info|2019-12-05 00:00:30.188516|[g:1][CONSENSUS][PBFT]checkTimeout Succ,view=360,toView=361,nodeIdx=2,changeCycle=0,myNode=933db757...,timecost=5.351
info|2019-12-05 00:00:30.196534|[g:1][CONSENSUS][PBFT]checkAndChangeView: Reach consensus,org_view=360,org_changeCycle=0,cur_changeCycle=0,to_view=361
info|2019-12-05 00:00:31.203799|[g:1][CONSENSUS]addRawPrepare,height=29,reqIdx=1,hash=87c04e54...
info|2019-12-05 00:00:31.204562|[g:1][CONSENSUS][PBFT]checkTimeout Succ,view=361,toView=362,nodeIdx=2,changeCycle=0,myNode=933db757...,timecost=0.6
info|2019-12-05 00:00:31.211957|[g:1][CONSENSUS][PBFT]checkAndChangeView: Reach consensus,org_view=361,org_changeCycle=0,cur_changeCycle=0,to_view=362
info|2019-12-05 00:00:32.212883|[g:1][CONSENSUS][SEALER]++++++++++++++++ Generating seal on,blkNum=29,tx=0,nodeIdx=2,hash=29d25dbb...
info|2019-12-05 00:00:32.213475|[g:1][CONSENSUS][PBFT]checkTimeout Succ,view=362,toView=363,nodeIdx=2,changeCycle=0,myNode=933db757...,timecost=0.245
info|2019-12-05 00:00:32.220772|[g:1][CONSENSUS][PBFT]checkAndChangeView: Reach consensus,org_view=362,org_changeCycle=0,cur_changeCycle=0,to_view=363
info|2019-12-05 00:00:33.223584|[g:1][CONSENSUS]addRawPrepare,height=29,reqIdx=3,hash=8afd0e23...
info|2019-12-05 00:00:33.224242|[g:1][CONSENSUS][PBFT]checkTimeout Succ,view=363,toView=364,nodeIdx=2,changeCycle=0,myNode=933db757...,timecost=0.445
info|2019-12-05 00:00:33.226234|[g:1][CONSENSUS][PBFT]checkAndChangeView: Reach consensus,org_view=363,org_changeCycle=0,cur_changeCycle=0,to_view=364
info|2019-12-05 00:00:34.230838|[g:1][CONSENSUS]addRawPrepare,height=29,reqIdx=0,hash=f716d653...
info|2019-12-05 00:00:34.231522|[g:1][CONSENSUS][PBFT]checkTimeout Succ,view=364,toView=365,nodeIdx=2,changeCycle=0,myNode=933db757...,timecost=0.505
info|2019-12-05 00:00:34.241495|[g:1][CONSENSUS][PBFT]checkAndChangeView: Reach consensus,org_view=364,org_changeCycle=0,cur_changeCycle=0,to_view=365
info|2019-12-05 00:00:35.244443|[g:1][CONSENSUS]addRawPrepare,height=29,reqIdx=1,hash=0bdfbc7d...
info|2019-12-05 00:00:35.244882|[g:1][CONSENSUS][PBFT]checkTimeout Succ,view=365,toView=366,nodeIdx=2,changeCycle=0,myNode=933db757...,timecost=0.348
info|2019-12-05 00:00:35.246170|[g:1][CONSENSUS][PBFT]checkAndChangeView: Reach consensus,org_view=365,org_changeCycle=0,cur_changeCycle=0,to_view=366
info|2019-12-05 00:00:36.247045|[g:1][CONSENSUS][SEALER]++++++++++++++++ Generating seal on,blkNum=29,tx=0,nodeIdx=2,hash=2d0e8d52...
info|2019-12-05 00:00:36.249739|[g:1][CONSENSUS][PBFT]checkTimeout Succ,view=366,toView=367,nodeIdx=2,changeCycle=0,myNode=933db757...,timecost=0.218
info|2019-12-05 00:00:36.250869|[g:1][CONSENSUS][PBFT]checkAndChangeView: Reach consensus,org_view=366,org_changeCycle=0,cur_changeCycle=0,to_view=367
info|2019-12-05 00:00:37.049464|[P2P][Service] heartBeat,connected count=3
info|2019-12-05 00:00:37.255805|[g:1][CONSENSUS]addRawPrepare,height=29,reqIdx=3,hash=63316f56...
info|2019-12-05 00:00:37.256433|[g:1][CONSENSUS][PBFT]checkTimeout Succ,view=367,toView=368,nodeIdx=2,changeCycle=0,myNode=933db757...,timecost=0.414
info|2019-12-05 00:00:37.267765|[g:1][CONSENSUS][PBFT]checkAndChangeView: Reach consensus,org_view=367,org_changeCycle=0,cur_changeCycle=0,to_view=368
info|2019-12-05 00:00:38.271358|[g:1][CONSENSUS]addRawPrepare,height=29,reqIdx=0,hash=e1b821ce...
info|2019-12-05 00:00:38.271653|[g:1][CONSENSUS][PBFT]checkTimeout Succ,view=368,toView=369,nodeIdx=2,changeCycle=0,myNode=933db757...,timecost=0.21
info|2019-12-05 00:00:38.273403|[g:1][CONSENSUS][PBFT]checkAndChangeView: Reach consensus,org_view=368,org_changeCycle=0,cur_changeCycle=0,to_view=369
info|2019-12-05 00:00:39.277413|[g:1][CONSENSUS]addRawPrepare,height=29,reqIdx=1,hash=7419abdf...
info|2019-12-05 00:00:39.280578|[g:1][CONSENSUS][PBFT]checkTimeout Succ,view=369,toView=370,nodeIdx=2,changeCycle=0,myNode=933db757...,timecost=3.123
info|2019-12-05 00:00:39.281267|[g:1][CONSENSUS][PBFT]checkAndChangeView: Reach consensus,org_view=369,org_changeCycle=0,cur_changeCycle=0,to_view=370
info|2019-12-05 00:00:40.281865|[g:1][CONSENSUS][SEALER]++++++++++++++++ Generating seal on,blkNum=29,tx=0,nodeIdx=2,hash=bf515970...
info|2019-12-05 00:00:40.285082|[g:1][CONSENSUS][PBFT]checkTimeout Succ,view=370,toView=371,nodeIdx=2,changeCycle=0,myNode=933db757...,timecost=0.723
info|2019-12-05 00:00:40.301408|[g:1][CONSENSUS][PBFT]checkAndChangeView: Reach consensus,org_view=370,org_changeCycle=0,cur_changeCycle=0,to_view=371
info|2019-12-05 00:00:41.305863|[g:1][CONSENSUS]addRawPrepare,height=29,reqIdx=3,hash=2cd096e7...
info|2019-12-05 00:00:41.306841|[g:1][CONSENSUS][PBFT]checkTimeout Succ,view=371,toView=372,nodeIdx=2,changeCycle=0,myNode=933db757...,timecost=0.754
info|2019-12-05 00:00:41.316143|[g:1][CONSENSUS][PBFT]checkAndChangeView: Reach consensus,org_view=371,org_changeCycle=0,cur_changeCycle=0,to_view=372
info|2019-12-05 00:00:42.319026|[g:1][CONSENSUS]addRawPrepare,height=29,reqIdx=0,hash=65ff18e0...
info|2019-12-05 00:00:42.320024|[g:1][CONSENSUS][PBFT]checkTimeout Succ,view=372,toView=373,nodeIdx=2,changeCycle=0,myNode=933db757...,timecost=0.724
info|2019-12-05 00:00:42.343756|[g:1][CONSENSUS][PBFT]checkAndChangeView: Reach consensus,org_view=372,org_changeCycle=0,cur_changeCycle=0,to_view=373
info|2019-12-05 00:00:43.343230|[g:1][CONSENSUS]addRawPrepare,height=29,reqIdx=1,hash=229c1f91...
info|2019-12-05 00:00:43.353535|[g:1][CONSENSUS][PBFT]checkTimeout Succ,view=373,toView=374,nodeIdx=2,changeCycle=0,myNode=933db757...,timecost=10.001
info|2019-12-05 00:00:43.363024|[g:1][CONSENSUS][PBFT]checkAndChangeView: Reach consensus,org_view=373,org_changeCycle=0,cur_changeCycle=0,to_view=374
info|2019-12-05 00:00:44.364521|[g:1][CONSENSUS][SEALER]++++++++++++++++ Generating seal on,blkNum=29,tx=0,nodeIdx=2,hash=04e8ed66...
info|2019-12-05 00:00:44.367072|[g:1][CONSENSUS][PBFT]checkTimeout Succ,view=374,toView=375,nodeIdx=2,changeCycle=0,myNode=933db757...,timecost=0.771
info|2019-12-05 00:00:44.377320|[g:1][CONSENSUS][PBFT]checkAndChangeView: Reach consensus,org_view=374,org_changeCycle=0,cur_changeCycle=0,to_view=375
info|2019-12-05 00:00:45.386601|[g:1][CONSENSUS]addRawPrepare,height=29,reqIdx=3,hash=9a9ed7c8...
info|2019-12-05 00:00:45.387042|[g:1][CONSENSUS][PBFT]checkTimeout Succ,view=375,toView=376,nodeIdx=2,changeCycle=0,myNode=933db757...,timecost=0.282
info|2019-12-05 00:00:45.391249|[g:1][CONSENSUS][PBFT]checkAndChangeView: Reach consensus,org_view=375,org_changeCycle=0,cur_changeCycle=0,to_view=376
info|2019-12-05 00:00:46.392372|[g:1][CONSENSUS]addRawPrepare,height=29,reqIdx=0,hash=9b95ca72...
info|2019-12-05 00:00:46.392623|[g:1][CONSENSUS][PBFT]checkTimeout Succ,view=376,toView=377,nodeIdx=2,changeCycle=0,myNode=933db757...,timecost=0.177
info|2019-12-05 00:00:46.395246|[g:1][CONSENSUS][PBFT]checkAndChangeView: Reach consensus,org_view=376,org_changeCycle=0,cur_changeCycle=0,to_view=377
info|2019-12-05 00:00:47.050050|[P2P][Service] heartBeat,connected count=3
info|2019-12-05 00:00:47.396622|[g:1][CONSENSUS]addRawPrepare,height=29,reqIdx=1,hash=0d19ba21...
info|2019-12-05 00:00:47.396940|[g:1][CONSENSUS][PBFT]checkTimeout Succ,view=377,toView=378,nodeIdx=2,changeCycle=0,myNode=933db757...,timecost=0.2
info|2019-12-05 00:00:47.397648|[g:1][CONSENSUS][PBFT]checkAndChangeView: Reach consensus,org_view=377,org_changeCycle=0,cur_changeCycle=0,to_view=378
info|2019-12-05 00:00:48.398514|[g:1][CONSENSUS][SEALER]++++++++++++++++ Generating seal on,blkNum=29,tx=0,nodeIdx=2,hash=e12d9830...
info|2019-12-05 00:00:48.401066|[g:1][CONSENSUS][PBFT]checkTimeout Succ,view=378,toView=379,nodeIdx=2,changeCycle=0,myNode=933db757...,timecost=0.244
info|2019-12-05 00:00:48.401803|[g:1][CONSENSUS][PBFT]checkAndChangeView: Reach consensus,org_view=378,org_changeCycle=0,cur_changeCycle=0,to_view=379
info|2019-12-05 00:00:49.408799|[g:1][CONSENSUS]addRawPrepare,height=29,reqIdx=3,hash=f87ac558...
info|2019-12-05 00:00:49.409607|[g:1][CONSENSUS][PBFT]checkTimeout Succ,view=379,toView=380,nodeIdx=2,changeCycle=0,myNode=933db757...,timecost=0.719
info|2019-12-05 00:00:49.431144|[g:1][CONSENSUS][PBFT]checkAndChangeView: Reach consensus,org_view=379,org_changeCycle=0,cur_changeCycle=0,to_view=380
info|2019-12-05 00:00:50.435874|[g:1][CONSENSUS]addRawPrepare,height=29,reqIdx=0,hash=fc37b6a0...
info|2019-12-05 00:00:50.436186|[g:1][CONSENSUS][PBFT]checkTimeout Succ,view=380,toView=381,nodeIdx=2,changeCycle=0,myNode=933db757...,timecost=0.248
info|2019-12-05 00:00:50.439197|[g:1][CONSENSUS][PBFT]checkAndChangeView: Reach consensus,org_view=380,org_changeCycle=0,cur_changeCycle=0,to_view=381
info|2019-12-05 00:00:51.444723|[g:1][CONSENSUS]addRawPrepare,height=29,reqIdx=1,hash=ad57411f...
info|2019-12-05 00:00:51.445569|[g:1][CONSENSUS][PBFT]checkTimeout Succ,view=381,toView=382,nodeIdx=2,changeCycle=0,myNode=933db757...,timecost=0.682
info|2019-12-05 00:00:51.456259|[g:1][CONSENSUS][PBFT]checkAndChangeView: Reach consensus,org_view=381,org_changeCycle=0,cur_changeCycle=0,to_view=382
info|2019-12-05 00:00:52.456561|[g:1][CONSENSUS][SEALER]++++++++++++++++ Generating seal on,blkNum=29,tx=0,nodeIdx=2,hash=14f9f636...
info|2019-12-05 00:00:52.458507|[g:1][CONSENSUS][PBFT]checkTimeout Succ,view=382,toView=383,nodeIdx=2,changeCycle=0,myNode=933db757...,timecost=0.704
info|2019-12-05 00:00:52.486303|[g:1][CONSENSUS][PBFT]checkAndChangeView: Reach consensus,org_view=382,org_changeCycle=0,cur_changeCycle=0,to_view=383
info|2019-12-05 00:00:53.485806|[g:1][CONSENSUS]addRawPrepare,height=29,reqIdx=3,hash=cfcacf9b...
info|2019-12-05 00:00:53.488180|[g:1][CONSENSUS][PBFT]checkTimeout Succ,view=383,toView=384,nodeIdx=2,changeCycle=0,myNode=933db757...,timecost=2.067
info|2019-12-05 00:00:53.494719|[g:1][CONSENSUS][PBFT]checkAndChangeView: Reach consensus,org_view=383,org_changeCycle=0,cur_changeCycle=0,to_view=384
info|2019-12-05 00:00:54.508309|[g:1][CONSENSUS]addRawPrepare,height=29,reqIdx=0,hash=443cb7d5...
info|2019-12-05 00:00:54.509258|[g:1][CONSENSUS][PBFT]checkTimeout Succ,view=384,toView=385,nodeIdx=2,changeCycle=0,myNode=933db757...,timecost=0.792
info|2019-12-05 00:00:54.514037|[g:1][CONSENSUS][PBFT]checkAndChangeView: Reach consensus,org_view=384,org_changeCycle=0,cur_changeCycle=0,to_view=385
info|2019-12-05 00:00:55.522733|[g:1][CONSENSUS]addRawPrepare,height=29,reqIdx=1,hash=01fe0b86...
info|2019-12-05 00:00:55.522995|[g:1][CONSENSUS][PBFT]checkTimeout Succ,view=385,toView=386,nodeIdx=2,changeCycle=0,myNode=933db757...,timecost=0.19
info|2019-12-05 00:00:55.524942|[g:1][CONSENSUS][PBFT]checkAndChangeView: Reach consensus,org_view=385,org_changeCycle=0,cur_changeCycle=0,to_view=386
info|2019-12-05 00:00:56.524271|[g:1][CONSENSUS][SEALER]++++++++++++++++ Generating seal on,blkNum=29,tx=0,nodeIdx=2,hash=dbb8790f...
info|2019-12-05 00:00:56.527907|[g:1][CONSENSUS][PBFT]checkTimeout Succ,view=386,toView=387,nodeIdx=2,changeCycle=0,myNode=933db757...,timecost=0.207
info|2019-12-05 00:00:56.528180|[g:1][CONSENSUS][PBFT]checkAndChangeView: Reach consensus,org_view=386,org_changeCycle=0,cur_changeCycle=0,to_view=387
info|2019-12-05 00:00:57.050220|[P2P][Service] heartBeat,connected count=3
info|2019-12-05 00:00:57.534095|[g:1][CONSENSUS]addRawPrepare,height=29,reqIdx=3,hash=f94216b1...
info|2019-12-05 00:00:57.537795|[g:1][CONSENSUS][PBFT]checkTimeout Succ,view=387,toView=388,nodeIdx=2,changeCycle=0,myNode=933db757...,timecost=3.611
info|2019-12-05 00:00:57.542950|[g:1][CONSENSUS][PBFT]checkAndChangeView: Reach consensus,org_view=387,org_changeCycle=0,cur_changeCycle=0,to_view=388
info|2019-12-05 00:00:58.545680|[g:1][CONSENSUS]addRawPrepare,height=29,reqIdx=0,hash=7d13e9c0...
info|2019-12-05 00:00:58.546925|[g:1][CONSENSUS][PBFT]checkTimeout Succ,view=388,toView=389,nodeIdx=2,changeCycle=0,myNode=933db757...,timecost=0.665
info|2019-12-05 00:00:58.552293|[g:1][CONSENSUS][PBFT]checkAndChangeView: Reach consensus,org_view=388,org_changeCycle=0,cur_changeCycle=0,to_view=389
info|2019-12-05 00:00:59.556388|[g:1][CONSENSUS]addRawPrepare,height=29,reqIdx=1,hash=080df2c6...
info|2019-12-05 00:00:59.556714|[g:1][CONSENSUS][PBFT]checkTimeout Succ,view=389,toView=390,nodeIdx=2,changeCycle=0,myNode=933db757...,timecost=0.254
info|2019-12-05 00:00:59.558650|[g:1][CONSENSUS][PBFT]checkAndChangeView: Reach consensus,org_view=389,org_changeCycle=0,cur_changeCycle=0,to_view=390
info|2019-12-05 00:01:00.558619|[g:1][CONSENSUS][SEALER]++++++++++++++++ Generating seal on,blkNum=29,tx=0,nodeIdx=2,hash=84493e36...
info|2019-12-05 00:01:00.564573|[g:1][CONSENSUS][PBFT]checkTimeout Succ,view=390,toView=391,nodeIdx=2,changeCycle=0,myNode=933db757...,timecost=0.602
info|2019-12-05 00:01:00.566297|[g:1][CONSENSUS][PBFT]checkAndChangeView: Reach consensus,org_view=390,org_changeCycle=0,cur_changeCycle=0,to_view=391
info|2019-12-05 00:01:01.569724|[g:1][CONSENSUS]addRawPrepare,height=29,reqIdx=3,hash=13591ec0...
info|2019-12-05 00:01:01.570029|[g:1][CONSENSUS][PBFT]checkTimeout Succ,view=391,toView=392,nodeIdx=2,changeCycle=0,myNode=933db757...,timecost=0.242
info|2019-12-05 00:01:01.573649|[g:1][CONSENSUS][PBFT]checkAndChangeView: Reach consensus,org_view=391,org_changeCycle=0,cur_changeCycle=0,to_view=392
info|2019-12-05 00:01:02.576219|[g:1][CONSENSUS]addRawPrepare,height=29,reqIdx=0,hash=c58a6a39...
info|2019-12-05 00:01:02.576468|[g:1][CONSENSUS][PBFT]checkTimeout Succ,view=392,toView=393,nodeIdx=2,changeCycle=0,myNode=933db757...,timecost=0.18
info|2019-12-05 00:01:02.578314|[g:1][CONSENSUS][PBFT]checkAndChangeView: Reach consensus,org_view=392,org_changeCycle=0,cur_changeCycle=0,to_view=393
info|2019-12-05 00:01:03.579030|[g:1][CONSENSUS]addRawPrepare,height=29,reqIdx=1,hash=72b774b7...
info|2019-12-05 00:01:03.579339|[g:1][CONSENSUS][PBFT]checkTimeout Succ,view=393,toView=394,nodeIdx=2,changeCycle=0,myNode=933db757...,timecost=0.242
info|2019-12-05 00:01:03.582130|[g:1][CONSENSUS][PBFT]checkAndChangeView: Reach consensus,org_view=393,org_changeCycle=0,cur_changeCycle=0,to_view=394
info|2019-12-05 00:01:04.583058|[g:1][CONSENSUS][SEALER]++++++++++++++++ Generating seal on,blkNum=29,tx=0,nodeIdx=2,hash=d53eb850...
info|2019-12-05 00:01:04.586746|[g:1][CONSENSUS][PBFT]checkTimeout Succ,view=394,toView=395,nodeIdx=2,changeCycle=0,myNode=933db757...,timecost=0.195
info|2019-12-05 00:01:04.587323|[g:1][CONSENSUS][PBFT]checkAndChangeView: Reach consensus,org_view=394,org_changeCycle=0,cur_changeCycle=0,to_view=395
info|2019-12-05 00:01:05.591073|[g:1][CONSENSUS]addRawPrepare,height=29,reqIdx=3,hash=ae2012d6...
info|2019-12-05 00:01:05.591365|[g:1][CONSENSUS][PBFT]checkTimeout Succ,view=395,toView=396,nodeIdx=2,changeCycle=0,myNode=933db757...,timecost=0.271
info|2019-12-05 00:01:05.592843|[g:1][CONSENSUS][PBFT]checkAndChangeView: Reach consensus,org_view=395,org_changeCycle=0,cur_changeCycle=0,to_view=396
info|2019-12-05 00:01:06.596457|[g:1][CONSENSUS]addRawPrepare,height=29,reqIdx=0,hash=82165f3b...
info|2019-12-05 00:01:06.597061|[g:1][CONSENSUS][PBFT]checkTimeout Succ,view=396,toView=397,nodeIdx=2,changeCycle=0,myNode=933db757...,timecost=0.456
info|2019-12-05 00:01:06.601541|[g:1][CONSENSUS][PBFT]checkAndChangeView: Reach consensus,org_view=396,org_changeCycle=0,cur_changeCycle=0,to_view=397
info|2019-12-05 00:01:07.050385|[P2P][Service] heartBeat,connected count=3
info|2019-12-05 00:01:07.611973|[g:1][CONSENSUS]addRawPrepare,height=29,reqIdx=1,hash=d523088c...
info|2019-12-05 00:01:07.612592|[g:1][CONSENSUS][PBFT]checkTimeout Succ,view=397,toView=398,nodeIdx=2,changeCycle=0,myNode=933db757...,timecost=0.391
info|2019-12-05 00:01:07.617543|[g:1][CONSENSUS][PBFT]checkAndChangeView: Reach consensus,org_view=397,org_changeCycle=0,cur_changeCycle=0,to_view=398
info|2019-12-05 00:01:08.618644|[g:1][CONSENSUS][SEALER]++++++++++++++++ Generating seal on,blkNum=29,tx=0,nodeIdx=2,hash=45f86f8a...
info|2019-12-05 00:01:08.620033|[g:1][CONSENSUS][PBFT]checkTimeout Succ,view=398,toView=399,nodeIdx=2,changeCycle=0,myNode=933db757...,timecost=0.596
info|2019-12-05 00:01:08.631518|[g:1][CONSENSUS][PBFT]checkAndChangeView: Reach consensus,org_view=398,org_changeCycle=0,cur_changeCycle=0,to_view=399
info|2019-12-05 00:01:09.631091|[g:1][CONSENSUS]addRawPrepare,height=29,reqIdx=3,hash=a1d27452...
info|2019-12-05 00:01:09.633148|[g:1][CONSENSUS][PBFT]checkTimeout Succ,view=399,toView=400,nodeIdx=2,changeCycle=0,myNode=933db757...,timecost=1.983
info|2019-12-05 00:01:09.637446|[g:1][CONSENSUS][PBFT]checkAndChangeView: Reach consensus,org_view=399,org_changeCycle=0,cur_changeCycle=0,to_view=400
info|2019-12-05 00:01:10.638239|[g:1][CONSENSUS]addRawPrepare,height=29,reqIdx=0,hash=66ae22e1...
info|2019-12-05 00:01:10.638642|[g:1][CONSENSUS][PBFT]checkTimeout Succ,view=400,toView=401,nodeIdx=2,changeCycle=0,myNode=933db757...,timecost=0.274
info|2019-12-05 00:01:10.642499|[g:1][CONSENSUS][PBFT]checkAndChangeView: Reach consensus,org_view=400,org_changeCycle=0,cur_changeCycle=0,to_view=401
info|2019-12-05 00:01:11.646342|[g:1][CONSENSUS]addRawPrepare,height=29,reqIdx=1,hash=29961276...
info|2019-12-05 00:01:11.646560|[g:1][CONSENSUS][PBFT]checkTimeout Succ,view=401,toView=402,nodeIdx=2,changeCycle=0,myNode=933db757...,timecost=0.192
info|2019-12-05 00:01:11.647323|[g:1][CONSENSUS][PBFT]checkAndChangeView: Reach consensus,org_view=401,org_changeCycle=0,cur_changeCycle=0,to_view=402
info|2019-12-05 00:01:12.647557|[g:1][CONSENSUS][SEALER]++++++++++++++++ Generating seal on,blkNum=29,tx=0,nodeIdx=2,hash=c5292c7b...
info|2019-12-05 00:01:12.651763|[g:1][CONSENSUS][PBFT]checkTimeout Succ,view=402,toView=403,nodeIdx=2,changeCycle=0,myNode=933db757...,timecost=0.442
info|2019-12-05 00:01:12.654003|[g:1][CONSENSUS][PBFT]checkAndChangeView: Reach consensus,org_view=402,org_changeCycle=0,cur_changeCycle=0,to_view=403
info|2019-12-05 00:01:13.661357|[g:1][CONSENSUS]addRawPrepare,height=29,reqIdx=3,hash=e0c9d5f0...
info|2019-12-05 00:01:13.661662|[g:1][CONSENSUS][PBFT]checkTimeout Succ,view=403,toView=404,nodeIdx=2,changeCycle=0,myNode=933db757...,timecost=0.203
info|2019-12-05 00:01:13.662692|[g:1][CONSENSUS][PBFT]checkAndChangeView: Reach consensus,org_view=403,org_changeCycle=0,cur_changeCycle=0,to_view=404
info|2019-12-05 00:01:14.669082|[g:1][CONSENSUS]addRawPrepare,height=29,reqIdx=0,hash=15c4011a...
info|2019-12-05 00:01:14.669615|[g:1][CONSENSUS][PBFT]checkTimeout Succ,view=404,toView=405,nodeIdx=2,changeCycle=0,myNode=933db757...,timecost=0.474
info|2019-12-05 00:01:14.672654|[g:1][CONSENSUS][PBFT]checkAndChangeView: Reach consensus,org_view=404,org_changeCycle=0,cur_changeCycle=0,to_view=405
info|2019-12-05 00:01:15.676394|[g:1][CONSENSUS]addRawPrepare,height=29,reqIdx=1,hash=f68793fc...
info|2019-12-05 00:01:15.676642|[g:1][CONSENSUS][PBFT]checkTimeout Succ,view=405,toView=406,nodeIdx=2,changeCycle=0,myNode=933db757...,timecost=0.184
info|2019-12-05 00:01:15.677249|[g:1][CONSENSUS][PBFT]checkAndChangeView: Reach consensus,org_view=405,org_changeCycle=0,cur_changeCycle=0,to_view=406
info|2019-12-05 00:01:16.678265|[g:1][CONSENSUS][SEALER]++++++++++++++++ Generating seal on,blkNum=29,tx=0,nodeIdx=2,hash=48b45d66...
info|2019-12-05 00:01:16.684796|[g:1][CONSENSUS][PBFT]checkTimeout Succ,view=406,toView=407,nodeIdx=2,changeCycle=0,myNode=933db757...,timecost=0.413
info|2019-12-05 00:01:16.693087|[g:1][CONSENSUS][PBFT]checkAndChangeView: Reach consensus,org_view=406,org_changeCycle=0,cur_changeCycle=0,to_view=407
info|2019-12-05 00:01:17.051356|[P2P][Service] heartBeat,connected count=3
info|2019-12-05 00:01:17.695549|[g:1][CONSENSUS]addRawPrepare,height=29,reqIdx=3,hash=c1f9d8a7...
info|2019-12-05 00:01:17.695903|[g:1][CONSENSUS][PBFT]checkTimeout Succ,view=407,toView=408,nodeIdx=2,changeCycle=0,myNode=933db757...,timecost=0.263
info|2019-12-05 00:01:17.698635|[g:1][CONSENSUS][PBFT]checkAndChangeView: Reach consensus,org_view=407,org_changeCycle=0,cur_changeCycle=0,to_view=408
info|2019-12-05 00:01:18.701629|[g:1][CONSENSUS]addRawPrepare,height=29,reqIdx=0,hash=5bbbaf23...
info|2019-12-05 00:01:18.701873|[g:1][CONSENSUS][PBFT]checkTimeout Succ,view=408,toView=409,nodeIdx=2,changeCycle=0,myNode=933db757...,timecost=0.182
info|2019-12-05 00:01:18.704495|[g:1][CONSENSUS][PBFT]checkAndChangeView: Reach consensus,org_view=408,org_changeCycle=0,cur_changeCycle=0,to_view=409
info|2019-12-05 00:01:19.705590|[g:1][CONSENSUS]addRawPrepare,height=29,reqIdx=1,hash=33de584d...
info|2019-12-05 00:01:19.705875|[g:1][CONSENSUS][PBFT]checkTimeout Succ,view=409,toView=410,nodeIdx=2,changeCycle=0,myNode=933db757...,timecost=0.218
info|2019-12-05 00:01:19.708808|[g:1][CONSENSUS][PBFT]checkAndChangeView: Reach consensus,org_view=409,org_changeCycle=0,cur_changeCycle=0,to_view=410
info|2019-12-05 00:01:20.708499|[g:1][CONSENSUS][SEALER]++++++++++++++++ Generating seal on,blkNum=29,tx=0,nodeIdx=2,hash=1630c995...
info|2019-12-05 00:01:20.710472|[g:1][CONSENSUS][PBFT]checkTimeout Succ,view=410,toView=411,nodeIdx=2,changeCycle=0,myNode=933db757...,timecost=0.18
info|2019-12-05 00:01:20.710751|[g:1][CONSENSUS][PBFT]checkAndChangeView: Reach consensus,org_view=410,org_changeCycle=0,cur_changeCycle=0,to_view=411
info|2019-12-05 00:01:21.714509|[g:1][CONSENSUS]addRawPrepare,height=29,reqIdx=3,hash=f9a578a1...
info|2019-12-05 00:01:21.715012|[g:1][CONSENSUS][PBFT]checkTimeout Succ,view=411,toView=412,nodeIdx=2,changeCycle=0,myNode=933db757...,timecost=0.445
info|2019-12-05 00:01:21.715745|[g:1][CONSENSUS][PBFT]checkAndChangeView: Reach consensus,org_view=411,org_changeCycle=0,cur_changeCycle=0,to_view=412
info|2019-12-05 00:01:22.717827|[g:1][CONSENSUS]addRawPrepare,height=29,reqIdx=0,hash=e40830ab...
info|2019-12-05 00:01:22.719593|[g:1][CONSENSUS][PBFT]checkTimeout Succ,view=412,toView=413,nodeIdx=2,changeCycle=0,myNode=933db757...,timecost=1.708
info|2019-12-05 00:01:22.720602|[g:1][CONSENSUS][PBFT]checkAndChangeView: Reach consensus,org_view=412,org_changeCycle=0,cur_changeCycle=0,to_view=413
info|2019-12-05 00:01:23.723583|[g:1][CONSENSUS]addRawPrepare,height=29,reqIdx=1,hash=3ab81fd8...
info|2019-12-05 00:01:23.723859|[g:1][CONSENSUS][PBFT]checkTimeout Succ,view=413,toView=414,nodeIdx=2,changeCycle=0,myNode=933db757...,timecost=0.197
info|2019-12-05 00:01:23.725210|[g:1][CONSENSUS][PBFT]checkAndChangeView: Reach consensus,org_view=413,org_changeCycle=0,cur_changeCycle=0,to_view=414
info|2019-12-05 00:01:24.725738|[g:1][CONSENSUS][SEALER]++++++++++++++++ Generating seal on,blkNum=29,tx=0,nodeIdx=2,hash=2219da14...
info|2019-12-05 00:01:24.726847|[g:1][CONSENSUS][PBFT]checkTimeout Succ,view=414,toView=415,nodeIdx=2,changeCycle=0,myNode=933db757...,timecost=0.468
info|2019-12-05 00:01:24.728950|[g:1][CONSENSUS][PBFT]checkAndChangeView: Reach consensus,org_view=414,org_changeCycle=0,cur_changeCycle=0,to_view=415
info|2019-12-05 00:01:25.730083|[g:1][CONSENSUS]addRawPrepare,height=29,reqIdx=3,hash=74de4239...
info|2019-12-05 00:01:25.730345|[g:1][CONSENSUS][PBFT]checkTimeout Succ,view=415,toView=416,nodeIdx=2,changeCycle=0,myNode=933db757...,timecost=0.186
info|2019-12-05 00:01:25.733166|[g:1][CONSENSUS][PBFT]checkAndChangeView: Reach consensus,org_view=415,org_changeCycle=0,cur_changeCycle=0,to_view=416
info|2019-12-05 00:01:26.764089|[g:1][CONSENSUS]addRawPrepare,height=29,reqIdx=0,hash=52401008...
info|2019-12-05 00:01:26.764389|[g:1][CONSENSUS][PBFT]checkTimeout Succ,view=416,toView=417,nodeIdx=2,changeCycle=0,myNode=933db757...,timecost=0.246
info|2019-12-05 00:01:26.766879|[g:1][CONSENSUS][PBFT]checkAndChangeView: Reach consensus,org_view=416,org_changeCycle=0,cur_changeCycle=0,to_view=417
info|2019-12-05 00:01:27.052333|[P2P][Service] heartBeat,connected count=3
info|2019-12-05 00:01:27.767341|[g:1][CONSENSUS]addRawPrepare,height=29,reqIdx=1,hash=d5c3629a...
info|2019-12-05 00:01:27.769464|[g:1][CONSENSUS][PBFT]checkTimeout Succ,view=417,toView=418,nodeIdx=2,changeCycle=0,myNode=933db757...,timecost=2.058
info|2019-12-05 00:01:27.770969|[g:1][CONSENSUS][PBFT]checkAndChangeView: Reach consensus,org_view=417,org_changeCycle=0,cur_changeCycle=0,to_view=418
info|2019-12-05 00:01:28.770678|[g:1][CONSENSUS][SEALER]++++++++++++++++ Generating seal on,blkNum=29,tx=0,nodeIdx=2,hash=86c73d6b...
info|2019-12-05 00:01:28.775798|[g:1][CONSENSUS][PBFT]checkTimeout Succ,view=418,toView=419,nodeIdx=2,changeCycle=0,myNode=933db757...,timecost=0.196
info|2019-12-05 00:01:28.776968|[g:1][CONSENSUS][PBFT]checkAndChangeView: Reach consensus,org_view=418,org_changeCycle=0,cur_changeCycle=0,to_view=419
info|2019-12-05 00:01:29.790871|[g:1][CONSENSUS]addRawPrepare,height=29,reqIdx=3,hash=b94d3669...
info|2019-12-05 00:01:29.791164|[g:1][CONSENSUS][PBFT]checkTimeout Succ,view=419,toView=420,nodeIdx=2,changeCycle=0,myNode=933db757...,timecost=0.253
info|2019-12-05 00:01:29.793768|[g:1][CONSENSUS][PBFT]checkAndChangeView: Reach consensus,org_view=419,org_changeCycle=0,cur_changeCycle=0,to_view=420
info|2019-12-05 00:01:30.796796|[g:1][CONSENSUS]addRawPrepare,height=29,reqIdx=0,hash=2620a507...
info|2019-12-05 00:01:30.797083|[g:1][CONSENSUS][PBFT]checkTimeout Succ,view=420,toView=421,nodeIdx=2,changeCycle=0,myNode=933db757...,timecost=0.243
info|2019-12-05 00:01:30.799880|[g:1][CONSENSUS][PBFT]checkAndChangeView: Reach consensus,org_view=420,org_changeCycle=0,cur_changeCycle=0,to_view=421
info|2019-12-05 00:01:31.804011|[g:1][CONSENSUS]addRawPrepare,height=29,reqIdx=1,hash=e0dee207...
info|2019-12-05 00:01:31.806049|[g:1][CONSENSUS][PBFT]checkTimeout Succ,view=421,toView=422,nodeIdx=2,changeCycle=0,myNode=933db757...,timecost=0.195
info|2019-12-05 00:01:31.808769|[g:1][CONSENSUS][PBFT]checkAndChangeView: Reach consensus,org_view=421,org_changeCycle=0,cur_changeCycle=0,to_view=422
info|2019-12-05 00:01:32.808409|[g:1][CONSENSUS][SEALER]++++++++++++++++ Generating seal on,blkNum=29,tx=0,nodeIdx=2,hash=01e62c23...
info|2019-12-05 00:01:32.809318|[g:1][CONSENSUS][PBFT]checkTimeout Succ,view=422,toView=423,nodeIdx=2,changeCycle=0,myNode=933db757...,timecost=0.197
info|2019-12-05 00:01:32.812078|[g:1][CONSENSUS][PBFT]checkAndChangeView: Reach consensus,org_view=422,org_changeCycle=0,cur_changeCycle=0,to_view=423
info|2019-12-05 00:01:33.814254|[g:1][CONSENSUS]addRawPrepare,height=29,reqIdx=3,hash=ab8201e5...
info|2019-12-05 00:01:33.814505|[g:1][CONSENSUS][PBFT]checkTimeout Succ,view=423,toView=424,nodeIdx=2,changeCycle=0,myNode=933db757...,timecost=0.185
info|2019-12-05 00:01:33.818138|[g:1][CONSENSUS][PBFT]checkAndChangeView: Reach consensus,org_view=423,org_changeCycle=0,cur_changeCycle=0,to_view=424
info|2019-12-05 00:01:34.819629|[g:1][CONSENSUS]addRawPrepare,height=29,reqIdx=0,hash=960f71bb...
info|2019-12-05 00:01:34.820080|[g:1][CONSENSUS][PBFT]checkTimeout Succ,view=424,toView=425,nodeIdx=2,changeCycle=0,myNode=933db757...,timecost=0.3
info|2019-12-05 00:01:34.824016|[g:1][CONSENSUS][PBFT]checkAndChangeView: Reach consensus,org_view=424,org_changeCycle=0,cur_changeCycle=0,to_view=425
info|2019-12-05 00:01:35.827070|[g:1][CONSENSUS]addRawPrepare,height=29,reqIdx=1,hash=5285cb4a...
info|2019-12-05 00:01:35.827323|[g:1][CONSENSUS][PBFT]checkTimeout Succ,view=425,toView=426,nodeIdx=2,changeCycle=0,myNode=933db757...,timecost=0.178
info|2019-12-05 00:01:35.830806|[g:1][CONSENSUS][PBFT]checkAndChangeView: Reach consensus,org_view=425,org_changeCycle=0,cur_changeCycle=0,to_view=426
info|2019-12-05 00:01:36.830859|[g:1][CONSENSUS][SEALER]++++++++++++++++ Generating seal on,blkNum=29,tx=0,nodeIdx=2,hash=67ac7a6f...
info|2019-12-05 00:01:36.831391|[g:1][CONSENSUS][PBFT]checkTimeout Succ,view=426,toView=427,nodeIdx=2,changeCycle=0,myNode=933db757...,timecost=0.233
info|2019-12-05 00:01:36.839204|[g:1][CONSENSUS][PBFT]checkAndChangeView: Reach consensus,org_view=426,org_changeCycle=0,cur_changeCycle=0,to_view=427
info|2019-12-05 00:01:37.053094|[P2P][Service] heartBeat,connected count=3
info|2019-12-05 00:01:37.838154|[g:1][CONSENSUS]addRawPrepare,height=29,reqIdx=3,hash=d79041da...
info|2019-12-05 00:01:37.838404|[g:1][CONSENSUS][PBFT]checkTimeout Succ,view=427,toView=428,nodeIdx=2,changeCycle=0,myNode=933db757...,timecost=0.179
info|2019-12-05 00:01:37.840375|[g:1][CONSENSUS][PBFT]checkAndChangeView: Reach consensus,org_view=427,org_changeCycle=0,cur_changeCycle=0,to_view=428
info|2019-12-05 00:01:38.840050|[g:1][CONSENSUS]addRawPrepare,height=29,reqIdx=0,hash=b89841de...
info|2019-12-05 00:01:38.840317|[g:1][CONSENSUS][PBFT]checkTimeout Succ,view=428,toView=429,nodeIdx=2,changeCycle=0,myNode=933db757...,timecost=0.193
info|2019-12-05 00:01:38.844197|[g:1][CONSENSUS][PBFT]checkAndChangeView: Reach consensus,org_view=428,org_changeCycle=0,cur_changeCycle=0,to_view=429
info|2019-12-05 00:01:39.844624|[g:1][CONSENSUS]addRawPrepare,height=29,reqIdx=1,hash=9bae9b2c...
info|2019-12-05 00:01:39.845248|[g:1][CONSENSUS][PBFT]checkTimeout Succ,view=429,toView=430,nodeIdx=2,changeCycle=0,myNode=933db757...,timecost=0.566
info|2019-12-05 00:01:39.847642|[g:1][CONSENSUS][PBFT]checkAndChangeView: Reach consensus,org_view=429,org_changeCycle=0,cur_changeCycle=0,to_view=430
info|2019-12-05 00:01:40.847840|[g:1][CONSENSUS][SEALER]++++++++++++++++ Generating seal on,blkNum=29,tx=0,nodeIdx=2,hash=f2e60717...
info|2019-12-05 00:01:40.849622|[g:1][CONSENSUS][PBFT]checkTimeout Succ,view=430,toView=431,nodeIdx=2,changeCycle=0,myNode=933db757...,timecost=0.417
info|2019-12-05 00:01:40.854291|[g:1][CONSENSUS][PBFT]checkAndChangeView: Reach consensus,org_view=430,org_changeCycle=0,cur_changeCycle=0,to_view=431
info|2019-12-05 00:01:41.859843|[g:1][CONSENSUS]addRawPrepare,height=29,reqIdx=3,hash=8e85a839...
info|2019-12-05 00:01:41.860538|[g:1][CONSENSUS][PBFT]checkTimeout Succ,view=431,toView=432,nodeIdx=2,changeCycle=0,myNode=933db757...,timecost=0.555
info|2019-12-05 00:01:41.865450|[g:1][CONSENSUS][PBFT]checkAndChangeView: Reach consensus,org_view=431,org_changeCycle=0,cur_changeCycle=0,to_view=432
info|2019-12-05 00:01:42.867557|[g:1][CONSENSUS]addRawPrepare,height=29,reqIdx=0,hash=43f1a57d...
info|2019-12-05 00:01:42.867934|[g:1][CONSENSUS][PBFT]checkTimeout Succ,view=432,toView=433,nodeIdx=2,changeCycle=0,myNode=933db757...,timecost=0.306
info|2019-12-05 00:01:42.872451|[g:1][CONSENSUS][PBFT]checkAndChangeView: Reach consensus,org_view=432,org_changeCycle=0,cur_changeCycle=0,to_view=433
info|2019-12-05 00:01:43.872843|[g:1][CONSENSUS]addRawPrepare,height=29,reqIdx=1,hash=16417f69...
info|2019-12-05 00:01:43.873179|[g:1][CONSENSUS][PBFT]checkTimeout Succ,view=433,toView=434,nodeIdx=2,changeCycle=0,myNode=933db757...,timecost=0.193
info|2019-12-05 00:01:43.874879|[g:1][CONSENSUS][PBFT]checkAndChangeView: Reach consensus,org_view=433,org_changeCycle=0,cur_changeCycle=0,to_view=434
info|2019-12-05 00:01:44.874185|[g:1][CONSENSUS][SEALER]++++++++++++++++ Generating seal on,blkNum=29,tx=0,nodeIdx=2,hash=31011e88...
info|2019-12-05 00:01:44.876535|[g:1][CONSENSUS][PBFT]checkTimeout Succ,view=434,toView=435,nodeIdx=2,changeCycle=0,myNode=933db757...,timecost=0.227
info|2019-12-05 00:01:44.876834|[g:1][CONSENSUS][PBFT]checkAndChangeView: Reach consensus,org_view=434,org_changeCycle=0,cur_changeCycle=0,to_view=435
info|2019-12-05 00:01:45.884910|[g:1][CONSENSUS]addRawPrepare,height=29,reqIdx=3,hash=e0fabe2c...
info|2019-12-05 00:01:45.885648|[g:1][CONSENSUS][PBFT]checkTimeout Succ,view=435,toView=436,nodeIdx=2,changeCycle=0,myNode=933db757...,timecost=0.584
info|2019-12-05 00:01:45.887906|[g:1][CONSENSUS][PBFT]checkAndChangeView: Reach consensus,org_view=435,org_changeCycle=0,cur_changeCycle=0,to_view=436
info|2019-12-05 00:01:46.893040|[g:1][CONSENSUS]addRawPrepare,height=29,reqIdx=0,hash=d8603eb6...
info|2019-12-05 00:01:46.893530|[g:1][CONSENSUS][PBFT]checkTimeout Succ,view=436,toView=437,nodeIdx=2,changeCycle=0,myNode=933db757...,timecost=0.375
info|2019-12-05 00:01:46.897624|[g:1][CONSENSUS][PBFT]checkAndChangeView: Reach consensus,org_view=436,org_changeCycle=0,cur_changeCycle=0,to_view=437
info|2019-12-05 00:01:47.053980|[P2P][Service] heartBeat,connected count=3
info|2019-12-05 00:01:47.901249|[g:1][CONSENSUS]addRawPrepare,height=29,reqIdx=1,hash=85a38a03...
info|2019-12-05 00:01:47.903803|[g:1][CONSENSUS][PBFT]checkTimeout Succ,view=437,toView=438,nodeIdx=2,changeCycle=0,myNode=933db757...,timecost=2.438
info|2019-12-05 00:01:47.918607|[g:1][CONSENSUS][PBFT]checkAndChangeView: Reach consensus,org_view=437,org_changeCycle=0,cur_changeCycle=0,to_view=438
info|2019-12-05 00:01:48.919282|[g:1][CONSENSUS][SEALER]++++++++++++++++ Generating seal on,blkNum=29,tx=0,nodeIdx=2,hash=81f6395d...
info|2019-12-05 00:01:48.925045|[g:1][CONSENSUS][PBFT]checkTimeout Succ,view=438,toView=439,nodeIdx=2,changeCycle=0,myNode=933db757...,timecost=0.931
info|2019-12-05 00:01:48.930793|[g:1][CONSENSUS][PBFT]checkAndChangeView: Reach consensus,org_view=438,org_changeCycle=0,cur_changeCycle=0,to_view=439
info|2019-12-05 00:01:49.940089|[g:1][CONSENSUS]addRawPrepare,height=29,reqIdx=3,hash=8f06138b...
info|2019-12-05 00:01:49.940565|[g:1][CONSENSUS][PBFT]checkTimeout Succ,view=439,toView=440,nodeIdx=2,changeCycle=0,myNode=933db757...,timecost=0.353
info|2019-12-05 00:01:49.944114|[g:1][CONSENSUS][PBFT]checkAndChangeView: Reach consensus,org_view=439,org_changeCycle=0,cur_changeCycle=0,to_view=440
info|2019-12-05 00:01:50.948698|[g:1][CONSENSUS]addRawPrepare,height=29,reqIdx=0,hash=55b088ad...
info|2019-12-05 00:01:50.949230|[g:1][CONSENSUS][PBFT]checkTimeout Succ,view=440,toView=441,nodeIdx=2,changeCycle=0,myNode=933db757...,timecost=0.4
info|2019-12-05 00:01:50.954028|[g:1][CONSENSUS][PBFT]checkAndChangeView: Reach consensus,org_view=440,org_changeCycle=0,cur_changeCycle=0,to_view=441
info|2019-12-05 00:01:51.960093|[g:1][CONSENSUS]addRawPrepare,height=29,reqIdx=1,hash=d11d9b39...
info|2019-12-05 00:01:51.960746|[g:1][CONSENSUS][PBFT]checkTimeout Succ,view=441,toView=442,nodeIdx=2,changeCycle=0,myNode=933db757...,timecost=0.416
info|2019-12-05 00:01:51.963402|[g:1][CONSENSUS][PBFT]checkAndChangeView: Reach consensus,org_view=441,org_changeCycle=0,cur_changeCycle=0,to_view=442
info|2019-12-05 00:01:52.965237|[g:1][CONSENSUS][SEALER]++++++++++++++++ Generating seal on,blkNum=29,tx=0,nodeIdx=2,hash=d7233093...
info|2019-12-05 00:01:52.966380|[g:1][CONSENSUS][PBFT]checkTimeout Succ,view=442,toView=443,nodeIdx=2,changeCycle=0,myNode=933db757...,timecost=0.418
info|2019-12-05 00:01:52.974559|[g:1][CONSENSUS][PBFT]checkAndChangeView: Reach consensus,org_view=442,org_changeCycle=0,cur_changeCycle=0,to_view=443
info|2019-12-05 00:01:53.977723|[g:1][CONSENSUS]addRawPrepare,height=29,reqIdx=3,hash=fe1c83ea...
info|2019-12-05 00:01:53.978293|[g:1][CONSENSUS][PBFT]checkTimeout Succ,view=443,toView=444,nodeIdx=2,changeCycle=0,myNode=933db757...,timecost=0.415
info|2019-12-05 00:01:53.983018|[g:1][CONSENSUS][PBFT]checkAndChangeView: Reach consensus,org_view=443,org_changeCycle=0,cur_changeCycle=0,to_view=444
info|2019-12-05 00:01:54.989202|[g:1][CONSENSUS]addRawPrepare,height=29,reqIdx=0,hash=533739cd...
info|2019-12-05 00:01:54.989901|[g:1][CONSENSUS][PBFT]checkTimeout Succ,view=444,toView=445,nodeIdx=2,changeCycle=0,myNode=933db757...,timecost=0.491
info|2019-12-05 00:01:54.997314|[g:1][CONSENSUS][PBFT]checkAndChangeView: Reach consensus,org_view=444,org_changeCycle=0,cur_changeCycle=0,to_view=445
info|2019-12-05 00:01:56.006150|[g:1][CONSENSUS]addRawPrepare,height=29,reqIdx=1,hash=1d7baa93...
info|2019-12-05 00:01:56.006956|[g:1][CONSENSUS][PBFT]checkTimeout Succ,view=445,toView=446,nodeIdx=2,changeCycle=0,myNode=933db757...,timecost=0.724
info|2019-12-05 00:01:56.014054|[g:1][CONSENSUS][PBFT]checkAndChangeView: Reach consensus,org_view=445,org_changeCycle=0,cur_changeCycle=0,to_view=446
info|2019-12-05 00:01:57.014304|[g:1][CONSENSUS][SEALER]++++++++++++++++ Generating seal on,blkNum=29,tx=0,nodeIdx=2,hash=ffd8e3cc...
info|2019-12-05 00:01:57.015865|[g:1][CONSENSUS][PBFT]checkTimeout Succ,view=446,toView=447,nodeIdx=2,changeCycle=0,myNode=933db757...,timecost=0.707
info|2019-12-05 00:01:57.019321|[g:1][CONSENSUS][PBFT]checkAndChangeView: Reach consensus,org_view=446,org_changeCycle=0,cur_changeCycle=0,to_view=447
info|2019-12-05 00:01:57.054658|[P2P][Service] heartBeat,connected count=3
info|2019-12-05 00:01:58.025302|[g:1][CONSENSUS]addRawPrepare,height=29,reqIdx=3,hash=50a2ad65...
info|2019-12-05 00:01:58.025607|[g:1][CONSENSUS][PBFT]checkTimeout Succ,view=447,toView=448,nodeIdx=2,changeCycle=0,myNode=933db757...,timecost=0.277
info|2019-12-05 00:01:58.028418|[g:1][CONSENSUS][PBFT]checkAndChangeView: Reach consensus,org_view=447,org_changeCycle=0,cur_changeCycle=0,to_view=448
info|2019-12-05 00:01:59.040371|[g:1][CONSENSUS]addRawPrepare,height=29,reqIdx=0,hash=1140a323...
info|2019-12-05 00:01:59.042457|[g:1][CONSENSUS][PBFT]checkTimeout Succ,view=448,toView=449,nodeIdx=2,changeCycle=0,myNode=933db757...,timecost=0.817
info|2019-12-05 00:01:59.045619|[g:1][CONSENSUS][PBFT]checkAndChangeView: Reach consensus,org_view=448,org_changeCycle=0,cur_changeCycle=0,to_view=449
info|2019-12-05 00:02:00.069428|[g:1][CONSENSUS]addRawPrepare,height=29,reqIdx=1,hash=cb0578ce...
info|2019-12-05 00:02:00.070272|[g:1][CONSENSUS][PBFT]checkTimeout Succ,view=449,toView=450,nodeIdx=2,changeCycle=0,myNode=933db757...,timecost=0.753
info|2019-12-05 00:02:00.084863|[g:1][CONSENSUS][PBFT]checkAndChangeView: Reach consensus,org_view=449,org_changeCycle=0,cur_changeCycle=0,to_view=450
info|2019-12-05 00:02:01.085702|[g:1][CONSENSUS][SEALER]++++++++++++++++ Generating seal on,blkNum=29,tx=0,nodeIdx=2,hash=5aecd7ac...
info|2019-12-05 00:02:01.091309|[g:1][CONSENSUS][PBFT]checkTimeout Succ,view=450,toView=451,nodeIdx=2,changeCycle=0,myNode=933db757...,timecost=0.496
info|2019-12-05 00:02:01.094854|[g:1][CONSENSUS][PBFT]checkAndChangeView: Reach consensus,org_view=450,org_changeCycle=0,cur_changeCycle=0,to_view=451
info|2019-12-05 00:02:02.097247|[g:1][CONSENSUS]addRawPrepare,height=29,reqIdx=3,hash=6b44c6e5...
info|2019-12-05 00:02:02.097850|[g:1][CONSENSUS][PBFT]checkTimeout Succ,view=451,toView=452,nodeIdx=2,changeCycle=0,myNode=933db757...,timecost=0.469
info|2019-12-05 00:02:02.103034|[g:1][CONSENSUS][PBFT]checkAndChangeView: Reach consensus,org_view=451,org_changeCycle=0,cur_changeCycle=0,to_view=452
info|2019-12-05 00:02:03.108036|[g:1][CONSENSUS]addRawPrepare,height=29,reqIdx=0,hash=b9f8f02d...
info|2019-12-05 00:02:03.108719|[g:1][CONSENSUS][PBFT]checkTimeout Succ,view=452,toView=453,nodeIdx=2,changeCycle=0,myNode=933db757...,timecost=0.537
info|2019-12-05 00:02:03.116921|[g:1][CONSENSUS][PBFT]checkAndChangeView: Reach consensus,org_view=452,org_changeCycle=0,cur_changeCycle=0,to_view=453
info|2019-12-05 00:02:04.120454|[g:1][CONSENSUS]addRawPrepare,height=29,reqIdx=1,hash=01a0e27b...
info|2019-12-05 00:02:04.121057|[g:1][CONSENSUS][PBFT]checkTimeout Succ,view=453,toView=454,nodeIdx=2,changeCycle=0,myNode=933db757...,timecost=0.455
info|2019-12-05 00:02:04.126628|[g:1][CONSENSUS][PBFT]checkAndChangeView: Reach consensus,org_view=453,org_changeCycle=0,cur_changeCycle=0,to_view=454
info|2019-12-05 00:02:05.127422|[g:1][CONSENSUS][SEALER]++++++++++++++++ Generating seal on,blkNum=29,tx=0,nodeIdx=2,hash=fc2595bd...
info|2019-12-05 00:02:05.133095|[g:1][CONSENSUS][PBFT]checkTimeout Succ,view=454,toView=455,nodeIdx=2,changeCycle=0,myNode=933db757...,timecost=0.777
info|2019-12-05 00:02:05.134527|[g:1][CONSENSUS][PBFT]checkAndChangeView: Reach consensus,org_view=454,org_changeCycle=0,cur_changeCycle=0,to_view=455
info|2019-12-05 00:02:06.142456|[g:1][CONSENSUS]addRawPrepare,height=29,reqIdx=3,hash=cb60865a...
info|2019-12-05 00:02:06.143299|[g:1][CONSENSUS][PBFT]checkTimeout Succ,view=455,toView=456,nodeIdx=2,changeCycle=0,myNode=933db757...,timecost=0.584
info|2019-12-05 00:02:06.153309|[g:1][CONSENSUS][PBFT]checkAndChangeView: Reach consensus,org_view=455,org_changeCycle=0,cur_changeCycle=0,to_view=456
info|2019-12-05 00:02:07.055243|[P2P][Service] heartBeat,connected count=3
info|2019-12-05 00:02:07.158443|[g:1][CONSENSUS]addRawPrepare,height=29,reqIdx=0,hash=85606608...
info|2019-12-05 00:02:07.159004|[g:1][CONSENSUS][PBFT]checkTimeout Succ,view=456,toView=457,nodeIdx=2,changeCycle=0,myNode=933db757...,timecost=0.411
info|2019-12-05 00:02:07.165461|[g:1][CONSENSUS][PBFT]checkAndChangeView: Reach consensus,org_view=456,org_changeCycle=0,cur_changeCycle=0,to_view=457
info|2019-12-05 00:02:08.172772|[g:1][CONSENSUS]addRawPrepare,height=29,reqIdx=1,hash=a405b2a4...
info|2019-12-05 00:02:08.173694|[g:1][CONSENSUS][PBFT]checkTimeout Succ,view=457,toView=458,nodeIdx=2,changeCycle=0,myNode=933db757...,timecost=0.647
info|2019-12-05 00:02:08.184699|[g:1][CONSENSUS][PBFT]checkAndChangeView: Reach consensus,org_view=457,org_changeCycle=0,cur_changeCycle=0,to_view=458
info|2019-12-05 00:02:09.185097|[g:1][CONSENSUS][SEALER]++++++++++++++++ Generating seal on,blkNum=29,tx=0,nodeIdx=2,hash=190cd102...
info|2019-12-05 00:02:09.186722|[g:1][CONSENSUS][PBFT]checkTimeout Succ,view=458,toView=459,nodeIdx=2,changeCycle=0,myNode=933db757...,timecost=0.619
info|2019-12-05 00:02:09.197855|[g:1][CONSENSUS][PBFT]checkAndChangeView: Reach consensus,org_view=458,org_changeCycle=0,cur_changeCycle=0,to_view=459
info|2019-12-05 00:02:10.199009|[g:1][CONSENSUS]addRawPrepare,height=29,reqIdx=3,hash=4d9e1d9b...
info|2019-12-05 00:02:10.199300|[g:1][CONSENSUS][PBFT]checkTimeout Succ,view=459,toView=460,nodeIdx=2,changeCycle=0,myNode=933db757...,timecost=0.202
info|2019-12-05 00:02:10.202221|[g:1][CONSENSUS][PBFT]checkAndChangeView: Reach consensus,org_view=459,org_changeCycle=0,cur_changeCycle=0,to_view=460
info|2019-12-05 00:02:11.208829|[g:1][CONSENSUS]addRawPrepare,height=29,reqIdx=0,hash=6e58312d...
info|2019-12-05 00:02:11.209991|[g:1][CONSENSUS][PBFT]checkTimeout Succ,view=460,toView=461,nodeIdx=2,changeCycle=0,myNode=933db757...,timecost=0.962
info|2019-12-05 00:02:11.213603|[g:1][CONSENSUS][PBFT]checkAndChangeView: Reach consensus,org_view=460,org_changeCycle=0,cur_changeCycle=0,to_view=461
info|2019-12-05 00:02:12.222040|[g:1][CONSENSUS]addRawPrepare,height=29,reqIdx=1,hash=e0f93de7...
info|2019-12-05 00:02:12.222677|[g:1][CONSENSUS][PBFT]checkTimeout Succ,view=461,toView=462,nodeIdx=2,changeCycle=0,myNode=933db757...,timecost=0.481
info|2019-12-05 00:02:12.227059|[g:1][CONSENSUS][PBFT]checkAndChangeView: Reach consensus,org_view=461,org_changeCycle=0,cur_changeCycle=0,to_view=462
info|2019-12-05 00:02:13.227536|[g:1][CONSENSUS][SEALER]++++++++++++++++ Generating seal on,blkNum=29,tx=0,nodeIdx=2,hash=9297312d...
info|2019-12-05 00:02:13.231317|[g:1][CONSENSUS][PBFT]checkTimeout Succ,view=462,toView=463,nodeIdx=2,changeCycle=0,myNode=933db757...,timecost=2.858
info|2019-12-05 00:02:13.235901|[g:1][CONSENSUS][PBFT]checkAndChangeView: Reach consensus,org_view=462,org_changeCycle=0,cur_changeCycle=0,to_view=463
info|2019-12-05 00:02:14.238114|[g:1][CONSENSUS]addRawPrepare,height=29,reqIdx=3,hash=c49dbb3a...
info|2019-12-05 00:02:14.238757|[g:1][CONSENSUS][PBFT]checkTimeout Succ,view=463,toView=464,nodeIdx=2,changeCycle=0,myNode=933db757...,timecost=0.477
info|2019-12-05 00:02:14.243501|[g:1][CONSENSUS][PBFT]checkAndChangeView: Reach consensus,org_view=463,org_changeCycle=0,cur_changeCycle=0,to_view=464
info|2019-12-05 00:02:15.251373|[g:1][CONSENSUS]addRawPrepare,height=29,reqIdx=0,hash=b053ee29...
info|2019-12-05 00:02:15.252233|[g:1][CONSENSUS][PBFT]checkTimeout Succ,view=464,toView=465,nodeIdx=2,changeCycle=0,myNode=933db757...,timecost=0.686
info|2019-12-05 00:02:15.259005|[g:1][CONSENSUS][PBFT]checkAndChangeView: Reach consensus,org_view=464,org_changeCycle=0,cur_changeCycle=0,to_view=465
info|2019-12-05 00:02:16.264218|[g:1][CONSENSUS]addRawPrepare,height=29,reqIdx=1,hash=fb42d8a2...
info|2019-12-05 00:02:16.265108|[g:1][CONSENSUS][PBFT]checkTimeout Succ,view=465,toView=466,nodeIdx=2,changeCycle=0,myNode=933db757...,timecost=0.691
info|2019-12-05 00:02:16.271437|[g:1][CONSENSUS][PBFT]checkAndChangeView: Reach consensus,org_view=465,org_changeCycle=0,cur_changeCycle=0,to_view=466
info|2019-12-05 00:02:17.055640|[P2P][Service] heartBeat,connected count=3
info|2019-12-05 00:02:17.272410|[g:1][CONSENSUS][SEALER]++++++++++++++++ Generating seal on,blkNum=29,tx=0,nodeIdx=2,hash=dbd55022...
info|2019-12-05 00:02:17.280370|[g:1][CONSENSUS][PBFT]checkTimeout Succ,view=466,toView=467,nodeIdx=2,changeCycle=0,myNode=933db757...,timecost=0.725
info|2019-12-05 00:02:17.281425|[g:1][CONSENSUS][PBFT]checkAndChangeView: Reach consensus,org_view=466,org_changeCycle=0,cur_changeCycle=0,to_view=467
info|2019-12-05 00:02:18.294616|[g:1][CONSENSUS]addRawPrepare,height=29,reqIdx=3,hash=f9f363d5...
info|2019-12-05 00:02:18.295144|[g:1][CONSENSUS][PBFT]checkTimeout Succ,view=467,toView=468,nodeIdx=2,changeCycle=0,myNode=933db757...,timecost=0.467
info|2019-12-05 00:02:18.299107|[g:1][CONSENSUS][PBFT]checkAndChangeView: Reach consensus,org_view=467,org_changeCycle=0,cur_changeCycle=0,to_view=468
info|2019-12-05 00:02:19.301524|[g:1][CONSENSUS]addRawPrepare,height=29,reqIdx=0,hash=bef41595...
info|2019-12-05 00:02:19.302152|[g:1][CONSENSUS][PBFT]checkTimeout Succ,view=468,toView=469,nodeIdx=2,changeCycle=0,myNode=933db757...,timecost=0.485
info|2019-12-05 00:02:19.306900|[g:1][CONSENSUS][PBFT]checkAndChangeView: Reach consensus,org_view=468,org_changeCycle=0,cur_changeCycle=0,to_view=469
info|2019-12-05 00:02:20.318974|[g:1][CONSENSUS]addRawPrepare,height=29,reqIdx=1,hash=9cf3835e...
info|2019-12-05 00:02:20.322659|[g:1][CONSENSUS][PBFT]checkTimeout Succ,view=469,toView=470,nodeIdx=2,changeCycle=0,myNode=933db757...,timecost=1.948
info|2019-12-05 00:02:20.327432|[g:1][CONSENSUS][PBFT]checkAndChangeView: Reach consensus,org_view=469,org_changeCycle=0,cur_changeCycle=0,to_view=470
info|2019-12-05 00:02:21.329444|[g:1][CONSENSUS][SEALER]++++++++++++++++ Generating seal on,blkNum=29,tx=0,nodeIdx=2,hash=c2ecc961...
info|2019-12-05 00:02:21.331692|[g:1][CONSENSUS][PBFT]checkTimeout Succ,view=470,toView=471,nodeIdx=2,changeCycle=0,myNode=933db757...,timecost=0.397
info|2019-12-05 00:02:21.332821|[g:1][CONSENSUS][PBFT]checkAndChangeView: Reach consensus,org_view=470,org_changeCycle=0,cur_changeCycle=0,to_view=471
info|2019-12-05 00:02:22.337882|[g:1][CONSENSUS]addRawPrepare,height=29,reqIdx=3,hash=cf3bdd1f...
info|2019-12-05 00:02:22.338667|[g:1][CONSENSUS][PBFT]checkTimeout Succ,view=471,toView=472,nodeIdx=2,changeCycle=0,myNode=933db757...,timecost=0.528
info|2019-12-05 00:02:22.347592|[g:1][CONSENSUS][PBFT]checkAndChangeView: Reach consensus,org_view=471,org_changeCycle=0,cur_changeCycle=0,to_view=472
info|2019-12-05 00:02:23.353468|[g:1][CONSENSUS]addRawPrepare,height=29,reqIdx=0,hash=b28a1584...
info|2019-12-05 00:02:23.354339|[g:1][CONSENSUS][PBFT]checkTimeout Succ,view=472,toView=473,nodeIdx=2,changeCycle=0,myNode=933db757...,timecost=0.52
info|2019-12-05 00:02:23.355606|[g:1][CONSENSUS][PBFT]checkAndChangeView: Reach consensus,org_view=472,org_changeCycle=0,cur_changeCycle=0,to_view=473
info|2019-12-05 00:02:24.361709|[g:1][CONSENSUS]addRawPrepare,height=29,reqIdx=1,hash=274e5f60...
info|2019-12-05 00:02:24.368635|[g:1][CONSENSUS][PBFT]checkTimeout Succ,view=473,toView=474,nodeIdx=2,changeCycle=0,myNode=933db757...,timecost=6.569
info|2019-12-05 00:02:24.376254|[g:1][CONSENSUS][PBFT]checkAndChangeView: Reach consensus,org_view=473,org_changeCycle=0,cur_changeCycle=0,to_view=474
info|2019-12-05 00:02:25.378008|[g:1][CONSENSUS][SEALER]++++++++++++++++ Generating seal on,blkNum=29,tx=0,nodeIdx=2,hash=887d4ecf...
info|2019-12-05 00:02:25.385300|[g:1][CONSENSUS][PBFT]checkTimeout Succ,view=474,toView=475,nodeIdx=2,changeCycle=0,myNode=933db757...,timecost=3.587
info|2019-12-05 00:02:25.388216|[g:1][CONSENSUS][PBFT]checkAndChangeView: Reach consensus,org_view=474,org_changeCycle=0,cur_changeCycle=0,to_view=475
info|2019-12-05 00:02:26.401595|[g:1][CONSENSUS]addRawPrepare,height=29,reqIdx=3,hash=36d4eae2...
info|2019-12-05 00:02:26.402556|[g:1][CONSENSUS][PBFT]checkTimeout Succ,view=475,toView=476,nodeIdx=2,changeCycle=0,myNode=933db757...,timecost=0.871
info|2019-12-05 00:02:26.418577|[g:1][CONSENSUS][PBFT]checkAndChangeView: Reach consensus,org_view=475,org_changeCycle=0,cur_changeCycle=0,to_view=476
info|2019-12-05 00:02:27.056022|[P2P][Service] heartBeat,connected count=3
info|2019-12-05 00:02:27.425209|[g:1][CONSENSUS]addRawPrepare,height=29,reqIdx=0,hash=3e925afb...
info|2019-12-05 00:02:27.426696|[g:1][CONSENSUS][PBFT]checkTimeout Succ,view=476,toView=477,nodeIdx=2,changeCycle=0,myNode=933db757...,timecost=1.23
info|2019-12-05 00:02:27.431253|[g:1][CONSENSUS][PBFT]checkAndChangeView: Reach consensus,org_view=476,org_changeCycle=0,cur_changeCycle=0,to_view=477
info|2019-12-05 00:02:28.438200|[g:1][CONSENSUS]addRawPrepare,height=29,reqIdx=1,hash=d1d85c60...
info|2019-12-05 00:02:28.440674|[g:1][CONSENSUS][PBFT]checkTimeout Succ,view=477,toView=478,nodeIdx=2,changeCycle=0,myNode=933db757...,timecost=2.27
info|2019-12-05 00:02:28.447737|[g:1][CONSENSUS][PBFT]checkAndChangeView: Reach consensus,org_view=477,org_changeCycle=0,cur_changeCycle=0,to_view=478
info|2019-12-05 00:02:29.448454|[g:1][CONSENSUS][SEALER]++++++++++++++++ Generating seal on,blkNum=29,tx=0,nodeIdx=2,hash=aaadbcef...
info|2019-12-05 00:02:29.455067|[g:1][CONSENSUS][PBFT]checkTimeout Succ,view=478,toView=479,nodeIdx=2,changeCycle=0,myNode=933db757...,timecost=2.633
info|2019-12-05 00:02:29.455712|[g:1][CONSENSUS][PBFT]checkAndChangeView: Reach consensus,org_view=478,org_changeCycle=0,cur_changeCycle=0,to_view=479
info|2019-12-05 00:02:30.462896|[g:1][CONSENSUS]addRawPrepare,height=29,reqIdx=3,hash=4150216d...
info|2019-12-05 00:02:30.463509|[g:1][CONSENSUS][PBFT]checkTimeout Succ,view=479,toView=480,nodeIdx=2,changeCycle=0,myNode=933db757...,timecost=0.488
info|2019-12-05 00:02:30.467497|[g:1][CONSENSUS][PBFT]checkAndChangeView: Reach consensus,org_view=479,org_changeCycle=0,cur_changeCycle=0,to_view=480
info|2019-12-05 00:02:31.474789|[g:1][CONSENSUS]addRawPrepare,height=29,reqIdx=0,hash=040f11b0...
info|2019-12-05 00:02:31.477074|[g:1][CONSENSUS][PBFT]checkTimeout Succ,view=480,toView=481,nodeIdx=2,changeCycle=0,myNode=933db757...,timecost=1.419
info|2019-12-05 00:02:31.489951|[g:1][CONSENSUS][PBFT]checkAndChangeView: Reach consensus,org_view=480,org_changeCycle=0,cur_changeCycle=0,to_view=481
info|2019-12-05 00:02:32.496759|[g:1][CONSENSUS]addRawPrepare,height=29,reqIdx=1,hash=e34642c5...
info|2019-12-05 00:02:32.497858|[g:1][CONSENSUS][PBFT]checkTimeout Succ,view=481,toView=482,nodeIdx=2,changeCycle=0,myNode=933db757...,timecost=0.693
info|2019-12-05 00:02:32.509300|[g:1][CONSENSUS][PBFT]checkAndChangeView: Reach consensus,org_view=481,org_changeCycle=0,cur_changeCycle=0,to_view=482
info|2019-12-05 00:02:33.510082|[g:1][CONSENSUS][SEALER]++++++++++++++++ Generating seal on,blkNum=29,tx=0,nodeIdx=2,hash=a5fe91c9...
info|2019-12-05 00:02:33.513870|[g:1][CONSENSUS][PBFT]checkTimeout Succ,view=482,toView=483,nodeIdx=2,changeCycle=0,myNode=933db757...,timecost=0.299
info|2019-12-05 00:02:33.514333|[g:1][CONSENSUS][PBFT]checkAndChangeView: Reach consensus,org_view=482,org_changeCycle=0,cur_changeCycle=0,to_view=483
info|2019-12-05 00:02:34.519399|[g:1][CONSENSUS]addRawPrepare,height=29,reqIdx=3,hash=94144c9e...
info|2019-12-05 00:02:34.519968|[g:1][CONSENSUS][PBFT]checkTimeout Succ,view=483,toView=484,nodeIdx=2,changeCycle=0,myNode=933db757...,timecost=0.429
info|2019-12-05 00:02:34.522768|[g:1][CONSENSUS][PBFT]checkAndChangeView: Reach consensus,org_view=483,org_changeCycle=0,cur_changeCycle=0,to_view=484
info|2019-12-05 00:02:35.529852|[g:1][CONSENSUS]addRawPrepare,height=29,reqIdx=0,hash=05fe1273...
info|2019-12-05 00:02:35.533209|[g:1][CONSENSUS][PBFT]checkTimeout Succ,view=484,toView=485,nodeIdx=2,changeCycle=0,myNode=933db757...,timecost=3.226
info|2019-12-05 00:02:35.536430|[g:1][CONSENSUS][PBFT]checkAndChangeView: Reach consensus,org_view=484,org_changeCycle=0,cur_changeCycle=0,to_view=485
info|2019-12-05 00:02:36.543716|[g:1][CONSENSUS]addRawPrepare,height=29,reqIdx=1,hash=224d30ee...
info|2019-12-05 00:02:36.544760|[g:1][CONSENSUS][PBFT]checkTimeout Succ,view=485,toView=486,nodeIdx=2,changeCycle=0,myNode=933db757...,timecost=0.843
info|2019-12-05 00:02:36.551056|[g:1][CONSENSUS][PBFT]checkAndChangeView: Reach consensus,org_view=485,org_changeCycle=0,cur_changeCycle=0,to_view=486
info|2019-12-05 00:02:37.057971|[P2P][Service] heartBeat,connected count=3
info|2019-12-05 00:02:37.552301|[g:1][CONSENSUS][SEALER]++++++++++++++++ Generating seal on,blkNum=29,tx=0,nodeIdx=2,hash=34877473...
info|2019-12-05 00:02:37.553890|[g:1][CONSENSUS][PBFT]checkTimeout Succ,view=486,toView=487,nodeIdx=2,changeCycle=0,myNode=933db757...,timecost=0.477
info|2019-12-05 00:02:37.558159|[g:1][CONSENSUS][PBFT]checkAndChangeView: Reach consensus,org_view=486,org_changeCycle=0,cur_changeCycle=0,to_view=487
info|2019-12-05 00:02:38.563354|[g:1][CONSENSUS]addRawPrepare,height=29,reqIdx=3,hash=aa5c4e38...
info|2019-12-05 00:02:38.565232|[g:1][CONSENSUS][PBFT]checkTimeout Succ,view=487,toView=488,nodeIdx=2,changeCycle=0,myNode=933db757...,timecost=1.61
info|2019-12-05 00:02:38.572545|[g:1][CONSENSUS][PBFT]checkAndChangeView: Reach consensus,org_view=487,org_changeCycle=0,cur_changeCycle=0,to_view=488
info|2019-12-05 00:02:39.577440|[g:1][CONSENSUS]addRawPrepare,height=29,reqIdx=0,hash=19cb2c30...
info|2019-12-05 00:02:39.581769|[g:1][CONSENSUS][PBFT]checkTimeout Succ,view=488,toView=489,nodeIdx=2,changeCycle=0,myNode=933db757...,timecost=4.131
info|2019-12-05 00:02:39.586676|[g:1][CONSENSUS][PBFT]checkAndChangeView: Reach consensus,org_view=488,org_changeCycle=0,cur_changeCycle=0,to_view=489
info|2019-12-05 00:02:40.592230|[g:1][CONSENSUS]addRawPrepare,height=29,reqIdx=1,hash=b54fdf55...
info|2019-12-05 00:02:40.593141|[g:1][CONSENSUS][PBFT]checkTimeout Succ,view=489,toView=490,nodeIdx=2,changeCycle=0,myNode=933db757...,timecost=0.585
info|2019-12-05 00:02:40.605739|[g:1][CONSENSUS][PBFT]checkAndChangeView: Reach consensus,org_view=489,org_changeCycle=0,cur_changeCycle=0,to_view=490
info|2019-12-05 00:02:41.606480|[g:1][CONSENSUS][SEALER]++++++++++++++++ Generating seal on,blkNum=29,tx=0,nodeIdx=2,hash=ae0fd892...
info|2019-12-05 00:02:41.619345|[g:1][CONSENSUS][PBFT]checkTimeout Succ,view=490,toView=491,nodeIdx=2,changeCycle=0,myNode=933db757...,timecost=5.041
info|2019-12-05 00:02:41.622158|[g:1][CONSENSUS][PBFT]checkAndChangeView: Reach consensus,org_view=490,org_changeCycle=0,cur_changeCycle=0,to_view=491
info|2019-12-05 00:02:42.637941|[g:1][CONSENSUS]addRawPrepare,height=29,reqIdx=3,hash=5a97eeaf...
info|2019-12-05 00:02:42.638962|[g:1][CONSENSUS][PBFT]checkTimeout Succ,view=491,toView=492,nodeIdx=2,changeCycle=0,myNode=933db757...,timecost=0.869
info|2019-12-05 00:02:42.681037|[g:1][CONSENSUS][PBFT]checkAndChangeView: Reach consensus,org_view=491,org_changeCycle=0,cur_changeCycle=0,to_view=492
info|2019-12-05 00:02:43.653260|[g:1][CONSENSUS]addRawPrepare,height=29,reqIdx=0,hash=652722c7...
info|2019-12-05 00:02:43.654285|[g:1][CONSENSUS][PBFT]checkTimeout Succ,view=492,toView=493,nodeIdx=2,changeCycle=0,myNode=933db757...,timecost=0.742
info|2019-12-05 00:02:43.667301|[g:1][CONSENSUS][PBFT]checkAndChangeView: Reach consensus,org_view=492,org_changeCycle=0,cur_changeCycle=0,to_view=493
info|2019-12-05 00:02:44.677317|[g:1][CONSENSUS]addRawPrepare,height=29,reqIdx=1,hash=4c42ef94...
info|2019-12-05 00:02:44.678834|[g:1][CONSENSUS][PBFT]checkTimeout Succ,view=493,toView=494,nodeIdx=2,changeCycle=0,myNode=933db757...,timecost=1.126
info|2019-12-05 00:02:44.681476|[g:1][CONSENSUS][PBFT]checkAndChangeView: Reach consensus,org_view=493,org_changeCycle=0,cur_changeCycle=0,to_view=494
info|2019-12-05 00:02:45.681777|[g:1][CONSENSUS][SEALER]++++++++++++++++ Generating seal on,blkNum=29,tx=0,nodeIdx=2,hash=7868e023...
info|2019-12-05 00:02:45.687773|[g:1][CONSENSUS][PBFT]checkTimeout Succ,view=494,toView=495,nodeIdx=2,changeCycle=0,myNode=933db757...,timecost=0.724
info|2019-12-05 00:02:45.689589|[g:1][CONSENSUS][PBFT]checkAndChangeView: Reach consensus,org_view=494,org_changeCycle=0,cur_changeCycle=0,to_view=495
info|2019-12-05 00:02:46.695050|[g:1][CONSENSUS]addRawPrepare,height=29,reqIdx=3,hash=3f360d2f...
info|2019-12-05 00:02:46.695924|[g:1][CONSENSUS][PBFT]checkTimeout Succ,view=495,toView=496,nodeIdx=2,changeCycle=0,myNode=933db757...,timecost=0.733
info|2019-12-05 00:02:46.700507|[g:1][CONSENSUS][PBFT]checkAndChangeView: Reach consensus,org_view=495,org_changeCycle=0,cur_changeCycle=0,to_view=496
info|2019-12-05 00:02:47.058206|[P2P][Service] heartBeat,connected count=3
info|2019-12-05 00:02:47.709544|[g:1][CONSENSUS]addRawPrepare,height=29,reqIdx=0,hash=7207c6b2...
info|2019-12-05 00:02:47.710150|[g:1][CONSENSUS][PBFT]checkTimeout Succ,view=496,toView=497,nodeIdx=2,changeCycle=0,myNode=933db757...,timecost=0.461
info|2019-12-05 00:02:47.716728|[g:1][CONSENSUS][PBFT]checkAndChangeView: Reach consensus,org_view=496,org_changeCycle=0,cur_changeCycle=0,to_view=497
info|2019-12-05 00:02:48.719544|[g:1][CONSENSUS]addRawPrepare,height=29,reqIdx=1,hash=36bb7d1a...
info|2019-12-05 00:02:48.720162|[g:1][CONSENSUS][PBFT]checkTimeout Succ,view=497,toView=498,nodeIdx=2,changeCycle=0,myNode=933db757...,timecost=0.479
info|2019-12-05 00:02:48.725610|[g:1][CONSENSUS][PBFT]checkAndChangeView: Reach consensus,org_view=497,org_changeCycle=0,cur_changeCycle=0,to_view=498
info|2019-12-05 00:02:49.725459|[g:1][CONSENSUS][SEALER]++++++++++++++++ Generating seal on,blkNum=29,tx=0,nodeIdx=2,hash=2c86b442...
info|2019-12-05 00:02:49.727213|[g:1][CONSENSUS][PBFT]checkTimeout Succ,view=498,toView=499,nodeIdx=2,changeCycle=0,myNode=933db757...,timecost=0.741
info|2019-12-05 00:02:49.744944|[g:1][CONSENSUS][PBFT]checkAndChangeView: Reach consensus,org_view=498,org_changeCycle=0,cur_changeCycle=0,to_view=499
info|2019-12-05 00:02:50.746658|[g:1][CONSENSUS]addRawPrepare,height=29,reqIdx=3,hash=af97abda...
info|2019-12-05 00:02:50.747565|[g:1][CONSENSUS][PBFT]checkTimeout Succ,view=499,toView=500,nodeIdx=2,changeCycle=0,myNode=933db757...,timecost=0.705
info|2019-12-05 00:02:50.756612|[g:1][CONSENSUS][PBFT]checkAndChangeView: Reach consensus,org_view=499,org_changeCycle=0,cur_changeCycle=0,to_view=500
info|2019-12-05 00:02:51.758090|[g:1][CONSENSUS]addRawPrepare,height=29,reqIdx=0,hash=3cbc7224...
info|2019-12-05 00:02:51.758322|[g:1][CONSENSUS][PBFT]checkTimeout Succ,view=500,toView=501,nodeIdx=2,changeCycle=0,myNode=933db757...,timecost=0.207
info|2019-12-05 00:02:51.759204|[g:1][CONSENSUS][PBFT]checkAndChangeView: Reach consensus,org_view=500,org_changeCycle=0,cur_changeCycle=0,to_view=501
info|2019-12-05 00:02:52.763946|[g:1][CONSENSUS]addRawPrepare,height=29,reqIdx=1,hash=9c9c7324...
info|2019-12-05 00:02:52.765986|[g:1][CONSENSUS][PBFT]checkTimeout Succ,view=501,toView=502,nodeIdx=2,changeCycle=0,myNode=933db757...,timecost=0.414
info|2019-12-05 00:02:52.768156|[g:1][CONSENSUS][PBFT]checkAndChangeView: Reach consensus,org_view=501,org_changeCycle=0,cur_changeCycle=0,to_view=502
info|2019-12-05 00:02:53.769663|[g:1][CONSENSUS][SEALER]++++++++++++++++ Generating seal on,blkNum=29,tx=0,nodeIdx=2,hash=57b89d8a...
info|2019-12-05 00:02:53.779623|[g:1][CONSENSUS][PBFT]checkTimeout Succ,view=502,toView=503,nodeIdx=2,changeCycle=0,myNode=933db757...,timecost=6.952
info|2019-12-05 00:02:53.780413|[g:1][CONSENSUS][PBFT]checkAndChangeView: Reach consensus,org_view=502,org_changeCycle=0,cur_changeCycle=0,to_view=503
info|2019-12-05 00:02:54.781100|[g:1][CONSENSUS]addRawPrepare,height=29,reqIdx=3,hash=79558fe1...
info|2019-12-05 00:02:54.781489|[g:1][CONSENSUS][PBFT]checkTimeout Succ,view=503,toView=504,nodeIdx=2,changeCycle=0,myNode=933db757...,timecost=0.285
info|2019-12-05 00:02:54.784434|[g:1][CONSENSUS][PBFT]checkAndChangeView: Reach consensus,org_view=503,org_changeCycle=0,cur_changeCycle=0,to_view=504
info|2019-12-05 00:02:55.790760|[g:1][CONSENSUS]addRawPrepare,height=29,reqIdx=0,hash=c36ed1e2...
info|2019-12-05 00:02:55.791065|[g:1][CONSENSUS][PBFT]checkTimeout Succ,view=504,toView=505,nodeIdx=2,changeCycle=0,myNode=933db757...,timecost=0.231
info|2019-12-05 00:02:55.791363|[g:1][CONSENSUS][PBFT]checkAndChangeView: Reach consensus,org_view=504,org_changeCycle=0,cur_changeCycle=0,to_view=505
info|2019-12-05 00:02:56.795979|[g:1][CONSENSUS]addRawPrepare,height=29,reqIdx=1,hash=7e41f50d...
info|2019-12-05 00:02:56.796323|[g:1][CONSENSUS][PBFT]checkTimeout Succ,view=505,toView=506,nodeIdx=2,changeCycle=0,myNode=933db757...,timecost=0.28
info|2019-12-05 00:02:56.798017|[g:1][CONSENSUS][PBFT]checkAndChangeView: Reach consensus,org_view=505,org_changeCycle=0,cur_changeCycle=0,to_view=506
info|2019-12-05 00:02:57.058622|[P2P][Service] heartBeat,connected count=3
info|2019-12-05 00:02:57.799472|[g:1][CONSENSUS][SEALER]++++++++++++++++ Generating seal on,blkNum=29,tx=0,nodeIdx=2,hash=61d932d4...
info|2019-12-05 00:02:57.800075|[g:1][CONSENSUS][PBFT]checkTimeout Succ,view=506,toView=507,nodeIdx=2,changeCycle=0,myNode=933db757...,timecost=0.244
info|2019-12-05 00:02:57.803107|[g:1][CONSENSUS][PBFT]checkAndChangeView: Reach consensus,org_view=506,org_changeCycle=0,cur_changeCycle=0,to_view=507
info|2019-12-05 00:02:58.804616|[g:1][CONSENSUS]addRawPrepare,height=29,reqIdx=3,hash=960dd62e...
info|2019-12-05 00:02:58.804891|[g:1][CONSENSUS][PBFT]checkTimeout Succ,view=507,toView=508,nodeIdx=2,changeCycle=0,myNode=933db757...,timecost=0.197
info|2019-12-05 00:02:58.806616|[g:1][CONSENSUS][PBFT]checkAndChangeView: Reach consensus,org_view=507,org_changeCycle=0,cur_changeCycle=0,to_view=508
info|2019-12-05 00:02:59.808558|[g:1][CONSENSUS]addRawPrepare,height=29,reqIdx=0,hash=48d52c0d...
info|2019-12-05 00:02:59.808804|[g:1][CONSENSUS][PBFT]checkTimeout Succ,view=508,toView=509,nodeIdx=2,changeCycle=0,myNode=933db757...,timecost=0.187
info|2019-12-05 00:02:59.809392|[g:1][CONSENSUS][PBFT]checkAndChangeView: Reach consensus,org_view=508,org_changeCycle=0,cur_changeCycle=0,to_view=509
info|2019-12-05 00:03:00.812367|[g:1][CONSENSUS]addRawPrepare,height=29,reqIdx=1,hash=590ae8c6...
info|2019-12-05 00:03:00.812626|[g:1][CONSENSUS][PBFT]checkTimeout Succ,view=509,toView=510,nodeIdx=2,changeCycle=0,myNode=933db757...,timecost=0.188
info|2019-12-05 00:03:00.813249|[g:1][CONSENSUS][PBFT]checkAndChangeView: Reach consensus,org_view=509,org_changeCycle=0,cur_changeCycle=0,to_view=510
info|2019-12-05 00:03:01.813368|[g:1][CONSENSUS][SEALER]++++++++++++++++ Generating seal on,blkNum=29,tx=0,nodeIdx=2,hash=5119fe3e...
info|2019-12-05 00:03:01.815576|[g:1][CONSENSUS][PBFT]checkTimeout Succ,view=510,toView=511,nodeIdx=2,changeCycle=0,myNode=933db757...,timecost=0.196
info|2019-12-05 00:03:01.816179|[g:1][CONSENSUS][PBFT]checkAndChangeView: Reach consensus,org_view=510,org_changeCycle=0,cur_changeCycle=0,to_view=511
info|2019-12-05 00:03:02.817104|[g:1][CONSENSUS]addRawPrepare,height=29,reqIdx=3,hash=23474b04...
info|2019-12-05 00:03:02.817363|[g:1][CONSENSUS][PBFT]checkTimeout Succ,view=511,toView=512,nodeIdx=2,changeCycle=0,myNode=933db757...,timecost=0.183
info|2019-12-05 00:03:02.818889|[g:1][CONSENSUS][PBFT]checkAndChangeView: Reach consensus,org_view=511,org_changeCycle=0,cur_changeCycle=0,to_view=512
info|2019-12-05 00:03:03.822758|[g:1][CONSENSUS]addRawPrepare,height=29,reqIdx=0,hash=09b5a990...
info|2019-12-05 00:03:03.823224|[g:1][CONSENSUS][PBFT]checkTimeout Succ,view=512,toView=513,nodeIdx=2,changeCycle=0,myNode=933db757...,timecost=0.184
info|2019-12-05 00:03:03.823935|[g:1][CONSENSUS][PBFT]checkAndChangeView: Reach consensus,org_view=512,org_changeCycle=0,cur_changeCycle=0,to_view=513
info|2019-12-05 00:03:04.827090|[g:1][CONSENSUS]addRawPrepare,height=29,reqIdx=1,hash=cee21980...
info|2019-12-05 00:03:04.827566|[g:1][CONSENSUS][PBFT]checkTimeout Succ,view=513,toView=514,nodeIdx=2,changeCycle=0,myNode=933db757...,timecost=0.413
info|2019-12-05 00:03:04.828177|[g:1][CONSENSUS][PBFT]checkAndChangeView: Reach consensus,org_view=513,org_changeCycle=0,cur_changeCycle=0,to_view=514
info|2019-12-05 00:03:05.828529|[g:1][CONSENSUS][SEALER]++++++++++++++++ Generating seal on,blkNum=29,tx=0,nodeIdx=2,hash=6d892137...
info|2019-12-05 00:03:05.831443|[g:1][CONSENSUS][PBFT]checkTimeout Succ,view=514,toView=515,nodeIdx=2,changeCycle=0,myNode=933db757...,timecost=2.413
info|2019-12-05 00:03:05.832870|[g:1][CONSENSUS][PBFT]checkAndChangeView: Reach consensus,org_view=514,org_changeCycle=0,cur_changeCycle=0,to_view=515
info|2019-12-05 00:03:06.834016|[g:1][CONSENSUS]addRawPrepare,height=29,reqIdx=3,hash=4c88e75d...
info|2019-12-05 00:03:06.834258|[g:1][CONSENSUS][PBFT]checkTimeout Succ,view=515,toView=516,nodeIdx=2,changeCycle=0,myNode=933db757...,timecost=0.182
info|2019-12-05 00:03:06.835535|[g:1][CONSENSUS][PBFT]checkAndChangeView: Reach consensus,org_view=515,org_changeCycle=0,cur_changeCycle=0,to_view=516
info|2019-12-05 00:03:07.059866|[P2P][Service] heartBeat,connected count=3
info|2019-12-05 00:03:07.838661|[g:1][CONSENSUS]addRawPrepare,height=29,reqIdx=0,hash=431f25b5...
info|2019-12-05 00:03:07.838938|[g:1][CONSENSUS][PBFT]checkTimeout Succ,view=516,toView=517,nodeIdx=2,changeCycle=0,myNode=933db757...,timecost=0.216
info|2019-12-05 00:03:07.840718|[g:1][CONSENSUS][PBFT]checkAndChangeView: Reach consensus,org_view=516,org_changeCycle=0,cur_changeCycle=0,to_view=517
info|2019-12-05 00:03:08.840624|[g:1][CONSENSUS]addRawPrepare,height=29,reqIdx=1,hash=f7098462...
info|2019-12-05 00:03:08.840891|[g:1][CONSENSUS][PBFT]checkTimeout Succ,view=517,toView=518,nodeIdx=2,changeCycle=0,myNode=933db757...,timecost=0.183
info|2019-12-05 00:03:08.842644|[g:1][CONSENSUS][PBFT]checkAndChangeView: Reach consensus,org_view=517,org_changeCycle=0,cur_changeCycle=0,to_view=518
info|2019-12-05 00:03:09.842262|[g:1][CONSENSUS][SEALER]++++++++++++++++ Generating seal on,blkNum=29,tx=0,nodeIdx=2,hash=48b8c681...
info|2019-12-05 00:03:09.842782|[g:1][CONSENSUS][PBFT]checkTimeout Succ,view=518,toView=519,nodeIdx=2,changeCycle=0,myNode=933db757...,timecost=0.193
info|2019-12-05 00:03:09.845539|[g:1][CONSENSUS][PBFT]checkAndChangeView: Reach consensus,org_view=518,org_changeCycle=0,cur_changeCycle=0,to_view=519
info|2019-12-05 00:03:10.848270|[g:1][CONSENSUS]addRawPrepare,height=29,reqIdx=3,hash=1d46efc4...
info|2019-12-05 00:03:10.848560|[g:1][CONSENSUS][PBFT]checkTimeout Succ,view=519,toView=520,nodeIdx=2,changeCycle=0,myNode=933db757...,timecost=0.182
info|2019-12-05 00:03:10.849629|[g:1][CONSENSUS][PBFT]checkAndChangeView: Reach consensus,org_view=519,org_changeCycle=0,cur_changeCycle=0,to_view=520
info|2019-12-05 00:03:11.850521|[g:1][CONSENSUS]addRawPrepare,height=29,reqIdx=0,hash=6a985bb3...
info|2019-12-05 00:03:11.850770|[g:1][CONSENSUS][PBFT]checkTimeout Succ,view=520,toView=521,nodeIdx=2,changeCycle=0,myNode=933db757...,timecost=0.183
info|2019-12-05 00:03:11.852546|[g:1][CONSENSUS][PBFT]checkAndChangeView: Reach consensus,org_view=520,org_changeCycle=0,cur_changeCycle=0,to_view=521
info|2019-12-05 00:03:12.854929|[g:1][CONSENSUS]addRawPrepare,height=29,reqIdx=1,hash=94272fe7...
info|2019-12-05 00:03:12.855229|[g:1][CONSENSUS][PBFT]checkTimeout Succ,view=521,toView=522,nodeIdx=2,changeCycle=0,myNode=933db757...,timecost=0.239
info|2019-12-05 00:03:12.857663|[g:1][CONSENSUS][PBFT]checkAndChangeView: Reach consensus,org_view=521,org_changeCycle=0,cur_changeCycle=0,to_view=522
info|2019-12-05 00:03:13.858301|[g:1][CONSENSUS][SEALER]++++++++++++++++ Generating seal on,blkNum=29,tx=0,nodeIdx=2,hash=96aa5d08...
info|2019-12-05 00:03:13.860361|[g:1][CONSENSUS][PBFT]checkTimeout Succ,view=522,toView=523,nodeIdx=2,changeCycle=0,myNode=933db757...,timecost=0.18
info|2019-12-05 00:03:13.860632|[g:1][CONSENSUS][PBFT]checkAndChangeView: Reach consensus,org_view=522,org_changeCycle=0,cur_changeCycle=0,to_view=523
info|2019-12-05 00:03:14.865358|[g:1][CONSENSUS]addRawPrepare,height=29,reqIdx=3,hash=cc517f9e...
info|2019-12-05 00:03:14.865600|[g:1][CONSENSUS][PBFT]checkTimeout Succ,view=523,toView=524,nodeIdx=2,changeCycle=0,myNode=933db757...,timecost=0.182
info|2019-12-05 00:03:14.866460|[g:1][CONSENSUS][PBFT]checkAndChangeView: Reach consensus,org_view=523,org_changeCycle=0,cur_changeCycle=0,to_view=524
info|2019-12-05 00:03:15.868836|[g:1][CONSENSUS]addRawPrepare,height=29,reqIdx=0,hash=08af20d9...
info|2019-12-05 00:03:15.869079|[g:1][CONSENSUS][PBFT]checkTimeout Succ,view=524,toView=525,nodeIdx=2,changeCycle=0,myNode=933db757...,timecost=0.174
info|2019-12-05 00:03:15.870729|[g:1][CONSENSUS][PBFT]checkAndChangeView: Reach consensus,org_view=524,org_changeCycle=0,cur_changeCycle=0,to_view=525
info|2019-12-05 00:03:16.872374|[g:1][CONSENSUS]addRawPrepare,height=29,reqIdx=1,hash=2c30ad2f...
info|2019-12-05 00:03:16.873827|[g:1][CONSENSUS][PBFT]checkTimeout Succ,view=525,toView=526,nodeIdx=2,changeCycle=0,myNode=933db757...,timecost=1.392
info|2019-12-05 00:03:16.875127|[g:1][CONSENSUS][PBFT]checkAndChangeView: Reach consensus,org_view=525,org_changeCycle=0,cur_changeCycle=0,to_view=526
info|2019-12-05 00:03:17.060389|[P2P][Service] heartBeat,connected count=3
info|2019-12-05 00:03:17.876441|[g:1][CONSENSUS][SEALER]++++++++++++++++ Generating seal on,blkNum=29,tx=0,nodeIdx=2,hash=e7e94bdd...
info|2019-12-05 00:03:17.877021|[g:1][CONSENSUS][PBFT]checkTimeout Succ,view=526,toView=527,nodeIdx=2,changeCycle=0,myNode=933db757...,timecost=0.294
info|2019-12-05 00:03:17.879377|[g:1][CONSENSUS][PBFT]checkAndChangeView: Reach consensus,org_view=526,org_changeCycle=0,cur_changeCycle=0,to_view=527
info|2019-12-05 00:03:18.883830|[g:1][CONSENSUS]addRawPrepare,height=29,reqIdx=3,hash=569c44bd...
info|2019-12-05 00:03:18.884070|[g:1][CONSENSUS][PBFT]checkTimeout Succ,view=527,toView=528,nodeIdx=2,changeCycle=0,myNode=933db757...,timecost=0.172
info|2019-12-05 00:03:18.885019|[g:1][CONSENSUS][PBFT]checkAndChangeView: Reach consensus,org_view=527,org_changeCycle=0,cur_changeCycle=0,to_view=528
info|2019-12-05 00:03:19.887427|[g:1][CONSENSUS]addRawPrepare,height=29,reqIdx=0,hash=a29e43f2...
info|2019-12-05 00:03:19.887738|[g:1][CONSENSUS][PBFT]checkTimeout Succ,view=528,toView=529,nodeIdx=2,changeCycle=0,myNode=933db757...,timecost=0.209
info|2019-12-05 00:03:19.890818|[g:1][CONSENSUS][PBFT]checkAndChangeView: Reach consensus,org_view=528,org_changeCycle=0,cur_changeCycle=0,to_view=529
info|2019-12-05 00:03:20.893216|[g:1][CONSENSUS]addRawPrepare,height=29,reqIdx=1,hash=93cdcc72...
info|2019-12-05 00:03:20.894754|[g:1][CONSENSUS][PBFT]checkTimeout Succ,view=529,toView=530,nodeIdx=2,changeCycle=0,myNode=933db757...,timecost=1.482
info|2019-12-05 00:03:20.895371|[g:1][CONSENSUS][PBFT]checkAndChangeView: Reach consensus,org_view=529,org_changeCycle=0,cur_changeCycle=0,to_view=530
info|2019-12-05 00:03:21.895566|[g:1][CONSENSUS][SEALER]++++++++++++++++ Generating seal on,blkNum=29,tx=0,nodeIdx=2,hash=b61d4432...
info|2019-12-05 00:03:21.896156|[g:1][CONSENSUS][PBFT]checkTimeout Succ,view=530,toView=531,nodeIdx=2,changeCycle=0,myNode=933db757...,timecost=0.263
info|2019-12-05 00:03:21.897803|[g:1][CONSENSUS][PBFT]checkAndChangeView: Reach consensus,org_view=530,org_changeCycle=0,cur_changeCycle=0,to_view=531
info|2019-12-05 00:03:22.900703|[g:1][CONSENSUS]addRawPrepare,height=29,reqIdx=3,hash=74a83434...
info|2019-12-05 00:03:22.900970|[g:1][CONSENSUS][PBFT]checkTimeout Succ,view=531,toView=532,nodeIdx=2,changeCycle=0,myNode=933db757...,timecost=0.191
info|2019-12-05 00:03:22.901683|[g:1][CONSENSUS][PBFT]checkAndChangeView: Reach consensus,org_view=531,org_changeCycle=0,cur_changeCycle=0,to_view=532
info|2019-12-05 00:03:23.904502|[g:1][CONSENSUS]addRawPrepare,height=29,reqIdx=0,hash=d9e36162...
info|2019-12-05 00:03:23.904745|[g:1][CONSENSUS][PBFT]checkTimeout Succ,view=532,toView=533,nodeIdx=2,changeCycle=0,myNode=933db757...,timecost=0.178
info|2019-12-05 00:03:23.906495|[g:1][CONSENSUS][PBFT]checkAndChangeView: Reach consensus,org_view=532,org_changeCycle=0,cur_changeCycle=0,to_view=533
info|2019-12-05 00:03:24.909760|[g:1][CONSENSUS]addRawPrepare,height=29,reqIdx=1,hash=942a4d93...
info|2019-12-05 00:03:24.910074|[g:1][CONSENSUS][PBFT]checkTimeout Succ,view=533,toView=534,nodeIdx=2,changeCycle=0,myNode=933db757...,timecost=0.197
info|2019-12-05 00:03:24.912478|[g:1][CONSENSUS][PBFT]checkAndChangeView: Reach consensus,org_view=533,org_changeCycle=0,cur_changeCycle=0,to_view=534
                                                                                                                                                                                                                                                                                                                                                                                                                                                                                                                                                                                                                                                                                                                                                                                                                                                                                                                                                                                                                                                                                                                                                                                                                                                                                                                                                                                                                                                                                                                                                                                                                                                                                                                                                                                                         