info|2019-12-04 23:00:00.149889|[g:1][CONSENSUS]addRawPrepare,height=13,reqIdx=3,hash=b8f96308...
info|2019-12-04 23:00:00.150521|[g:1][CONSENSUS][PBFT]checkTimeout Succ,view=7,toView=8,nodeIdx=2,changeCycle=0,myNode=933db757...,timecost=0.547
info|2019-12-04 23:00:00.155368|[g:1][CONSENSUS][PBFT]checkAndChangeView: Reach consensus,org_view=7,org_changeCycle=0,cur_changeCycle=0,to_view=8
info|2019-12-04 23:00:01.168216|[g:1][CONSENSUS]addRawPrepare,height=13,reqIdx=0,hash=346097c5...
info|2019-12-04 23:00:01.171010|[g:1][CONSENSUS][PBFT]checkTimeout Succ,view=8,toView=9,nodeIdx=2,changeCycle=0,myNode=933db757...,timecost=1.651
info|2019-12-04 23:00:01.171648|[g:1][CONSENSUS][PBFT]checkAndChangeView: Reach consensus,org_view=8,org_changeCycle=0,cur_changeCycle=0,to_view=9
info|2019-12-04 23:00:02.173055|[g:1][CONSENSUS]addRawPrepare,height=13,reqIdx=1,hash=fb83fe66...
info|2019-12-04 23:00:02.173409|[g:1][CONSENSUS][PBFT]checkTimeout Succ,view=9,toView=10,nodeIdx=2,changeCycle=0,myNode=933db757...,timecost=0.257
info|2019-12-04 23:00:02.177332|[g:1][CONSENSUS][PBFT]checkAndChangeView: Reach consensus,org_view=9,org_changeCycle=0,cur_changeCycle=0,to_view=10
info|2019-12-04 23:00:02.614462|[P2P][Service] heartBeat,connected count=3
info|2019-12-04 23:00:02.695071|[NETWORK][Session]Received topic: [8	_block_notify_1] from b5092dbec8f82d36aa767e22fe0135054641d897d33c1de3d982a04300d9ecc13a587f8cc5a89d6b7f409f818709fb71ecb496de3d6bbe75baf243cda03171b3
info|2019-12-04 23:00:02.695159|[NETWORK][Session]Received topic: [8	_block_notify_1] from 6e2a321125714840e9e059cc15ee7a7a56bcd3bc1b5606bc78d31dcb84fc9b6c2d243fc93a230ac2407e78a029c823916502b2d7bf65d99643b5e2ed9742d77e
info|2019-12-04 23:00:02.791162|[g:1][CONSENSUS][SEALER]++++++++++++++++ Generating seal on,blkNum=13,tx=1,nodeIdx=2,hash=666bc88b...
info|2019-12-04 23:00:02.844165|[g:1][CONSENSUS]addRawPrepare,height=13,reqIdx=2,hash=666bc88b...
info|2019-12-04 23:00:02.844543|[g:1][BLOCKVERIFIER][executeBlock]Executing block,txNum=1,num=13,parentHash=92d4e50a2994a861d910bd6a2a587a2af6ac7df1511ea2d4044134b861f71866,parentNum=12,parentStateRoot=52bbec2eb19411fa6270e485c9597d299247183a322ad7de60221453147ccfe1
info|2019-12-04 23:00:02.883990|[g:1][CONSENSUS][PBFT]execBlock,blkNum=13,reqIdx=2,hash=d3339733...,nodeIdx=2,myNode=933db757...,decodeCost=0,checkCost=0,notifyCost=0,noteSealingCost=0,currentCycle=0,verifyAndSetSenderCost=0,execCost=39,execPerTx=39,totalCost=40
info|2019-12-04 23:00:02.884971|[g:1][CONSENSUS][PBFT]handlePrepareMsg Succ,Timecost=41.033,INFO=handlePrepareMsg,reqIdx=2,view=10,reqNum=13,curNum=12,consNum=13,fromIp=self,hash=666bc88b...,nodeIdx=2,myNode=933db757...,curChangeCycle=0
info|2019-12-04 23:00:02.885002|[g:1][CONSENSUS][PBFT]generateLocalPrepare,hash=666bc88b...,H=13,nodeIdx=2,myNode=933db757...
info|2019-12-04 23:00:02.885255|[g:1][CONSENSUS][PBFT]handleSignMsg Succ,Timecost=0.216,INFO=handleSignMsg,num=13,curNum=12,GenIdx=3,Sview=10,view=10,fromIdx=1,fromNode=7683f020...,fromIp=127.0.0.1:30303,hash=d3339733...,nodeIdx=2,myNode=933db757...
info|2019-12-04 23:00:02.885554|[g:1][CONSENSUS][PBFT]checkAndCommit: backup/updateCommittedPrepare,reqNum=13,hash=666bc88b...,nodeIdx=2,myNode=933db757...
info|2019-12-04 23:00:02.886834|[g:1][CONSENSUS][PBFT]handleSignMsg Succ,Timecost=1.569,INFO=handleSignMsg,num=13,curNum=12,GenIdx=0,Sview=10,view=10,fromIdx=0,fromNode=6e2a3211...,fromIp=127.0.0.1:30300,hash=d3339733...,nodeIdx=2,myNode=933db757...
info|2019-12-04 23:00:02.887162|[g:1][CONSENSUS][PBFT]handleSignMsg Succ,Timecost=0.294,INFO=handleSignMsg,num=13,curNum=12,GenIdx=1,Sview=10,view=10,fromIdx=1,fromNode=7683f020...,fromIp=127.0.0.1:30303,hash=d3339733...,nodeIdx=2,myNode=933db757...
info|2019-12-04 23:00:02.887406|[g:1][CONSENSUS][PBFT]handleCommitMsg Succ,INFO=handleCommitMsg,reqNum=13,curNum=12,GenIdx=0,Cview=10,view=10,fromIdx=0,fromNode=6e2a3211...,fromIp=127.0.0.1:30300,hash=d3339733...,nodeIdx=2,myNode=933db757...,Timecost=0.21
info|2019-12-04 23:00:02.887641|[g:1][CONSENSUS][PBFT]checkAndSave: CommitReq enough,prepareHeight=13,commitSize=3,hash=d3339733...,nodeIdx=2,myNode=933db757...
info|2019-12-04 23:00:02.889090|[g:1][g:1][STORAGE][CachedStorage]CachedStorage commit: 8 hash: d3339733d2cef7b7f919fcd03f0e48c10ca8619acfd980ae6829013f167704bc num: 13
info|2019-12-04 23:00:02.889299|[STORAGE]Start commit block: 13 to backend storage
info|2019-12-04 23:00:02.889327|[g:1][STORAGE]Submited block task: 13, current syncd block: 12
info|2019-12-04 23:00:02.889380|[g:1]Push block notify: 1-13
info|2019-12-04 23:00:02.889434|[g:1][CONSENSUS][PBFT]CommitBlock Succ,prepareHeight=13,reqIdx=2,hash=d3339733...,nodeIdx=2,myNode=933db757...,genSigTimeCost=0,commitBlockTimeCost=2,dropTxsTimeCost=0,noteSealingTimeCost=0,totalTimeCost=2
info|2019-12-04 23:00:02.889445|[g:1][CONSENSUS][PBFT]handleCommitMsg Succ,INFO=handleCommitMsg,reqNum=13,curNum=12,GenIdx=1,Cview=10,view=10,fromIdx=1,fromNode=7683f020...,fromIp=127.0.0.1:30303,hash=d3339733...,nodeIdx=2,myNode=933db757...,Timecost=2.01
info|2019-12-04 23:00:02.889888|[g:1][CONSENSUS][PBFT]checkReq: Recv future request,prepHash=00000000...,INFO=handleSignMsg,num=13,curNum=12,GenIdx=1,Sview=10,view=10,fromIdx=0,fromNode=6e2a3211...,fromIp=127.0.0.1:30300,hash=d3339733...,nodeIdx=2,myNode=933db757...
info|2019-12-04 23:00:02.889899|[g:1][CONSENSUS][PBFT]FutureBlock,INFO=handleSignMsg,num=13,curNum=12,GenIdx=1,Sview=10,view=10,fromIdx=0,fromNode=6e2a3211...,fromIp=127.0.0.1:30300,hash=d3339733...,nodeIdx=2,myNode=933db757...
info|2019-12-04 23:00:02.890165|[g:1][CONSENSUS][PBFT]checkReq: Recv future request,prepHash=00000000...,INFO=handleSignMsg,num=13,curNum=12,GenIdx=0,Sview=10,view=10,fromIdx=1,fromNode=7683f020...,fromIp=127.0.0.1:30303,hash=d3339733...,nodeIdx=2,myNode=933db757...
info|2019-12-04 23:00:02.890171|[g:1][CONSENSUS][PBFT]FutureBlock,INFO=handleSignMsg,num=13,curNum=12,GenIdx=0,Sview=10,view=10,fromIdx=1,fromNode=7683f020...,fromIp=127.0.0.1:30303,hash=d3339733...,nodeIdx=2,myNode=933db757...
info|2019-12-04 23:00:02.893885|[g:1][CONSENSUS][PBFT]checkReq: Recv future request,prepHash=00000000...,INFO=handleCommitMsg,reqNum=13,curNum=12,GenIdx=1,Cview=10,view=10,fromIdx=0,fromNode=6e2a3211...,fromIp=127.0.0.1:30300,hash=d3339733...,nodeIdx=2,myNode=933db757...
info|2019-12-04 23:00:02.894117|[g:1][CONSENSUS][PBFT]checkReq: Recv future request,prepHash=00000000...,INFO=handleCommitMsg,reqNum=13,curNum=12,GenIdx=3,Cview=10,view=10,fromIdx=1,fromNode=7683f020...,fromIp=127.0.0.1:30303,hash=d3339733...,nodeIdx=2,myNode=933db757...
info|2019-12-04 23:00:02.894330|[g:1][CONSENSUS][PBFT]checkReq: Recv future request,prepHash=00000000...,INFO=handleSignMsg,num=13,curNum=12,GenIdx=3,Sview=10,view=10,fromIdx=3,fromNode=b5092dbe...,fromIp=127.0.0.1:30301,hash=d3339733...,nodeIdx=2,myNode=933db757...
info|2019-12-04 23:00:02.894683|[g:1][CONSENSUS][PBFT]checkReq: Recv future request,prepHash=00000000...,INFO=handleSignMsg,num=13,curNum=12,GenIdx=3,Sview=10,view=10,fromIdx=0,fromNode=6e2a3211...,fromIp=127.0.0.1:30300,hash=d3339733...,nodeIdx=2,myNode=933db757...
info|2019-12-04 23:00:02.894949|[g:1][CONSENSUS][PBFT]checkReq: Recv future request,prepHash=00000000...,INFO=handleCommitMsg,reqNum=13,curNum=12,GenIdx=0,Cview=10,view=10,fromIdx=3,fromNode=b5092dbe...,fromIp=127.0.0.1:30301,hash=d3339733...,nodeIdx=2,myNode=933db757...
info|2019-12-04 23:00:02.895121|[g:1][CONSENSUS][PBFT]^^^^^^^^Report,num=13,sealerIdx=2,hash=d3339733...,next=14,tx=1,nodeIdx=2
info|2019-12-04 23:00:02.918125|[STORAGE][g:1]
---------------------------------------------------------------------
Commit block: 13 to backend storage finished, current cached block: 13
Flush elapsed time: 0.0288s
---------------------------------------------------------------------

info|2019-12-04 23:00:03.879771|[g:1][CONSENSUS]addRawPrepare,height=14,reqIdx=1,hash=9a0e8a84...
info|2019-12-04 23:00:03.881588|[g:1][CONSENSUS][PBFT]checkTimeout Succ,view=0,toView=1,nodeIdx=2,changeCycle=0,myNode=933db757...,timecost=1.269
info|2019-12-04 23:00:03.890470|[g:1][CONSENSUS][PBFT]checkAndChangeView: Reach consensus,org_view=0,org_changeCycle=0,cur_changeCycle=0,to_view=1
info|2019-12-04 23:00:04.891424|[g:1][CONSENSUS][SEALER]++++++++++++++++ Generating seal on,blkNum=14,tx=0,nodeIdx=2,hash=72ee3975...
info|2019-12-04 23:00:04.892800|[g:1][CONSENSUS][PBFT]checkTimeout Succ,view=1,toView=2,nodeIdx=2,changeCycle=0,myNode=933db757...,timecost=0.497
info|2019-12-04 23:00:04.897238|[g:1][CONSENSUS][PBFT]checkAndChangeView: Reach consensus,org_view=1,org_changeCycle=0,cur_changeCycle=0,to_view=2
info|2019-12-04 23:00:05.902312|[g:1][CONSENSUS]addRawPrepare,height=14,reqIdx=3,hash=31845d7e...
info|2019-12-04 23:00:05.909687|[g:1][CONSENSUS][PBFT]checkTimeout Succ,view=2,toView=3,nodeIdx=2,changeCycle=0,myNode=933db757...,timecost=7.122
info|2019-12-04 23:00:05.914028|[g:1][CONSENSUS][PBFT]checkAndChangeView: Reach consensus,org_view=2,org_changeCycle=0,cur_changeCycle=0,to_view=3
info|2019-12-04 23:00:06.915481|[g:1][CONSENSUS]addRawPrepare,height=14,reqIdx=0,hash=b3621d69...
info|2019-12-04 23:00:06.916131|[g:1][CONSENSUS][PBFT]checkTimeout Succ,view=3,toView=4,nodeIdx=2,changeCycle=0,myNode=933db757...,timecost=0.52
info|2019-12-04 23:00:06.921741|[g:1][CONSENSUS][PBFT]checkAndChangeView: Reach consensus,org_view=3,org_changeCycle=0,cur_changeCycle=0,to_view=4
info|2019-12-04 23:00:07.927558|[g:1][CONSENSUS]addRawPrepare,height=14,reqIdx=1,hash=1d55077a...
info|2019-12-04 23:00:07.928516|[g:1][CONSENSUS][PBFT]checkTimeout Succ,view=4,toView=5,nodeIdx=2,changeCycle=0,myNode=933db757...,timecost=0.582
info|2019-12-04 23:00:07.933022|[g:1][CONSENSUS][PBFT]checkAndChangeView: Reach consensus,org_view=4,org_changeCycle=0,cur_changeCycle=0,to_view=5
info|2019-12-04 23:00:08.934226|[g:1][CONSENSUS][SEALER]++++++++++++++++ Generating seal on,blkNum=14,tx=0,nodeIdx=2,hash=eeb9e45f...
info|2019-12-04 23:00:08.935440|[g:1][CONSENSUS][PBFT]checkTimeout Succ,view=5,toView=6,nodeIdx=2,changeCycle=0,myNode=933db757...,timecost=0.447
info|2019-12-04 23:00:08.942599|[g:1][CONSENSUS][PBFT]checkAndChangeView: Reach consensus,org_view=5,org_changeCycle=0,cur_changeCycle=0,to_view=6
info|2019-12-04 23:00:09.951444|[g:1][CONSENSUS]addRawPrepare,height=14,reqIdx=3,hash=af34ae72...
info|2019-12-04 23:00:09.952365|[g:1][CONSENSUS][PBFT]checkTimeout Succ,view=6,toView=7,nodeIdx=2,changeCycle=0,myNode=933db757...,timecost=0.69
info|2019-12-04 23:00:09.959380|[g:1][CONSENSUS][PBFT]checkAndChangeView: Reach consensus,org_view=6,org_changeCycle=0,cur_changeCycle=0,to_view=7
info|2019-12-04 23:00:10.961123|[g:1][CONSENSUS]addRawPrepare,height=14,reqIdx=0,hash=0611255d...
info|2019-12-04 23:00:10.962052|[g:1][CONSENSUS][PBFT]checkTimeout Succ,view=7,toView=8,nodeIdx=2,changeCycle=0,myNode=933db757...,timecost=0.714
info|2019-12-04 23:00:10.971752|[g:1][CONSENSUS][PBFT]checkAndChangeView: Reach consensus,org_view=7,org_changeCycle=0,cur_changeCycle=0,to_view=8
info|2019-12-04 23:00:11.971671|[g:1][CONSENSUS]addRawPrepare,height=14,reqIdx=1,hash=54a5ece3...
info|2019-12-04 23:00:11.972624|[g:1][CONSENSUS][PBFT]checkTimeout Succ,view=8,toView=9,nodeIdx=2,changeCycle=0,myNode=933db757...,timecost=0.747
info|2019-12-04 23:00:11.978897|[g:1][CONSENSUS][PBFT]checkAndChangeView: Reach consensus,org_view=8,org_changeCycle=0,cur_changeCycle=0,to_view=9
info|2019-12-04 23:00:12.614759|[P2P][Service] heartBeat,connected count=3
info|2019-12-04 23:00:12.979196|[g:1][CONSENSUS][SEALER]++++++++++++++++ Generating seal on,blkNum=14,tx=0,nodeIdx=2,hash=c59a606a...
info|2019-12-04 23:00:12.983278|[g:1][CONSENSUS][PBFT]checkTimeout Succ,view=9,toView=10,nodeIdx=2,changeCycle=0,myNode=933db757...,timecost=0.494
info|2019-12-04 23:00:12.988421|[g:1][CONSENSUS][PBFT]checkAndChangeView: Reach consensus,org_view=9,org_changeCycle=0,cur_changeCycle=0,to_view=10
info|2019-12-04 23:00:13.993905|[g:1][CONSENSUS]addRawPrepare,height=14,reqIdx=3,hash=0269b8af...
info|2019-12-04 23:00:13.994596|[g:1][CONSENSUS][PBFT]checkTimeout Succ,view=10,toView=11,nodeIdx=2,changeCycle=0,myNode=933db757...,timecost=0.517
info|2019-12-04 23:00:13.999687|[g:1][CONSENSUS][PBFT]checkAndChangeView: Reach consensus,org_view=10,org_changeCycle=0,cur_changeCycle=0,to_view=11
info|2019-12-04 23:00:15.003434|[g:1][CONSENSUS]addRawPrepare,height=14,reqIdx=0,hash=2c9d5820...
info|2019-12-04 23:00:15.003679|[g:1][CONSENSUS][PBFT]checkTimeout Succ,view=11,toView=12,nodeIdx=2,changeCycle=0,myNode=933db757...,timecost=0.184
info|2019-12-04 23:00:15.006097|[g:1][CONSENSUS][PBFT]checkAndChangeView: Reach consensus,org_view=11,org_changeCycle=0,cur_changeCycle=0,to_view=12
info|2019-12-04 23:00:16.010835|[g:1][CONSENSUS]addRawPrepare,height=14,reqIdx=1,hash=33b6606c...
info|2019-12-04 23:00:16.013461|[g:1][CONSENSUS][PBFT]checkTimeout Succ,view=12,toView=13,nodeIdx=2,changeCycle=0,myNode=933db757...,timecost=2.425
info|2019-12-04 23:00:16.018008|[g:1][CONSENSUS][PBFT]checkAndChangeView: Reach consensus,org_view=12,org_changeCycle=0,cur_changeCycle=0,to_view=13
info|2019-12-04 23:00:17.023113|[g:1][CONSENSUS][SEALER]++++++++++++++++ Generating seal on,blkNum=14,tx=0,nodeIdx=2,hash=2c56ce9b...
info|2019-12-04 23:00:17.025426|[g:1][CONSENSUS][PBFT]checkTimeout Succ,view=13,toView=14,nodeIdx=2,changeCycle=0,myNode=933db757...,timecost=0.988
info|2019-12-04 23:00:17.034761|[g:1][CONSENSUS][PBFT]checkAndChangeView: Reach consensus,org_view=13,org_changeCycle=0,cur_changeCycle=0,to_view=14
info|2019-12-04 23:00:18.041948|[g:1][CONSENSUS]addRawPrepare,height=14,reqIdx=3,hash=c318764b...
info|2019-12-04 23:00:18.042601|[g:1][CONSENSUS][PBFT]checkTimeout Succ,view=14,toView=15,nodeIdx=2,changeCycle=0,myNode=933db757...,timecost=0.436
info|2019-12-04 23:00:18.048394|[g:1][CONSENSUS][PBFT]checkAndChangeView: Reach consensus,org_view=14,org_changeCycle=0,cur_changeCycle=0,to_view=15
info|2019-12-04 23:00:19.050400|[g:1][CONSENSUS]addRawPrepare,height=14,reqIdx=0,hash=aa23db24...
info|2019-12-04 23:00:19.051209|[g:1][CONSENSUS][PBFT]checkTimeout Succ,view=15,toView=16,nodeIdx=2,changeCycle=0,myNode=933db757...,timecost=0.613
info|2019-12-04 23:00:19.061440|[g:1][CONSENSUS][PBFT]checkAndChangeView: Reach consensus,org_view=15,org_changeCycle=0,cur_changeCycle=0,to_view=16
info|2019-12-04 23:00:20.060121|[g:1][CONSENSUS]addRawPrepare,height=14,reqIdx=1,hash=12d51aa7...
info|2019-12-04 23:00:20.066131|[g:1][CONSENSUS][PBFT]checkTimeout Succ,view=16,toView=17,nodeIdx=2,changeCycle=0,myNode=933db757...,timecost=5.138
info|2019-12-04 23:00:20.070531|[g:1][CONSENSUS][PBFT]checkAndChangeView: Reach consensus,org_view=16,org_changeCycle=0,cur_changeCycle=0,to_view=17
info|2019-12-04 23:00:21.070531|[g:1][CONSENSUS][SEALER]++++++++++++++++ Generating seal on,blkNum=14,tx=0,nodeIdx=2,hash=04386bc9...
info|2019-12-04 23:00:21.073157|[g:1][CONSENSUS][PBFT]checkTimeout Succ,view=17,toView=18,nodeIdx=2,changeCycle=0,myNode=933db757...,timecost=0.727
info|2019-12-04 23:00:21.082417|[g:1][CONSENSUS][PBFT]checkAndChangeView: Reach consensus,org_view=17,org_changeCycle=0,cur_changeCycle=0,to_view=18
info|2019-12-04 23:00:22.094453|[g:1][CONSENSUS]addRawPrepare,height=14,reqIdx=3,hash=26ddf0ca...
info|2019-12-04 23:00:22.098613|[g:1][CONSENSUS][PBFT]checkTimeout Succ,view=18,toView=19,nodeIdx=2,changeCycle=0,myNode=933db757...,timecost=0.726
info|2019-12-04 23:00:22.104423|[g:1][CONSENSUS][PBFT]checkAndChangeView: Reach consensus,org_view=18,org_changeCycle=0,cur_changeCycle=0,to_view=19
info|2019-12-04 23:00:22.615657|[P2P][Service] heartBeat,connected count=3
info|2019-12-04 23:00:23.110430|[g:1][CONSENSUS]addRawPrepare,height=14,reqIdx=0,hash=c2136b81...
info|2019-12-04 23:00:23.111091|[g:1][CONSENSUS][PBFT]checkTimeout Succ,view=19,toView=20,nodeIdx=2,changeCycle=0,myNode=933db757...,timecost=0.468
info|2019-12-04 23:00:23.116115|[g:1][CONSENSUS][PBFT]checkAndChangeView: Reach consensus,org_view=19,org_changeCycle=0,cur_changeCycle=0,to_view=20
info|2019-12-04 23:00:24.127562|[g:1][CONSENSUS]addRawPrepare,height=14,reqIdx=1,hash=b3cadd94...
info|2019-12-04 23:00:24.128451|[g:1][CONSENSUS][PBFT]checkTimeout Succ,view=20,toView=21,nodeIdx=2,changeCycle=0,myNode=933db757...,timecost=0.708
info|2019-12-04 23:00:24.134327|[g:1][CONSENSUS][PBFT]checkAndChangeView: Reach consensus,org_view=20,org_changeCycle=0,cur_changeCycle=0,to_view=21
info|2019-12-04 23:00:25.135625|[g:1][CONSENSUS][SEALER]++++++++++++++++ Generating seal on,blkNum=14,tx=0,nodeIdx=2,hash=241c0b41...
info|2019-12-04 23:00:25.138444|[g:1][CONSENSUS][PBFT]checkTimeout Succ,view=21,toView=22,nodeIdx=2,changeCycle=0,myNode=933db757...,timecost=0.244
info|2019-12-04 23:00:25.138715|[g:1][CONSENSUS][PBFT]checkAndChangeView: Reach consensus,org_view=21,org_changeCycle=0,cur_changeCycle=0,to_view=22
info|2019-12-04 23:00:26.141776|[g:1][CONSENSUS]addRawPrepare,height=14,reqIdx=3,hash=398f3785...
info|2019-12-04 23:00:26.142124|[g:1][CONSENSUS][PBFT]checkTimeout Succ,view=22,toView=23,nodeIdx=2,changeCycle=0,myNode=933db757...,timecost=0.257
info|2019-12-04 23:00:26.145299|[g:1][CONSENSUS][PBFT]checkAndChangeView: Reach consensus,org_view=22,org_changeCycle=0,cur_changeCycle=0,to_view=23
info|2019-12-04 23:00:27.148564|[g:1][CONSENSUS]addRawPrepare,height=14,reqIdx=0,hash=ddbf8ed1...
info|2019-12-04 23:00:27.148836|[g:1][CONSENSUS][PBFT]checkTimeout Succ,view=23,toView=24,nodeIdx=2,changeCycle=0,myNode=933db757...,timecost=0.183
info|2019-12-04 23:00:27.152980|[g:1][CONSENSUS][PBFT]checkAndChangeView: Reach consensus,org_view=23,org_changeCycle=0,cur_changeCycle=0,to_view=24
info|2019-12-04 23:00:28.154179|[g:1][CONSENSUS]addRawPrepare,height=14,reqIdx=1,hash=b6e13634...
info|2019-12-04 23:00:28.154415|[g:1][CONSENSUS][PBFT]checkTimeout Succ,view=24,toView=25,nodeIdx=2,changeCycle=0,myNode=933db757...,timecost=0.175
info|2019-12-04 23:00:28.156985|[g:1][CONSENSUS][PBFT]checkAndChangeView: Reach consensus,org_view=24,org_changeCycle=0,cur_changeCycle=0,to_view=25
info|2019-12-04 23:00:29.157261|[g:1][CONSENSUS][SEALER]++++++++++++++++ Generating seal on,blkNum=14,tx=0,nodeIdx=2,hash=38f86083...
info|2019-12-04 23:00:29.163586|[g:1][CONSENSUS][PBFT]checkTimeout Succ,view=25,toView=26,nodeIdx=2,changeCycle=0,myNode=933db757...,timecost=3.385
info|2019-12-04 23:00:29.164714|[g:1][CONSENSUS][PBFT]checkAndChangeView: Reach consensus,org_view=25,org_changeCycle=0,cur_changeCycle=0,to_view=26
info|2019-12-04 23:00:30.163827|[g:1][CONSENSUS]addRawPrepare,height=14,reqIdx=3,hash=2bacc248...
info|2019-12-04 23:00:30.164087|[g:1][CONSENSUS][PBFT]checkTimeout Succ,view=26,toView=27,nodeIdx=2,changeCycle=0,myNode=933db757...,timecost=0.178
info|2019-12-04 23:00:30.166252|[g:1][CONSENSUS][PBFT]checkAndChangeView: Reach consensus,org_view=26,org_changeCycle=0,cur_changeCycle=0,to_view=27
info|2019-12-04 23:00:31.167712|[g:1][CONSENSUS]addRawPrepare,height=14,reqIdx=0,hash=24e5a9d8...
info|2019-12-04 23:00:31.168082|[g:1][CONSENSUS][PBFT]checkTimeout Succ,view=27,toView=28,nodeIdx=2,changeCycle=0,myNode=933db757...,timecost=0.294
info|2019-12-04 23:00:31.172919|[g:1][CONSENSUS][PBFT]checkAndChangeView: Reach consensus,org_view=27,org_changeCycle=0,cur_changeCycle=0,to_view=28
info|2019-12-04 23:00:32.173831|[g:1][CONSENSUS]addRawPrepare,height=14,reqIdx=1,hash=36b2ea41...
info|2019-12-04 23:00:32.174555|[g:1][CONSENSUS][PBFT]checkTimeout Succ,view=28,toView=29,nodeIdx=2,changeCycle=0,myNode=933db757...,timecost=0.567
info|2019-12-04 23:00:32.182435|[g:1][CONSENSUS][PBFT]checkAndChangeView: Reach consensus,org_view=28,org_changeCycle=0,cur_changeCycle=0,to_view=29
info|2019-12-04 23:00:32.616452|[P2P][Service] heartBeat,connected count=3
info|2019-12-04 23:00:33.182919|[g:1][CONSENSUS][SEALER]++++++++++++++++ Generating seal on,blkNum=14,tx=0,nodeIdx=2,hash=1c80ff64...
info|2019-12-04 23:00:33.185798|[g:1][CONSENSUS][PBFT]checkTimeout Succ,view=29,toView=30,nodeIdx=2,changeCycle=0,myNode=933db757...,timecost=0.236
info|2019-12-04 23:00:33.186580|[g:1][CONSENSUS][PBFT]checkAndChangeView: Reach consensus,org_view=29,org_changeCycle=0,cur_changeCycle=0,to_view=30
info|2019-12-04 23:00:34.189664|[g:1][CONSENSUS]addRawPrepare,height=14,reqIdx=3,hash=e66b793a...
info|2019-12-04 23:00:34.190029|[g:1][CONSENSUS][PBFT]checkTimeout Succ,view=30,toView=31,nodeIdx=2,changeCycle=0,myNode=933db757...,timecost=0.189
info|2019-12-04 23:00:34.192980|[g:1][CONSENSUS][PBFT]checkAndChangeView: Reach consensus,org_view=30,org_changeCycle=0,cur_changeCycle=0,to_view=31
info|2019-12-04 23:00:35.196259|[g:1][CONSENSUS]addRawPrepare,height=14,reqIdx=0,hash=a248ccca...
info|2019-12-04 23:00:35.196617|[g:1][CONSENSUS][PBFT]checkTimeout Succ,view=31,toView=32,nodeIdx=2,changeCycle=0,myNode=933db757...,timecost=0.193
info|2019-12-04 23:00:35.208736|[g:1][CONSENSUS][PBFT]checkAndChangeView: Reach consensus,org_view=31,org_changeCycle=0,cur_changeCycle=0,to_view=32
info|2019-12-04 23:00:36.218084|[g:1][CONSENSUS]addRawPrepare,height=14,reqIdx=1,hash=178a7002...
info|2019-12-04 23:00:36.218353|[g:1][CONSENSUS][PBFT]checkTimeout Succ,view=32,toView=33,nodeIdx=2,changeCycle=0,myNode=933db757...,timecost=0.198
info|2019-12-04 23:00:36.221725|[g:1][CONSENSUS][PBFT]checkAndChangeView: Reach consensus,org_view=32,org_changeCycle=0,cur_changeCycle=0,to_view=33
info|2019-12-04 23:00:37.221305|[g:1][CONSENSUS][SEALER]++++++++++++++++ Generating seal on,blkNum=14,tx=0,nodeIdx=2,hash=4ad56816...
info|2019-12-04 23:00:37.224857|[g:1][CONSENSUS][PBFT]checkTimeout Succ,view=33,toView=34,nodeIdx=2,changeCycle=0,myNode=933db757...,timecost=0.354
info|2019-12-04 23:00:37.225569|[g:1][CONSENSUS][PBFT]checkAndChangeView: Reach consensus,org_view=33,org_changeCycle=0,cur_changeCycle=0,to_view=34
info|2019-12-04 23:00:38.234068|[g:1][CONSENSUS]addRawPrepare,height=14,reqIdx=3,hash=81b285af...
info|2019-12-04 23:00:38.234590|[g:1][CONSENSUS][PBFT]checkTimeout Succ,view=34,toView=35,nodeIdx=2,changeCycle=0,myNode=933db757...,timecost=0.452
info|2019-12-04 23:00:38.241843|[g:1][CONSENSUS][PBFT]checkAndChangeView: Reach consensus,org_view=34,org_changeCycle=0,cur_changeCycle=0,to_view=35
info|2019-12-04 23:00:39.244331|[g:1][CONSENSUS]addRawPrepare,height=14,reqIdx=0,hash=842c4eb6...
info|2019-12-04 23:00:39.267070|[g:1][CONSENSUS][PBFT]checkTimeout Succ,view=35,toView=36,nodeIdx=2,changeCycle=0,myNode=933db757...,timecost=22.641
info|2019-12-04 23:00:39.272718|[g:1][CONSENSUS][PBFT]checkAndChangeView: Reach consensus,org_view=35,org_changeCycle=0,cur_changeCycle=0,to_view=36
info|2019-12-04 23:00:40.268150|[g:1][CONSENSUS]addRawPrepare,height=14,reqIdx=1,hash=b30198b0...
info|2019-12-04 23:00:40.268598|[g:1][CONSENSUS][PBFT]checkTimeout Succ,view=36,toView=37,nodeIdx=2,changeCycle=0,myNode=933db757...,timecost=0.291
info|2019-12-04 23:00:40.274055|[g:1][CONSENSUS][PBFT]checkAndChangeView: Reach consensus,org_view=36,org_changeCycle=0,cur_changeCycle=0,to_view=37
info|2019-12-04 23:00:41.274207|[g:1][CONSENSUS][SEALER]++++++++++++++++ Generating seal on,blkNum=14,tx=0,nodeIdx=2,hash=4f3cae88...
info|2019-12-04 23:00:41.276291|[g:1][CONSENSUS][PBFT]checkTimeout Succ,view=37,toView=38,nodeIdx=2,changeCycle=0,myNode=933db757...,timecost=0.186
info|2019-12-04 23:00:41.277356|[g:1][CONSENSUS][PBFT]checkAndChangeView: Reach consensus,org_view=37,org_changeCycle=0,cur_changeCycle=0,to_view=38
info|2019-12-04 23:00:42.279880|[g:1][CONSENSUS]addRawPrepare,height=14,reqIdx=3,hash=22fc8b8a...
info|2019-12-04 23:00:42.280131|[g:1][CONSENSUS][PBFT]checkTimeout Succ,view=38,toView=39,nodeIdx=2,changeCycle=0,myNode=933db757...,timecost=0.179
info|2019-12-04 23:00:42.282864|[g:1][CONSENSUS][PBFT]checkAndChangeView: Reach consensus,org_view=38,org_changeCycle=0,cur_changeCycle=0,to_view=39
info|2019-12-04 23:00:42.621412|[P2P][Service] heartBeat,connected count=3
info|2019-12-04 23:00:43.292895|[g:1][CONSENSUS]addRawPrepare,height=14,reqIdx=0,hash=501be9ad...
info|2019-12-04 23:00:43.293451|[g:1][CONSENSUS][PBFT]checkTimeout Succ,view=39,toView=40,nodeIdx=2,changeCycle=0,myNode=933db757...,timecost=0.502
info|2019-12-04 23:00:43.294018|[g:1][CONSENSUS][PBFT]checkAndChangeView: Reach consensus,org_view=39,org_changeCycle=0,cur_changeCycle=0,to_view=40
info|2019-12-04 23:00:44.296069|[g:1][CONSENSUS]addRawPrepare,height=14,reqIdx=1,hash=6e117c2d...
info|2019-12-04 23:00:44.296304|[g:1][CONSENSUS][PBFT]checkTimeout Succ,view=40,toView=41,nodeIdx=2,changeCycle=0,myNode=933db757...,timecost=0.174
info|2019-12-04 23:00:44.299433|[g:1][CONSENSUS][PBFT]checkAndChangeView: Reach consensus,org_view=40,org_changeCycle=0,cur_changeCycle=0,to_view=41
info|2019-12-04 23:00:45.299166|[g:1][CONSENSUS][SEALER]++++++++++++++++ Generating seal on,blkNum=14,tx=0,nodeIdx=2,hash=31c93eb9...
info|2019-12-04 23:00:45.302148|[g:1][CONSENSUS][PBFT]checkTimeout Succ,view=41,toView=42,nodeIdx=2,changeCycle=0,myNode=933db757...,timecost=0.457
info|2019-12-04 23:00:45.306294|[g:1][CONSENSUS][PBFT]checkAndChangeView: Reach consensus,org_view=41,org_changeCycle=0,cur_changeCycle=0,to_view=42
info|2019-12-04 23:00:46.322326|[g:1][CONSENSUS]addRawPrepare,height=14,reqIdx=3,hash=c1a8d031...
info|2019-12-04 23:00:46.322656|[g:1][CONSENSUS][PBFT]checkTimeout Succ,view=42,toView=43,nodeIdx=2,changeCycle=0,myNode=933db757...,timecost=0.234
info|2019-12-04 23:00:46.326481|[g:1][CONSENSUS][PBFT]checkAndChangeView: Reach consensus,org_view=42,org_changeCycle=0,cur_changeCycle=0,to_view=43
info|2019-12-04 23:00:47.329038|[g:1][CONSENSUS]addRawPrepare,height=14,reqIdx=0,hash=cbcc6c51...
info|2019-12-04 23:00:47.329646|[g:1][CONSENSUS][PBFT]checkTimeout Succ,view=43,toView=44,nodeIdx=2,changeCycle=0,myNode=933db757...,timecost=0.418
info|2019-12-04 23:00:47.336862|[g:1][CONSENSUS][PBFT]checkAndChangeView: Reach consensus,org_view=43,org_changeCycle=0,cur_changeCycle=0,to_view=44
info|2019-12-04 23:00:48.338198|[g:1][CONSENSUS]addRawPrepare,height=14,reqIdx=1,hash=3594ea1b...
info|2019-12-04 23:00:48.338449|[g:1][CONSENSUS][PBFT]checkTimeout Succ,view=44,toView=45,nodeIdx=2,changeCycle=0,myNode=933db757...,timecost=0.179
info|2019-12-04 23:00:48.342590|[g:1][CONSENSUS][PBFT]checkAndChangeView: Reach consensus,org_view=44,org_changeCycle=0,cur_changeCycle=0,to_view=45
info|2019-12-04 23:00:49.343102|[g:1][CONSENSUS][SEALER]++++++++++++++++ Generating seal on,blkNum=14,tx=0,nodeIdx=2,hash=3963113c...
info|2019-12-04 23:00:49.357628|[g:1][CONSENSUS][PBFT]checkTimeout Succ,view=45,toView=46,nodeIdx=2,changeCycle=0,myNode=933db757...,timecost=3.133
info|2019-12-04 23:00:49.358511|[g:1][CONSENSUS][PBFT]checkAndChangeView: Reach consensus,org_view=45,org_changeCycle=0,cur_changeCycle=0,to_view=46
info|2019-12-04 23:00:50.356380|[g:1][CONSENSUS]addRawPrepare,height=14,reqIdx=3,hash=5a3f55b5...
info|2019-12-04 23:00:50.357061|[g:1][CONSENSUS][PBFT]checkTimeout Succ,view=46,toView=47,nodeIdx=2,changeCycle=0,myNode=933db757...,timecost=0.525
info|2019-12-04 23:00:50.377739|[g:1][CONSENSUS][PBFT]checkAndChangeView: Reach consensus,org_view=46,org_changeCycle=0,cur_changeCycle=0,to_view=47
info|2019-12-04 23:00:51.362709|[g:1][CONSENSUS]addRawPrepare,height=14,reqIdx=0,hash=de23b098...
info|2019-12-04 23:00:51.362987|[g:1][CONSENSUS][PBFT]checkTimeout Succ,view=47,toView=48,nodeIdx=2,changeCycle=0,myNode=933db757...,timecost=0.217
info|2019-12-04 23:00:51.366342|[g:1][CONSENSUS][PBFT]checkAndChangeView: Reach consensus,org_view=47,org_changeCycle=0,cur_changeCycle=0,to_view=48
info|2019-12-04 23:00:52.381016|[g:1][CONSENSUS]addRawPrepare,height=14,reqIdx=1,hash=661a5549...
info|2019-12-04 23:00:52.383524|[g:1][CONSENSUS][PBFT]checkTimeout Succ,view=48,toView=49,nodeIdx=2,changeCycle=0,myNode=933db757...,timecost=0.172
info|2019-12-04 23:00:52.384657|[g:1][CONSENSUS][PBFT]checkAndChangeView: Reach consensus,org_view=48,org_changeCycle=0,cur_changeCycle=0,to_view=49
info|2019-12-04 23:00:52.621876|[P2P][Service] heartBeat,connected count=3
info|2019-12-04 23:00:53.384227|[g:1][CONSENSUS][SEALER]++++++++++++++++ Generating seal on,blkNum=14,tx=0,nodeIdx=2,hash=e9f2f87c...
info|2019-12-04 23:00:53.399383|[g:1][CONSENSUS][PBFT]checkTimeout Succ,view=49,toView=50,nodeIdx=2,changeCycle=0,myNode=933db757...,timecost=0.391
info|2019-12-04 23:00:53.400614|[g:1][CONSENSUS][PBFT]checkAndChangeView: Reach consensus,org_view=49,org_changeCycle=0,cur_changeCycle=0,to_view=50
info|2019-12-04 23:00:54.401016|[g:1][CONSENSUS]addRawPrepare,height=14,reqIdx=3,hash=a6ff4dab...
info|2019-12-04 23:00:54.401449|[g:1][CONSENSUS][PBFT]checkTimeout Succ,view=50,toView=51,nodeIdx=2,changeCycle=0,myNode=933db757...,timecost=0.276
info|2019-12-04 23:00:54.404652|[g:1][CONSENSUS][PBFT]checkAndChangeView: Reach consensus,org_view=50,org_changeCycle=0,cur_changeCycle=0,to_view=51
info|2019-12-04 23:00:55.404956|[g:1][CONSENSUS]addRawPrepare,height=14,reqIdx=0,hash=41048edc...
info|2019-12-04 23:00:55.405263|[g:1][CONSENSUS][PBFT]checkTimeout Succ,view=51,toView=52,nodeIdx=2,changeCycle=0,myNode=933db757...,timecost=0.176
info|2019-12-04 23:00:55.407680|[g:1][CONSENSUS][PBFT]checkAndChangeView: Reach consensus,org_view=51,org_changeCycle=0,cur_changeCycle=0,to_view=52
info|2019-12-04 23:00:56.409974|[g:1][CONSENSUS]addRawPrepare,height=14,reqIdx=1,hash=3c3417e6...
info|2019-12-04 23:00:56.410216|[g:1][CONSENSUS][PBFT]checkTimeout Succ,view=52,toView=53,nodeIdx=2,changeCycle=0,myNode=933db757...,timecost=0.181
info|2019-12-04 23:00:56.413946|[g:1][CONSENSUS][PBFT]checkAndChangeView: Reach consensus,org_view=52,org_changeCycle=0,cur_changeCycle=0,to_view=53
info|2019-12-04 23:00:57.413162|[g:1][CONSENSUS][SEALER]++++++++++++++++ Generating seal on,blkNum=14,tx=0,nodeIdx=2,hash=c7bb8c38...
info|2019-12-04 23:00:57.413955|[g:1][CONSENSUS][PBFT]checkTimeout Succ,view=53,toView=54,nodeIdx=2,changeCycle=0,myNode=933db757...,timecost=0.247
info|2019-12-04 23:00:57.416515|[g:1][CONSENSUS][PBFT]checkAndChangeView: Reach consensus,org_view=53,org_changeCycle=0,cur_changeCycle=0,to_view=54
info|2019-12-04 23:00:58.419253|[g:1][CONSENSUS]addRawPrepare,height=14,reqIdx=3,hash=992361f7...
info|2019-12-04 23:00:58.419544|[g:1][CONSENSUS][PBFT]checkTimeout Succ,view=54,toView=55,nodeIdx=2,changeCycle=0,myNode=933db757...,timecost=0.189
info|2019-12-04 23:00:58.423817|[g:1][CONSENSUS][PBFT]checkAndChangeView: Reach consensus,org_view=54,org_changeCycle=0,cur_changeCycle=0,to_view=55
info|2019-12-04 23:00:59.425762|[g:1][CONSENSUS]addRawPrepare,height=14,reqIdx=0,hash=b9283332...
info|2019-12-04 23:00:59.425998|[g:1][CONSENSUS][PBFT]checkTimeout Succ,view=55,toView=56,nodeIdx=2,changeCycle=0,myNode=933db757...,timecost=0.175
info|2019-12-04 23:00:59.427586|[g:1][CONSENSUS][PBFT]checkAndChangeView: Reach consensus,org_view=55,org_changeCycle=0,cur_changeCycle=0,to_view=56
info|2019-12-04 23:01:00.430608|[g:1][CONSENSUS]addRawPrepare,height=14,reqIdx=1,hash=10f8c714...
info|2019-12-04 23:01:00.431324|[g:1][CONSENSUS][PBFT]checkTimeout Succ,view=56,toView=57,nodeIdx=2,changeCycle=0,myNode=933db757...,timecost=0.531
info|2019-12-04 23:01:00.441230|[g:1][CONSENSUS][PBFT]checkAndChangeView: Reach consensus,org_view=56,org_changeCycle=0,cur_changeCycle=0,to_view=57
info|2019-12-04 23:01:01.441755|[g:1][CONSENSUS][SEALER]++++++++++++++++ Generating seal on,blkNum=14,tx=0,nodeIdx=2,hash=f962a7df...
info|2019-12-04 23:01:01.444955|[g:1][CONSENSUS][PBFT]checkTimeout Succ,view=57,toView=58,nodeIdx=2,changeCycle=0,myNode=933db757...,timecost=0.68
info|2019-12-04 23:01:01.445893|[g:1][CONSENSUS][PBFT]checkAndChangeView: Reach consensus,org_view=57,org_changeCycle=0,cur_changeCycle=0,to_view=58
info|2019-12-04 23:01:02.447761|[g:1][CONSENSUS]addRawPrepare,height=14,reqIdx=3,hash=60352d6c...
info|2019-12-04 23:01:02.448118|[g:1][CONSENSUS][PBFT]checkTimeout Succ,view=58,toView=59,nodeIdx=2,changeCycle=0,myNode=933db757...,timecost=0.284
info|2019-12-04 23:01:02.451020|[g:1][CONSENSUS][PBFT]checkAndChangeView: Reach consensus,org_view=58,org_changeCycle=0,cur_changeCycle=0,to_view=59
info|2019-12-04 23:01:02.622360|[P2P][Service] heartBeat,connected count=3
info|2019-12-04 23:01:03.452559|[g:1][CONSENSUS]addRawPrepare,height=14,reqIdx=0,hash=5fb79714...
info|2019-12-04 23:01:03.453423|[g:1][CONSENSUS][PBFT]checkTimeout Succ,view=59,toView=60,nodeIdx=2,changeCycle=0,myNode=933db757...,timecost=0.595
info|2019-12-04 23:01:03.462142|[g:1][CONSENSUS][PBFT]checkAndChangeView: Reach consensus,org_view=59,org_changeCycle=0,cur_changeCycle=0,to_view=60
info|2019-12-04 23:01:04.465037|[g:1][CONSENSUS]addRawPrepare,height=14,reqIdx=1,hash=876b6adc...
info|2019-12-04 23:01:04.465777|[g:1][CONSENSUS][PBFT]checkTimeout Succ,view=60,toView=61,nodeIdx=2,changeCycle=0,myNode=933db757...,timecost=0.493
info|2019-12-04 23:01:04.472472|[g:1][CONSENSUS][PBFT]checkAndChangeView: Reach consensus,org_view=60,org_changeCycle=0,cur_changeCycle=0,to_view=61
info|2019-12-04 23:01:05.472777|[g:1][CONSENSUS][SEALER]++++++++++++++++ Generating seal on,blkNum=14,tx=0,nodeIdx=2,hash=36e32f92...
info|2019-12-04 23:01:05.480850|[g:1][CONSENSUS][PBFT]checkTimeout Succ,view=61,toView=62,nodeIdx=2,changeCycle=0,myNode=933db757...,timecost=0.601
info|2019-12-04 23:01:05.482422|[g:1][CONSENSUS][PBFT]checkAndChangeView: Reach consensus,org_view=61,org_changeCycle=0,cur_changeCycle=0,to_view=62
info|2019-12-04 23:01:06.487990|[g:1][CONSENSUS]addRawPrepare,height=14,reqIdx=3,hash=15e06e7d...
info|2019-12-04 23:01:06.494908|[g:1][CONSENSUS][PBFT]checkTimeout Succ,view=62,toView=63,nodeIdx=2,changeCycle=0,myNode=933db757...,timecost=0.623
info|2019-12-04 23:01:06.497316|[g:1][CONSENSUS][PBFT]checkAndChangeView: Reach consensus,org_view=62,org_changeCycle=0,cur_changeCycle=0,to_view=63
info|2019-12-04 23:01:07.501949|[g:1][CONSENSUS]addRawPrepare,height=14,reqIdx=0,hash=e655e0bf...
info|2019-12-04 23:01:07.502765|[g:1][CONSENSUS][PBFT]checkTimeout Succ,view=63,toView=64,nodeIdx=2,changeCycle=0,myNode=933db757...,timecost=0.561
info|2019-12-04 23:01:07.511897|[g:1][CONSENSUS][PBFT]checkAndChangeView: Reach consensus,org_view=63,org_changeCycle=0,cur_changeCycle=0,to_view=64
info|2019-12-04 23:01:08.369228|[LEDGER]stop sealer,groupID=1
info|2019-12-04 23:01:08.369249|[CONSENSUS][SEALER]Stop sealer module...
info|2019-12-04 23:01:08.378225|[CONSENSUS][ConsensusEngine][Stop ConsensusEngineBase]
info|2019-12-04 23:01:08.388771|[CONSENSUS][ConsensusEngine]ConsensusEngineBase stopped
info|2019-12-04 23:01:08.388803|[LEDGER]sealer stopped. stop sync,groupID=1
info|2019-12-04 23:01:08.515951|[SYNC][id:933db757...]SyncMaster stopped
info|2019-12-04 23:01:08.516029|[LEDGER]ledger stopped,groupID=1
info|2019-12-04 23:01:08.622087|[EVENT][EventLogFilterManager]stop
info|2019-12-04 23:01:08.622139|[LEDGER]event filter manager stopped,groupID=1
info|2019-12-04 23:01:08.622155|[INITIALIZER]ledgerInitializer stopped
info|2019-12-04 23:01:09.622800|[INITIALIZER]ChannelRPCHttpServer deleted.
info|2019-12-04 23:01:09.623557|[INITIALIZER]JsonrpcHttpServer deleted.
info|2019-12-04 23:01:09.623637|[INITIALIZER]RPCInitializer stopped
info|2019-12-04 23:01:09.623711|[NETWORK][Host]Host exit
info|2019-12-04 23:01:09.624963|[INITIALIZER]P2PInitializer stopped
info|2019-12-04 23:01:09.625057|[LEDGER]stop sealer,groupID=1
info|2019-12-04 23:01:09.625075|[LEDGER]sealer stopped. stop sync,groupID=1
info|2019-12-04 23:01:09.625085|[SYNC][id:933db757...]SyncMaster stopped
info|2019-12-04 23:01:09.625095|[LEDGER]ledger stopped,groupID=1
info|2019-12-04 23:01:09.625104|[LEDGER]event filter manager stopped,groupID=1
info|2019-12-04 23:01:09.625119|[STORAGE]Stopping flushStorage thread
info|2019-12-04 23:01:10.014229|[STORAGE]flushStorage thread stopped.
info|2019-12-04 23:01:10.014260|[DBINITIALIZER] storage stopped
info|2019-12-04 23:01:10.019476|[SYNC][id:933db757...]SyncMaster stopped
