info|2019-12-12 14:34:15.869623|[g:1][CONSENSUS]addRawPrepare,height=241,reqIdx=2,hash=0ee856cf...
info|2019-12-12 14:34:15.871845|[g:1][CONSENSUS][PBFT]checkTimeout Succ,view=1670,toView=1671,nodeIdx=3,changeCycle=0,myNode=b5092dbe...,timecost=1.961
info|2019-12-12 14:34:15.920202|[g:1][CONSENSUS][PBFT]checkAndChangeView: Reach consensus,org_view=1670,org_changeCycle=0,cur_changeCycle=0,to_view=1671
info|2019-12-12 14:34:17.126164|[g:1][CONSENSUS][SEALER]++++++++++++++++ Generating seal on,blkNum=241,tx=0,nodeIdx=3,hash=e9bc58a7...
info|2019-12-12 14:34:17.134255|[g:1][CONSENSUS][PBFT]checkTimeout Succ,view=1671,toView=1672,nodeIdx=3,changeCycle=0,myNode=b5092dbe...,timecost=0.269
info|2019-12-12 14:34:17.248308|[g:1][CONSENSUS][PBFT]checkAndChangeView: Reach consensus,org_view=1671,org_changeCycle=0,cur_changeCycle=0,to_view=1672
info|2019-12-12 14:34:17.928867|[P2P][Service] heartBeat,connected count=3
info|2019-12-12 14:34:18.258674|[g:1][CONSENSUS]addRawPrepare,height=241,reqIdx=0,hash=e64eac67...
info|2019-12-12 14:34:18.264240|[g:1][CONSENSUS][PBFT]checkTimeout Succ,view=1672,toView=1673,nodeIdx=3,changeCycle=0,myNode=b5092dbe...,timecost=5.012
info|2019-12-12 14:34:18.264754|[g:1][CONSENSUS][PBFT]checkAndChangeView: Reach consensus,org_view=1672,org_changeCycle=0,cur_changeCycle=0,to_view=1673
info|2019-12-12 14:34:19.263040|[g:1][CONSENSUS]addRawPrepare,height=241,reqIdx=1,hash=591392d4...
info|2019-12-12 14:34:19.263350|[g:1][CONSENSUS][PBFT]checkTimeout Succ,view=1673,toView=1674,nodeIdx=3,changeCycle=0,myNode=b5092dbe...,timecost=0.209
info|2019-12-12 14:34:19.267562|[g:1][CONSENSUS][PBFT]checkAndChangeView: Reach consensus,org_view=1673,org_changeCycle=0,cur_changeCycle=0,to_view=1674
info|2019-12-12 14:34:20.300184|[g:1][CONSENSUS]addRawPrepare,height=241,reqIdx=2,hash=98972a63...
info|2019-12-12 14:34:20.300596|[g:1][CONSENSUS][PBFT]checkTimeout Succ,view=1674,toView=1675,nodeIdx=3,changeCycle=0,myNode=b5092dbe...,timecost=0.243
info|2019-12-12 14:34:20.305959|[g:1][CONSENSUS][PBFT]checkAndChangeView: Reach consensus,org_view=1674,org_changeCycle=0,cur_changeCycle=0,to_view=1675
info|2019-12-12 14:34:21.610513|[g:1][CONSENSUS][SEALER]++++++++++++++++ Generating seal on,blkNum=241,tx=0,nodeIdx=3,hash=1bd5a442...
info|2019-12-12 14:34:21.795298|[g:1][CONSENSUS][PBFT]checkTimeout Succ,view=1675,toView=1676,nodeIdx=3,changeCycle=0,myNode=b5092dbe...,timecost=0.379
info|2019-12-12 14:34:21.799206|[g:1][CONSENSUS][PBFT]checkAndChangeView: Reach consensus,org_view=1675,org_changeCycle=0,cur_changeCycle=0,to_view=1676
info|2019-12-12 14:34:22.805192|[g:1][CONSENSUS]addRawPrepare,height=241,reqIdx=0,hash=7d5f1775...
info|2019-12-12 14:34:22.807053|[g:1][CONSENSUS][PBFT]checkTimeout Succ,view=1676,toView=1677,nodeIdx=3,changeCycle=0,myNode=b5092dbe...,timecost=1.82
info|2019-12-12 14:34:22.856191|[g:1][CONSENSUS][PBFT]checkAndChangeView: Reach consensus,org_view=1676,org_changeCycle=0,cur_changeCycle=0,to_view=1677
