warning|2019-12-12 19:42:40.832660|[g:1][CONSENSUS][PBFT]ViewChangeWarning: not caused by omit empty block ,v=1677,toV=1678,curNum=240,hash=49951fa7...,nodeIdx=3,myNode=b5092dbe...
info|2019-12-12 19:42:41.310042|[g:1][CONSENSUS][PBFT]checkTimeout Succ,view=1677,toView=1678,nodeIdx=3,changeCycle=1,myNode=b5092dbe...,timecost=477.614
info|2019-12-12 19:42:41.311243|[g:1][CONSENSUS][PBFT]checkAndChangeView: Reach consensus,org_view=1677,org_changeCycle=1,cur_changeCycle=1,to_view=1678
info|2019-12-12 19:42:43.924844|[g:1][CONSENSUS]addRawPrepare,height=241,reqIdx=2,hash=b0471dd4...
info|2019-12-12 19:42:43.925454|[g:1][CONSENSUS][PBFT]checkTimeout Succ,view=1678,toView=1679,nodeIdx=3,changeCycle=0,myNode=b5092dbe...,timecost=0.323
warning|2019-12-12 19:42:42.056888|[g:1][CONSENSUS][PBFT]ViewChangeWarning: not caused by omit empty block ,v=1678,toV=1680,curNum=240,hash=49951fa7...,nodeIdx=3,myNode=b5092dbe...
info|2019-12-12 19:42:42.068851|[g:1][CONSENSUS][PBFT]checkTimeout Succ,view=1678,toView=1680,nodeIdx=3,changeCycle=1,myNode=b5092dbe...,timecost=12.264
info|2019-12-12 19:42:42.556490|[g:1][CONSENSUS][PBFT]checkAndChangeView, update m_changeCycle to 1
info|2019-12-12 19:42:42.556571|[g:1][CONSENSUS][PBFT]checkAndChangeView: Reach consensus,org_view=1678,org_changeCycle=1,cur_changeCycle=1,to_view=1680
info|2019-12-12 19:42:43.216475|[g:1][CONSENSUS]addRawPrepare,height=241,reqIdx=0,hash=54be4f51...
info|2019-12-12 19:42:43.238146|[P2P][Service] heartBeat,connected count=3
info|2019-12-12 19:42:43.396916|[g:1][CONSENSUS][PBFT]checkTimeout Succ,view=1680,toView=1681,nodeIdx=3,changeCycle=0,myNode=b5092dbe...,timecost=108.857
info|2019-12-12 19:42:43.398085|[g:1][CONSENSUS][PBFT]checkAndChangeView: Reach consensus,org_view=1680,org_changeCycle=0,cur_changeCycle=0,to_view=1681
info|2019-12-12 19:42:44.444383|[g:1][CONSENSUS]addRawPrepare,height=241,reqIdx=1,hash=d5dcf39d...
info|2019-12-12 19:42:44.601501|[g:1][CONSENSUS][PBFT]checkTimeout Succ,view=1681,toView=1682,nodeIdx=3,changeCycle=0,myNode=b5092dbe...,timecost=39.286
info|2019-12-12 19:42:44.618770|[g:1][CONSENSUS][PBFT]checkAndChangeView: Reach consensus,org_view=1681,org_changeCycle=0,cur_changeCycle=0,to_view=1682
info|2019-12-12 19:42:45.506658|[g:1][CONSENSUS]addRawPrepare,height=241,reqIdx=2,hash=db4dbdb1...
info|2019-12-12 19:42:45.520657|[g:1][CONSENSUS][PBFT]checkTimeout Succ,view=1682,toView=1683,nodeIdx=3,changeCycle=0,myNode=b5092dbe...,timecost=0.65
info|2019-12-12 19:42:45.854585|[g:1][CONSENSUS][PBFT]checkAndChangeView: Reach consensus,org_view=1682,org_changeCycle=0,cur_changeCycle=0,to_view=1683
info|2019-12-12 19:42:46.854435|[g:1][CONSENSUS][SEALER]++++++++++++++++ Generating seal on,blkNum=241,tx=0,nodeIdx=3,hash=55e32d31...
info|2019-12-12 19:42:46.855480|[g:1][CONSENSUS][PBFT]checkTimeout Succ,view=1683,toView=1684,nodeIdx=3,changeCycle=0,myNode=b5092dbe...,timecost=0.435
info|2019-12-12 19:42:47.579306|[g:1][CONSENSUS][PBFT]checkAndChangeView: Reach consensus,org_view=1683,org_changeCycle=0,cur_changeCycle=0,to_view=1684
info|2019-12-12 19:42:48.942275|[g:1][CONSENSUS]addRawPrepare,height=241,reqIdx=0,hash=a5f86509...
info|2019-12-12 19:42:49.050705|[g:1][CONSENSUS][PBFT]checkTimeout Succ,view=1684,toView=1685,nodeIdx=3,changeCycle=0,myNode=b5092dbe...,timecost=107.98
info|2019-12-12 19:42:49.151780|[g:1][CONSENSUS][PBFT]checkAndChangeView: Reach consensus,org_view=1684,org_changeCycle=0,cur_changeCycle=0,to_view=1685
info|2019-12-12 19:42:50.166792|[g:1][CONSENSUS]addRawPrepare,height=241,reqIdx=1,hash=d97675fc...
info|2019-12-12 19:42:50.325484|[g:1][CONSENSUS][PBFT]checkTimeout Succ,view=1685,toView=1686,nodeIdx=3,changeCycle=0,myNode=b5092dbe...,timecost=0.361
info|2019-12-12 19:42:50.351512|[g:1][CONSENSUS][PBFT]checkAndChangeView: Reach consensus,org_view=1685,org_changeCycle=0,cur_changeCycle=0,to_view=1686
info|2019-12-12 19:42:51.347528|[g:1][CONSENSUS]addRawPrepare,height=241,reqIdx=2,hash=13fe4946...
info|2019-12-12 19:42:51.348231|[g:1][CONSENSUS][PBFT]checkTimeout Succ,view=1686,toView=1687,nodeIdx=3,changeCycle=0,myNode=b5092dbe...,timecost=0.325
info|2019-12-12 19:42:51.406917|[g:1][CONSENSUS][PBFT]checkAndChangeView: Reach consensus,org_view=1686,org_changeCycle=0,cur_changeCycle=0,to_view=1687
info|2019-12-12 19:42:52.410580|[g:1][CONSENSUS][SEALER]++++++++++++++++ Generating seal on,blkNum=241,tx=0,nodeIdx=3,hash=673381b2...
info|2019-12-12 19:42:52.455693|[g:1][CONSENSUS][PBFT]checkTimeout Succ,view=1687,toView=1688,nodeIdx=3,changeCycle=0,myNode=b5092dbe...,timecost=0.357
info|2019-12-12 19:42:52.504702|[g:1][CONSENSUS][PBFT]checkAndChangeView: Reach consensus,org_view=1687,org_changeCycle=0,cur_changeCycle=0,to_view=1688
info|2019-12-12 19:42:53.238750|[P2P][Service] heartBeat,connected count=3
info|2019-12-12 19:42:53.590646|[g:1][CONSENSUS]addRawPrepare,height=241,reqIdx=0,hash=545bd88f...
info|2019-12-12 19:42:53.591223|[g:1][CONSENSUS][PBFT]checkTimeout Succ,view=1688,toView=1689,nodeIdx=3,changeCycle=0,myNode=b5092dbe...,timecost=0.334
info|2019-12-12 19:42:53.618630|[g:1][CONSENSUS][PBFT]checkAndChangeView: Reach consensus,org_view=1688,org_changeCycle=0,cur_changeCycle=0,to_view=1689
info|2019-12-12 19:42:54.902421|[g:1][CONSENSUS]addRawPrepare,height=241,reqIdx=1,hash=00daa175...
info|2019-12-12 19:42:54.985673|[g:1][CONSENSUS][PBFT]checkTimeout Succ,view=1689,toView=1690,nodeIdx=3,changeCycle=0,myNode=b5092dbe...,timecost=51.03
info|2019-12-12 19:42:54.986177|[g:1][CONSENSUS][PBFT]checkAndChangeView: Reach consensus,org_view=1689,org_changeCycle=0,cur_changeCycle=0,to_view=1690
info|2019-12-12 19:42:56.040354|[g:1][CONSENSUS]addRawPrepare,height=241,reqIdx=2,hash=bea2eab9...
info|2019-12-12 19:42:56.040962|[g:1][CONSENSUS][PBFT]checkTimeout Succ,view=1690,toView=1691,nodeIdx=3,changeCycle=0,myNode=b5092dbe...,timecost=0.372
info|2019-12-12 19:42:56.143199|[g:1][CONSENSUS][PBFT]checkAndChangeView: Reach consensus,org_view=1690,org_changeCycle=0,cur_changeCycle=0,to_view=1691
info|2019-12-12 19:42:57.186641|[g:1][CONSENSUS][SEALER]++++++++++++++++ Generating seal on,blkNum=241,tx=0,nodeIdx=3,hash=08d323c3...
info|2019-12-12 19:42:57.187413|[g:1][CONSENSUS][PBFT]checkTimeout Succ,view=1691,toView=1692,nodeIdx=3,changeCycle=0,myNode=b5092dbe...,timecost=0.317
info|2019-12-12 19:42:57.747582|[g:1][CONSENSUS][PBFT]checkAndChangeView: Reach consensus,org_view=1691,org_changeCycle=0,cur_changeCycle=0,to_view=1692
info|2019-12-12 19:42:58.670526|[g:1][CONSENSUS]addRawPrepare,height=241,reqIdx=0,hash=0fdbef6d...
info|2019-12-12 19:42:58.671104|[g:1][CONSENSUS][PBFT]checkTimeout Succ,view=1692,toView=1693,nodeIdx=3,changeCycle=0,myNode=b5092dbe...,timecost=0.346
info|2019-12-12 19:42:58.720153|[g:1][CONSENSUS][PBFT]checkAndChangeView: Reach consensus,org_view=1692,org_changeCycle=0,cur_changeCycle=0,to_view=1693
info|2019-12-12 19:42:59.811813|[g:1][CONSENSUS]addRawPrepare,height=241,reqIdx=1,hash=3b5afcca...
info|2019-12-12 19:42:59.812423|[g:1][CONSENSUS][PBFT]checkTimeout Succ,view=1693,toView=1694,nodeIdx=3,changeCycle=0,myNode=b5092dbe...,timecost=0.392
info|2019-12-12 19:42:59.909577|[g:1][CONSENSUS][PBFT]checkAndChangeView: Reach consensus,org_view=1693,org_changeCycle=0,cur_changeCycle=0,to_view=1694
info|2019-12-12 19:43:01.572598|[g:1][CONSENSUS]addRawPrepare,height=241,reqIdx=2,hash=86e4454b...
info|2019-12-12 19:43:01.573174|[g:1][CONSENSUS][PBFT]checkTimeout Succ,view=1694,toView=1695,nodeIdx=3,changeCycle=0,myNode=b5092dbe...,timecost=0.355
info|2019-12-12 19:43:01.593295|[g:1][CONSENSUS][PBFT]checkAndChangeView: Reach consensus,org_view=1694,org_changeCycle=0,cur_changeCycle=0,to_view=1695
info|2019-12-12 19:43:02.617389|[g:1][CONSENSUS][SEALER]++++++++++++++++ Generating seal on,blkNum=241,tx=0,nodeIdx=3,hash=6dfdf94c...
info|2019-12-12 19:43:02.674508|[g:1][CONSENSUS][PBFT]checkTimeout Succ,view=1695,toView=1696,nodeIdx=3,changeCycle=0,myNode=b5092dbe...,timecost=0.371
info|2019-12-12 19:43:02.677804|[g:1][CONSENSUS][PBFT]checkAndChangeView: Reach consensus,org_view=1695,org_changeCycle=0,cur_changeCycle=0,to_view=1696
info|2019-12-12 19:43:03.248542|[P2P][Service] heartBeat,connected count=3
info|2019-12-12 19:43:03.748429|[g:1][CONSENSUS]addRawPrepare,height=241,reqIdx=0,hash=5199ffb6...
info|2019-12-12 19:43:03.837794|[g:1][CONSENSUS][PBFT]checkTimeout Succ,view=1696,toView=1697,nodeIdx=3,changeCycle=0,myNode=b5092dbe...,timecost=89.339
info|2019-12-12 19:43:03.975774|[g:1][CONSENSUS][PBFT]checkAndChangeView: Reach consensus,org_view=1696,org_changeCycle=0,cur_changeCycle=0,to_view=1697
info|2019-12-12 19:43:04.908622|[g:1][CONSENSUS]addRawPrepare,height=241,reqIdx=1,hash=fb235d25...
info|2019-12-12 19:43:05.032957|[g:1][CONSENSUS][PBFT]checkTimeout Succ,view=1697,toView=1698,nodeIdx=3,changeCycle=0,myNode=b5092dbe...,timecost=22.134
info|2019-12-12 19:43:05.082802|[g:1][CONSENSUS][PBFT]checkAndChangeView: Reach consensus,org_view=1697,org_changeCycle=0,cur_changeCycle=0,to_view=1698
info|2019-12-12 19:43:06.297830|[g:1][CONSENSUS]addRawPrepare,height=241,reqIdx=2,hash=9517207d...
info|2019-12-12 19:43:06.337322|[g:1][CONSENSUS][PBFT]checkTimeout Succ,view=1698,toView=1699,nodeIdx=3,changeCycle=0,myNode=b5092dbe...,timecost=12.31
info|2019-12-12 19:43:06.338523|[g:1][CONSENSUS][PBFT]checkAndChangeView: Reach consensus,org_view=1698,org_changeCycle=0,cur_changeCycle=0,to_view=1699
info|2019-12-12 19:43:07.338407|[g:1][CONSENSUS][SEALER]++++++++++++++++ Generating seal on,blkNum=241,tx=0,nodeIdx=3,hash=439b6317...
info|2019-12-12 19:43:07.509004|[g:1][CONSENSUS][PBFT]checkTimeout Succ,view=1699,toView=1700,nodeIdx=3,changeCycle=0,myNode=b5092dbe...,timecost=0.356
info|2019-12-12 19:43:07.596313|[g:1][CONSENSUS][PBFT]checkAndChangeView: Reach consensus,org_view=1699,org_changeCycle=0,cur_changeCycle=0,to_view=1700
info|2019-12-12 19:43:08.654377|[g:1][CONSENSUS]addRawPrepare,height=241,reqIdx=0,hash=6fabb462...
info|2019-12-12 19:43:08.654836|[g:1][CONSENSUS][PBFT]checkTimeout Succ,view=1700,toView=1701,nodeIdx=3,changeCycle=0,myNode=b5092dbe...,timecost=0.306
info|2019-12-12 19:43:08.702973|[g:1][CONSENSUS][PBFT]checkAndChangeView: Reach consensus,org_view=1700,org_changeCycle=0,cur_changeCycle=0,to_view=1701
info|2019-12-12 19:43:10.291605|[g:1][CONSENSUS]addRawPrepare,height=241,reqIdx=1,hash=c823f6b5...
info|2019-12-12 19:43:10.293495|[g:1][CONSENSUS][PBFT]checkTimeout Succ,view=1701,toView=1702,nodeIdx=3,changeCycle=0,myNode=b5092dbe...,timecost=1.628
info|2019-12-12 19:43:10.293830|[g:1][CONSENSUS][PBFT]checkAndChangeView: Reach consensus,org_view=1701,org_changeCycle=0,cur_changeCycle=0,to_view=1702
info|2019-12-12 19:43:11.311598|[g:1][CONSENSUS]addRawPrepare,height=241,reqIdx=2,hash=c10d7711...
info|2019-12-12 19:43:11.472191|[g:1][CONSENSUS][PBFT]checkTimeout Succ,view=1702,toView=1703,nodeIdx=3,changeCycle=0,myNode=b5092dbe...,timecost=0.871
info|2019-12-12 19:43:11.473422|[g:1][CONSENSUS][PBFT]checkAndChangeView: Reach consensus,org_view=1702,org_changeCycle=0,cur_changeCycle=0,to_view=1703
info|2019-12-12 19:43:12.495942|[g:1][CONSENSUS][SEALER]++++++++++++++++ Generating seal on,blkNum=241,tx=0,nodeIdx=3,hash=4ee94136...
info|2019-12-12 19:43:12.548168|[g:1][CONSENSUS][PBFT]checkTimeout Succ,view=1703,toView=1704,nodeIdx=3,changeCycle=0,myNode=b5092dbe...,timecost=0.34
info|2019-12-12 19:43:12.595137|[g:1][CONSENSUS][PBFT]checkAndChangeView: Reach consensus,org_view=1703,org_changeCycle=0,cur_changeCycle=0,to_view=1704
info|2019-12-12 19:43:13.249136|[P2P][Service] heartBeat,connected count=3
info|2019-12-12 19:43:13.772017|[g:1][CONSENSUS]addRawPrepare,height=241,reqIdx=0,hash=496eb426...
info|2019-12-12 19:43:13.935418|[g:1][CONSENSUS][PBFT]checkTimeout Succ,view=1704,toView=1705,nodeIdx=3,changeCycle=0,myNode=b5092dbe...,timecost=18.146
info|2019-12-12 19:43:13.976950|[g:1][CONSENSUS][PBFT]checkAndChangeView: Reach consensus,org_view=1704,org_changeCycle=0,cur_changeCycle=0,to_view=1705
info|2019-12-12 19:43:15.581494|[g:1][CONSENSUS]addRawPrepare,height=241,reqIdx=1,hash=2cb9934d...
info|2019-12-12 19:43:15.583012|[g:1][CONSENSUS][PBFT]checkTimeout Succ,view=1705,toView=1706,nodeIdx=3,changeCycle=0,myNode=b5092dbe...,timecost=0.273
info|2019-12-12 19:43:15.805778|[g:1][CONSENSUS][PBFT]checkAndChangeView: Reach consensus,org_view=1705,org_changeCycle=0,cur_changeCycle=0,to_view=1706
info|2019-12-12 19:43:16.809517|[g:1][CONSENSUS]addRawPrepare,height=241,reqIdx=2,hash=36d0e246...
info|2019-12-12 19:43:16.810546|[g:1][CONSENSUS][PBFT]checkTimeout Succ,view=1706,toView=1707,nodeIdx=3,changeCycle=0,myNode=b5092dbe...,timecost=0.7
info|2019-12-12 19:43:17.118957|[g:1][CONSENSUS][PBFT]checkAndChangeView: Reach consensus,org_view=1706,org_changeCycle=0,cur_changeCycle=0,to_view=1707
info|2019-12-12 19:43:18.123340|[g:1][CONSENSUS][SEALER]++++++++++++++++ Generating seal on,blkNum=241,tx=0,nodeIdx=3,hash=98446da5...
info|2019-12-12 19:43:18.150846|[g:1][CONSENSUS][PBFT]checkTimeout Succ,view=1707,toView=1708,nodeIdx=3,changeCycle=0,myNode=b5092dbe...,timecost=25.616
info|2019-12-12 19:43:18.151847|[g:1][CONSENSUS][PBFT]checkAndChangeView: Reach consensus,org_view=1707,org_changeCycle=0,cur_changeCycle=0,to_view=1708
info|2019-12-12 19:43:19.326132|[g:1][CONSENSUS]addRawPrepare,height=241,reqIdx=0,hash=e83b2abd...
info|2019-12-12 19:43:19.328740|[g:1][CONSENSUS][PBFT]checkTimeout Succ,view=1708,toView=1709,nodeIdx=3,changeCycle=0,myNode=b5092dbe...,timecost=2.383
info|2019-12-12 19:43:19.345264|[g:1][CONSENSUS][PBFT]checkAndChangeView: Reach consensus,org_view=1708,org_changeCycle=0,cur_changeCycle=0,to_view=1709
info|2019-12-12 19:43:20.444585|[g:1][CONSENSUS]addRawPrepare,height=241,reqIdx=1,hash=a98b339a...
info|2019-12-12 19:43:20.457532|[g:1][CONSENSUS][PBFT]checkTimeout Succ,view=1709,toView=1710,nodeIdx=3,changeCycle=0,myNode=b5092dbe...,timecost=12.771
info|2019-12-12 19:43:20.472860|[g:1][CONSENSUS][PBFT]checkAndChangeView: Reach consensus,org_view=1709,org_changeCycle=0,cur_changeCycle=0,to_view=1710
info|2019-12-12 19:43:21.632093|[g:1][CONSENSUS]addRawPrepare,height=241,reqIdx=2,hash=2f9f28ef...
info|2019-12-12 19:43:21.632491|[g:1][CONSENSUS][PBFT]checkTimeout Succ,view=1710,toView=1711,nodeIdx=3,changeCycle=0,myNode=b5092dbe...,timecost=0.29
info|2019-12-12 19:43:21.633585|[g:1][CONSENSUS][PBFT]checkAndChangeView: Reach consensus,org_view=1710,org_changeCycle=0,cur_changeCycle=0,to_view=1711
info|2019-12-12 19:43:22.638094|[g:1][CONSENSUS][SEALER]++++++++++++++++ Generating seal on,blkNum=241,tx=0,nodeIdx=3,hash=a1f0f346...
info|2019-12-12 19:43:22.640346|[g:1][CONSENSUS][PBFT]checkTimeout Succ,view=1711,toView=1712,nodeIdx=3,changeCycle=0,myNode=b5092dbe...,timecost=0.287
info|2019-12-12 19:43:22.736540|[g:1][CONSENSUS][PBFT]checkAndChangeView: Reach consensus,org_view=1711,org_changeCycle=0,cur_changeCycle=0,to_view=1712
info|2019-12-12 19:43:23.257272|[P2P][Service] heartBeat,connected count=3
info|2019-12-12 19:43:24.103291|[g:1][CONSENSUS]addRawPrepare,height=241,reqIdx=0,hash=e7031a2b...
info|2019-12-12 19:43:24.103515|[g:1][CONSENSUS][PBFT]checkTimeout Succ,view=1712,toView=1713,nodeIdx=3,changeCycle=0,myNode=b5092dbe...,timecost=0.197
info|2019-12-12 19:43:24.251354|[g:1][CONSENSUS][PBFT]checkAndChangeView: Reach consensus,org_view=1712,org_changeCycle=0,cur_changeCycle=0,to_view=1713
info|2019-12-12 19:43:25.289920|[g:1][CONSENSUS]addRawPrepare,height=241,reqIdx=1,hash=ea638339...
info|2019-12-12 19:43:25.290315|[g:1][CONSENSUS][PBFT]checkTimeout Succ,view=1713,toView=1714,nodeIdx=3,changeCycle=0,myNode=b5092dbe...,timecost=0.243
info|2019-12-12 19:43:25.316305|[g:1][CONSENSUS][PBFT]checkAndChangeView: Reach consensus,org_view=1713,org_changeCycle=0,cur_changeCycle=0,to_view=1714
info|2019-12-12 19:43:26.479114|[g:1][CONSENSUS]addRawPrepare,height=241,reqIdx=2,hash=9f42cb62...
info|2019-12-12 19:43:26.548139|[g:1][CONSENSUS][PBFT]checkTimeout Succ,view=1714,toView=1715,nodeIdx=3,changeCycle=0,myNode=b5092dbe...,timecost=0.32
info|2019-12-12 19:43:26.569634|[g:1][CONSENSUS][PBFT]checkAndChangeView: Reach consensus,org_view=1714,org_changeCycle=0,cur_changeCycle=0,to_view=1715
info|2019-12-12 19:43:27.573109|[g:1][CONSENSUS][SEALER]++++++++++++++++ Generating seal on,blkNum=241,tx=0,nodeIdx=3,hash=c33a2655...
info|2019-12-12 19:43:27.650095|[g:1][CONSENSUS][PBFT]checkTimeout Succ,view=1715,toView=1716,nodeIdx=3,changeCycle=0,myNode=b5092dbe...,timecost=0.692
info|2019-12-12 19:43:27.797570|[g:1][CONSENSUS][PBFT]checkAndChangeView: Reach consensus,org_view=1715,org_changeCycle=0,cur_changeCycle=0,to_view=1716
info|2019-12-12 19:43:28.815680|[g:1][CONSENSUS]addRawPrepare,height=241,reqIdx=0,hash=ba4e4079...
info|2019-12-12 19:43:28.967862|[g:1][CONSENSUS][PBFT]checkTimeout Succ,view=1716,toView=1717,nodeIdx=3,changeCycle=0,myNode=b5092dbe...,timecost=94.474
info|2019-12-12 19:43:28.969903|[g:1][CONSENSUS][PBFT]checkAndChangeView: Reach consensus,org_view=1716,org_changeCycle=0,cur_changeCycle=0,to_view=1717
info|2019-12-12 19:43:30.014775|[g:1][CONSENSUS]addRawPrepare,height=241,reqIdx=1,hash=b16fa007...
info|2019-12-12 19:43:30.015275|[g:1][CONSENSUS][PBFT]checkTimeout Succ,view=1717,toView=1718,nodeIdx=3,changeCycle=0,myNode=b5092dbe...,timecost=0.29
info|2019-12-12 19:43:30.088207|[g:1][CONSENSUS][PBFT]checkAndChangeView: Reach consensus,org_view=1717,org_changeCycle=0,cur_changeCycle=0,to_view=1718
info|2019-12-12 19:43:31.158827|[g:1][CONSENSUS]addRawPrepare,height=241,reqIdx=2,hash=04093708...
info|2019-12-12 19:43:31.159239|[g:1][CONSENSUS][PBFT]checkTimeout Succ,view=1718,toView=1719,nodeIdx=3,changeCycle=0,myNode=b5092dbe...,timecost=0.249
info|2019-12-12 19:43:31.208067|[g:1][CONSENSUS][PBFT]checkAndChangeView: Reach consensus,org_view=1718,org_changeCycle=0,cur_changeCycle=0,to_view=1719
info|2019-12-12 19:43:32.215813|[g:1][CONSENSUS][SEALER]++++++++++++++++ Generating seal on,blkNum=241,tx=0,nodeIdx=3,hash=27a7c052...
info|2019-12-12 19:43:32.308073|[g:1][CONSENSUS][PBFT]checkTimeout Succ,view=1719,toView=1720,nodeIdx=3,changeCycle=0,myNode=b5092dbe...,timecost=7.987
info|2019-12-12 19:43:32.474562|[g:1][CONSENSUS][PBFT]checkAndChangeView: Reach consensus,org_view=1719,org_changeCycle=0,cur_changeCycle=0,to_view=1720
info|2019-12-12 19:43:33.322740|[P2P][Service] heartBeat,connected count=3
info|2019-12-12 19:43:33.575830|[g:1][CONSENSUS]addRawPrepare,height=241,reqIdx=0,hash=734167f3...
info|2019-12-12 19:43:33.615845|[g:1][CONSENSUS][PBFT]checkTimeout Succ,view=1720,toView=1721,nodeIdx=3,changeCycle=0,myNode=b5092dbe...,timecost=39.994
info|2019-12-12 19:43:33.616197|[g:1][CONSENSUS][PBFT]checkAndChangeView: Reach consensus,org_view=1720,org_changeCycle=0,cur_changeCycle=0,to_view=1721
info|2019-12-12 19:43:34.697308|[g:1][CONSENSUS]addRawPrepare,height=241,reqIdx=1,hash=52fbcedd...
info|2019-12-12 19:43:34.718842|[g:1][CONSENSUS][PBFT]checkTimeout Succ,view=1721,toView=1722,nodeIdx=3,changeCycle=0,myNode=b5092dbe...,timecost=0.338
info|2019-12-12 19:43:34.719681|[g:1][CONSENSUS][PBFT]checkAndChangeView: Reach consensus,org_view=1721,org_changeCycle=0,cur_changeCycle=0,to_view=1722
info|2019-12-12 19:43:35.803194|[g:1][CONSENSUS]addRawPrepare,height=241,reqIdx=2,hash=3e5522fb...
info|2019-12-12 19:43:35.805496|[g:1][CONSENSUS][PBFT]checkTimeout Succ,view=1722,toView=1723,nodeIdx=3,changeCycle=0,myNode=b5092dbe...,timecost=1.999
info|2019-12-12 19:43:35.806778|[g:1][CONSENSUS][PBFT]checkAndChangeView: Reach consensus,org_view=1722,org_changeCycle=0,cur_changeCycle=0,to_view=1723
info|2019-12-12 19:43:36.816649|[g:1][CONSENSUS][SEALER]++++++++++++++++ Generating seal on,blkNum=241,tx=0,nodeIdx=3,hash=82f958dd...
info|2019-12-12 19:43:36.849165|[g:1][CONSENSUS][PBFT]checkTimeout Succ,view=1723,toView=1724,nodeIdx=3,changeCycle=0,myNode=b5092dbe...,timecost=1.849
info|2019-12-12 19:43:36.862278|[g:1][CONSENSUS][PBFT]checkAndChangeView: Reach consensus,org_view=1723,org_changeCycle=0,cur_changeCycle=0,to_view=1724
info|2019-12-12 19:43:38.099662|[g:1][CONSENSUS]addRawPrepare,height=241,reqIdx=0,hash=7551a1a1...
info|2019-12-12 19:43:38.347322|[g:1][CONSENSUS][PBFT]checkTimeout Succ,view=1724,toView=1725,nodeIdx=3,changeCycle=0,myNode=b5092dbe...,timecost=96.277
info|2019-12-12 19:43:38.347979|[g:1][CONSENSUS][PBFT]checkAndChangeView: Reach consensus,org_view=1724,org_changeCycle=0,cur_changeCycle=0,to_view=1725
info|2019-12-12 19:43:39.334717|[g:1][CONSENSUS]addRawPrepare,height=241,reqIdx=1,hash=a230335f...
info|2019-12-12 19:43:39.335635|[g:1][CONSENSUS][PBFT]checkTimeout Succ,view=1725,toView=1726,nodeIdx=3,changeCycle=0,myNode=b5092dbe...,timecost=0.349
info|2019-12-12 19:43:39.502659|[g:1][CONSENSUS][PBFT]checkAndChangeView: Reach consensus,org_view=1725,org_changeCycle=0,cur_changeCycle=0,to_view=1726
info|2019-12-12 19:43:40.535753|[g:1][CONSENSUS]addRawPrepare,height=241,reqIdx=2,hash=f793bcef...
info|2019-12-12 19:43:40.629442|[g:1][CONSENSUS][PBFT]checkTimeout Succ,view=1726,toView=1727,nodeIdx=3,changeCycle=0,myNode=b5092dbe...,timecost=38.335
info|2019-12-12 19:43:40.634836|[g:1][CONSENSUS][PBFT]checkAndChangeView: Reach consensus,org_view=1726,org_changeCycle=0,cur_changeCycle=0,to_view=1727
info|2019-12-12 19:43:41.637904|[g:1][CONSENSUS][SEALER]++++++++++++++++ Generating seal on,blkNum=241,tx=0,nodeIdx=3,hash=80be92fa...
info|2019-12-12 19:43:41.651344|[g:1][CONSENSUS][PBFT]checkTimeout Succ,view=1727,toView=1728,nodeIdx=3,changeCycle=0,myNode=b5092dbe...,timecost=2.632
info|2019-12-12 19:43:41.658056|[g:1][CONSENSUS][PBFT]checkAndChangeView: Reach consensus,org_view=1727,org_changeCycle=0,cur_changeCycle=0,to_view=1728
info|2019-12-12 19:43:42.681870|[g:1][CONSENSUS]addRawPrepare,height=241,reqIdx=0,hash=7f8beb48...
info|2019-12-12 19:43:42.682255|[g:1][CONSENSUS][PBFT]checkTimeout Succ,view=1728,toView=1729,nodeIdx=3,changeCycle=0,myNode=b5092dbe...,timecost=0.261
info|2019-12-12 19:43:42.713131|[g:1][CONSENSUS][PBFT]checkAndChangeView: Reach consensus,org_view=1728,org_changeCycle=0,cur_changeCycle=0,to_view=1729
info|2019-12-12 19:43:43.349618|[P2P][Service] heartBeat,connected count=3
info|2019-12-12 19:43:43.753226|[g:1][CONSENSUS]addRawPrepare,height=241,reqIdx=1,hash=2d7af3f1...
info|2019-12-12 19:43:43.753723|[g:1][CONSENSUS][PBFT]checkTimeout Succ,view=1729,toView=1730,nodeIdx=3,changeCycle=0,myNode=b5092dbe...,timecost=0.319
info|2019-12-12 19:43:43.796130|[g:1][CONSENSUS][PBFT]checkAndChangeView: Reach consensus,org_view=1729,org_changeCycle=0,cur_changeCycle=0,to_view=1730
info|2019-12-12 19:43:44.805941|[g:1][CONSENSUS]addRawPrepare,height=241,reqIdx=2,hash=596f7e18...
info|2019-12-12 19:43:44.806289|[g:1][CONSENSUS][PBFT]checkTimeout Succ,view=1730,toView=1731,nodeIdx=3,changeCycle=0,myNode=b5092dbe...,timecost=0.19
info|2019-12-12 19:43:44.807879|[g:1][CONSENSUS][PBFT]checkAndChangeView: Reach consensus,org_view=1730,org_changeCycle=0,cur_changeCycle=0,to_view=1731
info|2019-12-12 19:43:45.808191|[g:1][CONSENSUS][SEALER]++++++++++++++++ Generating seal on,blkNum=241,tx=0,nodeIdx=3,hash=21f5e398...
info|2019-12-12 19:43:45.810876|[g:1][CONSENSUS][PBFT]checkTimeout Succ,view=1731,toView=1732,nodeIdx=3,changeCycle=0,myNode=b5092dbe...,timecost=0.296
info|2019-12-12 19:43:45.814209|[g:1][CONSENSUS][PBFT]checkAndChangeView: Reach consensus,org_view=1731,org_changeCycle=0,cur_changeCycle=0,to_view=1732
info|2019-12-12 19:43:46.889653|[g:1][CONSENSUS]addRawPrepare,height=241,reqIdx=0,hash=3103de7f...
info|2019-12-12 19:43:46.895853|[g:1][CONSENSUS][PBFT]checkTimeout Succ,view=1732,toView=1733,nodeIdx=3,changeCycle=0,myNode=b5092dbe...,timecost=0.472
info|2019-12-12 19:43:46.971930|[g:1][CONSENSUS][PBFT]checkAndChangeView: Reach consensus,org_view=1732,org_changeCycle=0,cur_changeCycle=0,to_view=1733
info|2019-12-12 19:43:47.992126|[g:1][CONSENSUS]addRawPrepare,height=241,reqIdx=1,hash=9091a4fe...
info|2019-12-12 19:43:48.050011|[g:1][CONSENSUS][PBFT]checkTimeout Succ,view=1733,toView=1734,nodeIdx=3,changeCycle=0,myNode=b5092dbe...,timecost=1.627
info|2019-12-12 19:43:48.051194|[g:1][CONSENSUS][PBFT]checkAndChangeView: Reach consensus,org_view=1733,org_changeCycle=0,cur_changeCycle=0,to_view=1734
info|2019-12-12 19:43:49.110093|[g:1][CONSENSUS]addRawPrepare,height=241,reqIdx=2,hash=1f1ed9af...
info|2019-12-12 19:43:49.110459|[g:1][CONSENSUS][PBFT]checkTimeout Succ,view=1734,toView=1735,nodeIdx=3,changeCycle=0,myNode=b5092dbe...,timecost=0.338
info|2019-12-12 19:43:49.127187|[g:1][CONSENSUS][PBFT]checkAndChangeView: Reach consensus,org_view=1734,org_changeCycle=0,cur_changeCycle=0,to_view=1735
info|2019-12-12 19:43:50.131688|[g:1][CONSENSUS][SEALER]++++++++++++++++ Generating seal on,blkNum=241,tx=0,nodeIdx=3,hash=cc6f3226...
info|2019-12-12 19:43:50.132360|[g:1][CONSENSUS][PBFT]checkTimeout Succ,view=1735,toView=1736,nodeIdx=3,changeCycle=0,myNode=b5092dbe...,timecost=0.303
info|2019-12-12 19:43:50.147693|[g:1][CONSENSUS][PBFT]checkAndChangeView: Reach consensus,org_view=1735,org_changeCycle=0,cur_changeCycle=0,to_view=1736
info|2019-12-12 19:43:51.509440|[g:1][CONSENSUS]addRawPrepare,height=241,reqIdx=0,hash=5e40dd68...
info|2019-12-12 19:43:51.516673|[g:1][CONSENSUS][PBFT]checkTimeout Succ,view=1736,toView=1737,nodeIdx=3,changeCycle=0,myNode=b5092dbe...,timecost=7.149
info|2019-12-12 19:43:51.576634|[g:1][CONSENSUS][PBFT]checkAndChangeView: Reach consensus,org_view=1736,org_changeCycle=0,cur_changeCycle=0,to_view=1737
info|2019-12-12 19:43:52.674066|[g:1][CONSENSUS]addRawPrepare,height=241,reqIdx=1,hash=8d503cbb...
info|2019-12-12 19:43:52.773597|[g:1][CONSENSUS][PBFT]checkTimeout Succ,view=1737,toView=1738,nodeIdx=3,changeCycle=0,myNode=b5092dbe...,timecost=0.308
info|2019-12-12 19:43:52.774311|[g:1][CONSENSUS][PBFT]checkAndChangeView: Reach consensus,org_view=1737,org_changeCycle=0,cur_changeCycle=0,to_view=1738
info|2019-12-12 19:43:53.427144|[P2P][Service] heartBeat,connected count=3
info|2019-12-12 19:43:54.004018|[g:1][CONSENSUS]addRawPrepare,height=241,reqIdx=2,hash=1e368cfe...
info|2019-12-12 19:43:54.004396|[g:1][CONSENSUS][PBFT]checkTimeout Succ,view=1738,toView=1739,nodeIdx=3,changeCycle=0,myNode=b5092dbe...,timecost=0.232
info|2019-12-12 19:43:54.121479|[g:1][CONSENSUS][PBFT]checkAndChangeView: Reach consensus,org_view=1738,org_changeCycle=0,cur_changeCycle=0,to_view=1739
info|2019-12-12 19:43:55.121260|[g:1][CONSENSUS][SEALER]++++++++++++++++ Generating seal on,blkNum=241,tx=0,nodeIdx=3,hash=9b539331...
info|2019-12-12 19:43:55.175452|[g:1][CONSENSUS][PBFT]checkTimeout Succ,view=1739,toView=1740,nodeIdx=3,changeCycle=0,myNode=b5092dbe...,timecost=53.74
info|2019-12-12 19:43:55.176291|[g:1][CONSENSUS][PBFT]checkAndChangeView: Reach consensus,org_view=1739,org_changeCycle=0,cur_changeCycle=0,to_view=1740
info|2019-12-12 19:43:56.176609|[g:1][CONSENSUS]addRawPrepare,height=241,reqIdx=0,hash=f4a0bec5...
info|2019-12-12 19:43:56.177089|[g:1][CONSENSUS][PBFT]checkTimeout Succ,view=1740,toView=1741,nodeIdx=3,changeCycle=0,myNode=b5092dbe...,timecost=0.248
info|2019-12-12 19:43:56.220739|[g:1][CONSENSUS][PBFT]checkAndChangeView: Reach consensus,org_view=1740,org_changeCycle=0,cur_changeCycle=0,to_view=1741
info|2019-12-12 19:43:57.223185|[g:1][CONSENSUS]addRawPrepare,height=241,reqIdx=1,hash=656dcac5...
info|2019-12-12 19:43:57.242986|[g:1][CONSENSUS][PBFT]checkTimeout Succ,view=1741,toView=1742,nodeIdx=3,changeCycle=0,myNode=b5092dbe...,timecost=19.704
info|2019-12-12 19:43:57.247096|[g:1][CONSENSUS][PBFT]checkAndChangeView: Reach consensus,org_view=1741,org_changeCycle=0,cur_changeCycle=0,to_view=1742
info|2019-12-12 19:43:58.257457|[g:1][CONSENSUS]addRawPrepare,height=241,reqIdx=2,hash=3c93f887...
info|2019-12-12 19:43:58.284038|[g:1][CONSENSUS][PBFT]checkTimeout Succ,view=1742,toView=1743,nodeIdx=3,changeCycle=0,myNode=b5092dbe...,timecost=26.256
info|2019-12-12 19:43:58.285420|[g:1][CONSENSUS][PBFT]checkAndChangeView: Reach consensus,org_view=1742,org_changeCycle=0,cur_changeCycle=0,to_view=1743
info|2019-12-12 19:43:59.394589|[g:1][CONSENSUS][SEALER]++++++++++++++++ Generating seal on,blkNum=241,tx=0,nodeIdx=3,hash=5a4ec10a...
info|2019-12-12 19:43:59.409397|[g:1][CONSENSUS][PBFT]checkTimeout Succ,view=1743,toView=1744,nodeIdx=3,changeCycle=0,myNode=b5092dbe...,timecost=0.927
info|2019-12-12 19:43:59.410296|[g:1][CONSENSUS][PBFT]checkAndChangeView: Reach consensus,org_view=1743,org_changeCycle=0,cur_changeCycle=0,to_view=1744
info|2019-12-12 19:44:00.440314|[g:1][CONSENSUS]addRawPrepare,height=241,reqIdx=0,hash=19dabc2b...
info|2019-12-12 19:44:00.515379|[g:1][CONSENSUS][PBFT]checkTimeout Succ,view=1744,toView=1745,nodeIdx=3,changeCycle=0,myNode=b5092dbe...,timecost=74.913
info|2019-12-12 19:44:00.515936|[g:1][CONSENSUS][PBFT]checkAndChangeView: Reach consensus,org_view=1744,org_changeCycle=0,cur_changeCycle=0,to_view=1745
info|2019-12-12 19:44:01.506351|[g:1][CONSENSUS]addRawPrepare,height=241,reqIdx=1,hash=3e77f7d2...
info|2019-12-12 19:44:01.506854|[g:1][CONSENSUS][PBFT]checkTimeout Succ,view=1745,toView=1746,nodeIdx=3,changeCycle=0,myNode=b5092dbe...,timecost=0.303
info|2019-12-12 19:44:01.591171|[g:1][CONSENSUS][PBFT]checkAndChangeView: Reach consensus,org_view=1745,org_changeCycle=0,cur_changeCycle=0,to_view=1746
info|2019-12-12 19:44:02.520385|[g:1][CONSENSUS]addRawPrepare,height=241,reqIdx=2,hash=53a03da2...
info|2019-12-12 19:44:02.520717|[g:1][CONSENSUS][PBFT]checkTimeout Succ,view=1746,toView=1747,nodeIdx=3,changeCycle=0,myNode=b5092dbe...,timecost=0.225
info|2019-12-12 19:44:02.598283|[g:1][CONSENSUS][PBFT]checkAndChangeView: Reach consensus,org_view=1746,org_changeCycle=0,cur_changeCycle=0,to_view=1747
info|2019-12-12 19:44:03.436219|[P2P][Service] heartBeat,connected count=3
info|2019-12-12 19:44:03.623784|[g:1][CONSENSUS][SEALER]++++++++++++++++ Generating seal on,blkNum=241,tx=0,nodeIdx=3,hash=51c454c3...
info|2019-12-12 19:44:03.663251|[g:1][CONSENSUS][PBFT]checkTimeout Succ,view=1747,toView=1748,nodeIdx=3,changeCycle=0,myNode=b5092dbe...,timecost=26.646
info|2019-12-12 19:44:03.663904|[g:1][CONSENSUS][PBFT]checkAndChangeView: Reach consensus,org_view=1747,org_changeCycle=0,cur_changeCycle=0,to_view=1748
info|2019-12-12 19:44:04.702282|[g:1][CONSENSUS]addRawPrepare,height=241,reqIdx=0,hash=89b60659...
info|2019-12-12 19:44:04.845744|[g:1][CONSENSUS][PBFT]checkTimeout Succ,view=1748,toView=1749,nodeIdx=3,changeCycle=0,myNode=b5092dbe...,timecost=143.393
info|2019-12-12 19:44:04.846433|[g:1][CONSENSUS][PBFT]checkAndChangeView: Reach consensus,org_view=1748,org_changeCycle=0,cur_changeCycle=0,to_view=1749
info|2019-12-12 19:44:05.874872|[g:1][CONSENSUS]addRawPrepare,height=241,reqIdx=1,hash=5d91ca9e...
info|2019-12-12 19:44:05.875339|[g:1][CONSENSUS][PBFT]checkTimeout Succ,view=1749,toView=1750,nodeIdx=3,changeCycle=0,myNode=b5092dbe...,timecost=0.373
info|2019-12-12 19:44:05.919065|[g:1][CONSENSUS][PBFT]checkAndChangeView: Reach consensus,org_view=1749,org_changeCycle=0,cur_changeCycle=0,to_view=1750
info|2019-12-12 19:44:06.983730|[g:1][CONSENSUS]addRawPrepare,height=241,reqIdx=2,hash=b68d3556...
info|2019-12-12 19:44:06.984074|[g:1][CONSENSUS][PBFT]checkTimeout Succ,view=1750,toView=1751,nodeIdx=3,changeCycle=0,myNode=b5092dbe...,timecost=0.231
info|2019-12-12 19:44:06.985052|[g:1][CONSENSUS][PBFT]checkAndChangeView: Reach consensus,org_view=1750,org_changeCycle=0,cur_changeCycle=0,to_view=1751
info|2019-12-12 19:44:07.999925|[g:1][CONSENSUS][SEALER]++++++++++++++++ Generating seal on,blkNum=241,tx=0,nodeIdx=3,hash=a8e2eab4...
info|2019-12-12 19:44:08.166860|[g:1][CONSENSUS][PBFT]checkTimeout Succ,view=1751,toView=1752,nodeIdx=3,changeCycle=0,myNode=b5092dbe...,timecost=166.305
info|2019-12-12 19:44:08.167947|[g:1][CONSENSUS][PBFT]checkAndChangeView: Reach consensus,org_view=1751,org_changeCycle=0,cur_changeCycle=0,to_view=1752
info|2019-12-12 19:44:09.071166|[g:1][CONSENSUS]addRawPrepare,height=241,reqIdx=0,hash=c785bfb8...
info|2019-12-12 19:44:09.084732|[g:1][CONSENSUS][PBFT]checkTimeout Succ,view=1752,toView=1753,nodeIdx=3,changeCycle=0,myNode=b5092dbe...,timecost=13.391
info|2019-12-12 19:44:09.110361|[g:1][CONSENSUS][PBFT]checkAndChangeView: Reach consensus,org_view=1752,org_changeCycle=0,cur_changeCycle=0,to_view=1753
info|2019-12-12 19:44:10.140742|[g:1][CONSENSUS]addRawPrepare,height=241,reqIdx=1,hash=7bdb4247...
info|2019-12-12 19:44:10.142567|[g:1][CONSENSUS][PBFT]checkTimeout Succ,view=1753,toView=1754,nodeIdx=3,changeCycle=0,myNode=b5092dbe...,timecost=1.427
info|2019-12-12 19:44:10.168574|[g:1][CONSENSUS][PBFT]checkAndChangeView: Reach consensus,org_view=1753,org_changeCycle=0,cur_changeCycle=0,to_view=1754
info|2019-12-12 19:44:11.145334|[g:1][CONSENSUS]addRawPrepare,height=241,reqIdx=2,hash=50c9f6f7...
info|2019-12-12 19:44:11.243811|[g:1][CONSENSUS][PBFT]checkTimeout Succ,view=1754,toView=1755,nodeIdx=3,changeCycle=0,myNode=b5092dbe...,timecost=10.267
info|2019-12-12 19:44:11.244633|[g:1][CONSENSUS][PBFT]checkAndChangeView: Reach consensus,org_view=1754,org_changeCycle=0,cur_changeCycle=0,to_view=1755
info|2019-12-12 19:44:12.244614|[g:1][CONSENSUS][SEALER]++++++++++++++++ Generating seal on,blkNum=241,tx=0,nodeIdx=3,hash=b7d21ac7...
info|2019-12-12 19:44:12.276514|[g:1][CONSENSUS][PBFT]checkTimeout Succ,view=1755,toView=1756,nodeIdx=3,changeCycle=0,myNode=b5092dbe...,timecost=0.237
info|2019-12-12 19:44:12.277346|[g:1][CONSENSUS][PBFT]checkAndChangeView: Reach consensus,org_view=1755,org_changeCycle=0,cur_changeCycle=0,to_view=1756
info|2019-12-12 19:44:13.280615|[g:1][CONSENSUS]addRawPrepare,height=241,reqIdx=0,hash=83ee387f...
info|2019-12-12 19:44:13.281018|[g:1][CONSENSUS][PBFT]checkTimeout Succ,view=1756,toView=1757,nodeIdx=3,changeCycle=0,myNode=b5092dbe...,timecost=0.29
info|2019-12-12 19:44:13.285286|[g:1][CONSENSUS][PBFT]checkAndChangeView: Reach consensus,org_view=1756,org_changeCycle=0,cur_changeCycle=0,to_view=1757
info|2019-12-12 19:44:13.436374|[P2P][Service] heartBeat,connected count=3
info|2019-12-12 19:44:14.305680|[g:1][CONSENSUS]addRawPrepare,height=241,reqIdx=1,hash=adf3d9e7...
info|2019-12-12 19:44:14.306078|[g:1][CONSENSUS][PBFT]checkTimeout Succ,view=1757,toView=1758,nodeIdx=3,changeCycle=0,myNode=b5092dbe...,timecost=0.24
info|2019-12-12 19:44:14.357722|[g:1][CONSENSUS][PBFT]checkAndChangeView: Reach consensus,org_view=1757,org_changeCycle=0,cur_changeCycle=0,to_view=1758
info|2019-12-12 19:44:15.368877|[g:1][CONSENSUS]addRawPrepare,height=241,reqIdx=2,hash=08f52879...
info|2019-12-12 19:44:15.385703|[g:1][CONSENSUS][PBFT]checkTimeout Succ,view=1758,toView=1759,nodeIdx=3,changeCycle=0,myNode=b5092dbe...,timecost=16.551
info|2019-12-12 19:44:15.413625|[g:1][CONSENSUS][PBFT]checkAndChangeView: Reach consensus,org_view=1758,org_changeCycle=0,cur_changeCycle=0,to_view=1759
info|2019-12-12 19:44:16.445944|[g:1][CONSENSUS][SEALER]++++++++++++++++ Generating seal on,blkNum=241,tx=0,nodeIdx=3,hash=67df25cf...
info|2019-12-12 19:44:16.454193|[g:1][CONSENSUS][PBFT]checkTimeout Succ,view=1759,toView=1760,nodeIdx=3,changeCycle=0,myNode=b5092dbe...,timecost=6.264
info|2019-12-12 19:44:16.457225|[g:1][CONSENSUS][PBFT]checkAndChangeView: Reach consensus,org_view=1759,org_changeCycle=0,cur_changeCycle=0,to_view=1760
info|2019-12-12 19:44:17.456429|[g:1][CONSENSUS]addRawPrepare,height=241,reqIdx=0,hash=83a9bd35...
info|2019-12-12 19:44:17.456907|[g:1][CONSENSUS][PBFT]checkTimeout Succ,view=1760,toView=1761,nodeIdx=3,changeCycle=0,myNode=b5092dbe...,timecost=0.351
info|2019-12-12 19:44:17.457581|[g:1][CONSENSUS][PBFT]checkAndChangeView: Reach consensus,org_view=1760,org_changeCycle=0,cur_changeCycle=0,to_view=1761
info|2019-12-12 19:44:18.570640|[g:1][CONSENSUS]addRawPrepare,height=241,reqIdx=1,hash=5468f4de...
info|2019-12-12 19:44:18.635146|[g:1][CONSENSUS][PBFT]checkTimeout Succ,view=1761,toView=1762,nodeIdx=3,changeCycle=0,myNode=b5092dbe...,timecost=63.281
info|2019-12-12 19:44:18.643406|[g:1][CONSENSUS][PBFT]checkAndChangeView: Reach consensus,org_view=1761,org_changeCycle=0,cur_changeCycle=0,to_view=1762
info|2019-12-12 19:44:19.721259|[g:1][CONSENSUS]addRawPrepare,height=241,reqIdx=2,hash=d51de3eb...
info|2019-12-12 19:44:19.746957|[g:1][CONSENSUS][PBFT]checkTimeout Succ,view=1762,toView=1763,nodeIdx=3,changeCycle=0,myNode=b5092dbe...,timecost=24.963
info|2019-12-12 19:44:19.762881|[g:1][CONSENSUS][PBFT]checkAndChangeView: Reach consensus,org_view=1762,org_changeCycle=0,cur_changeCycle=0,to_view=1763
info|2019-12-12 19:44:20.763856|[g:1][CONSENSUS][SEALER]++++++++++++++++ Generating seal on,blkNum=241,tx=0,nodeIdx=3,hash=0edd42c0...
info|2019-12-12 19:44:20.813456|[g:1][CONSENSUS][PBFT]checkTimeout Succ,view=1763,toView=1764,nodeIdx=3,changeCycle=0,myNode=b5092dbe...,timecost=0.911
info|2019-12-12 19:44:20.815670|[g:1][CONSENSUS][PBFT]checkAndChangeView: Reach consensus,org_view=1763,org_changeCycle=0,cur_changeCycle=0,to_view=1764
info|2019-12-12 19:44:21.877734|[g:1][CONSENSUS]addRawPrepare,height=241,reqIdx=0,hash=c942c426...
info|2019-12-12 19:44:21.878247|[g:1][CONSENSUS][PBFT]checkTimeout Succ,view=1764,toView=1765,nodeIdx=3,changeCycle=0,myNode=b5092dbe...,timecost=0.328
info|2019-12-12 19:44:22.041797|[g:1][CONSENSUS][PBFT]checkAndChangeView: Reach consensus,org_view=1764,org_changeCycle=0,cur_changeCycle=0,to_view=1765
info|2019-12-12 19:44:22.958553|[g:1][CONSENSUS]addRawPrepare,height=241,reqIdx=1,hash=81e72603...
info|2019-12-12 19:44:22.958962|[g:1][CONSENSUS][PBFT]checkTimeout Succ,view=1765,toView=1766,nodeIdx=3,changeCycle=0,myNode=b5092dbe...,timecost=0.294
info|2019-12-12 19:44:22.961938|[g:1][CONSENSUS][PBFT]checkAndChangeView: Reach consensus,org_view=1765,org_changeCycle=0,cur_changeCycle=0,to_view=1766
info|2019-12-12 19:44:23.451037|[P2P][Service] heartBeat,connected count=3
info|2019-12-12 19:44:23.965188|[g:1][CONSENSUS]addRawPrepare,height=241,reqIdx=2,hash=d2cd0211...
info|2019-12-12 19:44:23.965537|[g:1][CONSENSUS][PBFT]checkTimeout Succ,view=1766,toView=1767,nodeIdx=3,changeCycle=0,myNode=b5092dbe...,timecost=0.268
info|2019-12-12 19:44:23.968257|[g:1][CONSENSUS][PBFT]checkAndChangeView: Reach consensus,org_view=1766,org_changeCycle=0,cur_changeCycle=0,to_view=1767
info|2019-12-12 19:44:24.983612|[g:1][CONSENSUS][SEALER]++++++++++++++++ Generating seal on,blkNum=241,tx=0,nodeIdx=3,hash=29ed5944...
info|2019-12-12 19:44:24.998646|[g:1][CONSENSUS][PBFT]checkTimeout Succ,view=1767,toView=1768,nodeIdx=3,changeCycle=0,myNode=b5092dbe...,timecost=0.783
info|2019-12-12 19:44:25.052705|[g:1][CONSENSUS][PBFT]checkAndChangeView: Reach consensus,org_view=1767,org_changeCycle=0,cur_changeCycle=0,to_view=1768
info|2019-12-12 19:44:26.064516|[g:1][CONSENSUS]addRawPrepare,height=241,reqIdx=0,hash=9a01c379...
info|2019-12-12 19:44:26.099548|[g:1][CONSENSUS][PBFT]checkTimeout Succ,view=1768,toView=1769,nodeIdx=3,changeCycle=0,myNode=b5092dbe...,timecost=34.949
info|2019-12-12 19:44:26.100354|[g:1][CONSENSUS][PBFT]checkAndChangeView: Reach consensus,org_view=1768,org_changeCycle=0,cur_changeCycle=0,to_view=1769
info|2019-12-12 19:44:27.320758|[g:1][CONSENSUS]addRawPrepare,height=241,reqIdx=1,hash=34075b4a...
info|2019-12-12 19:44:27.321232|[g:1][CONSENSUS][PBFT]checkTimeout Succ,view=1769,toView=1770,nodeIdx=3,changeCycle=0,myNode=b5092dbe...,timecost=0.4
info|2019-12-12 19:44:27.345979|[g:1][CONSENSUS][PBFT]checkAndChangeView: Reach consensus,org_view=1769,org_changeCycle=0,cur_changeCycle=0,to_view=1770
info|2019-12-12 19:44:28.385715|[g:1][CONSENSUS]addRawPrepare,height=241,reqIdx=2,hash=fc0916b9...
info|2019-12-12 19:44:28.386159|[g:1][CONSENSUS][PBFT]checkTimeout Succ,view=1770,toView=1771,nodeIdx=3,changeCycle=0,myNode=b5092dbe...,timecost=0.276
info|2019-12-12 19:44:28.413687|[g:1][CONSENSUS][PBFT]checkAndChangeView: Reach consensus,org_view=1770,org_changeCycle=0,cur_changeCycle=0,to_view=1771
info|2019-12-12 19:44:29.413300|[g:1][CONSENSUS][SEALER]++++++++++++++++ Generating seal on,blkNum=241,tx=0,nodeIdx=3,hash=8e801517...
info|2019-12-12 19:44:29.419059|[g:1][CONSENSUS][PBFT]checkTimeout Succ,view=1771,toView=1772,nodeIdx=3,changeCycle=0,myNode=b5092dbe...,timecost=0.24
info|2019-12-12 19:44:29.444748|[g:1][CONSENSUS][PBFT]checkAndChangeView: Reach consensus,org_view=1771,org_changeCycle=0,cur_changeCycle=0,to_view=1772
info|2019-12-12 19:44:30.447184|[g:1][CONSENSUS]addRawPrepare,height=241,reqIdx=0,hash=3696045b...
info|2019-12-12 19:44:30.482137|[g:1][CONSENSUS][PBFT]checkTimeout Succ,view=1772,toView=1773,nodeIdx=3,changeCycle=0,myNode=b5092dbe...,timecost=33.218
info|2019-12-12 19:44:30.482868|[g:1][CONSENSUS][PBFT]checkAndChangeView: Reach consensus,org_view=1772,org_changeCycle=0,cur_changeCycle=0,to_view=1773
info|2019-12-12 19:44:31.482133|[g:1][CONSENSUS]addRawPrepare,height=241,reqIdx=1,hash=06333d34...
info|2019-12-12 19:44:31.483561|[g:1][CONSENSUS][PBFT]checkTimeout Succ,view=1773,toView=1774,nodeIdx=3,changeCycle=0,myNode=b5092dbe...,timecost=0.925
info|2019-12-12 19:44:31.484295|[g:1][CONSENSUS][PBFT]checkAndChangeView: Reach consensus,org_view=1773,org_changeCycle=0,cur_changeCycle=0,to_view=1774
info|2019-12-12 19:44:32.619265|[g:1][CONSENSUS]addRawPrepare,height=241,reqIdx=2,hash=d3769eca...
info|2019-12-12 19:44:32.619639|[g:1][CONSENSUS][PBFT]checkTimeout Succ,view=1774,toView=1775,nodeIdx=3,changeCycle=0,myNode=b5092dbe...,timecost=0.207
info|2019-12-12 19:44:32.621075|[g:1][CONSENSUS][PBFT]checkAndChangeView: Reach consensus,org_view=1774,org_changeCycle=0,cur_changeCycle=0,to_view=1775
info|2019-12-12 19:44:33.451688|[P2P][Service] heartBeat,connected count=3
info|2019-12-12 19:44:33.621432|[g:1][CONSENSUS][SEALER]++++++++++++++++ Generating seal on,blkNum=241,tx=0,nodeIdx=3,hash=a3bfb847...
info|2019-12-12 19:44:33.637801|[g:1][CONSENSUS][PBFT]checkTimeout Succ,view=1775,toView=1776,nodeIdx=3,changeCycle=0,myNode=b5092dbe...,timecost=15.976
info|2019-12-12 19:44:33.655953|[g:1][CONSENSUS][PBFT]checkAndChangeView: Reach consensus,org_view=1775,org_changeCycle=0,cur_changeCycle=0,to_view=1776
info|2019-12-12 19:44:34.893154|[g:1][CONSENSUS]addRawPrepare,height=241,reqIdx=0,hash=59852197...
info|2019-12-12 19:44:34.893517|[g:1][CONSENSUS][PBFT]checkTimeout Succ,view=1776,toView=1777,nodeIdx=3,changeCycle=0,myNode=b5092dbe...,timecost=0.246
info|2019-12-12 19:44:34.896505|[g:1][CONSENSUS][PBFT]checkAndChangeView: Reach consensus,org_view=1776,org_changeCycle=0,cur_changeCycle=0,to_view=1777
info|2019-12-12 19:44:35.898185|[g:1][CONSENSUS]addRawPrepare,height=241,reqIdx=1,hash=9caf1dc8...
info|2019-12-12 19:44:35.922855|[g:1][CONSENSUS][PBFT]checkTimeout Succ,view=1777,toView=1778,nodeIdx=3,changeCycle=0,myNode=b5092dbe...,timecost=24.571
info|2019-12-12 19:44:35.923652|[g:1][CONSENSUS][PBFT]checkAndChangeView: Reach consensus,org_view=1777,org_changeCycle=0,cur_changeCycle=0,to_view=1778
info|2019-12-12 19:44:36.938590|[g:1][CONSENSUS]addRawPrepare,height=241,reqIdx=2,hash=9d70a88e...
info|2019-12-12 19:44:36.956528|[g:1][CONSENSUS][PBFT]checkTimeout Succ,view=1778,toView=1779,nodeIdx=3,changeCycle=0,myNode=b5092dbe...,timecost=14.789
info|2019-12-12 19:44:36.957638|[g:1][CONSENSUS][PBFT]checkAndChangeView: Reach consensus,org_view=1778,org_changeCycle=0,cur_changeCycle=0,to_view=1779
info|2019-12-12 19:44:37.958941|[g:1][CONSENSUS][SEALER]++++++++++++++++ Generating seal on,blkNum=241,tx=0,nodeIdx=3,hash=49bc4507...
info|2019-12-12 19:44:38.027675|[g:1][CONSENSUS][PBFT]checkTimeout Succ,view=1779,toView=1780,nodeIdx=3,changeCycle=0,myNode=b5092dbe...,timecost=68.141
info|2019-12-12 19:44:38.028437|[g:1][CONSENSUS][PBFT]checkAndChangeView: Reach consensus,org_view=1779,org_changeCycle=0,cur_changeCycle=0,to_view=1780
info|2019-12-12 19:44:39.016964|[g:1][CONSENSUS]addRawPrepare,height=241,reqIdx=0,hash=e3dee425...
info|2019-12-12 19:44:39.017247|[g:1][CONSENSUS][PBFT]checkTimeout Succ,view=1780,toView=1781,nodeIdx=3,changeCycle=0,myNode=b5092dbe...,timecost=0.187
info|2019-12-12 19:44:39.038574|[g:1][CONSENSUS][PBFT]checkAndChangeView: Reach consensus,org_view=1780,org_changeCycle=0,cur_changeCycle=0,to_view=1781
info|2019-12-12 19:44:40.455323|[g:1][CONSENSUS]addRawPrepare,height=241,reqIdx=1,hash=24a06e9d...
info|2019-12-12 19:44:40.479549|[g:1][CONSENSUS][PBFT]checkTimeout Succ,view=1781,toView=1782,nodeIdx=3,changeCycle=0,myNode=b5092dbe...,timecost=23.943
info|2019-12-12 19:44:40.494480|[g:1][CONSENSUS][PBFT]checkAndChangeView: Reach consensus,org_view=1781,org_changeCycle=0,cur_changeCycle=0,to_view=1782
info|2019-12-12 19:44:41.508077|[g:1][CONSENSUS]addRawPrepare,height=241,reqIdx=2,hash=cd3eebff...
info|2019-12-12 19:44:41.508443|[g:1][CONSENSUS][PBFT]checkTimeout Succ,view=1782,toView=1783,nodeIdx=3,changeCycle=0,myNode=b5092dbe...,timecost=0.235
info|2019-12-12 19:44:41.649964|[g:1][CONSENSUS][PBFT]checkAndChangeView: Reach consensus,org_view=1782,org_changeCycle=0,cur_changeCycle=0,to_view=1783
info|2019-12-12 19:44:42.657550|[g:1][CONSENSUS][SEALER]++++++++++++++++ Generating seal on,blkNum=241,tx=0,nodeIdx=3,hash=930b93ea...
info|2019-12-12 19:44:42.865104|[g:1][CONSENSUS][PBFT]checkTimeout Succ,view=1783,toView=1784,nodeIdx=3,changeCycle=0,myNode=b5092dbe...,timecost=90.98
info|2019-12-12 19:44:42.891221|[g:1][CONSENSUS][PBFT]checkAndChangeView: Reach consensus,org_view=1783,org_changeCycle=0,cur_changeCycle=0,to_view=1784
info|2019-12-12 19:44:43.453261|[P2P][Service] heartBeat,connected count=3
info|2019-12-12 19:44:43.857149|[g:1][CONSENSUS]addRawPrepare,height=241,reqIdx=0,hash=410379d5...
info|2019-12-12 19:44:43.968982|[g:1][CONSENSUS][PBFT]checkTimeout Succ,view=1784,toView=1785,nodeIdx=3,changeCycle=0,myNode=b5092dbe...,timecost=26.186
info|2019-12-12 19:44:43.981405|[g:1][CONSENSUS][PBFT]checkAndChangeView: Reach consensus,org_view=1784,org_changeCycle=0,cur_changeCycle=0,to_view=1785
info|2019-12-12 19:44:44.975687|[g:1][CONSENSUS]addRawPrepare,height=241,reqIdx=1,hash=5b0d2e4c...
info|2019-12-12 19:44:44.981706|[g:1][CONSENSUS][PBFT]checkTimeout Succ,view=1785,toView=1786,nodeIdx=3,changeCycle=0,myNode=b5092dbe...,timecost=4.021
info|2019-12-12 19:44:44.982480|[g:1][CONSENSUS][PBFT]checkAndChangeView: Reach consensus,org_view=1785,org_changeCycle=0,cur_changeCycle=0,to_view=1786
info|2019-12-12 19:44:45.987290|[g:1][CONSENSUS]addRawPrepare,height=241,reqIdx=2,hash=4f5dee1c...
info|2019-12-12 19:44:46.040465|[g:1][CONSENSUS][PBFT]checkTimeout Succ,view=1786,toView=1787,nodeIdx=3,changeCycle=0,myNode=b5092dbe...,timecost=52.765
info|2019-12-12 19:44:46.045194|[g:1][CONSENSUS][PBFT]checkAndChangeView: Reach consensus,org_view=1786,org_changeCycle=0,cur_changeCycle=0,to_view=1787
info|2019-12-12 19:44:47.060025|[g:1][CONSENSUS][SEALER]++++++++++++++++ Generating seal on,blkNum=241,tx=0,nodeIdx=3,hash=0323057d...
info|2019-12-12 19:44:47.101203|[g:1][CONSENSUS][PBFT]checkTimeout Succ,view=1787,toView=1788,nodeIdx=3,changeCycle=0,myNode=b5092dbe...,timecost=0.296
info|2019-12-12 19:44:47.121671|[g:1][CONSENSUS][PBFT]checkAndChangeView: Reach consensus,org_view=1787,org_changeCycle=0,cur_changeCycle=0,to_view=1788
info|2019-12-12 19:44:48.104951|[g:1][CONSENSUS]addRawPrepare,height=241,reqIdx=0,hash=92d0f45c...
info|2019-12-12 19:44:48.280798|[g:1][CONSENSUS][PBFT]checkTimeout Succ,view=1788,toView=1789,nodeIdx=3,changeCycle=0,myNode=b5092dbe...,timecost=0.364
info|2019-12-12 19:44:48.281962|[g:1][CONSENSUS][PBFT]checkAndChangeView: Reach consensus,org_view=1788,org_changeCycle=0,cur_changeCycle=0,to_view=1789
info|2019-12-12 19:44:49.282651|[g:1][CONSENSUS]addRawPrepare,height=241,reqIdx=1,hash=da716ec0...
info|2019-12-12 19:44:49.286068|[g:1][CONSENSUS][PBFT]checkTimeout Succ,view=1789,toView=1790,nodeIdx=3,changeCycle=0,myNode=b5092dbe...,timecost=0.761
info|2019-12-12 19:44:49.286985|[g:1][CONSENSUS][PBFT]checkAndChangeView: Reach consensus,org_view=1789,org_changeCycle=0,cur_changeCycle=0,to_view=1790
info|2019-12-12 19:44:50.302491|[g:1][CONSENSUS]addRawPrepare,height=241,reqIdx=2,hash=c00b2947...
info|2019-12-12 19:44:50.327996|[g:1][CONSENSUS][PBFT]checkTimeout Succ,view=1790,toView=1791,nodeIdx=3,changeCycle=0,myNode=b5092dbe...,timecost=25.31
info|2019-12-12 19:44:50.331182|[g:1][CONSENSUS][PBFT]checkAndChangeView: Reach consensus,org_view=1790,org_changeCycle=0,cur_changeCycle=0,to_view=1791
info|2019-12-12 19:44:51.331227|[g:1][CONSENSUS][SEALER]++++++++++++++++ Generating seal on,blkNum=241,tx=0,nodeIdx=3,hash=96b06016...
info|2019-12-12 19:44:51.411030|[g:1][CONSENSUS][PBFT]checkTimeout Succ,view=1791,toView=1792,nodeIdx=3,changeCycle=0,myNode=b5092dbe...,timecost=0.584
info|2019-12-12 19:44:51.414234|[g:1][CONSENSUS][PBFT]checkAndChangeView: Reach consensus,org_view=1791,org_changeCycle=0,cur_changeCycle=0,to_view=1792
info|2019-12-12 19:44:52.387242|[g:1][CONSENSUS]addRawPrepare,height=241,reqIdx=0,hash=fbbd6314...
info|2019-12-12 19:44:52.387535|[g:1][CONSENSUS][PBFT]checkTimeout Succ,view=1792,toView=1793,nodeIdx=3,changeCycle=0,myNode=b5092dbe...,timecost=0.264
info|2019-12-12 19:44:52.389419|[g:1][CONSENSUS][PBFT]checkAndChangeView: Reach consensus,org_view=1792,org_changeCycle=0,cur_changeCycle=0,to_view=1793
info|2019-12-12 19:44:53.420892|[g:1][CONSENSUS]addRawPrepare,height=241,reqIdx=1,hash=a8420800...
info|2019-12-12 19:44:53.421159|[g:1][CONSENSUS][PBFT]checkTimeout Succ,view=1793,toView=1794,nodeIdx=3,changeCycle=0,myNode=b5092dbe...,timecost=0.193
info|2019-12-12 19:44:53.425158|[g:1][CONSENSUS][PBFT]checkAndChangeView: Reach consensus,org_view=1793,org_changeCycle=0,cur_changeCycle=0,to_view=1794
info|2019-12-12 19:44:53.453678|[P2P][Service] heartBeat,connected count=3
info|2019-12-12 19:44:54.427863|[g:1][CONSENSUS]addRawPrepare,height=241,reqIdx=2,hash=981be7fb...
info|2019-12-12 19:44:54.454886|[g:1][CONSENSUS][PBFT]checkTimeout Succ,view=1794,toView=1795,nodeIdx=3,changeCycle=0,myNode=b5092dbe...,timecost=26.848
info|2019-12-12 19:44:54.455634|[g:1][CONSENSUS][PBFT]checkAndChangeView: Reach consensus,org_view=1794,org_changeCycle=0,cur_changeCycle=0,to_view=1795
info|2019-12-12 19:44:55.455718|[g:1][CONSENSUS][SEALER]++++++++++++++++ Generating seal on,blkNum=241,tx=0,nodeIdx=3,hash=31cc1b59...
info|2019-12-12 19:44:55.484540|[g:1][CONSENSUS][PBFT]checkTimeout Succ,view=1795,toView=1796,nodeIdx=3,changeCycle=0,myNode=b5092dbe...,timecost=0.397
info|2019-12-12 19:44:55.485501|[g:1][CONSENSUS][PBFT]checkAndChangeView: Reach consensus,org_view=1795,org_changeCycle=0,cur_changeCycle=0,to_view=1796
info|2019-12-12 19:44:56.486616|[g:1][CONSENSUS]addRawPrepare,height=241,reqIdx=0,hash=de7eba2a...
info|2019-12-12 19:44:56.486836|[g:1][CONSENSUS][PBFT]checkTimeout Succ,view=1796,toView=1797,nodeIdx=3,changeCycle=0,myNode=b5092dbe...,timecost=0.195
info|2019-12-12 19:44:56.489593|[g:1][CONSENSUS][PBFT]checkAndChangeView: Reach consensus,org_view=1796,org_changeCycle=0,cur_changeCycle=0,to_view=1797
info|2019-12-12 19:44:57.491206|[g:1][CONSENSUS]addRawPrepare,height=241,reqIdx=1,hash=0a402cc0...
info|2019-12-12 19:44:57.491518|[g:1][CONSENSUS][PBFT]checkTimeout Succ,view=1797,toView=1798,nodeIdx=3,changeCycle=0,myNode=b5092dbe...,timecost=0.222
info|2019-12-12 19:44:57.494887|[g:1][CONSENSUS][PBFT]checkAndChangeView: Reach consensus,org_view=1797,org_changeCycle=0,cur_changeCycle=0,to_view=1798
info|2019-12-12 19:44:58.510810|[g:1][CONSENSUS]addRawPrepare,height=241,reqIdx=2,hash=e05a3ccf...
info|2019-12-12 19:44:58.546404|[g:1][CONSENSUS][PBFT]checkTimeout Succ,view=1798,toView=1799,nodeIdx=3,changeCycle=0,myNode=b5092dbe...,timecost=9.021
info|2019-12-12 19:44:58.547218|[g:1][CONSENSUS][PBFT]checkAndChangeView: Reach consensus,org_view=1798,org_changeCycle=0,cur_changeCycle=0,to_view=1799
info|2019-12-12 19:44:59.548066|[g:1][CONSENSUS][SEALER]++++++++++++++++ Generating seal on,blkNum=241,tx=0,nodeIdx=3,hash=1ec49f2f...
info|2019-12-12 19:44:59.552146|[g:1][CONSENSUS][PBFT]checkTimeout Succ,view=1799,toView=1800,nodeIdx=3,changeCycle=0,myNode=b5092dbe...,timecost=0.2
info|2019-12-12 19:44:59.552652|[g:1][CONSENSUS][PBFT]checkAndChangeView: Reach consensus,org_view=1799,org_changeCycle=0,cur_changeCycle=0,to_view=1800
info|2019-12-12 19:45:00.554971|[g:1][CONSENSUS]addRawPrepare,height=241,reqIdx=0,hash=73dfd9c3...
info|2019-12-12 19:45:00.555441|[g:1][CONSENSUS][PBFT]checkTimeout Succ,view=1800,toView=1801,nodeIdx=3,changeCycle=0,myNode=b5092dbe...,timecost=0.409
info|2019-12-12 19:45:00.556030|[g:1][CONSENSUS][PBFT]checkAndChangeView: Reach consensus,org_view=1800,org_changeCycle=0,cur_changeCycle=0,to_view=1801
info|2019-12-12 19:45:01.607765|[g:1][CONSENSUS]addRawPrepare,height=241,reqIdx=1,hash=a46b7f3b...
info|2019-12-12 19:45:01.608152|[g:1][CONSENSUS][PBFT]checkTimeout Succ,view=1801,toView=1802,nodeIdx=3,changeCycle=0,myNode=b5092dbe...,timecost=0.264
info|2019-12-12 19:45:01.608830|[g:1][CONSENSUS][PBFT]checkAndChangeView: Reach consensus,org_view=1801,org_changeCycle=0,cur_changeCycle=0,to_view=1802
info|2019-12-12 19:45:02.611762|[g:1][CONSENSUS]addRawPrepare,height=241,reqIdx=2,hash=4beb2b60...
info|2019-12-12 19:45:02.612063|[g:1][CONSENSUS][PBFT]checkTimeout Succ,view=1802,toView=1803,nodeIdx=3,changeCycle=0,myNode=b5092dbe...,timecost=0.182
info|2019-12-12 19:45:02.614880|[g:1][CONSENSUS][PBFT]checkAndChangeView: Reach consensus,org_view=1802,org_changeCycle=0,cur_changeCycle=0,to_view=1803
info|2019-12-12 19:45:03.454390|[P2P][Service] heartBeat,connected count=3
info|2019-12-12 19:45:03.614302|[g:1][CONSENSUS][SEALER]++++++++++++++++ Generating seal on,blkNum=241,tx=0,nodeIdx=3,hash=8294ff4c...
info|2019-12-12 19:45:03.635671|[g:1][CONSENSUS][PBFT]checkTimeout Succ,view=1803,toView=1804,nodeIdx=3,changeCycle=0,myNode=b5092dbe...,timecost=0.212
info|2019-12-12 19:45:03.656570|[g:1][CONSENSUS][PBFT]checkAndChangeView: Reach consensus,org_view=1803,org_changeCycle=0,cur_changeCycle=0,to_view=1804
info|2019-12-12 19:45:04.663113|[g:1][CONSENSUS]addRawPrepare,height=241,reqIdx=0,hash=d0acf2f5...
info|2019-12-12 19:45:04.691652|[g:1][CONSENSUS][PBFT]checkTimeout Succ,view=1804,toView=1805,nodeIdx=3,changeCycle=0,myNode=b5092dbe...,timecost=10.737
info|2019-12-12 19:45:04.692505|[g:1][CONSENSUS][PBFT]checkAndChangeView: Reach consensus,org_view=1804,org_changeCycle=0,cur_changeCycle=0,to_view=1805
info|2019-12-12 19:45:05.707699|[g:1][CONSENSUS]addRawPrepare,height=241,reqIdx=1,hash=53abd6ca...
info|2019-12-12 19:45:05.708133|[g:1][CONSENSUS][PBFT]checkTimeout Succ,view=1805,toView=1806,nodeIdx=3,changeCycle=0,myNode=b5092dbe...,timecost=0.268
info|2019-12-12 19:45:05.710855|[g:1][CONSENSUS][PBFT]checkAndChangeView: Reach consensus,org_view=1805,org_changeCycle=0,cur_changeCycle=0,to_view=1806
info|2019-12-12 19:45:06.713349|[g:1][CONSENSUS]addRawPrepare,height=241,reqIdx=2,hash=1baf7043...
info|2019-12-12 19:45:06.714265|[g:1][CONSENSUS][PBFT]checkTimeout Succ,view=1806,toView=1807,nodeIdx=3,changeCycle=0,myNode=b5092dbe...,timecost=0.499
info|2019-12-12 19:45:06.714903|[g:1][CONSENSUS][PBFT]checkAndChangeView: Reach consensus,org_view=1806,org_changeCycle=0,cur_changeCycle=0,to_view=1807
                                                                                                                                                                                                                                                                                                                                                                                                                                                                                                                                                                                                                                                                                                                                                                                                                                                                                                                                                                                                                                                                                                                                                                                                                                                                                                                                                                                                                                                                                                                                                                                                                                                                                                                                                                                                                                                                                                                                                                                                                                                                                                                                                                                                                                                                                                                                                                                                                                                                                                                                               