info|2019-12-05 00:00:00.777254|[g:1][CONSENSUS][SEALER]++++++++++++++++ Generating seal on,blkNum=29,tx=0,nodeIdx=3,hash=6aab21a6...
info|2019-12-05 00:00:00.783440|[g:1][CONSENSUS][PBFT]checkTimeout Succ,view=331,toView=332,nodeIdx=3,changeCycle=0,myNode=b5092dbe...,timecost=0.469
info|2019-12-05 00:00:00.785938|[g:1][CONSENSUS][PBFT]checkAndChangeView: Reach consensus,org_view=331,org_changeCycle=0,cur_changeCycle=0,to_view=332
info|2019-12-05 00:00:01.798846|[g:1][CONSENSUS]addRawPrepare,height=29,reqIdx=0,hash=91e9a601...
info|2019-12-05 00:00:01.805386|[g:1][CONSENSUS][PBFT]checkTimeout Succ,view=332,toView=333,nodeIdx=3,changeCycle=0,myNode=b5092dbe...,timecost=2.6
info|2019-12-05 00:00:01.810888|[g:1][CONSENSUS][PBFT]checkAndChangeView: Reach consensus,org_view=332,org_changeCycle=0,cur_changeCycle=0,to_view=333
info|2019-12-05 00:00:02.812086|[g:1][CONSENSUS]addRawPrepare,height=29,reqIdx=1,hash=0b4249e0...
info|2019-12-05 00:00:02.817259|[g:1][CONSENSUS][PBFT]checkTimeout Succ,view=333,toView=334,nodeIdx=3,changeCycle=0,myNode=b5092dbe...,timecost=5.011
info|2019-12-05 00:00:02.818779|[g:1][CONSENSUS][PBFT]checkAndChangeView: Reach consensus,org_view=333,org_changeCycle=0,cur_changeCycle=0,to_view=334
info|2019-12-05 00:00:03.830396|[g:1][CONSENSUS]addRawPrepare,height=29,reqIdx=2,hash=79e97446...
info|2019-12-05 00:00:03.831265|[g:1][CONSENSUS][PBFT]checkTimeout Succ,view=334,toView=335,nodeIdx=3,changeCycle=0,myNode=b5092dbe...,timecost=0.627
info|2019-12-05 00:00:03.837926|[g:1][CONSENSUS][PBFT]checkAndChangeView: Reach consensus,org_view=334,org_changeCycle=0,cur_changeCycle=0,to_view=335
info|2019-12-05 00:00:04.837828|[g:1][CONSENSUS][SEALER]++++++++++++++++ Generating seal on,blkNum=29,tx=0,nodeIdx=3,hash=b2f91b19...
info|2019-12-05 00:00:04.855435|[g:1][CONSENSUS][PBFT]checkTimeout Succ,view=335,toView=336,nodeIdx=3,changeCycle=0,myNode=b5092dbe...,timecost=10.314
info|2019-12-05 00:00:04.862478|[g:1][CONSENSUS][PBFT]checkAndChangeView: Reach consensus,org_view=335,org_changeCycle=0,cur_changeCycle=0,to_view=336
info|2019-12-05 00:00:05.862096|[g:1][CONSENSUS]addRawPrepare,height=29,reqIdx=0,hash=a30daf64...
info|2019-12-05 00:00:05.864082|[g:1][CONSENSUS][PBFT]checkTimeout Succ,view=336,toView=337,nodeIdx=3,changeCycle=0,myNode=b5092dbe...,timecost=1.776
info|2019-12-05 00:00:05.871176|[g:1][CONSENSUS][PBFT]checkAndChangeView: Reach consensus,org_view=336,org_changeCycle=0,cur_changeCycle=0,to_view=337
info|2019-12-05 00:00:06.875368|[g:1][CONSENSUS]addRawPrepare,height=29,reqIdx=1,hash=9a9a16e2...
info|2019-12-05 00:00:06.875930|[g:1][CONSENSUS][PBFT]checkTimeout Succ,view=337,toView=338,nodeIdx=3,changeCycle=0,myNode=b5092dbe...,timecost=0.401
info|2019-12-05 00:00:06.882750|[g:1][CONSENSUS][PBFT]checkAndChangeView: Reach consensus,org_view=337,org_changeCycle=0,cur_changeCycle=0,to_view=338
info|2019-12-05 00:00:06.999002|[P2P][Service] heartBeat,connected count=3
info|2019-12-05 00:00:07.885326|[g:1][CONSENSUS]addRawPrepare,height=29,reqIdx=2,hash=ca527ad1...
info|2019-12-05 00:00:07.885734|[g:1][CONSENSUS][PBFT]checkTimeout Succ,view=338,toView=339,nodeIdx=3,changeCycle=0,myNode=b5092dbe...,timecost=0.298
info|2019-12-05 00:00:07.890537|[g:1][CONSENSUS][PBFT]checkAndChangeView: Reach consensus,org_view=338,org_changeCycle=0,cur_changeCycle=0,to_view=339
info|2019-12-05 00:00:08.890377|[g:1][CONSENSUS][SEALER]++++++++++++++++ Generating seal on,blkNum=29,tx=0,nodeIdx=3,hash=9a9d86c5...
info|2019-12-05 00:00:08.894301|[g:1][CONSENSUS][PBFT]checkTimeout Succ,view=339,toView=340,nodeIdx=3,changeCycle=0,myNode=b5092dbe...,timecost=0.501
info|2019-12-05 00:00:08.897210|[g:1][CONSENSUS][PBFT]checkAndChangeView: Reach consensus,org_view=339,org_changeCycle=0,cur_changeCycle=0,to_view=340
info|2019-12-05 00:00:09.904497|[g:1][CONSENSUS]addRawPrepare,height=29,reqIdx=0,hash=3c33d18d...
info|2019-12-05 00:00:09.905206|[g:1][CONSENSUS][PBFT]checkTimeout Succ,view=340,toView=341,nodeIdx=3,changeCycle=0,myNode=b5092dbe...,timecost=0.519
info|2019-12-05 00:00:09.911153|[g:1][CONSENSUS][PBFT]checkAndChangeView: Reach consensus,org_view=340,org_changeCycle=0,cur_changeCycle=0,to_view=341
info|2019-12-05 00:00:10.916905|[g:1][CONSENSUS]addRawPrepare,height=29,reqIdx=1,hash=6383f49e...
info|2019-12-05 00:00:10.917814|[g:1][CONSENSUS][PBFT]checkTimeout Succ,view=341,toView=342,nodeIdx=3,changeCycle=0,myNode=b5092dbe...,timecost=0.697
info|2019-12-05 00:00:10.919749|[g:1][CONSENSUS][PBFT]checkAndChangeView: Reach consensus,org_view=341,org_changeCycle=0,cur_changeCycle=0,to_view=342
info|2019-12-05 00:00:11.933204|[g:1][CONSENSUS]addRawPrepare,height=29,reqIdx=2,hash=674117ea...
info|2019-12-05 00:00:11.934367|[g:1][CONSENSUS][PBFT]checkTimeout Succ,view=342,toView=343,nodeIdx=3,changeCycle=0,myNode=b5092dbe...,timecost=0.677
info|2019-12-05 00:00:11.946535|[g:1][CONSENSUS][PBFT]checkAndChangeView: Reach consensus,org_view=342,org_changeCycle=0,cur_changeCycle=0,to_view=343
info|2019-12-05 00:00:12.947588|[g:1][CONSENSUS][SEALER]++++++++++++++++ Generating seal on,blkNum=29,tx=0,nodeIdx=3,hash=a8ca6cb7...
info|2019-12-05 00:00:12.955356|[g:1][CONSENSUS][PBFT]checkTimeout Succ,view=343,toView=344,nodeIdx=3,changeCycle=0,myNode=b5092dbe...,timecost=0.634
info|2019-12-05 00:00:12.956045|[g:1][CONSENSUS][PBFT]checkAndChangeView: Reach consensus,org_view=343,org_changeCycle=0,cur_changeCycle=0,to_view=344
info|2019-12-05 00:00:13.961818|[g:1][CONSENSUS]addRawPrepare,height=29,reqIdx=0,hash=05d5b7e2...
info|2019-12-05 00:00:13.962137|[g:1][CONSENSUS][PBFT]checkTimeout Succ,view=344,toView=345,nodeIdx=3,changeCycle=0,myNode=b5092dbe...,timecost=0.252
info|2019-12-05 00:00:13.964513|[g:1][CONSENSUS][PBFT]checkAndChangeView: Reach consensus,org_view=344,org_changeCycle=0,cur_changeCycle=0,to_view=345
info|2019-12-05 00:00:14.972565|[g:1][CONSENSUS]addRawPrepare,height=29,reqIdx=1,hash=63ede89c...
info|2019-12-05 00:00:14.973510|[g:1][CONSENSUS][PBFT]checkTimeout Succ,view=345,toView=346,nodeIdx=3,changeCycle=0,myNode=b5092dbe...,timecost=0.691
info|2019-12-05 00:00:14.976910|[g:1][CONSENSUS][PBFT]checkAndChangeView: Reach consensus,org_view=345,org_changeCycle=0,cur_changeCycle=0,to_view=346
info|2019-12-05 00:00:15.984084|[g:1][CONSENSUS]addRawPrepare,height=29,reqIdx=2,hash=eb609997...
info|2019-12-05 00:00:15.984361|[g:1][CONSENSUS][PBFT]checkTimeout Succ,view=346,toView=347,nodeIdx=3,changeCycle=0,myNode=b5092dbe...,timecost=0.194
info|2019-12-05 00:00:15.985972|[g:1][CONSENSUS][PBFT]checkAndChangeView: Reach consensus,org_view=346,org_changeCycle=0,cur_changeCycle=0,to_view=347
info|2019-12-05 00:00:16.986126|[g:1][CONSENSUS][SEALER]++++++++++++++++ Generating seal on,blkNum=29,tx=0,nodeIdx=3,hash=d8d5d2e9...
info|2019-12-05 00:00:16.999302|[P2P][Service] heartBeat,connected count=3
info|2019-12-05 00:00:17.003811|[g:1][CONSENSUS][PBFT]checkTimeout Succ,view=347,toView=348,nodeIdx=3,changeCycle=0,myNode=b5092dbe...,timecost=16.099
info|2019-12-05 00:00:17.009859|[g:1][CONSENSUS][PBFT]checkAndChangeView: Reach consensus,org_view=347,org_changeCycle=0,cur_changeCycle=0,to_view=348
info|2019-12-05 00:00:18.006164|[g:1][CONSENSUS]addRawPrepare,height=29,reqIdx=0,hash=f57d0dae...
info|2019-12-05 00:00:18.006700|[g:1][CONSENSUS][PBFT]checkTimeout Succ,view=348,toView=349,nodeIdx=3,changeCycle=0,myNode=b5092dbe...,timecost=0.393
info|2019-12-05 00:00:18.017855|[g:1][CONSENSUS][PBFT]checkAndChangeView: Reach consensus,org_view=348,org_changeCycle=0,cur_changeCycle=0,to_view=349
info|2019-12-05 00:00:19.027366|[g:1][CONSENSUS]addRawPrepare,height=29,reqIdx=1,hash=4fbab550...
info|2019-12-05 00:00:19.028183|[g:1][CONSENSUS][PBFT]checkTimeout Succ,view=349,toView=350,nodeIdx=3,changeCycle=0,myNode=b5092dbe...,timecost=0.73
info|2019-12-05 00:00:19.034242|[g:1][CONSENSUS][PBFT]checkAndChangeView: Reach consensus,org_view=349,org_changeCycle=0,cur_changeCycle=0,to_view=350
info|2019-12-05 00:00:20.042949|[g:1][CONSENSUS]addRawPrepare,height=29,reqIdx=2,hash=74714fb3...
info|2019-12-05 00:00:20.043607|[g:1][CONSENSUS][PBFT]checkTimeout Succ,view=350,toView=351,nodeIdx=3,changeCycle=0,myNode=b5092dbe...,timecost=0.492
info|2019-12-05 00:00:20.046968|[g:1][CONSENSUS][PBFT]checkAndChangeView: Reach consensus,org_view=350,org_changeCycle=0,cur_changeCycle=0,to_view=351
info|2019-12-05 00:00:21.048983|[g:1][CONSENSUS][SEALER]++++++++++++++++ Generating seal on,blkNum=29,tx=0,nodeIdx=3,hash=e79e3a00...
info|2019-12-05 00:00:21.051787|[g:1][CONSENSUS][PBFT]checkTimeout Succ,view=351,toView=352,nodeIdx=3,changeCycle=0,myNode=b5092dbe...,timecost=0.743
info|2019-12-05 00:00:21.061878|[g:1][CONSENSUS][PBFT]checkAndChangeView: Reach consensus,org_view=351,org_changeCycle=0,cur_changeCycle=0,to_view=352
info|2019-12-05 00:00:22.067224|[g:1][CONSENSUS]addRawPrepare,height=29,reqIdx=0,hash=bec217ba...
info|2019-12-05 00:00:22.069200|[g:1][CONSENSUS][PBFT]checkTimeout Succ,view=352,toView=353,nodeIdx=3,changeCycle=0,myNode=b5092dbe...,timecost=0.774
info|2019-12-05 00:00:22.072732|[g:1][CONSENSUS][PBFT]checkAndChangeView: Reach consensus,org_view=352,org_changeCycle=0,cur_changeCycle=0,to_view=353
info|2019-12-05 00:00:23.081740|[g:1][CONSENSUS]addRawPrepare,height=29,reqIdx=1,hash=3b0ae4ab...
info|2019-12-05 00:00:23.091440|[g:1][CONSENSUS][PBFT]checkTimeout Succ,view=353,toView=354,nodeIdx=3,changeCycle=0,myNode=b5092dbe...,timecost=0.906
info|2019-12-05 00:00:23.097594|[g:1][CONSENSUS][PBFT]checkAndChangeView: Reach consensus,org_view=353,org_changeCycle=0,cur_changeCycle=0,to_view=354
info|2019-12-05 00:00:24.104576|[g:1][CONSENSUS]addRawPrepare,height=29,reqIdx=2,hash=97156a6a...
info|2019-12-05 00:00:24.105532|[g:1][CONSENSUS][PBFT]checkTimeout Succ,view=354,toView=355,nodeIdx=3,changeCycle=0,myNode=b5092dbe...,timecost=0.742
info|2019-12-05 00:00:24.122827|[g:1][CONSENSUS][PBFT]checkAndChangeView: Reach consensus,org_view=354,org_changeCycle=0,cur_changeCycle=0,to_view=355
info|2019-12-05 00:00:25.124416|[g:1][CONSENSUS][SEALER]++++++++++++++++ Generating seal on,blkNum=29,tx=0,nodeIdx=3,hash=c507dedf...
info|2019-12-05 00:00:25.132622|[g:1][CONSENSUS][PBFT]checkTimeout Succ,view=355,toView=356,nodeIdx=3,changeCycle=0,myNode=b5092dbe...,timecost=0.793
info|2019-12-05 00:00:25.138596|[g:1][CONSENSUS][PBFT]checkAndChangeView: Reach consensus,org_view=355,org_changeCycle=0,cur_changeCycle=0,to_view=356
info|2019-12-05 00:00:26.145264|[g:1][CONSENSUS]addRawPrepare,height=29,reqIdx=0,hash=514b39f7...
info|2019-12-05 00:00:26.145638|[g:1][CONSENSUS][PBFT]checkTimeout Succ,view=356,toView=357,nodeIdx=3,changeCycle=0,myNode=b5092dbe...,timecost=0.2
info|2019-12-05 00:00:26.148071|[g:1][CONSENSUS][PBFT]checkAndChangeView: Reach consensus,org_view=356,org_changeCycle=0,cur_changeCycle=0,to_view=357
info|2019-12-05 00:00:27.000266|[P2P][Service] heartBeat,connected count=3
info|2019-12-05 00:00:27.149428|[g:1][CONSENSUS]addRawPrepare,height=29,reqIdx=1,hash=082181a0...
info|2019-12-05 00:00:27.150342|[g:1][CONSENSUS][PBFT]checkTimeout Succ,view=357,toView=358,nodeIdx=3,changeCycle=0,myNode=b5092dbe...,timecost=0.776
info|2019-12-05 00:00:27.157070|[g:1][CONSENSUS][PBFT]checkAndChangeView: Reach consensus,org_view=357,org_changeCycle=0,cur_changeCycle=0,to_view=358
info|2019-12-05 00:00:28.156297|[g:1][CONSENSUS]addRawPrepare,height=29,reqIdx=2,hash=cc825ff1...
info|2019-12-05 00:00:28.156864|[g:1][CONSENSUS][PBFT]checkTimeout Succ,view=358,toView=359,nodeIdx=3,changeCycle=0,myNode=b5092dbe...,timecost=0.413
info|2019-12-05 00:00:28.162437|[g:1][CONSENSUS][PBFT]checkAndChangeView: Reach consensus,org_view=358,org_changeCycle=0,cur_changeCycle=0,to_view=359
info|2019-12-05 00:00:29.163499|[g:1][CONSENSUS][SEALER]++++++++++++++++ Generating seal on,blkNum=29,tx=0,nodeIdx=3,hash=4682cbfb...
info|2019-12-05 00:00:29.175601|[g:1][CONSENSUS][PBFT]checkTimeout Succ,view=359,toView=360,nodeIdx=3,changeCycle=0,myNode=b5092dbe...,timecost=0.668
info|2019-12-05 00:00:29.182493|[g:1][CONSENSUS][PBFT]checkAndChangeView: Reach consensus,org_view=359,org_changeCycle=0,cur_changeCycle=0,to_view=360
info|2019-12-05 00:00:30.185660|[g:1][CONSENSUS]addRawPrepare,height=29,reqIdx=0,hash=da1ad848...
info|2019-12-05 00:00:30.186564|[g:1][CONSENSUS][PBFT]checkTimeout Succ,view=360,toView=361,nodeIdx=3,changeCycle=0,myNode=b5092dbe...,timecost=0.694
info|2019-12-05 00:00:30.191486|[g:1][CONSENSUS][PBFT]checkAndChangeView: Reach consensus,org_view=360,org_changeCycle=0,cur_changeCycle=0,to_view=361
info|2019-12-05 00:00:31.201730|[g:1][CONSENSUS]addRawPrepare,height=29,reqIdx=1,hash=87c04e54...
info|2019-12-05 00:00:31.202394|[g:1][CONSENSUS][PBFT]checkTimeout Succ,view=361,toView=362,nodeIdx=3,changeCycle=0,myNode=b5092dbe...,timecost=0.483
info|2019-12-05 00:00:31.209363|[g:1][CONSENSUS][PBFT]checkAndChangeView: Reach consensus,org_view=361,org_changeCycle=0,cur_changeCycle=0,to_view=362
info|2019-12-05 00:00:32.216421|[g:1][CONSENSUS]addRawPrepare,height=29,reqIdx=2,hash=29d25dbb...
info|2019-12-05 00:00:32.216775|[g:1][CONSENSUS][PBFT]checkTimeout Succ,view=362,toView=363,nodeIdx=3,changeCycle=0,myNode=b5092dbe...,timecost=0.261
info|2019-12-05 00:00:32.219212|[g:1][CONSENSUS][PBFT]checkAndChangeView: Reach consensus,org_view=362,org_changeCycle=0,cur_changeCycle=0,to_view=363
info|2019-12-05 00:00:33.219856|[g:1][CONSENSUS][SEALER]++++++++++++++++ Generating seal on,blkNum=29,tx=0,nodeIdx=3,hash=8afd0e23...
info|2019-12-05 00:00:33.220981|[g:1][CONSENSUS][PBFT]checkTimeout Succ,view=363,toView=364,nodeIdx=3,changeCycle=0,myNode=b5092dbe...,timecost=0.518
info|2019-12-05 00:00:33.226954|[g:1][CONSENSUS][PBFT]checkAndChangeView: Reach consensus,org_view=363,org_changeCycle=0,cur_changeCycle=0,to_view=364
info|2019-12-05 00:00:34.232476|[g:1][CONSENSUS]addRawPrepare,height=29,reqIdx=0,hash=f716d653...
info|2019-12-05 00:00:34.235077|[g:1][CONSENSUS][PBFT]checkTimeout Succ,view=364,toView=365,nodeIdx=3,changeCycle=0,myNode=b5092dbe...,timecost=2.475
info|2019-12-05 00:00:34.239362|[g:1][CONSENSUS][PBFT]checkAndChangeView: Reach consensus,org_view=364,org_changeCycle=0,cur_changeCycle=0,to_view=365
info|2019-12-05 00:00:35.242707|[g:1][CONSENSUS]addRawPrepare,height=29,reqIdx=1,hash=0bdfbc7d...
info|2019-12-05 00:00:35.243085|[g:1][CONSENSUS][PBFT]checkTimeout Succ,view=365,toView=366,nodeIdx=3,changeCycle=0,myNode=b5092dbe...,timecost=0.25
info|2019-12-05 00:00:35.247053|[g:1][CONSENSUS][PBFT]checkAndChangeView: Reach consensus,org_view=365,org_changeCycle=0,cur_changeCycle=0,to_view=366
info|2019-12-05 00:00:36.250033|[g:1][CONSENSUS]addRawPrepare,height=29,reqIdx=2,hash=2d0e8d52...
info|2019-12-05 00:00:36.250411|[g:1][CONSENSUS][PBFT]checkTimeout Succ,view=366,toView=367,nodeIdx=3,changeCycle=0,myNode=b5092dbe...,timecost=0.311
info|2019-12-05 00:00:36.252055|[g:1][CONSENSUS][PBFT]checkAndChangeView: Reach consensus,org_view=366,org_changeCycle=0,cur_changeCycle=0,to_view=367
info|2019-12-05 00:00:37.000893|[P2P][Service] heartBeat,connected count=3
info|2019-12-05 00:00:37.252964|[g:1][CONSENSUS][SEALER]++++++++++++++++ Generating seal on,blkNum=29,tx=0,nodeIdx=3,hash=63316f56...
info|2019-12-05 00:00:37.258013|[g:1][CONSENSUS][PBFT]checkTimeout Succ,view=367,toView=368,nodeIdx=3,changeCycle=0,myNode=b5092dbe...,timecost=0.439
info|2019-12-05 00:00:37.264683|[g:1][CONSENSUS][PBFT]checkAndChangeView: Reach consensus,org_view=367,org_changeCycle=0,cur_changeCycle=0,to_view=368
info|2019-12-05 00:00:38.270927|[g:1][CONSENSUS]addRawPrepare,height=29,reqIdx=0,hash=e1b821ce...
info|2019-12-05 00:00:38.271241|[g:1][CONSENSUS][PBFT]checkTimeout Succ,view=368,toView=369,nodeIdx=3,changeCycle=0,myNode=b5092dbe...,timecost=0.245
info|2019-12-05 00:00:38.274611|[g:1][CONSENSUS][PBFT]checkAndChangeView: Reach consensus,org_view=368,org_changeCycle=0,cur_changeCycle=0,to_view=369
info|2019-12-05 00:00:39.275563|[g:1][CONSENSUS]addRawPrepare,height=29,reqIdx=1,hash=7419abdf...
info|2019-12-05 00:00:39.275944|[g:1][CONSENSUS][PBFT]checkTimeout Succ,view=369,toView=370,nodeIdx=3,changeCycle=0,myNode=b5092dbe...,timecost=0.285
info|2019-12-05 00:00:39.280081|[g:1][CONSENSUS][PBFT]checkAndChangeView: Reach consensus,org_view=369,org_changeCycle=0,cur_changeCycle=0,to_view=370
info|2019-12-05 00:00:40.286748|[g:1][CONSENSUS]addRawPrepare,height=29,reqIdx=2,hash=bf515970...
info|2019-12-05 00:00:40.287706|[g:1][CONSENSUS][PBFT]checkTimeout Succ,view=370,toView=371,nodeIdx=3,changeCycle=0,myNode=b5092dbe...,timecost=0.748
info|2019-12-05 00:00:40.302688|[g:1][CONSENSUS][PBFT]checkAndChangeView: Reach consensus,org_view=370,org_changeCycle=0,cur_changeCycle=0,to_view=371
info|2019-12-05 00:00:41.303071|[g:1][CONSENSUS][SEALER]++++++++++++++++ Generating seal on,blkNum=29,tx=0,nodeIdx=3,hash=2cd096e7...
info|2019-12-05 00:00:41.305384|[g:1][CONSENSUS][PBFT]checkTimeout Succ,view=371,toView=372,nodeIdx=3,changeCycle=0,myNode=b5092dbe...,timecost=0.752
info|2019-12-05 00:00:41.315029|[g:1][CONSENSUS][PBFT]checkAndChangeView: Reach consensus,org_view=371,org_changeCycle=0,cur_changeCycle=0,to_view=372
info|2019-12-05 00:00:42.316743|[g:1][CONSENSUS]addRawPrepare,height=29,reqIdx=0,hash=65ff18e0...
info|2019-12-05 00:00:42.317969|[g:1][CONSENSUS][PBFT]checkTimeout Succ,view=372,toView=373,nodeIdx=3,changeCycle=0,myNode=b5092dbe...,timecost=0.936
info|2019-12-05 00:00:42.336355|[g:1][CONSENSUS][PBFT]checkAndChangeView: Reach consensus,org_view=372,org_changeCycle=0,cur_changeCycle=0,to_view=373
info|2019-12-05 00:00:43.350020|[g:1][CONSENSUS]addRawPrepare,height=29,reqIdx=1,hash=229c1f91...
info|2019-12-05 00:00:43.352975|[g:1][CONSENSUS][PBFT]checkTimeout Succ,view=373,toView=374,nodeIdx=3,changeCycle=0,myNode=b5092dbe...,timecost=0.661
info|2019-12-05 00:00:43.361716|[g:1][CONSENSUS][PBFT]checkAndChangeView: Reach consensus,org_view=373,org_changeCycle=0,cur_changeCycle=0,to_view=374
info|2019-12-05 00:00:44.373016|[g:1][CONSENSUS]addRawPrepare,height=29,reqIdx=2,hash=04e8ed66...
info|2019-12-05 00:00:44.380624|[g:1][CONSENSUS][PBFT]checkTimeout Succ,view=374,toView=375,nodeIdx=3,changeCycle=0,myNode=b5092dbe...,timecost=7.312
info|2019-12-05 00:00:44.384661|[g:1][CONSENSUS][PBFT]checkAndChangeView: Reach consensus,org_view=374,org_changeCycle=0,cur_changeCycle=0,to_view=375
info|2019-12-05 00:00:45.385475|[g:1][CONSENSUS][SEALER]++++++++++++++++ Generating seal on,blkNum=29,tx=0,nodeIdx=3,hash=9a9ed7c8...
info|2019-12-05 00:00:45.389159|[g:1][CONSENSUS][PBFT]checkTimeout Succ,view=375,toView=376,nodeIdx=3,changeCycle=0,myNode=b5092dbe...,timecost=0.177
info|2019-12-05 00:00:45.389442|[g:1][CONSENSUS][PBFT]checkAndChangeView: Reach consensus,org_view=375,org_changeCycle=0,cur_changeCycle=0,to_view=376
info|2019-12-05 00:00:46.391668|[g:1][CONSENSUS]addRawPrepare,height=29,reqIdx=0,hash=9b95ca72...
info|2019-12-05 00:00:46.391909|[g:1][CONSENSUS][PBFT]checkTimeout Succ,view=376,toView=377,nodeIdx=3,changeCycle=0,myNode=b5092dbe...,timecost=0.175
info|2019-12-05 00:00:46.394465|[g:1][CONSENSUS][PBFT]checkAndChangeView: Reach consensus,org_view=376,org_changeCycle=0,cur_changeCycle=0,to_view=377
info|2019-12-05 00:00:47.001237|[P2P][Service] heartBeat,connected count=3
info|2019-12-05 00:00:47.394043|[g:1][CONSENSUS]addRawPrepare,height=29,reqIdx=1,hash=0d19ba21...
info|2019-12-05 00:00:47.394416|[g:1][CONSENSUS][PBFT]checkTimeout Succ,view=377,toView=378,nodeIdx=3,changeCycle=0,myNode=b5092dbe...,timecost=0.198
info|2019-12-05 00:00:47.398127|[g:1][CONSENSUS][PBFT]checkAndChangeView: Reach consensus,org_view=377,org_changeCycle=0,cur_changeCycle=0,to_view=378
info|2019-12-05 00:00:48.399459|[g:1][CONSENSUS]addRawPrepare,height=29,reqIdx=2,hash=e12d9830...
info|2019-12-05 00:00:48.399733|[g:1][CONSENSUS][PBFT]checkTimeout Succ,view=378,toView=379,nodeIdx=3,changeCycle=0,myNode=b5092dbe...,timecost=0.182
info|2019-12-05 00:00:48.402098|[g:1][CONSENSUS][PBFT]checkAndChangeView: Reach consensus,org_view=378,org_changeCycle=0,cur_changeCycle=0,to_view=379
info|2019-12-05 00:00:49.402593|[g:1][CONSENSUS][SEALER]++++++++++++++++ Generating seal on,blkNum=29,tx=0,nodeIdx=3,hash=f87ac558...
info|2019-12-05 00:00:49.422296|[g:1][CONSENSUS][PBFT]checkTimeout Succ,view=379,toView=380,nodeIdx=3,changeCycle=0,myNode=b5092dbe...,timecost=1.071
info|2019-12-05 00:00:49.430473|[g:1][CONSENSUS][PBFT]checkAndChangeView: Reach consensus,org_view=379,org_changeCycle=0,cur_changeCycle=0,to_view=380
info|2019-12-05 00:00:50.435543|[g:1][CONSENSUS]addRawPrepare,height=29,reqIdx=0,hash=fc37b6a0...
info|2019-12-05 00:00:50.435895|[g:1][CONSENSUS][PBFT]checkTimeout Succ,view=380,toView=381,nodeIdx=3,changeCycle=0,myNode=b5092dbe...,timecost=0.262
info|2019-12-05 00:00:50.438607|[g:1][CONSENSUS][PBFT]checkAndChangeView: Reach consensus,org_view=380,org_changeCycle=0,cur_changeCycle=0,to_view=381
info|2019-12-05 00:00:51.442718|[g:1][CONSENSUS]addRawPrepare,height=29,reqIdx=1,hash=ad57411f...
info|2019-12-05 00:00:51.443541|[g:1][CONSENSUS][PBFT]checkTimeout Succ,view=381,toView=382,nodeIdx=3,changeCycle=0,myNode=b5092dbe...,timecost=0.601
info|2019-12-05 00:00:51.454508|[g:1][CONSENSUS][PBFT]checkAndChangeView: Reach consensus,org_view=381,org_changeCycle=0,cur_changeCycle=0,to_view=382
info|2019-12-05 00:00:52.467747|[g:1][CONSENSUS]addRawPrepare,height=29,reqIdx=2,hash=14f9f636...
info|2019-12-05 00:00:52.478682|[g:1][CONSENSUS][PBFT]checkTimeout Succ,view=382,toView=383,nodeIdx=3,changeCycle=0,myNode=b5092dbe...,timecost=10.613
info|2019-12-05 00:00:52.480265|[g:1][CONSENSUS][PBFT]checkAndChangeView: Reach consensus,org_view=382,org_changeCycle=0,cur_changeCycle=0,to_view=383
info|2019-12-05 00:00:53.480715|[g:1][CONSENSUS][SEALER]++++++++++++++++ Generating seal on,blkNum=29,tx=0,nodeIdx=3,hash=cfcacf9b...
info|2019-12-05 00:00:53.491740|[g:1][CONSENSUS][PBFT]checkTimeout Succ,view=383,toView=384,nodeIdx=3,changeCycle=0,myNode=b5092dbe...,timecost=6.987
info|2019-12-05 00:00:53.501086|[g:1][CONSENSUS][PBFT]checkAndChangeView: Reach consensus,org_view=383,org_changeCycle=0,cur_changeCycle=0,to_view=384
info|2019-12-05 00:00:54.506367|[g:1][CONSENSUS]addRawPrepare,height=29,reqIdx=0,hash=443cb7d5...
info|2019-12-05 00:00:54.507107|[g:1][CONSENSUS][PBFT]checkTimeout Succ,view=384,toView=385,nodeIdx=3,changeCycle=0,myNode=b5092dbe...,timecost=0.503
info|2019-12-05 00:00:54.522664|[g:1][CONSENSUS][PBFT]checkAndChangeView: Reach consensus,org_view=384,org_changeCycle=0,cur_changeCycle=0,to_view=385
info|2019-12-05 00:00:55.521786|[g:1][CONSENSUS]addRawPrepare,height=29,reqIdx=1,hash=01fe0b86...
info|2019-12-05 00:00:55.522917|[g:1][CONSENSUS][PBFT]checkTimeout Succ,view=385,toView=386,nodeIdx=3,changeCycle=0,myNode=b5092dbe...,timecost=1.038
info|2019-12-05 00:00:55.526365|[g:1][CONSENSUS][PBFT]checkAndChangeView: Reach consensus,org_view=385,org_changeCycle=0,cur_changeCycle=0,to_view=386
info|2019-12-05 00:00:56.525274|[g:1][CONSENSUS]addRawPrepare,height=29,reqIdx=2,hash=dbb8790f...
info|2019-12-05 00:00:56.525614|[g:1][CONSENSUS][PBFT]checkTimeout Succ,view=386,toView=387,nodeIdx=3,changeCycle=0,myNode=b5092dbe...,timecost=0.246
info|2019-12-05 00:00:56.529962|[g:1][CONSENSUS][PBFT]checkAndChangeView: Reach consensus,org_view=386,org_changeCycle=0,cur_changeCycle=0,to_view=387
info|2019-12-05 00:00:57.001716|[P2P][Service] heartBeat,connected count=3
info|2019-12-05 00:00:57.529882|[g:1][CONSENSUS][SEALER]++++++++++++++++ Generating seal on,blkNum=29,tx=0,nodeIdx=3,hash=f94216b1...
info|2019-12-05 00:00:57.530930|[g:1][CONSENSUS][PBFT]checkTimeout Succ,view=387,toView=388,nodeIdx=3,changeCycle=0,myNode=b5092dbe...,timecost=0.321
info|2019-12-05 00:00:57.534924|[g:1][CONSENSUS][PBFT]checkAndChangeView: Reach consensus,org_view=387,org_changeCycle=0,cur_changeCycle=0,to_view=388
info|2019-12-05 00:00:58.538898|[g:1][CONSENSUS]addRawPrepare,height=29,reqIdx=0,hash=7d13e9c0...
info|2019-12-05 00:00:58.540109|[g:1][CONSENSUS][PBFT]checkTimeout Succ,view=388,toView=389,nodeIdx=3,changeCycle=0,myNode=b5092dbe...,timecost=0.73
info|2019-12-05 00:00:58.552845|[g:1][CONSENSUS][PBFT]checkAndChangeView: Reach consensus,org_view=388,org_changeCycle=0,cur_changeCycle=0,to_view=389
info|2019-12-05 00:00:59.554006|[g:1][CONSENSUS]addRawPrepare,height=29,reqIdx=1,hash=080df2c6...
info|2019-12-05 00:00:59.554428|[g:1][CONSENSUS][PBFT]checkTimeout Succ,view=389,toView=390,nodeIdx=3,changeCycle=0,myNode=b5092dbe...,timecost=0.308
info|2019-12-05 00:00:59.559496|[g:1][CONSENSUS][PBFT]checkAndChangeView: Reach consensus,org_view=389,org_changeCycle=0,cur_changeCycle=0,to_view=390
info|2019-12-05 00:01:00.560324|[g:1][CONSENSUS]addRawPrepare,height=29,reqIdx=2,hash=84493e36...
info|2019-12-05 00:01:00.561030|[g:1][CONSENSUS][PBFT]checkTimeout Succ,view=390,toView=391,nodeIdx=3,changeCycle=0,myNode=b5092dbe...,timecost=0.545
info|2019-12-05 00:01:00.568244|[g:1][CONSENSUS][PBFT]checkAndChangeView: Reach consensus,org_view=390,org_changeCycle=0,cur_changeCycle=0,to_view=391
info|2019-12-05 00:01:01.568596|[g:1][CONSENSUS][SEALER]++++++++++++++++ Generating seal on,blkNum=29,tx=0,nodeIdx=3,hash=13591ec0...
info|2019-12-05 00:01:01.569127|[g:1][CONSENSUS][PBFT]checkTimeout Succ,view=391,toView=392,nodeIdx=3,changeCycle=0,myNode=b5092dbe...,timecost=0.197
info|2019-12-05 00:01:01.571883|[g:1][CONSENSUS][PBFT]checkAndChangeView: Reach consensus,org_view=391,org_changeCycle=0,cur_changeCycle=0,to_view=392
info|2019-12-05 00:01:02.576437|[g:1][CONSENSUS]addRawPrepare,height=29,reqIdx=0,hash=c58a6a39...
info|2019-12-05 00:01:02.576813|[g:1][CONSENSUS][PBFT]checkTimeout Succ,view=392,toView=393,nodeIdx=3,changeCycle=0,myNode=b5092dbe...,timecost=0.267
info|2019-12-05 00:01:02.578377|[g:1][CONSENSUS][PBFT]checkAndChangeView: Reach consensus,org_view=392,org_changeCycle=0,cur_changeCycle=0,to_view=393
info|2019-12-05 00:01:03.579623|[g:1][CONSENSUS]addRawPrepare,height=29,reqIdx=1,hash=72b774b7...
info|2019-12-05 00:01:03.579877|[g:1][CONSENSUS][PBFT]checkTimeout Succ,view=393,toView=394,nodeIdx=3,changeCycle=0,myNode=b5092dbe...,timecost=0.262
info|2019-12-05 00:01:03.582604|[g:1][CONSENSUS][PBFT]checkAndChangeView: Reach consensus,org_view=393,org_changeCycle=0,cur_changeCycle=0,to_view=394
info|2019-12-05 00:01:04.584499|[g:1][CONSENSUS]addRawPrepare,height=29,reqIdx=2,hash=d53eb850...
info|2019-12-05 00:01:04.584827|[g:1][CONSENSUS][PBFT]checkTimeout Succ,view=394,toView=395,nodeIdx=3,changeCycle=0,myNode=b5092dbe...,timecost=0.24
info|2019-12-05 00:01:04.588237|[g:1][CONSENSUS][PBFT]checkAndChangeView: Reach consensus,org_view=394,org_changeCycle=0,cur_changeCycle=0,to_view=395
info|2019-12-05 00:01:05.588629|[g:1][CONSENSUS][SEALER]++++++++++++++++ Generating seal on,blkNum=29,tx=0,nodeIdx=3,hash=ae2012d6...
info|2019-12-05 00:01:05.596279|[g:1][CONSENSUS][PBFT]checkTimeout Succ,view=395,toView=396,nodeIdx=3,changeCycle=0,myNode=b5092dbe...,timecost=0.445
info|2019-12-05 00:01:05.597174|[g:1][CONSENSUS][PBFT]checkAndChangeView: Reach consensus,org_view=395,org_changeCycle=0,cur_changeCycle=0,to_view=396
info|2019-12-05 00:01:06.598121|[g:1][CONSENSUS]addRawPrepare,height=29,reqIdx=0,hash=82165f3b...
info|2019-12-05 00:01:06.598752|[g:1][CONSENSUS][PBFT]checkTimeout Succ,view=396,toView=397,nodeIdx=3,changeCycle=0,myNode=b5092dbe...,timecost=0.417
info|2019-12-05 00:01:06.606578|[g:1][CONSENSUS][PBFT]checkAndChangeView: Reach consensus,org_view=396,org_changeCycle=0,cur_changeCycle=0,to_view=397
info|2019-12-05 00:01:07.002433|[P2P][Service] heartBeat,connected count=3
info|2019-12-05 00:01:07.610587|[g:1][CONSENSUS]addRawPrepare,height=29,reqIdx=1,hash=d523088c...
info|2019-12-05 00:01:07.611183|[g:1][CONSENSUS][PBFT]checkTimeout Succ,view=397,toView=398,nodeIdx=3,changeCycle=0,myNode=b5092dbe...,timecost=0.43
info|2019-12-05 00:01:07.615660|[g:1][CONSENSUS][PBFT]checkAndChangeView: Reach consensus,org_view=397,org_changeCycle=0,cur_changeCycle=0,to_view=398
info|2019-12-05 00:01:08.620889|[g:1][CONSENSUS]addRawPrepare,height=29,reqIdx=2,hash=45f86f8a...
info|2019-12-05 00:01:08.621524|[g:1][CONSENSUS][PBFT]checkTimeout Succ,view=398,toView=399,nodeIdx=3,changeCycle=0,myNode=b5092dbe...,timecost=0.422
info|2019-12-05 00:01:08.625583|[g:1][CONSENSUS][PBFT]checkAndChangeView: Reach consensus,org_view=398,org_changeCycle=0,cur_changeCycle=0,to_view=399
info|2019-12-05 00:01:09.626190|[g:1][CONSENSUS][SEALER]++++++++++++++++ Generating seal on,blkNum=29,tx=0,nodeIdx=3,hash=a1d27452...
info|2019-12-05 00:01:09.639820|[g:1][CONSENSUS][PBFT]checkTimeout Succ,view=399,toView=400,nodeIdx=3,changeCycle=0,myNode=b5092dbe...,timecost=0.465
info|2019-12-05 00:01:09.641897|[g:1][CONSENSUS][PBFT]checkAndChangeView: Reach consensus,org_view=399,org_changeCycle=0,cur_changeCycle=0,to_view=400
info|2019-12-05 00:01:10.638984|[g:1][CONSENSUS]addRawPrepare,height=29,reqIdx=0,hash=66ae22e1...
info|2019-12-05 00:01:10.639332|[g:1][CONSENSUS][PBFT]checkTimeout Succ,view=400,toView=401,nodeIdx=3,changeCycle=0,myNode=b5092dbe...,timecost=0.248
info|2019-12-05 00:01:10.642825|[g:1][CONSENSUS][PBFT]checkAndChangeView: Reach consensus,org_view=400,org_changeCycle=0,cur_changeCycle=0,to_view=401
info|2019-12-05 00:01:11.644070|[g:1][CONSENSUS]addRawPrepare,height=29,reqIdx=1,hash=29961276...
info|2019-12-05 00:01:11.644374|[g:1][CONSENSUS][PBFT]checkTimeout Succ,view=401,toView=402,nodeIdx=3,changeCycle=0,myNode=b5092dbe...,timecost=0.204
info|2019-12-05 00:01:11.647655|[g:1][CONSENSUS][PBFT]checkAndChangeView: Reach consensus,org_view=401,org_changeCycle=0,cur_changeCycle=0,to_view=402
info|2019-12-05 00:01:12.653736|[g:1][CONSENSUS]addRawPrepare,height=29,reqIdx=2,hash=c5292c7b...
info|2019-12-05 00:01:12.654218|[g:1][CONSENSUS][PBFT]checkTimeout Succ,view=402,toView=403,nodeIdx=3,changeCycle=0,myNode=b5092dbe...,timecost=0.361
info|2019-12-05 00:01:12.659271|[g:1][CONSENSUS][PBFT]checkAndChangeView: Reach consensus,org_view=402,org_changeCycle=0,cur_changeCycle=0,to_view=403
info|2019-12-05 00:01:13.659536|[g:1][CONSENSUS][SEALER]++++++++++++++++ Generating seal on,blkNum=29,tx=0,nodeIdx=3,hash=e0c9d5f0...
info|2019-12-05 00:01:13.660356|[g:1][CONSENSUS][PBFT]checkTimeout Succ,view=403,toView=404,nodeIdx=3,changeCycle=0,myNode=b5092dbe...,timecost=0.467
info|2019-12-05 00:01:13.664492|[g:1][CONSENSUS][PBFT]checkAndChangeView: Reach consensus,org_view=403,org_changeCycle=0,cur_changeCycle=0,to_view=404
info|2019-12-05 00:01:14.666558|[g:1][CONSENSUS]addRawPrepare,height=29,reqIdx=0,hash=15c4011a...
info|2019-12-05 00:01:14.667147|[g:1][CONSENSUS][PBFT]checkTimeout Succ,view=404,toView=405,nodeIdx=3,changeCycle=0,myNode=b5092dbe...,timecost=0.421
info|2019-12-05 00:01:14.673480|[g:1][CONSENSUS][PBFT]checkAndChangeView: Reach consensus,org_view=404,org_changeCycle=0,cur_changeCycle=0,to_view=405
info|2019-12-05 00:01:15.675770|[g:1][CONSENSUS]addRawPrepare,height=29,reqIdx=1,hash=f68793fc...
info|2019-12-05 00:01:15.678054|[g:1][CONSENSUS][PBFT]checkTimeout Succ,view=405,toView=406,nodeIdx=3,changeCycle=0,myNode=b5092dbe...,timecost=2.211
info|2019-12-05 00:01:15.678655|[g:1][CONSENSUS][PBFT]checkAndChangeView: Reach consensus,org_view=405,org_changeCycle=0,cur_changeCycle=0,to_view=406
info|2019-12-05 00:01:16.683422|[g:1][CONSENSUS]addRawPrepare,height=29,reqIdx=2,hash=48b45d66...
info|2019-12-05 00:01:16.683969|[g:1][CONSENSUS][PBFT]checkTimeout Succ,view=406,toView=407,nodeIdx=3,changeCycle=0,myNode=b5092dbe...,timecost=0.398
info|2019-12-05 00:01:16.693990|[g:1][CONSENSUS][PBFT]checkAndChangeView: Reach consensus,org_view=406,org_changeCycle=0,cur_changeCycle=0,to_view=407
info|2019-12-05 00:01:17.003182|[P2P][Service] heartBeat,connected count=3
info|2019-12-05 00:01:17.694498|[g:1][CONSENSUS][SEALER]++++++++++++++++ Generating seal on,blkNum=29,tx=0,nodeIdx=3,hash=c1f9d8a7...
info|2019-12-05 00:01:17.697277|[g:1][CONSENSUS][PBFT]checkTimeout Succ,view=407,toView=408,nodeIdx=3,changeCycle=0,myNode=b5092dbe...,timecost=0.296
info|2019-12-05 00:01:17.699973|[g:1][CONSENSUS][PBFT]checkAndChangeView: Reach consensus,org_view=407,org_changeCycle=0,cur_changeCycle=0,to_view=408
info|2019-12-05 00:01:18.702510|[g:1][CONSENSUS]addRawPrepare,height=29,reqIdx=0,hash=5bbbaf23...
info|2019-12-05 00:01:18.702834|[g:1][CONSENSUS][PBFT]checkTimeout Succ,view=408,toView=409,nodeIdx=3,changeCycle=0,myNode=b5092dbe...,timecost=0.263
info|2019-12-05 00:01:18.703883|[g:1][CONSENSUS][PBFT]checkAndChangeView: Reach consensus,org_view=408,org_changeCycle=0,cur_changeCycle=0,to_view=409
info|2019-12-05 00:01:19.705070|[g:1][CONSENSUS]addRawPrepare,height=29,reqIdx=1,hash=33de584d...
info|2019-12-05 00:01:19.706715|[g:1][CONSENSUS][PBFT]checkTimeout Succ,view=409,toView=410,nodeIdx=3,changeCycle=0,myNode=b5092dbe...,timecost=0.22
info|2019-12-05 00:01:19.710058|[g:1][CONSENSUS][PBFT]checkAndChangeView: Reach consensus,org_view=409,org_changeCycle=0,cur_changeCycle=0,to_view=410
info|2019-12-05 00:01:20.709273|[g:1][CONSENSUS]addRawPrepare,height=29,reqIdx=2,hash=1630c995...
info|2019-12-05 00:01:20.709533|[g:1][CONSENSUS][PBFT]checkTimeout Succ,view=410,toView=411,nodeIdx=3,changeCycle=0,myNode=b5092dbe...,timecost=0.186
info|2019-12-05 00:01:20.712013|[g:1][CONSENSUS][PBFT]checkAndChangeView: Reach consensus,org_view=410,org_changeCycle=0,cur_changeCycle=0,to_view=411
info|2019-12-05 00:01:21.713189|[g:1][CONSENSUS][SEALER]++++++++++++++++ Generating seal on,blkNum=29,tx=0,nodeIdx=3,hash=f9a578a1...
info|2019-12-05 00:01:21.716740|[g:1][CONSENSUS][PBFT]checkTimeout Succ,view=411,toView=412,nodeIdx=3,changeCycle=0,myNode=b5092dbe...,timecost=3.121
info|2019-12-05 00:01:21.717299|[g:1][CONSENSUS][PBFT]checkAndChangeView: Reach consensus,org_view=411,org_changeCycle=0,cur_changeCycle=0,to_view=412
info|2019-12-05 00:01:22.718451|[g:1][CONSENSUS]addRawPrepare,height=29,reqIdx=0,hash=e40830ab...
info|2019-12-05 00:01:22.718921|[g:1][CONSENSUS][PBFT]checkTimeout Succ,view=412,toView=413,nodeIdx=3,changeCycle=0,myNode=b5092dbe...,timecost=0.23
info|2019-12-05 00:01:22.721898|[g:1][CONSENSUS][PBFT]checkAndChangeView: Reach consensus,org_view=412,org_changeCycle=0,cur_changeCycle=0,to_view=413
info|2019-12-05 00:01:23.722908|[g:1][CONSENSUS]addRawPrepare,height=29,reqIdx=1,hash=3ab81fd8...
info|2019-12-05 00:01:23.723160|[g:1][CONSENSUS][PBFT]checkTimeout Succ,view=413,toView=414,nodeIdx=3,changeCycle=0,myNode=b5092dbe...,timecost=0.184
info|2019-12-05 00:01:23.726189|[g:1][CONSENSUS][PBFT]checkAndChangeView: Reach consensus,org_view=413,org_changeCycle=0,cur_changeCycle=0,to_view=414
info|2019-12-05 00:01:24.726792|[g:1][CONSENSUS]addRawPrepare,height=29,reqIdx=2,hash=2219da14...
info|2019-12-05 00:01:24.727044|[g:1][CONSENSUS][PBFT]checkTimeout Succ,view=414,toView=415,nodeIdx=3,changeCycle=0,myNode=b5092dbe...,timecost=0.19
info|2019-12-05 00:01:24.729779|[g:1][CONSENSUS][PBFT]checkAndChangeView: Reach consensus,org_view=414,org_changeCycle=0,cur_changeCycle=0,to_view=415
info|2019-12-05 00:01:25.729311|[g:1][CONSENSUS][SEALER]++++++++++++++++ Generating seal on,blkNum=29,tx=0,nodeIdx=3,hash=74de4239...
info|2019-12-05 00:01:25.730479|[g:1][CONSENSUS][PBFT]checkTimeout Succ,view=415,toView=416,nodeIdx=3,changeCycle=0,myNode=b5092dbe...,timecost=0.604
info|2019-12-05 00:01:25.732144|[g:1][CONSENSUS][PBFT]checkAndChangeView: Reach consensus,org_view=415,org_changeCycle=0,cur_changeCycle=0,to_view=416
info|2019-12-05 00:01:26.763390|[g:1][CONSENSUS]addRawPrepare,height=29,reqIdx=0,hash=52401008...
info|2019-12-05 00:01:26.763686|[g:1][CONSENSUS][PBFT]checkTimeout Succ,view=416,toView=417,nodeIdx=3,changeCycle=0,myNode=b5092dbe...,timecost=0.197
info|2019-12-05 00:01:26.767021|[g:1][CONSENSUS][PBFT]checkAndChangeView: Reach consensus,org_view=416,org_changeCycle=0,cur_changeCycle=0,to_view=417
info|2019-12-05 00:01:27.003595|[P2P][Service] heartBeat,connected count=3
info|2019-12-05 00:01:27.768391|[g:1][CONSENSUS]addRawPrepare,height=29,reqIdx=1,hash=d5c3629a...
info|2019-12-05 00:01:27.768669|[g:1][CONSENSUS][PBFT]checkTimeout Succ,view=417,toView=418,nodeIdx=3,changeCycle=0,myNode=b5092dbe...,timecost=0.204
info|2019-12-05 00:01:27.772514|[g:1][CONSENSUS][PBFT]checkAndChangeView: Reach consensus,org_view=417,org_changeCycle=0,cur_changeCycle=0,to_view=418
info|2019-12-05 00:01:28.774792|[g:1][CONSENSUS]addRawPrepare,height=29,reqIdx=2,hash=86c73d6b...
info|2019-12-05 00:01:28.775156|[g:1][CONSENSUS][PBFT]checkTimeout Succ,view=418,toView=419,nodeIdx=3,changeCycle=0,myNode=b5092dbe...,timecost=0.283
info|2019-12-05 00:01:28.785413|[g:1][CONSENSUS][PBFT]checkAndChangeView: Reach consensus,org_view=418,org_changeCycle=0,cur_changeCycle=0,to_view=419
info|2019-12-05 00:01:29.786694|[g:1][CONSENSUS][SEALER]++++++++++++++++ Generating seal on,blkNum=29,tx=0,nodeIdx=3,hash=b94d3669...
info|2019-12-05 00:01:29.800216|[g:1][CONSENSUS][PBFT]checkTimeout Succ,view=419,toView=420,nodeIdx=3,changeCycle=0,myNode=b5092dbe...,timecost=0.319
info|2019-12-05 00:01:29.801296|[g:1][CONSENSUS][PBFT]checkAndChangeView: Reach consensus,org_view=419,org_changeCycle=0,cur_changeCycle=0,to_view=420
info|2019-12-05 00:01:30.796127|[g:1][CONSENSUS]addRawPrepare,height=29,reqIdx=0,hash=2620a507...
info|2019-12-05 00:01:30.796382|[g:1][CONSENSUS][PBFT]checkTimeout Succ,view=420,toView=421,nodeIdx=3,changeCycle=0,myNode=b5092dbe...,timecost=0.214
info|2019-12-05 00:01:30.798260|[g:1][CONSENSUS][PBFT]checkAndChangeView: Reach consensus,org_view=420,org_changeCycle=0,cur_changeCycle=0,to_view=421
info|2019-12-05 00:01:31.802310|[g:1][CONSENSUS]addRawPrepare,height=29,reqIdx=1,hash=e0dee207...
info|2019-12-05 00:01:31.802787|[g:1][CONSENSUS][PBFT]checkTimeout Succ,view=421,toView=422,nodeIdx=3,changeCycle=0,myNode=b5092dbe...,timecost=0.413
info|2019-12-05 00:01:31.806779|[g:1][CONSENSUS][PBFT]checkAndChangeView: Reach consensus,org_view=421,org_changeCycle=0,cur_changeCycle=0,to_view=422
info|2019-12-05 00:01:32.809193|[g:1][CONSENSUS]addRawPrepare,height=29,reqIdx=2,hash=01e62c23...
info|2019-12-05 00:01:32.809553|[g:1][CONSENSUS][PBFT]checkTimeout Succ,view=422,toView=423,nodeIdx=3,changeCycle=0,myNode=b5092dbe...,timecost=0.288
info|2019-12-05 00:01:32.812484|[g:1][CONSENSUS][PBFT]checkAndChangeView: Reach consensus,org_view=422,org_changeCycle=0,cur_changeCycle=0,to_view=423
info|2019-12-05 00:01:33.813457|[g:1][CONSENSUS][SEALER]++++++++++++++++ Generating seal on,blkNum=29,tx=0,nodeIdx=3,hash=ab8201e5...
info|2019-12-05 00:01:33.815807|[g:1][CONSENSUS][PBFT]checkTimeout Succ,view=423,toView=424,nodeIdx=3,changeCycle=0,myNode=b5092dbe...,timecost=0.182
info|2019-12-05 00:01:33.816078|[g:1][CONSENSUS][PBFT]checkAndChangeView: Reach consensus,org_view=423,org_changeCycle=0,cur_changeCycle=0,to_view=424
info|2019-12-05 00:01:34.818592|[g:1][CONSENSUS]addRawPrepare,height=29,reqIdx=0,hash=960f71bb...
info|2019-12-05 00:01:34.818922|[g:1][CONSENSUS][PBFT]checkTimeout Succ,view=424,toView=425,nodeIdx=3,changeCycle=0,myNode=b5092dbe...,timecost=0.247
info|2019-12-05 00:01:34.825038|[g:1][CONSENSUS][PBFT]checkAndChangeView: Reach consensus,org_view=424,org_changeCycle=0,cur_changeCycle=0,to_view=425
info|2019-12-05 00:01:35.826484|[g:1][CONSENSUS]addRawPrepare,height=29,reqIdx=1,hash=5285cb4a...
info|2019-12-05 00:01:35.826783|[g:1][CONSENSUS][PBFT]checkTimeout Succ,view=425,toView=426,nodeIdx=3,changeCycle=0,myNode=b5092dbe...,timecost=0.234
info|2019-12-05 00:01:35.829552|[g:1][CONSENSUS][PBFT]checkAndChangeView: Reach consensus,org_view=425,org_changeCycle=0,cur_changeCycle=0,to_view=426
info|2019-12-05 00:01:36.831797|[g:1][CONSENSUS]addRawPrepare,height=29,reqIdx=2,hash=67ac7a6f...
info|2019-12-05 00:01:36.835355|[g:1][CONSENSUS][PBFT]checkTimeout Succ,view=426,toView=427,nodeIdx=3,changeCycle=0,myNode=b5092dbe...,timecost=3.424
info|2019-12-05 00:01:36.836068|[g:1][CONSENSUS][PBFT]checkAndChangeView: Reach consensus,org_view=426,org_changeCycle=0,cur_changeCycle=0,to_view=427
info|2019-12-05 00:01:37.004478|[P2P][Service] heartBeat,connected count=3
info|2019-12-05 00:01:37.836676|[g:1][CONSENSUS][SEALER]++++++++++++++++ Generating seal on,blkNum=29,tx=0,nodeIdx=3,hash=d79041da...
info|2019-12-05 00:01:37.837207|[g:1][CONSENSUS][PBFT]checkTimeout Succ,view=427,toView=428,nodeIdx=3,changeCycle=0,myNode=b5092dbe...,timecost=0.198
info|2019-12-05 00:01:37.841392|[g:1][CONSENSUS][PBFT]checkAndChangeView: Reach consensus,org_view=427,org_changeCycle=0,cur_changeCycle=0,to_view=428
info|2019-12-05 00:01:38.840051|[g:1][CONSENSUS]addRawPrepare,height=29,reqIdx=0,hash=b89841de...
info|2019-12-05 00:01:38.840317|[g:1][CONSENSUS][PBFT]checkTimeout Succ,view=428,toView=429,nodeIdx=3,changeCycle=0,myNode=b5092dbe...,timecost=0.189
info|2019-12-05 00:01:38.843202|[g:1][CONSENSUS][PBFT]checkAndChangeView: Reach consensus,org_view=428,org_changeCycle=0,cur_changeCycle=0,to_view=429
info|2019-12-05 00:01:39.843975|[g:1][CONSENSUS]addRawPrepare,height=29,reqIdx=1,hash=9bae9b2c...
info|2019-12-05 00:01:39.845721|[g:1][CONSENSUS][PBFT]checkTimeout Succ,view=429,toView=430,nodeIdx=3,changeCycle=0,myNode=b5092dbe...,timecost=1.677
info|2019-12-05 00:01:39.848004|[g:1][CONSENSUS][PBFT]checkAndChangeView: Reach consensus,org_view=429,org_changeCycle=0,cur_changeCycle=0,to_view=430
info|2019-12-05 00:01:40.849263|[g:1][CONSENSUS]addRawPrepare,height=29,reqIdx=2,hash=f2e60717...
info|2019-12-05 00:01:40.849840|[g:1][CONSENSUS][PBFT]checkTimeout Succ,view=430,toView=431,nodeIdx=3,changeCycle=0,myNode=b5092dbe...,timecost=0.424
info|2019-12-05 00:01:40.857357|[g:1][CONSENSUS][PBFT]checkAndChangeView: Reach consensus,org_view=430,org_changeCycle=0,cur_changeCycle=0,to_view=431
info|2019-12-05 00:01:41.857977|[g:1][CONSENSUS][SEALER]++++++++++++++++ Generating seal on,blkNum=29,tx=0,nodeIdx=3,hash=8e85a839...
info|2019-12-05 00:01:41.859146|[g:1][CONSENSUS][PBFT]checkTimeout Succ,view=431,toView=432,nodeIdx=3,changeCycle=0,myNode=b5092dbe...,timecost=0.45
info|2019-12-05 00:01:41.864171|[g:1][CONSENSUS][PBFT]checkAndChangeView: Reach consensus,org_view=431,org_changeCycle=0,cur_changeCycle=0,to_view=432
info|2019-12-05 00:01:42.868579|[g:1][CONSENSUS]addRawPrepare,height=29,reqIdx=0,hash=43f1a57d...
info|2019-12-05 00:01:42.868952|[g:1][CONSENSUS][PBFT]checkTimeout Succ,view=432,toView=433,nodeIdx=3,changeCycle=0,myNode=b5092dbe...,timecost=0.253
info|2019-12-05 00:01:42.872345|[g:1][CONSENSUS][PBFT]checkAndChangeView: Reach consensus,org_view=432,org_changeCycle=0,cur_changeCycle=0,to_view=433
info|2019-12-05 00:01:43.872795|[g:1][CONSENSUS]addRawPrepare,height=29,reqIdx=1,hash=16417f69...
info|2019-12-05 00:01:43.873407|[g:1][CONSENSUS][PBFT]checkTimeout Succ,view=433,toView=434,nodeIdx=3,changeCycle=0,myNode=b5092dbe...,timecost=0.544
info|2019-12-05 00:01:43.877347|[g:1][CONSENSUS][PBFT]checkAndChangeView: Reach consensus,org_view=433,org_changeCycle=0,cur_changeCycle=0,to_view=434
info|2019-12-05 00:01:44.876205|[g:1][CONSENSUS]addRawPrepare,height=29,reqIdx=2,hash=31011e88...
info|2019-12-05 00:01:44.876478|[g:1][CONSENSUS][PBFT]checkTimeout Succ,view=434,toView=435,nodeIdx=3,changeCycle=0,myNode=b5092dbe...,timecost=0.216
info|2019-12-05 00:01:44.877066|[g:1][CONSENSUS][PBFT]checkAndChangeView: Reach consensus,org_view=434,org_changeCycle=0,cur_changeCycle=0,to_view=435
info|2019-12-05 00:01:45.878084|[g:1][CONSENSUS][SEALER]++++++++++++++++ Generating seal on,blkNum=29,tx=0,nodeIdx=3,hash=e0fabe2c...
info|2019-12-05 00:01:45.879514|[g:1][CONSENSUS][PBFT]checkTimeout Succ,view=435,toView=436,nodeIdx=3,changeCycle=0,myNode=b5092dbe...,timecost=0.627
info|2019-12-05 00:01:45.888698|[g:1][CONSENSUS][PBFT]checkAndChangeView: Reach consensus,org_view=435,org_changeCycle=0,cur_changeCycle=0,to_view=436
info|2019-12-05 00:01:46.892955|[g:1][CONSENSUS]addRawPrepare,height=29,reqIdx=0,hash=d8603eb6...
info|2019-12-05 00:01:46.895029|[g:1][CONSENSUS][PBFT]checkTimeout Succ,view=436,toView=437,nodeIdx=3,changeCycle=0,myNode=b5092dbe...,timecost=1.959
info|2019-12-05 00:01:46.896943|[g:1][CONSENSUS][PBFT]checkAndChangeView: Reach consensus,org_view=436,org_changeCycle=0,cur_changeCycle=0,to_view=437
info|2019-12-05 00:01:47.005063|[P2P][Service] heartBeat,connected count=3
info|2019-12-05 00:01:47.908752|[g:1][CONSENSUS]addRawPrepare,height=29,reqIdx=1,hash=85a38a03...
info|2019-12-05 00:01:47.909272|[g:1][CONSENSUS][PBFT]checkTimeout Succ,view=437,toView=438,nodeIdx=3,changeCycle=0,myNode=b5092dbe...,timecost=0.42
info|2019-12-05 00:01:47.909936|[g:1][CONSENSUS][PBFT]checkAndChangeView: Reach consensus,org_view=437,org_changeCycle=0,cur_changeCycle=0,to_view=438
info|2019-12-05 00:01:48.921958|[g:1][CONSENSUS]addRawPrepare,height=29,reqIdx=2,hash=81f6395d...
info|2019-12-05 00:01:48.922967|[g:1][CONSENSUS][PBFT]checkTimeout Succ,view=438,toView=439,nodeIdx=3,changeCycle=0,myNode=b5092dbe...,timecost=0.733
info|2019-12-05 00:01:48.935894|[g:1][CONSENSUS][PBFT]checkAndChangeView: Reach consensus,org_view=438,org_changeCycle=0,cur_changeCycle=0,to_view=439
info|2019-12-05 00:01:49.937763|[g:1][CONSENSUS][SEALER]++++++++++++++++ Generating seal on,blkNum=29,tx=0,nodeIdx=3,hash=8f06138b...
info|2019-12-05 00:01:49.939359|[g:1][CONSENSUS][PBFT]checkTimeout Succ,view=439,toView=440,nodeIdx=3,changeCycle=0,myNode=b5092dbe...,timecost=0.39
info|2019-12-05 00:01:49.943263|[g:1][CONSENSUS][PBFT]checkAndChangeView: Reach consensus,org_view=439,org_changeCycle=0,cur_changeCycle=0,to_view=440
info|2019-12-05 00:01:50.950215|[g:1][CONSENSUS]addRawPrepare,height=29,reqIdx=0,hash=55b088ad...
info|2019-12-05 00:01:50.951118|[g:1][CONSENSUS][PBFT]checkTimeout Succ,view=440,toView=441,nodeIdx=3,changeCycle=0,myNode=b5092dbe...,timecost=0.779
info|2019-12-05 00:01:50.952243|[g:1][CONSENSUS][PBFT]checkAndChangeView: Reach consensus,org_view=440,org_changeCycle=0,cur_changeCycle=0,to_view=441
info|2019-12-05 00:01:51.958913|[g:1][CONSENSUS]addRawPrepare,height=29,reqIdx=1,hash=d11d9b39...
info|2019-12-05 00:01:51.962381|[g:1][CONSENSUS][PBFT]checkTimeout Succ,view=441,toView=442,nodeIdx=3,changeCycle=0,myNode=b5092dbe...,timecost=3.318
info|2019-12-05 00:01:51.965712|[g:1][CONSENSUS][PBFT]checkAndChangeView: Reach consensus,org_view=441,org_changeCycle=0,cur_changeCycle=0,to_view=442
info|2019-12-05 00:01:52.967135|[g:1][CONSENSUS]addRawPrepare,height=29,reqIdx=2,hash=d7233093...
info|2019-12-05 00:01:52.967970|[g:1][CONSENSUS][PBFT]checkTimeout Succ,view=442,toView=443,nodeIdx=3,changeCycle=0,myNode=b5092dbe...,timecost=0.714
info|2019-12-05 00:01:52.973861|[g:1][CONSENSUS][PBFT]checkAndChangeView: Reach consensus,org_view=442,org_changeCycle=0,cur_changeCycle=0,to_view=443
info|2019-12-05 00:01:53.975799|[g:1][CONSENSUS][SEALER]++++++++++++++++ Generating seal on,blkNum=29,tx=0,nodeIdx=3,hash=fe1c83ea...
info|2019-12-05 00:01:53.979833|[g:1][CONSENSUS][PBFT]checkTimeout Succ,view=443,toView=444,nodeIdx=3,changeCycle=0,myNode=b5092dbe...,timecost=0.464
info|2019-12-05 00:01:53.982849|[g:1][CONSENSUS][PBFT]checkAndChangeView: Reach consensus,org_view=443,org_changeCycle=0,cur_changeCycle=0,to_view=444
info|2019-12-05 00:01:54.994083|[g:1][CONSENSUS]addRawPrepare,height=29,reqIdx=0,hash=533739cd...
info|2019-12-05 00:01:54.994766|[g:1][CONSENSUS][PBFT]checkTimeout Succ,view=444,toView=445,nodeIdx=3,changeCycle=0,myNode=b5092dbe...,timecost=0.487
info|2019-12-05 00:01:54.997643|[g:1][CONSENSUS][PBFT]checkAndChangeView: Reach consensus,org_view=444,org_changeCycle=0,cur_changeCycle=0,to_view=445
info|2019-12-05 00:01:56.002854|[g:1][CONSENSUS]addRawPrepare,height=29,reqIdx=1,hash=1d7baa93...
info|2019-12-05 00:01:56.003785|[g:1][CONSENSUS][PBFT]checkTimeout Succ,view=445,toView=446,nodeIdx=3,changeCycle=0,myNode=b5092dbe...,timecost=0.701
info|2019-12-05 00:01:56.012053|[g:1][CONSENSUS][PBFT]checkAndChangeView: Reach consensus,org_view=445,org_changeCycle=0,cur_changeCycle=0,to_view=446
info|2019-12-05 00:01:57.005915|[P2P][Service] heartBeat,connected count=3
info|2019-12-05 00:01:57.017231|[g:1][CONSENSUS]addRawPrepare,height=29,reqIdx=2,hash=ffd8e3cc...
info|2019-12-05 00:01:57.017745|[g:1][CONSENSUS][PBFT]checkTimeout Succ,view=446,toView=447,nodeIdx=3,changeCycle=0,myNode=b5092dbe...,timecost=0.381
info|2019-12-05 00:01:57.022210|[g:1][CONSENSUS][PBFT]checkAndChangeView: Reach consensus,org_view=446,org_changeCycle=0,cur_changeCycle=0,to_view=447
info|2019-12-05 00:01:58.022705|[g:1][CONSENSUS][SEALER]++++++++++++++++ Generating seal on,blkNum=29,tx=0,nodeIdx=3,hash=50a2ad65...
info|2019-12-05 00:01:58.030547|[g:1][CONSENSUS][PBFT]checkTimeout Succ,view=447,toView=448,nodeIdx=3,changeCycle=0,myNode=b5092dbe...,timecost=0.261
info|2019-12-05 00:01:58.031985|[g:1][CONSENSUS][PBFT]checkAndChangeView: Reach consensus,org_view=447,org_changeCycle=0,cur_changeCycle=0,to_view=448
info|2019-12-05 00:01:59.032545|[g:1][CONSENSUS]addRawPrepare,height=29,reqIdx=0,hash=1140a323...
info|2019-12-05 00:01:59.033536|[g:1][CONSENSUS][PBFT]checkTimeout Succ,view=448,toView=449,nodeIdx=3,changeCycle=0,myNode=b5092dbe...,timecost=0.793
info|2019-12-05 00:01:59.046754|[g:1][CONSENSUS][PBFT]checkAndChangeView: Reach consensus,org_view=448,org_changeCycle=0,cur_changeCycle=0,to_view=449
info|2019-12-05 00:02:00.081342|[g:1][CONSENSUS]addRawPrepare,height=29,reqIdx=1,hash=cb0578ce...
info|2019-12-05 00:02:00.081692|[g:1][CONSENSUS][PBFT]checkTimeout Succ,view=449,toView=450,nodeIdx=3,changeCycle=0,myNode=b5092dbe...,timecost=0.299
info|2019-12-05 00:02:00.082095|[g:1][CONSENSUS][PBFT]checkAndChangeView: Reach consensus,org_view=449,org_changeCycle=0,cur_changeCycle=0,to_view=450
info|2019-12-05 00:02:01.087606|[g:1][CONSENSUS]addRawPrepare,height=29,reqIdx=2,hash=5aecd7ac...
info|2019-12-05 00:02:01.088327|[g:1][CONSENSUS][PBFT]checkTimeout Succ,view=450,toView=451,nodeIdx=3,changeCycle=0,myNode=b5092dbe...,timecost=0.446
info|2019-12-05 00:02:01.095760|[g:1][CONSENSUS][PBFT]checkAndChangeView: Reach consensus,org_view=450,org_changeCycle=0,cur_changeCycle=0,to_view=451
info|2019-12-05 00:02:02.095296|[g:1][CONSENSUS][SEALER]++++++++++++++++ Generating seal on,blkNum=29,tx=0,nodeIdx=3,hash=6b44c6e5...
info|2019-12-05 00:02:02.096405|[g:1][CONSENSUS][PBFT]checkTimeout Succ,view=451,toView=452,nodeIdx=3,changeCycle=0,myNode=b5092dbe...,timecost=0.437
info|2019-12-05 00:02:02.101611|[g:1][CONSENSUS][PBFT]checkAndChangeView: Reach consensus,org_view=451,org_changeCycle=0,cur_changeCycle=0,to_view=452
info|2019-12-05 00:02:03.110093|[g:1][CONSENSUS]addRawPrepare,height=29,reqIdx=0,hash=b9f8f02d...
info|2019-12-05 00:02:03.110658|[g:1][CONSENSUS][PBFT]checkTimeout Succ,view=452,toView=453,nodeIdx=3,changeCycle=0,myNode=b5092dbe...,timecost=0.407
info|2019-12-05 00:02:03.114063|[g:1][CONSENSUS][PBFT]checkAndChangeView: Reach consensus,org_view=452,org_changeCycle=0,cur_changeCycle=0,to_view=453
info|2019-12-05 00:02:04.120303|[g:1][CONSENSUS]addRawPrepare,height=29,reqIdx=1,hash=01a0e27b...
info|2019-12-05 00:02:04.120912|[g:1][CONSENSUS][PBFT]checkTimeout Succ,view=453,toView=454,nodeIdx=3,changeCycle=0,myNode=b5092dbe...,timecost=0.456
info|2019-12-05 00:02:04.126536|[g:1][CONSENSUS][PBFT]checkAndChangeView: Reach consensus,org_view=453,org_changeCycle=0,cur_changeCycle=0,to_view=454
info|2019-12-05 00:02:05.130673|[g:1][CONSENSUS]addRawPrepare,height=29,reqIdx=2,hash=fc2595bd...
info|2019-12-05 00:02:05.131284|[g:1][CONSENSUS][PBFT]checkTimeout Succ,view=454,toView=455,nodeIdx=3,changeCycle=0,myNode=b5092dbe...,timecost=0.446
info|2019-12-05 00:02:05.138180|[g:1][CONSENSUS][PBFT]checkAndChangeView: Reach consensus,org_view=454,org_changeCycle=0,cur_changeCycle=0,to_view=455
info|2019-12-05 00:02:06.139650|[g:1][CONSENSUS][SEALER]++++++++++++++++ Generating seal on,blkNum=29,tx=0,nodeIdx=3,hash=cb60865a...
info|2019-12-05 00:02:06.145550|[g:1][CONSENSUS][PBFT]checkTimeout Succ,view=455,toView=456,nodeIdx=3,changeCycle=0,myNode=b5092dbe...,timecost=0.882
info|2019-12-05 00:02:06.150002|[g:1][CONSENSUS][PBFT]checkAndChangeView: Reach consensus,org_view=455,org_changeCycle=0,cur_changeCycle=0,to_view=456
info|2019-12-05 00:02:07.006920|[P2P][Service] heartBeat,connected count=3
info|2019-12-05 00:02:07.159751|[g:1][CONSENSUS]addRawPrepare,height=29,reqIdx=0,hash=85606608...
info|2019-12-05 00:02:07.161386|[g:1][CONSENSUS][PBFT]checkTimeout Succ,view=456,toView=457,nodeIdx=3,changeCycle=0,myNode=b5092dbe...,timecost=1.495
info|2019-12-05 00:02:07.165647|[g:1][CONSENSUS][PBFT]checkAndChangeView: Reach consensus,org_view=456,org_changeCycle=0,cur_changeCycle=0,to_view=457
info|2019-12-05 00:02:08.174720|[g:1][CONSENSUS]addRawPrepare,height=29,reqIdx=1,hash=a405b2a4...
info|2019-12-05 00:02:08.175605|[g:1][CONSENSUS][PBFT]checkTimeout Succ,view=457,toView=458,nodeIdx=3,changeCycle=0,myNode=b5092dbe...,timecost=0.624
info|2019-12-05 00:02:08.182201|[g:1][CONSENSUS][PBFT]checkAndChangeView: Reach consensus,org_view=457,org_changeCycle=0,cur_changeCycle=0,to_view=458
info|2019-12-05 00:02:09.188823|[g:1][CONSENSUS]addRawPrepare,height=29,reqIdx=2,hash=190cd102...
info|2019-12-05 00:02:09.191429|[g:1][CONSENSUS][PBFT]checkTimeout Succ,view=458,toView=459,nodeIdx=3,changeCycle=0,myNode=b5092dbe...,timecost=2.456
info|2019-12-05 00:02:09.196683|[g:1][CONSENSUS][PBFT]checkAndChangeView: Reach consensus,org_view=458,org_changeCycle=0,cur_changeCycle=0,to_view=459
info|2019-12-05 00:02:10.197529|[g:1][CONSENSUS][SEALER]++++++++++++++++ Generating seal on,blkNum=29,tx=0,nodeIdx=3,hash=4d9e1d9b...
info|2019-12-05 00:02:10.198017|[g:1][CONSENSUS][PBFT]checkTimeout Succ,view=459,toView=460,nodeIdx=3,changeCycle=0,myNode=b5092dbe...,timecost=0.195
info|2019-12-05 00:02:10.201038|[g:1][CONSENSUS][PBFT]checkAndChangeView: Reach consensus,org_view=459,org_changeCycle=0,cur_changeCycle=0,to_view=460
info|2019-12-05 00:02:11.207015|[g:1][CONSENSUS]addRawPrepare,height=29,reqIdx=0,hash=6e58312d...
info|2019-12-05 00:02:11.212235|[g:1][CONSENSUS][PBFT]checkTimeout Succ,view=460,toView=461,nodeIdx=3,changeCycle=0,myNode=b5092dbe...,timecost=5
info|2019-12-05 00:02:11.217560|[g:1][CONSENSUS][PBFT]checkAndChangeView: Reach consensus,org_view=460,org_changeCycle=0,cur_changeCycle=0,to_view=461
info|2019-12-05 00:02:12.223726|[g:1][CONSENSUS]addRawPrepare,height=29,reqIdx=1,hash=e0f93de7...
info|2019-12-05 00:02:12.224220|[g:1][CONSENSUS][PBFT]checkTimeout Succ,view=461,toView=462,nodeIdx=3,changeCycle=0,myNode=b5092dbe...,timecost=0.43
info|2019-12-05 00:02:12.227735|[g:1][CONSENSUS][PBFT]checkAndChangeView: Reach consensus,org_view=461,org_changeCycle=0,cur_changeCycle=0,to_view=462
info|2019-12-05 00:02:13.229182|[g:1][CONSENSUS]addRawPrepare,height=29,reqIdx=2,hash=9297312d...
info|2019-12-05 00:02:13.229739|[g:1][CONSENSUS][PBFT]checkTimeout Succ,view=462,toView=463,nodeIdx=3,changeCycle=0,myNode=b5092dbe...,timecost=0.419
info|2019-12-05 00:02:13.233502|[g:1][CONSENSUS][PBFT]checkAndChangeView: Reach consensus,org_view=462,org_changeCycle=0,cur_changeCycle=0,to_view=463
info|2019-12-05 00:02:14.235828|[g:1][CONSENSUS][SEALER]++++++++++++++++ Generating seal on,blkNum=29,tx=0,nodeIdx=3,hash=c49dbb3a...
info|2019-12-05 00:02:14.240169|[g:1][CONSENSUS][PBFT]checkTimeout Succ,view=463,toView=464,nodeIdx=3,changeCycle=0,myNode=b5092dbe...,timecost=0.615
info|2019-12-05 00:02:14.246214|[g:1][CONSENSUS][PBFT]checkAndChangeView: Reach consensus,org_view=463,org_changeCycle=0,cur_changeCycle=0,to_view=464
info|2019-12-05 00:02:15.247810|[g:1][CONSENSUS]addRawPrepare,height=29,reqIdx=0,hash=b053ee29...
info|2019-12-05 00:02:15.248832|[g:1][CONSENSUS][PBFT]checkTimeout Succ,view=464,toView=465,nodeIdx=3,changeCycle=0,myNode=b5092dbe...,timecost=0.653
info|2019-12-05 00:02:15.261053|[g:1][CONSENSUS][PBFT]checkAndChangeView: Reach consensus,org_view=464,org_changeCycle=0,cur_changeCycle=0,to_view=465
info|2019-12-05 00:02:16.261352|[g:1][CONSENSUS]addRawPrepare,height=29,reqIdx=1,hash=fb42d8a2...
info|2019-12-05 00:02:16.262294|[g:1][CONSENSUS][PBFT]checkTimeout Succ,view=465,toView=466,nodeIdx=3,changeCycle=0,myNode=b5092dbe...,timecost=0.719
info|2019-12-05 00:02:16.272020|[g:1][CONSENSUS][PBFT]checkAndChangeView: Reach consensus,org_view=465,org_changeCycle=0,cur_changeCycle=0,to_view=466
info|2019-12-05 00:02:17.007281|[P2P][Service] heartBeat,connected count=3
info|2019-12-05 00:02:17.275764|[g:1][CONSENSUS]addRawPrepare,height=29,reqIdx=2,hash=dbd55022...
info|2019-12-05 00:02:17.276754|[g:1][CONSENSUS][PBFT]checkTimeout Succ,view=466,toView=467,nodeIdx=3,changeCycle=0,myNode=b5092dbe...,timecost=0.729
info|2019-12-05 00:02:17.289753|[g:1][CONSENSUS][PBFT]checkAndChangeView: Reach consensus,org_view=466,org_changeCycle=0,cur_changeCycle=0,to_view=467
info|2019-12-05 00:02:18.290803|[g:1][CONSENSUS][SEALER]++++++++++++++++ Generating seal on,blkNum=29,tx=0,nodeIdx=3,hash=f9f363d5...
info|2019-12-05 00:02:18.299211|[g:1][CONSENSUS][PBFT]checkTimeout Succ,view=467,toView=468,nodeIdx=3,changeCycle=0,myNode=b5092dbe...,timecost=0.518
info|2019-12-05 00:02:18.301819|[g:1][CONSENSUS][PBFT]checkAndChangeView: Reach consensus,org_view=467,org_changeCycle=0,cur_changeCycle=0,to_view=468
info|2019-12-05 00:02:19.299646|[g:1][CONSENSUS]addRawPrepare,height=29,reqIdx=0,hash=bef41595...
info|2019-12-05 00:02:19.300361|[g:1][CONSENSUS][PBFT]checkTimeout Succ,view=468,toView=469,nodeIdx=3,changeCycle=0,myNode=b5092dbe...,timecost=0.55
info|2019-12-05 00:02:19.306456|[g:1][CONSENSUS][PBFT]checkAndChangeView: Reach consensus,org_view=468,org_changeCycle=0,cur_changeCycle=0,to_view=469
info|2019-12-05 00:02:20.315126|[g:1][CONSENSUS]addRawPrepare,height=29,reqIdx=1,hash=9cf3835e...
info|2019-12-05 00:02:20.316635|[g:1][CONSENSUS][PBFT]checkTimeout Succ,view=469,toView=470,nodeIdx=3,changeCycle=0,myNode=b5092dbe...,timecost=0.717
info|2019-12-05 00:02:20.321779|[g:1][CONSENSUS][PBFT]checkAndChangeView: Reach consensus,org_view=469,org_changeCycle=0,cur_changeCycle=0,to_view=470
info|2019-12-05 00:02:21.330483|[g:1][CONSENSUS]addRawPrepare,height=29,reqIdx=2,hash=c2ecc961...
info|2019-12-05 00:02:21.332392|[g:1][CONSENSUS][PBFT]checkTimeout Succ,view=470,toView=471,nodeIdx=3,changeCycle=0,myNode=b5092dbe...,timecost=1.08
info|2019-12-05 00:02:21.334293|[g:1][CONSENSUS][PBFT]checkAndChangeView: Reach consensus,org_view=470,org_changeCycle=0,cur_changeCycle=0,to_view=471
info|2019-12-05 00:02:22.335022|[g:1][CONSENSUS][SEALER]++++++++++++++++ Generating seal on,blkNum=29,tx=0,nodeIdx=3,hash=cf3bdd1f...
info|2019-12-05 00:02:22.341569|[g:1][CONSENSUS][PBFT]checkTimeout Succ,view=471,toView=472,nodeIdx=3,changeCycle=0,myNode=b5092dbe...,timecost=0.593
info|2019-12-05 00:02:22.343882|[g:1][CONSENSUS][PBFT]checkAndChangeView: Reach consensus,org_view=471,org_changeCycle=0,cur_changeCycle=0,to_view=472
info|2019-12-05 00:02:23.351311|[g:1][CONSENSUS]addRawPrepare,height=29,reqIdx=0,hash=b28a1584...
info|2019-12-05 00:02:23.351908|[g:1][CONSENSUS][PBFT]checkTimeout Succ,view=472,toView=473,nodeIdx=3,changeCycle=0,myNode=b5092dbe...,timecost=0.462
info|2019-12-05 00:02:23.357937|[g:1][CONSENSUS][PBFT]checkAndChangeView: Reach consensus,org_view=472,org_changeCycle=0,cur_changeCycle=0,to_view=473
info|2019-12-05 00:02:24.361553|[g:1][CONSENSUS]addRawPrepare,height=29,reqIdx=1,hash=274e5f60...
info|2019-12-05 00:02:24.362895|[g:1][CONSENSUS][PBFT]checkTimeout Succ,view=473,toView=474,nodeIdx=3,changeCycle=0,myNode=b5092dbe...,timecost=1.025
info|2019-12-05 00:02:24.371713|[g:1][CONSENSUS][PBFT]checkAndChangeView: Reach consensus,org_view=473,org_changeCycle=0,cur_changeCycle=0,to_view=474
info|2019-12-05 00:02:25.382546|[g:1][CONSENSUS]addRawPrepare,height=29,reqIdx=2,hash=887d4ecf...
info|2019-12-05 00:02:25.383889|[g:1][CONSENSUS][PBFT]checkTimeout Succ,view=474,toView=475,nodeIdx=3,changeCycle=0,myNode=b5092dbe...,timecost=1.097
info|2019-12-05 00:02:25.395139|[g:1][CONSENSUS][PBFT]checkAndChangeView: Reach consensus,org_view=474,org_changeCycle=0,cur_changeCycle=0,to_view=475
info|2019-12-05 00:02:26.396355|[g:1][CONSENSUS][SEALER]++++++++++++++++ Generating seal on,blkNum=29,tx=0,nodeIdx=3,hash=36d4eae2...
info|2019-12-05 00:02:26.414300|[g:1][CONSENSUS][PBFT]checkTimeout Succ,view=475,toView=476,nodeIdx=3,changeCycle=0,myNode=b5092dbe...,timecost=1.248
info|2019-12-05 00:02:26.417229|[g:1][CONSENSUS][PBFT]checkAndChangeView: Reach consensus,org_view=475,org_changeCycle=0,cur_changeCycle=0,to_view=476
info|2019-12-05 00:02:27.008563|[P2P][Service] heartBeat,connected count=3
info|2019-12-05 00:02:27.422240|[g:1][CONSENSUS]addRawPrepare,height=29,reqIdx=0,hash=3e925afb...
info|2019-12-05 00:02:27.423159|[g:1][CONSENSUS][PBFT]checkTimeout Succ,view=476,toView=477,nodeIdx=3,changeCycle=0,myNode=b5092dbe...,timecost=0.698
info|2019-12-05 00:02:27.431368|[g:1][CONSENSUS][PBFT]checkAndChangeView: Reach consensus,org_view=476,org_changeCycle=0,cur_changeCycle=0,to_view=477
info|2019-12-05 00:02:28.435694|[g:1][CONSENSUS]addRawPrepare,height=29,reqIdx=1,hash=d1d85c60...
info|2019-12-05 00:02:28.439161|[g:1][CONSENSUS][PBFT]checkTimeout Succ,view=477,toView=478,nodeIdx=3,changeCycle=0,myNode=b5092dbe...,timecost=3.224
info|2019-12-05 00:02:28.443500|[g:1][CONSENSUS][PBFT]checkAndChangeView: Reach consensus,org_view=477,org_changeCycle=0,cur_changeCycle=0,to_view=478
info|2019-12-05 00:02:29.450403|[g:1][CONSENSUS]addRawPrepare,height=29,reqIdx=2,hash=aaadbcef...
info|2019-12-05 00:02:29.450995|[g:1][CONSENSUS][PBFT]checkTimeout Succ,view=478,toView=479,nodeIdx=3,changeCycle=0,myNode=b5092dbe...,timecost=0.452
info|2019-12-05 00:02:29.458708|[g:1][CONSENSUS][PBFT]checkAndChangeView: Reach consensus,org_view=478,org_changeCycle=0,cur_changeCycle=0,to_view=479
info|2019-12-05 00:02:30.458428|[g:1][CONSENSUS][SEALER]++++++++++++++++ Generating seal on,blkNum=29,tx=0,nodeIdx=3,hash=4150216d...
info|2019-12-05 00:02:30.459924|[g:1][CONSENSUS][PBFT]checkTimeout Succ,view=479,toView=480,nodeIdx=3,changeCycle=0,myNode=b5092dbe...,timecost=0.777
info|2019-12-05 00:02:30.468803|[g:1][CONSENSUS][PBFT]checkAndChangeView: Reach consensus,org_view=479,org_changeCycle=0,cur_changeCycle=0,to_view=480
info|2019-12-05 00:02:31.480351|[g:1][CONSENSUS]addRawPrepare,height=29,reqIdx=0,hash=040f11b0...
info|2019-12-05 00:02:31.482616|[g:1][CONSENSUS][PBFT]checkTimeout Succ,view=480,toView=481,nodeIdx=3,changeCycle=0,myNode=b5092dbe...,timecost=1.347
info|2019-12-05 00:02:31.489431|[g:1][CONSENSUS][PBFT]checkAndChangeView: Reach consensus,org_view=480,org_changeCycle=0,cur_changeCycle=0,to_view=481
info|2019-12-05 00:02:32.500196|[g:1][CONSENSUS]addRawPrepare,height=29,reqIdx=1,hash=e34642c5...
info|2019-12-05 00:02:32.501156|[g:1][CONSENSUS][PBFT]checkTimeout Succ,view=481,toView=482,nodeIdx=3,changeCycle=0,myNode=b5092dbe...,timecost=0.734
info|2019-12-05 00:02:32.509474|[g:1][CONSENSUS][PBFT]checkAndChangeView: Reach consensus,org_view=481,org_changeCycle=0,cur_changeCycle=0,to_view=482
info|2019-12-05 00:02:33.511322|[g:1][CONSENSUS]addRawPrepare,height=29,reqIdx=2,hash=a5fe91c9...
info|2019-12-05 00:02:33.511770|[g:1][CONSENSUS][PBFT]checkTimeout Succ,view=482,toView=483,nodeIdx=3,changeCycle=0,myNode=b5092dbe...,timecost=0.294
info|2019-12-05 00:02:33.515681|[g:1][CONSENSUS][PBFT]checkAndChangeView: Reach consensus,org_view=482,org_changeCycle=0,cur_changeCycle=0,to_view=483
info|2019-12-05 00:02:34.516189|[g:1][CONSENSUS][SEALER]++++++++++++++++ Generating seal on,blkNum=29,tx=0,nodeIdx=3,hash=94144c9e...
info|2019-12-05 00:02:34.522034|[g:1][CONSENSUS][PBFT]checkTimeout Succ,view=483,toView=484,nodeIdx=3,changeCycle=0,myNode=b5092dbe...,timecost=0.454
info|2019-12-05 00:02:34.524249|[g:1][CONSENSUS][PBFT]checkAndChangeView: Reach consensus,org_view=483,org_changeCycle=0,cur_changeCycle=0,to_view=484
info|2019-12-05 00:02:35.531485|[g:1][CONSENSUS]addRawPrepare,height=29,reqIdx=0,hash=05fe1273...
info|2019-12-05 00:02:35.531975|[g:1][CONSENSUS][PBFT]checkTimeout Succ,view=484,toView=485,nodeIdx=3,changeCycle=0,myNode=b5092dbe...,timecost=0.435
info|2019-12-05 00:02:35.532792|[g:1][CONSENSUS][PBFT]checkAndChangeView: Reach consensus,org_view=484,org_changeCycle=0,cur_changeCycle=0,to_view=485
info|2019-12-05 00:02:36.540688|[g:1][CONSENSUS]addRawPrepare,height=29,reqIdx=1,hash=224d30ee...
info|2019-12-05 00:02:36.541846|[g:1][CONSENSUS][PBFT]checkTimeout Succ,view=485,toView=486,nodeIdx=3,changeCycle=0,myNode=b5092dbe...,timecost=0.705
info|2019-12-05 00:02:36.557769|[g:1][CONSENSUS][PBFT]checkAndChangeView: Reach consensus,org_view=485,org_changeCycle=0,cur_changeCycle=0,to_view=486
info|2019-12-05 00:02:37.009302|[P2P][Service] heartBeat,connected count=3
info|2019-12-05 00:02:37.557208|[g:1][CONSENSUS]addRawPrepare,height=29,reqIdx=2,hash=34877473...
info|2019-12-05 00:02:37.557773|[g:1][CONSENSUS][PBFT]checkTimeout Succ,view=486,toView=487,nodeIdx=3,changeCycle=0,myNode=b5092dbe...,timecost=0.431
info|2019-12-05 00:02:37.559719|[g:1][CONSENSUS][PBFT]checkAndChangeView: Reach consensus,org_view=486,org_changeCycle=0,cur_changeCycle=0,to_view=487
info|2019-12-05 00:02:38.559625|[g:1][CONSENSUS][SEALER]++++++++++++++++ Generating seal on,blkNum=29,tx=0,nodeIdx=3,hash=aa5c4e38...
info|2019-12-05 00:02:38.566127|[g:1][CONSENSUS][PBFT]checkTimeout Succ,view=487,toView=488,nodeIdx=3,changeCycle=0,myNode=b5092dbe...,timecost=0.789
info|2019-12-05 00:02:38.569922|[g:1][CONSENSUS][PBFT]checkAndChangeView: Reach consensus,org_view=487,org_changeCycle=0,cur_changeCycle=0,to_view=488
info|2019-12-05 00:02:39.576678|[g:1][CONSENSUS]addRawPrepare,height=29,reqIdx=0,hash=19cb2c30...
info|2019-12-05 00:02:39.577515|[g:1][CONSENSUS][PBFT]checkTimeout Succ,view=488,toView=489,nodeIdx=3,changeCycle=0,myNode=b5092dbe...,timecost=0.644
info|2019-12-05 00:02:39.587890|[g:1][CONSENSUS][PBFT]checkAndChangeView: Reach consensus,org_view=488,org_changeCycle=0,cur_changeCycle=0,to_view=489
info|2019-12-05 00:02:40.592176|[g:1][CONSENSUS]addRawPrepare,height=29,reqIdx=1,hash=b54fdf55...
info|2019-12-05 00:02:40.593101|[g:1][CONSENSUS][PBFT]checkTimeout Succ,view=489,toView=490,nodeIdx=3,changeCycle=0,myNode=b5092dbe...,timecost=0.726
info|2019-12-05 00:02:40.601020|[g:1][CONSENSUS][PBFT]checkAndChangeView: Reach consensus,org_view=489,org_changeCycle=0,cur_changeCycle=0,to_view=490
info|2019-12-05 00:02:41.612216|[g:1][CONSENSUS]addRawPrepare,height=29,reqIdx=2,hash=ae0fd892...
info|2019-12-05 00:02:41.613518|[g:1][CONSENSUS][PBFT]checkTimeout Succ,view=490,toView=491,nodeIdx=3,changeCycle=0,myNode=b5092dbe...,timecost=0.944
info|2019-12-05 00:02:41.628706|[g:1][CONSENSUS][PBFT]checkAndChangeView: Reach consensus,org_view=490,org_changeCycle=0,cur_changeCycle=0,to_view=491
info|2019-12-05 00:02:42.628888|[g:1][CONSENSUS][SEALER]++++++++++++++++ Generating seal on,blkNum=29,tx=0,nodeIdx=3,hash=5a97eeaf...
info|2019-12-05 00:02:42.645390|[g:1][CONSENSUS][PBFT]checkTimeout Succ,view=491,toView=492,nodeIdx=3,changeCycle=0,myNode=b5092dbe...,timecost=1.498
info|2019-12-05 00:02:42.648190|[g:1][CONSENSUS][PBFT]checkAndChangeView: Reach consensus,org_view=491,org_changeCycle=0,cur_changeCycle=0,to_view=492
info|2019-12-05 00:02:43.654090|[g:1][CONSENSUS]addRawPrepare,height=29,reqIdx=0,hash=652722c7...
info|2019-12-05 00:02:43.660405|[g:1][CONSENSUS][PBFT]checkTimeout Succ,view=492,toView=493,nodeIdx=3,changeCycle=0,myNode=b5092dbe...,timecost=6.035
info|2019-12-05 00:02:43.668216|[g:1][CONSENSUS][PBFT]checkAndChangeView: Reach consensus,org_view=492,org_changeCycle=0,cur_changeCycle=0,to_view=493
info|2019-12-05 00:02:44.666771|[g:1][CONSENSUS]addRawPrepare,height=29,reqIdx=1,hash=4c42ef94...
info|2019-12-05 00:02:44.667741|[g:1][CONSENSUS][PBFT]checkTimeout Succ,view=493,toView=494,nodeIdx=3,changeCycle=0,myNode=b5092dbe...,timecost=0.74
info|2019-12-05 00:02:44.684890|[g:1][CONSENSUS][PBFT]checkAndChangeView: Reach consensus,org_view=493,org_changeCycle=0,cur_changeCycle=0,to_view=494
info|2019-12-05 00:02:45.683524|[g:1][CONSENSUS]addRawPrepare,height=29,reqIdx=2,hash=7868e023...
info|2019-12-05 00:02:45.684190|[g:1][CONSENSUS][PBFT]checkTimeout Succ,view=494,toView=495,nodeIdx=3,changeCycle=0,myNode=b5092dbe...,timecost=0.517
info|2019-12-05 00:02:45.690710|[g:1][CONSENSUS][PBFT]checkAndChangeView: Reach consensus,org_view=494,org_changeCycle=0,cur_changeCycle=0,to_view=495
info|2019-12-05 00:02:46.691673|[g:1][CONSENSUS][SEALER]++++++++++++++++ Generating seal on,blkNum=29,tx=0,nodeIdx=3,hash=3f360d2f...
info|2019-12-05 00:02:46.693793|[g:1][CONSENSUS][PBFT]checkTimeout Succ,view=495,toView=496,nodeIdx=3,changeCycle=0,myNode=b5092dbe...,timecost=0.559
info|2019-12-05 00:02:46.698623|[g:1][CONSENSUS][PBFT]checkAndChangeView: Reach consensus,org_view=495,org_changeCycle=0,cur_changeCycle=0,to_view=496
info|2019-12-05 00:02:47.010094|[P2P][Service] heartBeat,connected count=3
info|2019-12-05 00:02:47.709311|[g:1][CONSENSUS]addRawPrepare,height=29,reqIdx=0,hash=7207c6b2...
info|2019-12-05 00:02:47.709923|[g:1][CONSENSUS][PBFT]checkTimeout Succ,view=496,toView=497,nodeIdx=3,changeCycle=0,myNode=b5092dbe...,timecost=0.467
info|2019-12-05 00:02:47.714180|[g:1][CONSENSUS][PBFT]checkAndChangeView: Reach consensus,org_view=496,org_changeCycle=0,cur_changeCycle=0,to_view=497
info|2019-12-05 00:02:48.719571|[g:1][CONSENSUS]addRawPrepare,height=29,reqIdx=1,hash=36bb7d1a...
info|2019-12-05 00:02:48.720167|[g:1][CONSENSUS][PBFT]checkTimeout Succ,view=497,toView=498,nodeIdx=3,changeCycle=0,myNode=b5092dbe...,timecost=0.465
info|2019-12-05 00:02:48.724901|[g:1][CONSENSUS][PBFT]checkAndChangeView: Reach consensus,org_view=497,org_changeCycle=0,cur_changeCycle=0,to_view=498
info|2019-12-05 00:02:49.728660|[g:1][CONSENSUS]addRawPrepare,height=29,reqIdx=2,hash=2c86b442...
info|2019-12-05 00:02:49.729774|[g:1][CONSENSUS][PBFT]checkTimeout Succ,view=498,toView=499,nodeIdx=3,changeCycle=0,myNode=b5092dbe...,timecost=0.733
info|2019-12-05 00:02:49.739429|[g:1][CONSENSUS][PBFT]checkAndChangeView: Reach consensus,org_view=498,org_changeCycle=0,cur_changeCycle=0,to_view=499
info|2019-12-05 00:02:50.740397|[g:1][CONSENSUS][SEALER]++++++++++++++++ Generating seal on,blkNum=29,tx=0,nodeIdx=3,hash=af97abda...
info|2019-12-05 00:02:50.749124|[g:1][CONSENSUS][PBFT]checkTimeout Succ,view=499,toView=500,nodeIdx=3,changeCycle=0,myNode=b5092dbe...,timecost=0.799
info|2019-12-05 00:02:50.753918|[g:1][CONSENSUS][PBFT]checkAndChangeView: Reach consensus,org_view=499,org_changeCycle=0,cur_changeCycle=0,to_view=500
info|2019-12-05 00:02:51.756776|[g:1][CONSENSUS]addRawPrepare,height=29,reqIdx=0,hash=3cbc7224...
info|2019-12-05 00:02:51.757044|[g:1][CONSENSUS][PBFT]checkTimeout Succ,view=500,toView=501,nodeIdx=3,changeCycle=0,myNode=b5092dbe...,timecost=0.194
info|2019-12-05 00:02:51.760156|[g:1][CONSENSUS][PBFT]checkAndChangeView: Reach consensus,org_view=500,org_changeCycle=0,cur_changeCycle=0,to_view=501
info|2019-12-05 00:02:52.763976|[g:1][CONSENSUS]addRawPrepare,height=29,reqIdx=1,hash=9c9c7324...
info|2019-12-05 00:02:52.764512|[g:1][CONSENSUS][PBFT]checkTimeout Succ,view=501,toView=502,nodeIdx=3,changeCycle=0,myNode=b5092dbe...,timecost=0.341
info|2019-12-05 00:02:52.770065|[g:1][CONSENSUS][PBFT]checkAndChangeView: Reach consensus,org_view=501,org_changeCycle=0,cur_changeCycle=0,to_view=502
info|2019-12-05 00:02:53.772920|[g:1][CONSENSUS]addRawPrepare,height=29,reqIdx=2,hash=57b89d8a...
info|2019-12-05 00:02:53.773835|[g:1][CONSENSUS][PBFT]checkTimeout Succ,view=502,toView=503,nodeIdx=3,changeCycle=0,myNode=b5092dbe...,timecost=0.641
info|2019-12-05 00:02:53.778409|[g:1][CONSENSUS][PBFT]checkAndChangeView: Reach consensus,org_view=502,org_changeCycle=0,cur_changeCycle=0,to_view=503
info|2019-12-05 00:02:54.779084|[g:1][CONSENSUS][SEALER]++++++++++++++++ Generating seal on,blkNum=29,tx=0,nodeIdx=3,hash=79558fe1...
info|2019-12-05 00:02:54.780980|[g:1][CONSENSUS][PBFT]checkTimeout Succ,view=503,toView=504,nodeIdx=3,changeCycle=0,myNode=b5092dbe...,timecost=0.285
info|2019-12-05 00:02:54.782736|[g:1][CONSENSUS][PBFT]checkAndChangeView: Reach consensus,org_view=503,org_changeCycle=0,cur_changeCycle=0,to_view=504
info|2019-12-05 00:02:55.789721|[g:1][CONSENSUS]addRawPrepare,height=29,reqIdx=0,hash=c36ed1e2...
info|2019-12-05 00:02:55.790006|[g:1][CONSENSUS][PBFT]checkTimeout Succ,view=504,toView=505,nodeIdx=3,changeCycle=0,myNode=b5092dbe...,timecost=0.197
info|2019-12-05 00:02:55.793008|[g:1][CONSENSUS][PBFT]checkAndChangeView: Reach consensus,org_view=504,org_changeCycle=0,cur_changeCycle=0,to_view=505
info|2019-12-05 00:02:56.796924|[g:1][CONSENSUS]addRawPrepare,height=29,reqIdx=1,hash=7e41f50d...
info|2019-12-05 00:02:56.798197|[g:1][CONSENSUS][PBFT]checkTimeout Succ,view=505,toView=506,nodeIdx=3,changeCycle=0,myNode=b5092dbe...,timecost=0.384
info|2019-12-05 00:02:56.799216|[g:1][CONSENSUS][PBFT]checkAndChangeView: Reach consensus,org_view=505,org_changeCycle=0,cur_changeCycle=0,to_view=506
info|2019-12-05 00:02:57.010699|[P2P][Service] heartBeat,connected count=3
info|2019-12-05 00:02:57.800366|[g:1][CONSENSUS]addRawPrepare,height=29,reqIdx=2,hash=61d932d4...
info|2019-12-05 00:02:57.800680|[g:1][CONSENSUS][PBFT]checkTimeout Succ,view=506,toView=507,nodeIdx=3,changeCycle=0,myNode=b5092dbe...,timecost=0.186
info|2019-12-05 00:02:57.802446|[g:1][CONSENSUS][PBFT]checkAndChangeView: Reach consensus,org_view=506,org_changeCycle=0,cur_changeCycle=0,to_view=507
info|2019-12-05 00:02:58.803752|[g:1][CONSENSUS][SEALER]++++++++++++++++ Generating seal on,blkNum=29,tx=0,nodeIdx=3,hash=960dd62e...
info|2019-12-05 00:02:58.807672|[g:1][CONSENSUS][PBFT]checkTimeout Succ,view=507,toView=508,nodeIdx=3,changeCycle=0,myNode=b5092dbe...,timecost=2.125
info|2019-12-05 00:02:58.808406|[g:1][CONSENSUS][PBFT]checkAndChangeView: Reach consensus,org_view=507,org_changeCycle=0,cur_changeCycle=0,to_view=508
info|2019-12-05 00:02:59.807718|[g:1][CONSENSUS]addRawPrepare,height=29,reqIdx=0,hash=48d52c0d...
info|2019-12-05 00:02:59.807967|[g:1][CONSENSUS][PBFT]checkTimeout Succ,view=508,toView=509,nodeIdx=3,changeCycle=0,myNode=b5092dbe...,timecost=0.183
info|2019-12-05 00:02:59.810177|[g:1][CONSENSUS][PBFT]checkAndChangeView: Reach consensus,org_view=508,org_changeCycle=0,cur_changeCycle=0,to_view=509
info|2019-12-05 00:03:00.811540|[g:1][CONSENSUS]addRawPrepare,height=29,reqIdx=1,hash=590ae8c6...
info|2019-12-05 00:03:00.811787|[g:1][CONSENSUS][PBFT]checkTimeout Succ,view=509,toView=510,nodeIdx=3,changeCycle=0,myNode=b5092dbe...,timecost=0.182
info|2019-12-05 00:03:00.814578|[g:1][CONSENSUS][PBFT]checkAndChangeView: Reach consensus,org_view=509,org_changeCycle=0,cur_changeCycle=0,to_view=510
info|2019-12-05 00:03:01.814806|[g:1][CONSENSUS]addRawPrepare,height=29,reqIdx=2,hash=5119fe3e...
info|2019-12-05 00:03:01.815167|[g:1][CONSENSUS][PBFT]checkTimeout Succ,view=510,toView=511,nodeIdx=3,changeCycle=0,myNode=b5092dbe...,timecost=0.263
info|2019-12-05 00:03:01.816241|[g:1][CONSENSUS][PBFT]checkAndChangeView: Reach consensus,org_view=510,org_changeCycle=0,cur_changeCycle=0,to_view=511
info|2019-12-05 00:03:02.816254|[g:1][CONSENSUS][SEALER]++++++++++++++++ Generating seal on,blkNum=29,tx=0,nodeIdx=3,hash=23474b04...
info|2019-12-05 00:03:02.816908|[g:1][CONSENSUS][PBFT]checkTimeout Succ,view=511,toView=512,nodeIdx=3,changeCycle=0,myNode=b5092dbe...,timecost=0.257
info|2019-12-05 00:03:02.819888|[g:1][CONSENSUS][PBFT]checkAndChangeView: Reach consensus,org_view=511,org_changeCycle=0,cur_changeCycle=0,to_view=512
info|2019-12-05 00:03:03.821089|[g:1][CONSENSUS]addRawPrepare,height=29,reqIdx=0,hash=09b5a990...
info|2019-12-05 00:03:03.821447|[g:1][CONSENSUS][PBFT]checkTimeout Succ,view=512,toView=513,nodeIdx=3,changeCycle=0,myNode=b5092dbe...,timecost=0.25
info|2019-12-05 00:03:03.825904|[g:1][CONSENSUS][PBFT]checkAndChangeView: Reach consensus,org_view=512,org_changeCycle=0,cur_changeCycle=0,to_view=513
info|2019-12-05 00:03:04.826365|[g:1][CONSENSUS]addRawPrepare,height=29,reqIdx=1,hash=cee21980...
info|2019-12-05 00:03:04.826624|[g:1][CONSENSUS][PBFT]checkTimeout Succ,view=513,toView=514,nodeIdx=3,changeCycle=0,myNode=b5092dbe...,timecost=0.184
info|2019-12-05 00:03:04.828890|[g:1][CONSENSUS][PBFT]checkAndChangeView: Reach consensus,org_view=513,org_changeCycle=0,cur_changeCycle=0,to_view=514
info|2019-12-05 00:03:05.829747|[g:1][CONSENSUS]addRawPrepare,height=29,reqIdx=2,hash=6d892137...
info|2019-12-05 00:03:05.829999|[g:1][CONSENSUS][PBFT]checkTimeout Succ,view=514,toView=515,nodeIdx=3,changeCycle=0,myNode=b5092dbe...,timecost=0.184
info|2019-12-05 00:03:05.832047|[g:1][CONSENSUS][PBFT]checkAndChangeView: Reach consensus,org_view=514,org_changeCycle=0,cur_changeCycle=0,to_view=515
info|2019-12-05 00:03:06.832263|[g:1][CONSENSUS][SEALER]++++++++++++++++ Generating seal on,blkNum=29,tx=0,nodeIdx=3,hash=4c88e75d...
info|2019-12-05 00:03:06.834137|[g:1][CONSENSUS][PBFT]checkTimeout Succ,view=515,toView=516,nodeIdx=3,changeCycle=0,myNode=b5092dbe...,timecost=0.284
info|2019-12-05 00:03:06.835600|[g:1][CONSENSUS][PBFT]checkAndChangeView: Reach consensus,org_view=515,org_changeCycle=0,cur_changeCycle=0,to_view=516
info|2019-12-05 00:03:07.011897|[P2P][Service] heartBeat,connected count=3
info|2019-12-05 00:03:07.837918|[g:1][CONSENSUS]addRawPrepare,height=29,reqIdx=0,hash=431f25b5...
info|2019-12-05 00:03:07.838183|[g:1][CONSENSUS][PBFT]checkTimeout Succ,view=516,toView=517,nodeIdx=3,changeCycle=0,myNode=b5092dbe...,timecost=0.184
info|2019-12-05 00:03:07.841230|[g:1][CONSENSUS][PBFT]checkAndChangeView: Reach consensus,org_view=516,org_changeCycle=0,cur_changeCycle=0,to_view=517
info|2019-12-05 00:03:08.840646|[g:1][CONSENSUS]addRawPrepare,height=29,reqIdx=1,hash=f7098462...
info|2019-12-05 00:03:08.840895|[g:1][CONSENSUS][PBFT]checkTimeout Succ,view=517,toView=518,nodeIdx=3,changeCycle=0,myNode=b5092dbe...,timecost=0.182
info|2019-12-05 00:03:08.843639|[g:1][CONSENSUS][PBFT]checkAndChangeView: Reach consensus,org_view=517,org_changeCycle=0,cur_changeCycle=0,to_view=518
info|2019-12-05 00:03:09.843087|[g:1][CONSENSUS]addRawPrepare,height=29,reqIdx=2,hash=48b8c681...
info|2019-12-05 00:03:09.843343|[g:1][CONSENSUS][PBFT]checkTimeout Succ,view=518,toView=519,nodeIdx=3,changeCycle=0,myNode=b5092dbe...,timecost=0.185
info|2019-12-05 00:03:09.844550|[g:1][CONSENSUS][PBFT]checkAndChangeView: Reach consensus,org_view=518,org_changeCycle=0,cur_changeCycle=0,to_view=519
info|2019-12-05 00:03:10.845187|[g:1][CONSENSUS][SEALER]++++++++++++++++ Generating seal on,blkNum=29,tx=0,nodeIdx=3,hash=1d46efc4...
info|2019-12-05 00:03:10.846644|[g:1][CONSENSUS][PBFT]checkTimeout Succ,view=519,toView=520,nodeIdx=3,changeCycle=0,myNode=b5092dbe...,timecost=0.263
info|2019-12-05 00:03:10.849618|[g:1][CONSENSUS][PBFT]checkAndChangeView: Reach consensus,org_view=519,org_changeCycle=0,cur_changeCycle=0,to_view=520
info|2019-12-05 00:03:11.851410|[g:1][CONSENSUS]addRawPrepare,height=29,reqIdx=0,hash=6a985bb3...
info|2019-12-05 00:03:11.851657|[g:1][CONSENSUS][PBFT]checkTimeout Succ,view=520,toView=521,nodeIdx=3,changeCycle=0,myNode=b5092dbe...,timecost=0.184
info|2019-12-05 00:03:11.853340|[g:1][CONSENSUS][PBFT]checkAndChangeView: Reach consensus,org_view=520,org_changeCycle=0,cur_changeCycle=0,to_view=521
info|2019-12-05 00:03:12.854261|[g:1][CONSENSUS]addRawPrepare,height=29,reqIdx=1,hash=94272fe7...
info|2019-12-05 00:03:12.854530|[g:1][CONSENSUS][PBFT]checkTimeout Succ,view=521,toView=522,nodeIdx=3,changeCycle=0,myNode=b5092dbe...,timecost=0.184
info|2019-12-05 00:03:12.856627|[g:1][CONSENSUS][PBFT]checkAndChangeView: Reach consensus,org_view=521,org_changeCycle=0,cur_changeCycle=0,to_view=522
info|2019-12-05 00:03:13.860102|[g:1][CONSENSUS]addRawPrepare,height=29,reqIdx=2,hash=96aa5d08...
info|2019-12-05 00:03:13.860346|[g:1][CONSENSUS][PBFT]checkTimeout Succ,view=522,toView=523,nodeIdx=3,changeCycle=0,myNode=b5092dbe...,timecost=0.18
info|2019-12-05 00:03:13.862951|[g:1][CONSENSUS][PBFT]checkAndChangeView: Reach consensus,org_view=522,org_changeCycle=0,cur_changeCycle=0,to_view=523
info|2019-12-05 00:03:14.863154|[g:1][CONSENSUS][SEALER]++++++++++++++++ Generating seal on,blkNum=29,tx=0,nodeIdx=3,hash=cc517f9e...
info|2019-12-05 00:03:14.863694|[g:1][CONSENSUS][PBFT]checkTimeout Succ,view=523,toView=524,nodeIdx=3,changeCycle=0,myNode=b5092dbe...,timecost=0.199
info|2019-12-05 00:03:14.866640|[g:1][CONSENSUS][PBFT]checkAndChangeView: Reach consensus,org_view=523,org_changeCycle=0,cur_changeCycle=0,to_view=524
info|2019-12-05 00:03:15.867952|[g:1][CONSENSUS]addRawPrepare,height=29,reqIdx=0,hash=08af20d9...
info|2019-12-05 00:03:15.868304|[g:1][CONSENSUS][PBFT]checkTimeout Succ,view=524,toView=525,nodeIdx=3,changeCycle=0,myNode=b5092dbe...,timecost=0.289
info|2019-12-05 00:03:15.871492|[g:1][CONSENSUS][PBFT]checkAndChangeView: Reach consensus,org_view=524,org_changeCycle=0,cur_changeCycle=0,to_view=525
info|2019-12-05 00:03:16.871545|[g:1][CONSENSUS]addRawPrepare,height=29,reqIdx=1,hash=2c30ad2f...
info|2019-12-05 00:03:16.871828|[g:1][CONSENSUS][PBFT]checkTimeout Succ,view=525,toView=526,nodeIdx=3,changeCycle=0,myNode=b5092dbe...,timecost=0.197
info|2019-12-05 00:03:16.873890|[g:1][CONSENSUS][PBFT]checkAndChangeView: Reach consensus,org_view=525,org_changeCycle=0,cur_changeCycle=0,to_view=526
info|2019-12-05 00:03:17.012702|[P2P][Service] heartBeat,connected count=3
info|2019-12-05 00:03:17.878382|[g:1][CONSENSUS]addRawPrepare,height=29,reqIdx=2,hash=e7e94bdd...
info|2019-12-05 00:03:17.878612|[g:1][CONSENSUS][PBFT]checkTimeout Succ,view=526,toView=527,nodeIdx=3,changeCycle=0,myNode=b5092dbe...,timecost=0.174
info|2019-12-05 00:03:17.880140|[g:1][CONSENSUS][PBFT]checkAndChangeView: Reach consensus,org_view=526,org_changeCycle=0,cur_changeCycle=0,to_view=527
info|2019-12-05 00:03:18.881679|[g:1][CONSENSUS][SEALER]++++++++++++++++ Generating seal on,blkNum=29,tx=0,nodeIdx=3,hash=569c44bd...
info|2019-12-05 00:03:18.882323|[g:1][CONSENSUS][PBFT]checkTimeout Succ,view=527,toView=528,nodeIdx=3,changeCycle=0,myNode=b5092dbe...,timecost=0.295
info|2019-12-05 00:03:18.884735|[g:1][CONSENSUS][PBFT]checkAndChangeView: Reach consensus,org_view=527,org_changeCycle=0,cur_changeCycle=0,to_view=528
info|2019-12-05 00:03:19.886247|[g:1][CONSENSUS]addRawPrepare,height=29,reqIdx=0,hash=a29e43f2...
info|2019-12-05 00:03:19.886562|[g:1][CONSENSUS][PBFT]checkTimeout Succ,view=528,toView=529,nodeIdx=3,changeCycle=0,myNode=b5092dbe...,timecost=0.238
info|2019-12-05 00:03:19.890687|[g:1][CONSENSUS][PBFT]checkAndChangeView: Reach consensus,org_view=528,org_changeCycle=0,cur_changeCycle=0,to_view=529
info|2019-12-05 00:03:20.891454|[g:1][CONSENSUS]addRawPrepare,height=29,reqIdx=1,hash=93cdcc72...
info|2019-12-05 00:03:20.891698|[g:1][CONSENSUS][PBFT]checkTimeout Succ,view=529,toView=530,nodeIdx=3,changeCycle=0,myNode=b5092dbe...,timecost=0.178
info|2019-12-05 00:03:20.894392|[g:1][CONSENSUS][PBFT]checkAndChangeView: Reach consensus,org_view=529,org_changeCycle=0,cur_changeCycle=0,to_view=530
info|2019-12-05 00:03:21.896515|[g:1][CONSENSUS]addRawPrepare,height=29,reqIdx=2,hash=b61d4432...
info|2019-12-05 00:03:21.896758|[g:1][CONSENSUS][PBFT]checkTimeout Succ,view=530,toView=531,nodeIdx=3,changeCycle=0,myNode=b5092dbe...,timecost=0.176
info|2019-12-05 00:03:21.897893|[g:1][CONSENSUS][PBFT]checkAndChangeView: Reach consensus,org_view=530,org_changeCycle=0,cur_changeCycle=0,to_view=531
info|2019-12-05 00:03:22.898434|[g:1][CONSENSUS][SEALER]++++++++++++++++ Generating seal on,blkNum=29,tx=0,nodeIdx=3,hash=74a83434...
info|2019-12-05 00:03:22.902615|[g:1][CONSENSUS][PBFT]checkTimeout Succ,view=531,toView=532,nodeIdx=3,changeCycle=0,myNode=b5092dbe...,timecost=0.203
info|2019-12-05 00:03:22.903168|[g:1][CONSENSUS][PBFT]checkAndChangeView: Reach consensus,org_view=531,org_changeCycle=0,cur_changeCycle=0,to_view=532
info|2019-12-05 00:03:23.904518|[g:1][CONSENSUS]addRawPrepare,height=29,reqIdx=0,hash=d9e36162...
info|2019-12-05 00:03:23.904774|[g:1][CONSENSUS][PBFT]checkTimeout Succ,view=532,toView=533,nodeIdx=3,changeCycle=0,myNode=b5092dbe...,timecost=0.179
info|2019-12-05 00:03:23.907548|[g:1][CONSENSUS][PBFT]checkAndChangeView: Reach consensus,org_view=532,org_changeCycle=0,cur_changeCycle=0,to_view=533
info|2019-12-05 00:03:24.908116|[g:1][CONSENSUS]addRawPrepare,height=29,reqIdx=1,hash=942a4d93...
info|2019-12-05 00:03:24.908437|[g:1][CONSENSUS][PBFT]checkTimeout Succ,view=533,toView=534,nodeIdx=3,changeCycle=0,myNode=b5092dbe...,timecost=0.212
info|2019-12-05 00:03:24.911223|[g:1][CONSENSUS][PBFT]checkAndChangeView: Reach consensus,org_view=533,org_changeCycle=0,cur_changeCycle=0,to_view=534
                                                                                                                                                                                                                                                                                                                                                                                                                                                                                                                                                                                                                                                                                                                                                                                                                                                                                                                                                                                                                                                                                                                                                                                                                                                                                                                                                                                                                                                                                                                                                                                                                                                                                                                                                                         