info|2019-12-05 00:00:00.779646|[g:1][CONSENSUS]addRawPrepare,height=29,reqIdx=3,hash=6aab21a6...
info|2019-12-05 00:00:00.783385|[g:1][CONSENSUS][PBFT]checkTimeout Succ,view=331,toView=332,nodeIdx=1,changeCycle=0,myNode=7683f020...,timecost=0.431
info|2019-12-05 00:00:00.786509|[g:1][CONSENSUS][PBFT]checkAndChangeView: Reach consensus,org_view=331,org_changeCycle=0,cur_changeCycle=0,to_view=332
info|2019-12-05 00:00:01.796194|[g:1][CONSENSUS]addRawPrepare,height=29,reqIdx=0,hash=91e9a601...
info|2019-12-05 00:00:01.797341|[g:1][CONSENSUS][PBFT]checkTimeout Succ,view=332,toView=333,nodeIdx=1,changeCycle=0,myNode=7683f020...,timecost=0.728
info|2019-12-05 00:00:01.809393|[g:1][CONSENSUS][PBFT]checkAndChangeView: Reach consensus,org_view=332,org_changeCycle=0,cur_changeCycle=0,to_view=333
info|2019-12-05 00:00:02.810524|[g:1][CONSENSUS][SEALER]++++++++++++++++ Generating seal on,blkNum=29,tx=0,nodeIdx=1,hash=0b4249e0...
info|2019-12-05 00:00:02.814052|[g:1][CONSENSUS][PBFT]checkTimeout Succ,view=333,toView=334,nodeIdx=1,changeCycle=0,myNode=7683f020...,timecost=2.646
info|2019-12-05 00:00:02.817086|[g:1][CONSENSUS][PBFT]checkAndChangeView: Reach consensus,org_view=333,org_changeCycle=0,cur_changeCycle=0,to_view=334
info|2019-12-05 00:00:03.828591|[g:1][CONSENSUS]addRawPrepare,height=29,reqIdx=2,hash=79e97446...
info|2019-12-05 00:00:03.829393|[g:1][CONSENSUS][PBFT]checkTimeout Succ,view=334,toView=335,nodeIdx=1,changeCycle=0,myNode=7683f020...,timecost=0.575
info|2019-12-05 00:00:03.834273|[g:1][CONSENSUS][PBFT]checkAndChangeView: Reach consensus,org_view=334,org_changeCycle=0,cur_changeCycle=0,to_view=335
info|2019-12-05 00:00:04.841560|[g:1][CONSENSUS]addRawPrepare,height=29,reqIdx=3,hash=b2f91b19...
info|2019-12-05 00:00:04.842157|[g:1][CONSENSUS][PBFT]checkTimeout Succ,view=335,toView=336,nodeIdx=1,changeCycle=0,myNode=7683f020...,timecost=0.444
info|2019-12-05 00:00:04.858953|[g:1][CONSENSUS][PBFT]checkAndChangeView: Reach consensus,org_view=335,org_changeCycle=0,cur_changeCycle=0,to_view=336
info|2019-12-05 00:00:05.862086|[g:1][CONSENSUS]addRawPrepare,height=29,reqIdx=0,hash=a30daf64...
info|2019-12-05 00:00:05.865779|[g:1][CONSENSUS][PBFT]checkTimeout Succ,view=336,toView=337,nodeIdx=1,changeCycle=0,myNode=7683f020...,timecost=3.455
info|2019-12-05 00:00:05.873043|[g:1][CONSENSUS][PBFT]checkAndChangeView: Reach consensus,org_view=336,org_changeCycle=0,cur_changeCycle=0,to_view=337
info|2019-12-05 00:00:06.874065|[g:1][CONSENSUS][SEALER]++++++++++++++++ Generating seal on,blkNum=29,tx=0,nodeIdx=1,hash=9a9a16e2...
info|2019-12-05 00:00:06.885226|[g:1][CONSENSUS][PBFT]checkTimeout Succ,view=337,toView=338,nodeIdx=1,changeCycle=0,myNode=7683f020...,timecost=0.209
info|2019-12-05 00:00:06.886126|[g:1][CONSENSUS][PBFT]checkAndChangeView: Reach consensus,org_view=337,org_changeCycle=0,cur_changeCycle=0,to_view=338
info|2019-12-05 00:00:07.069915|[P2P][Service] heartBeat,connected count=3
info|2019-12-05 00:00:07.886420|[g:1][CONSENSUS]addRawPrepare,height=29,reqIdx=2,hash=ca527ad1...
info|2019-12-05 00:00:07.886850|[g:1][CONSENSUS][PBFT]checkTimeout Succ,view=338,toView=339,nodeIdx=1,changeCycle=0,myNode=7683f020...,timecost=0.3
info|2019-12-05 00:00:07.892678|[g:1][CONSENSUS][PBFT]checkAndChangeView: Reach consensus,org_view=338,org_changeCycle=0,cur_changeCycle=0,to_view=339
info|2019-12-05 00:00:08.892447|[g:1][CONSENSUS]addRawPrepare,height=29,reqIdx=3,hash=9a9d86c5...
info|2019-12-05 00:00:08.893082|[g:1][CONSENSUS][PBFT]checkTimeout Succ,view=339,toView=340,nodeIdx=1,changeCycle=0,myNode=7683f020...,timecost=0.461
info|2019-12-05 00:00:08.900884|[g:1][CONSENSUS][PBFT]checkAndChangeView: Reach consensus,org_view=339,org_changeCycle=0,cur_changeCycle=0,to_view=340
info|2019-12-05 00:00:09.903134|[g:1][CONSENSUS]addRawPrepare,height=29,reqIdx=0,hash=3c33d18d...
info|2019-12-05 00:00:09.903757|[g:1][CONSENSUS][PBFT]checkTimeout Succ,view=340,toView=341,nodeIdx=1,changeCycle=0,myNode=7683f020...,timecost=0.484
info|2019-12-05 00:00:09.909421|[g:1][CONSENSUS][PBFT]checkAndChangeView: Reach consensus,org_view=340,org_changeCycle=0,cur_changeCycle=0,to_view=341
info|2019-12-05 00:00:10.910384|[g:1][CONSENSUS][SEALER]++++++++++++++++ Generating seal on,blkNum=29,tx=0,nodeIdx=1,hash=6383f49e...
info|2019-12-05 00:00:10.911943|[g:1][CONSENSUS][PBFT]checkTimeout Succ,view=341,toView=342,nodeIdx=1,changeCycle=0,myNode=7683f020...,timecost=0.632
info|2019-12-05 00:00:10.922820|[g:1][CONSENSUS][PBFT]checkAndChangeView: Reach consensus,org_view=341,org_changeCycle=0,cur_changeCycle=0,to_view=342
info|2019-12-05 00:00:11.935730|[g:1][CONSENSUS]addRawPrepare,height=29,reqIdx=2,hash=674117ea...
info|2019-12-05 00:00:11.936762|[g:1][CONSENSUS][PBFT]checkTimeout Succ,view=342,toView=343,nodeIdx=1,changeCycle=0,myNode=7683f020...,timecost=0.776
info|2019-12-05 00:00:11.944095|[g:1][CONSENSUS][PBFT]checkAndChangeView: Reach consensus,org_view=342,org_changeCycle=0,cur_changeCycle=0,to_view=343
info|2019-12-05 00:00:12.949551|[g:1][CONSENSUS]addRawPrepare,height=29,reqIdx=3,hash=a8ca6cb7...
info|2019-12-05 00:00:12.950168|[g:1][CONSENSUS][PBFT]checkTimeout Succ,view=343,toView=344,nodeIdx=1,changeCycle=0,myNode=7683f020...,timecost=0.47
info|2019-12-05 00:00:12.959744|[g:1][CONSENSUS][PBFT]checkAndChangeView: Reach consensus,org_view=343,org_changeCycle=0,cur_changeCycle=0,to_view=344
info|2019-12-05 00:00:13.963741|[g:1][CONSENSUS]addRawPrepare,height=29,reqIdx=0,hash=05d5b7e2...
info|2019-12-05 00:00:13.964019|[g:1][CONSENSUS][PBFT]checkTimeout Succ,view=344,toView=345,nodeIdx=1,changeCycle=0,myNode=7683f020...,timecost=0.195
info|2019-12-05 00:00:13.965586|[g:1][CONSENSUS][PBFT]checkAndChangeView: Reach consensus,org_view=344,org_changeCycle=0,cur_changeCycle=0,to_view=345
info|2019-12-05 00:00:14.965871|[g:1][CONSENSUS][SEALER]++++++++++++++++ Generating seal on,blkNum=29,tx=0,nodeIdx=1,hash=63ede89c...
info|2019-12-05 00:00:14.968234|[g:1][CONSENSUS][PBFT]checkTimeout Succ,view=345,toView=346,nodeIdx=1,changeCycle=0,myNode=7683f020...,timecost=1.266
info|2019-12-05 00:00:14.981215|[g:1][CONSENSUS][PBFT]checkAndChangeView: Reach consensus,org_view=345,org_changeCycle=0,cur_changeCycle=0,to_view=346
info|2019-12-05 00:00:15.984843|[g:1][CONSENSUS]addRawPrepare,height=29,reqIdx=2,hash=eb609997...
info|2019-12-05 00:00:15.985095|[g:1][CONSENSUS][PBFT]checkTimeout Succ,view=346,toView=347,nodeIdx=1,changeCycle=0,myNode=7683f020...,timecost=0.186
info|2019-12-05 00:00:15.986104|[g:1][CONSENSUS][PBFT]checkAndChangeView: Reach consensus,org_view=346,org_changeCycle=0,cur_changeCycle=0,to_view=347
info|2019-12-05 00:00:16.997089|[g:1][CONSENSUS]addRawPrepare,height=29,reqIdx=3,hash=d8d5d2e9...
info|2019-12-05 00:00:16.997651|[g:1][CONSENSUS][PBFT]checkTimeout Succ,view=347,toView=348,nodeIdx=1,changeCycle=0,myNode=7683f020...,timecost=0.42
info|2019-12-05 00:00:17.000971|[g:1][CONSENSUS][PBFT]checkAndChangeView: Reach consensus,org_view=347,org_changeCycle=0,cur_changeCycle=0,to_view=348
info|2019-12-05 00:00:17.070378|[P2P][Service] heartBeat,connected count=3
info|2019-12-05 00:00:18.007492|[g:1][CONSENSUS]addRawPrepare,height=29,reqIdx=0,hash=f57d0dae...
info|2019-12-05 00:00:18.008079|[g:1][CONSENSUS][PBFT]checkTimeout Succ,view=348,toView=349,nodeIdx=1,changeCycle=0,myNode=7683f020...,timecost=0.381
info|2019-12-05 00:00:18.015963|[g:1][CONSENSUS][PBFT]checkAndChangeView: Reach consensus,org_view=348,org_changeCycle=0,cur_changeCycle=0,to_view=349
info|2019-12-05 00:00:19.019574|[g:1][CONSENSUS][SEALER]++++++++++++++++ Generating seal on,blkNum=29,tx=0,nodeIdx=1,hash=4fbab550...
info|2019-12-05 00:00:19.028743|[g:1][CONSENSUS][PBFT]checkTimeout Succ,view=349,toView=350,nodeIdx=1,changeCycle=0,myNode=7683f020...,timecost=0.741
info|2019-12-05 00:00:19.032678|[g:1][CONSENSUS][PBFT]checkAndChangeView: Reach consensus,org_view=349,org_changeCycle=0,cur_changeCycle=0,to_view=350
info|2019-12-05 00:00:20.043013|[g:1][CONSENSUS]addRawPrepare,height=29,reqIdx=2,hash=74714fb3...
info|2019-12-05 00:00:20.043660|[g:1][CONSENSUS][PBFT]checkTimeout Succ,view=350,toView=351,nodeIdx=1,changeCycle=0,myNode=7683f020...,timecost=0.491
info|2019-12-05 00:00:20.049600|[g:1][CONSENSUS][PBFT]checkAndChangeView: Reach consensus,org_view=350,org_changeCycle=0,cur_changeCycle=0,to_view=351
info|2019-12-05 00:00:21.054914|[g:1][CONSENSUS]addRawPrepare,height=29,reqIdx=3,hash=e79e3a00...
info|2019-12-05 00:00:21.056105|[g:1][CONSENSUS][PBFT]checkTimeout Succ,view=351,toView=352,nodeIdx=1,changeCycle=0,myNode=7683f020...,timecost=0.798
info|2019-12-05 00:00:21.062571|[g:1][CONSENSUS][PBFT]checkAndChangeView: Reach consensus,org_view=351,org_changeCycle=0,cur_changeCycle=0,to_view=352
info|2019-12-05 00:00:22.064187|[g:1][CONSENSUS]addRawPrepare,height=29,reqIdx=0,hash=bec217ba...
info|2019-12-05 00:00:22.065151|[g:1][CONSENSUS][PBFT]checkTimeout Succ,view=352,toView=353,nodeIdx=1,changeCycle=0,myNode=7683f020...,timecost=0.712
info|2019-12-05 00:00:22.077138|[g:1][CONSENSUS][PBFT]checkAndChangeView: Reach consensus,org_view=352,org_changeCycle=0,cur_changeCycle=0,to_view=353
info|2019-12-05 00:00:23.078398|[g:1][CONSENSUS][SEALER]++++++++++++++++ Generating seal on,blkNum=29,tx=0,nodeIdx=1,hash=3b0ae4ab...
info|2019-12-05 00:00:23.080595|[g:1][CONSENSUS][PBFT]checkTimeout Succ,view=353,toView=354,nodeIdx=1,changeCycle=0,myNode=7683f020...,timecost=0.775
info|2019-12-05 00:00:23.098607|[g:1][CONSENSUS][PBFT]checkAndChangeView: Reach consensus,org_view=353,org_changeCycle=0,cur_changeCycle=0,to_view=354
info|2019-12-05 00:00:24.111221|[g:1][CONSENSUS]addRawPrepare,height=29,reqIdx=2,hash=97156a6a...
info|2019-12-05 00:00:24.119606|[g:1][CONSENSUS][PBFT]checkTimeout Succ,view=354,toView=355,nodeIdx=1,changeCycle=0,myNode=7683f020...,timecost=8.129
info|2019-12-05 00:00:24.125080|[g:1][CONSENSUS][PBFT]checkAndChangeView: Reach consensus,org_view=354,org_changeCycle=0,cur_changeCycle=0,to_view=355
info|2019-12-05 00:00:25.130265|[g:1][CONSENSUS]addRawPrepare,height=29,reqIdx=3,hash=c507dedf...
info|2019-12-05 00:00:25.135271|[g:1][CONSENSUS][PBFT]checkTimeout Succ,view=355,toView=356,nodeIdx=1,changeCycle=0,myNode=7683f020...,timecost=4.772
info|2019-12-05 00:00:25.138280|[g:1][CONSENSUS][PBFT]checkAndChangeView: Reach consensus,org_view=355,org_changeCycle=0,cur_changeCycle=0,to_view=356
info|2019-12-05 00:00:26.144645|[g:1][CONSENSUS]addRawPrepare,height=29,reqIdx=0,hash=514b39f7...
info|2019-12-05 00:00:26.144965|[g:1][CONSENSUS][PBFT]checkTimeout Succ,view=356,toView=357,nodeIdx=1,changeCycle=0,myNode=7683f020...,timecost=0.192
info|2019-12-05 00:00:26.147488|[g:1][CONSENSUS][PBFT]checkAndChangeView: Reach consensus,org_view=356,org_changeCycle=0,cur_changeCycle=0,to_view=357
info|2019-12-05 00:00:27.070538|[P2P][Service] heartBeat,connected count=3
info|2019-12-05 00:00:27.147435|[g:1][CONSENSUS][SEALER]++++++++++++++++ Generating seal on,blkNum=29,tx=0,nodeIdx=1,hash=082181a0...
info|2019-12-05 00:00:27.148703|[g:1][CONSENSUS][PBFT]checkTimeout Succ,view=357,toView=358,nodeIdx=1,changeCycle=0,myNode=7683f020...,timecost=0.466
info|2019-12-05 00:00:27.154361|[g:1][CONSENSUS][PBFT]checkAndChangeView: Reach consensus,org_view=357,org_changeCycle=0,cur_changeCycle=0,to_view=358
info|2019-12-05 00:00:28.156791|[g:1][CONSENSUS]addRawPrepare,height=29,reqIdx=2,hash=cc825ff1...
info|2019-12-05 00:00:28.162009|[g:1][CONSENSUS][PBFT]checkTimeout Succ,view=358,toView=359,nodeIdx=1,changeCycle=0,myNode=7683f020...,timecost=5.08
info|2019-12-05 00:00:28.163279|[g:1][CONSENSUS][PBFT]checkAndChangeView: Reach consensus,org_view=358,org_changeCycle=0,cur_changeCycle=0,to_view=359
info|2019-12-05 00:00:29.165789|[g:1][CONSENSUS]addRawPrepare,height=29,reqIdx=3,hash=4682cbfb...
info|2019-12-05 00:00:29.178564|[g:1][CONSENSUS][PBFT]checkTimeout Succ,view=359,toView=360,nodeIdx=1,changeCycle=0,myNode=7683f020...,timecost=0.644
info|2019-12-05 00:00:29.185314|[g:1][CONSENSUS][PBFT]checkAndChangeView: Reach consensus,org_view=359,org_changeCycle=0,cur_changeCycle=0,to_view=360
info|2019-12-05 00:00:30.183377|[g:1][CONSENSUS]addRawPrepare,height=29,reqIdx=0,hash=da1ad848...
info|2019-12-05 00:00:30.190158|[g:1][CONSENSUS][PBFT]checkTimeout Succ,view=360,toView=361,nodeIdx=1,changeCycle=0,myNode=7683f020...,timecost=6.561
info|2019-12-05 00:00:30.198513|[g:1][CONSENSUS][PBFT]checkAndChangeView: Reach consensus,org_view=360,org_changeCycle=0,cur_changeCycle=0,to_view=361
info|2019-12-05 00:00:31.199870|[g:1][CONSENSUS][SEALER]++++++++++++++++ Generating seal on,blkNum=29,tx=0,nodeIdx=1,hash=87c04e54...
info|2019-12-05 00:00:31.205734|[g:1][CONSENSUS][PBFT]checkTimeout Succ,view=361,toView=362,nodeIdx=1,changeCycle=0,myNode=7683f020...,timecost=0.615
info|2019-12-05 00:00:31.207306|[g:1][CONSENSUS][PBFT]checkAndChangeView: Reach consensus,org_view=361,org_changeCycle=0,cur_changeCycle=0,to_view=362
info|2019-12-05 00:00:32.215333|[g:1][CONSENSUS]addRawPrepare,height=29,reqIdx=2,hash=29d25dbb...
info|2019-12-05 00:00:32.215723|[g:1][CONSENSUS][PBFT]checkTimeout Succ,view=362,toView=363,nodeIdx=1,changeCycle=0,myNode=7683f020...,timecost=0.307
info|2019-12-05 00:00:32.219372|[g:1][CONSENSUS][PBFT]checkAndChangeView: Reach consensus,org_view=362,org_changeCycle=0,cur_changeCycle=0,to_view=363
info|2019-12-05 00:00:33.221731|[g:1][CONSENSUS]addRawPrepare,height=29,reqIdx=3,hash=8afd0e23...
info|2019-12-05 00:00:33.222289|[g:1][CONSENSUS][PBFT]checkTimeout Succ,view=363,toView=364,nodeIdx=1,changeCycle=0,myNode=7683f020...,timecost=0.421
info|2019-12-05 00:00:33.228608|[g:1][CONSENSUS][PBFT]checkAndChangeView: Reach consensus,org_view=363,org_changeCycle=0,cur_changeCycle=0,to_view=364
info|2019-12-05 00:00:34.233588|[g:1][CONSENSUS]addRawPrepare,height=29,reqIdx=0,hash=f716d653...
info|2019-12-05 00:00:34.234199|[g:1][CONSENSUS][PBFT]checkTimeout Succ,view=364,toView=365,nodeIdx=1,changeCycle=0,myNode=7683f020...,timecost=0.444
info|2019-12-05 00:00:34.236460|[g:1][CONSENSUS][PBFT]checkAndChangeView: Reach consensus,org_view=364,org_changeCycle=0,cur_changeCycle=0,to_view=365
info|2019-12-05 00:00:35.236903|[g:1][CONSENSUS][SEALER]++++++++++++++++ Generating seal on,blkNum=29,tx=0,nodeIdx=1,hash=0bdfbc7d...
info|2019-12-05 00:00:35.243788|[g:1][CONSENSUS][PBFT]checkTimeout Succ,view=365,toView=366,nodeIdx=1,changeCycle=0,myNode=7683f020...,timecost=1.321
info|2019-12-05 00:00:35.255995|[g:1][CONSENSUS][PBFT]checkAndChangeView: Reach consensus,org_view=365,org_changeCycle=0,cur_changeCycle=0,to_view=366
info|2019-12-05 00:00:36.248162|[g:1][CONSENSUS]addRawPrepare,height=29,reqIdx=2,hash=2d0e8d52...
info|2019-12-05 00:00:36.248524|[g:1][CONSENSUS][PBFT]checkTimeout Succ,view=366,toView=367,nodeIdx=1,changeCycle=0,myNode=7683f020...,timecost=0.271
info|2019-12-05 00:00:36.252784|[g:1][CONSENSUS][PBFT]checkAndChangeView: Reach consensus,org_view=366,org_changeCycle=0,cur_changeCycle=0,to_view=367
info|2019-12-05 00:00:37.070921|[P2P][Service] heartBeat,connected count=3
info|2019-12-05 00:00:37.254833|[g:1][CONSENSUS]addRawPrepare,height=29,reqIdx=3,hash=63316f56...
info|2019-12-05 00:00:37.255438|[g:1][CONSENSUS][PBFT]checkTimeout Succ,view=367,toView=368,nodeIdx=1,changeCycle=0,myNode=7683f020...,timecost=0.469
info|2019-12-05 00:00:37.261622|[g:1][CONSENSUS][PBFT]checkAndChangeView: Reach consensus,org_view=367,org_changeCycle=0,cur_changeCycle=0,to_view=368
info|2019-12-05 00:00:38.270642|[g:1][CONSENSUS]addRawPrepare,height=29,reqIdx=0,hash=e1b821ce...
info|2019-12-05 00:00:38.270920|[g:1][CONSENSUS][PBFT]checkTimeout Succ,view=368,toView=369,nodeIdx=1,changeCycle=0,myNode=7683f020...,timecost=0.196
info|2019-12-05 00:00:38.274504|[g:1][CONSENSUS][PBFT]checkAndChangeView: Reach consensus,org_view=368,org_changeCycle=0,cur_changeCycle=0,to_view=369
info|2019-12-05 00:00:39.274729|[g:1][CONSENSUS][SEALER]++++++++++++++++ Generating seal on,blkNum=29,tx=0,nodeIdx=1,hash=7419abdf...
info|2019-12-05 00:00:39.278003|[g:1][CONSENSUS][PBFT]checkTimeout Succ,view=369,toView=370,nodeIdx=1,changeCycle=0,myNode=7683f020...,timecost=0.559
info|2019-12-05 00:00:39.278669|[g:1][CONSENSUS][PBFT]checkAndChangeView: Reach consensus,org_view=369,org_changeCycle=0,cur_changeCycle=0,to_view=370
info|2019-12-05 00:00:40.291587|[g:1][CONSENSUS]addRawPrepare,height=29,reqIdx=2,hash=bf515970...
info|2019-12-05 00:00:40.292546|[g:1][CONSENSUS][PBFT]checkTimeout Succ,view=370,toView=371,nodeIdx=1,changeCycle=0,myNode=7683f020...,timecost=0.794
info|2019-12-05 00:00:40.298597|[g:1][CONSENSUS][PBFT]checkAndChangeView: Reach consensus,org_view=370,org_changeCycle=0,cur_changeCycle=0,to_view=371
info|2019-12-05 00:00:41.306527|[g:1][CONSENSUS]addRawPrepare,height=29,reqIdx=3,hash=2cd096e7...
info|2019-12-05 00:00:41.307428|[g:1][CONSENSUS][PBFT]checkTimeout Succ,view=371,toView=372,nodeIdx=1,changeCycle=0,myNode=7683f020...,timecost=0.686
info|2019-12-05 00:00:41.318434|[g:1][CONSENSUS][PBFT]checkAndChangeView: Reach consensus,org_view=371,org_changeCycle=0,cur_changeCycle=0,to_view=372
info|2019-12-05 00:00:42.318071|[g:1][CONSENSUS]addRawPrepare,height=29,reqIdx=0,hash=65ff18e0...
info|2019-12-05 00:00:42.319020|[g:1][CONSENSUS][PBFT]checkTimeout Succ,view=372,toView=373,nodeIdx=1,changeCycle=0,myNode=7683f020...,timecost=0.729
info|2019-12-05 00:00:42.328761|[g:1][CONSENSUS][PBFT]checkAndChangeView: Reach consensus,org_view=372,org_changeCycle=0,cur_changeCycle=0,to_view=373
info|2019-12-05 00:00:43.337016|[g:1][CONSENSUS][SEALER]++++++++++++++++ Generating seal on,blkNum=29,tx=0,nodeIdx=1,hash=229c1f91...
info|2019-12-05 00:00:43.351954|[g:1][CONSENSUS][PBFT]checkTimeout Succ,view=373,toView=374,nodeIdx=1,changeCycle=0,myNode=7683f020...,timecost=0.974
info|2019-12-05 00:00:43.357861|[g:1][CONSENSUS][PBFT]checkAndChangeView: Reach consensus,org_view=373,org_changeCycle=0,cur_changeCycle=0,to_view=374
info|2019-12-05 00:00:44.370509|[g:1][CONSENSUS]addRawPrepare,height=29,reqIdx=2,hash=04e8ed66...
info|2019-12-05 00:00:44.375594|[g:1][CONSENSUS][PBFT]checkTimeout Succ,view=374,toView=375,nodeIdx=1,changeCycle=0,myNode=7683f020...,timecost=0.663
info|2019-12-05 00:00:44.383506|[g:1][CONSENSUS][PBFT]checkAndChangeView: Reach consensus,org_view=374,org_changeCycle=0,cur_changeCycle=0,to_view=375
info|2019-12-05 00:00:45.387515|[g:1][CONSENSUS]addRawPrepare,height=29,reqIdx=3,hash=9a9ed7c8...
info|2019-12-05 00:00:45.387873|[g:1][CONSENSUS][PBFT]checkTimeout Succ,view=375,toView=376,nodeIdx=1,changeCycle=0,myNode=7683f020...,timecost=0.292
info|2019-12-05 00:00:45.388671|[g:1][CONSENSUS][PBFT]checkAndChangeView: Reach consensus,org_view=375,org_changeCycle=0,cur_changeCycle=0,to_view=376
info|2019-12-05 00:00:46.391476|[g:1][CONSENSUS]addRawPrepare,height=29,reqIdx=0,hash=9b95ca72...
info|2019-12-05 00:00:46.391720|[g:1][CONSENSUS][PBFT]checkTimeout Succ,view=376,toView=377,nodeIdx=1,changeCycle=0,myNode=7683f020...,timecost=0.175
info|2019-12-05 00:00:46.393716|[g:1][CONSENSUS][PBFT]checkAndChangeView: Reach consensus,org_view=376,org_changeCycle=0,cur_changeCycle=0,to_view=377
info|2019-12-05 00:00:47.071445|[P2P][Service] heartBeat,connected count=3
info|2019-12-05 00:00:47.393132|[g:1][CONSENSUS][SEALER]++++++++++++++++ Generating seal on,blkNum=29,tx=0,nodeIdx=1,hash=0d19ba21...
info|2019-12-05 00:00:47.393611|[g:1][CONSENSUS][PBFT]checkTimeout Succ,view=377,toView=378,nodeIdx=1,changeCycle=0,myNode=7683f020...,timecost=0.193
info|2019-12-05 00:00:47.398809|[g:1][CONSENSUS][PBFT]checkAndChangeView: Reach consensus,org_view=377,org_changeCycle=0,cur_changeCycle=0,to_view=378
info|2019-12-05 00:00:48.403361|[g:1][CONSENSUS]addRawPrepare,height=29,reqIdx=2,hash=e12d9830...
info|2019-12-05 00:00:48.403980|[g:1][CONSENSUS][PBFT]checkTimeout Succ,view=378,toView=379,nodeIdx=1,changeCycle=0,myNode=7683f020...,timecost=0.455
info|2019-12-05 00:00:48.404707|[g:1][CONSENSUS][PBFT]checkAndChangeView: Reach consensus,org_view=378,org_changeCycle=0,cur_changeCycle=0,to_view=379
info|2019-12-05 00:00:49.405131|[g:1][CONSENSUS]addRawPrepare,height=29,reqIdx=3,hash=f87ac558...
info|2019-12-05 00:00:49.407227|[g:1][CONSENSUS][PBFT]checkTimeout Succ,view=379,toView=380,nodeIdx=1,changeCycle=0,myNode=7683f020...,timecost=1.793
info|2019-12-05 00:00:49.435155|[g:1][CONSENSUS][PBFT]checkAndChangeView: Reach consensus,org_view=379,org_changeCycle=0,cur_changeCycle=0,to_view=380
info|2019-12-05 00:00:50.436424|[g:1][CONSENSUS]addRawPrepare,height=29,reqIdx=0,hash=fc37b6a0...
info|2019-12-05 00:00:50.436743|[g:1][CONSENSUS][PBFT]checkTimeout Succ,view=380,toView=381,nodeIdx=1,changeCycle=0,myNode=7683f020...,timecost=0.227
info|2019-12-05 00:00:50.440215|[g:1][CONSENSUS][PBFT]checkAndChangeView: Reach consensus,org_view=380,org_changeCycle=0,cur_changeCycle=0,to_view=381
info|2019-12-05 00:00:51.440785|[g:1][CONSENSUS][SEALER]++++++++++++++++ Generating seal on,blkNum=29,tx=0,nodeIdx=1,hash=ad57411f...
info|2019-12-05 00:00:51.446552|[g:1][CONSENSUS][PBFT]checkTimeout Succ,view=381,toView=382,nodeIdx=1,changeCycle=0,myNode=7683f020...,timecost=0.598
info|2019-12-05 00:00:51.449029|[g:1][CONSENSUS][PBFT]checkAndChangeView: Reach consensus,org_view=381,org_changeCycle=0,cur_changeCycle=0,to_view=382
info|2019-12-05 00:00:52.462620|[g:1][CONSENSUS]addRawPrepare,height=29,reqIdx=2,hash=14f9f636...
info|2019-12-05 00:00:52.463554|[g:1][CONSENSUS][PBFT]checkTimeout Succ,view=382,toView=383,nodeIdx=1,changeCycle=0,myNode=7683f020...,timecost=0.824
info|2019-12-05 00:00:52.476865|[g:1][CONSENSUS][PBFT]checkAndChangeView: Reach consensus,org_view=382,org_changeCycle=0,cur_changeCycle=0,to_view=383
info|2019-12-05 00:00:53.484317|[g:1][CONSENSUS]addRawPrepare,height=29,reqIdx=3,hash=cfcacf9b...
info|2019-12-05 00:00:53.487658|[g:1][CONSENSUS][PBFT]checkTimeout Succ,view=383,toView=384,nodeIdx=1,changeCycle=0,myNode=7683f020...,timecost=5.797
info|2019-12-05 00:00:53.500551|[g:1][CONSENSUS][PBFT]checkAndChangeView: Reach consensus,org_view=383,org_changeCycle=0,cur_changeCycle=0,to_view=384
info|2019-12-05 00:00:54.506843|[g:1][CONSENSUS]addRawPrepare,height=29,reqIdx=0,hash=443cb7d5...
info|2019-12-05 00:00:54.507435|[g:1][CONSENSUS][PBFT]checkTimeout Succ,view=384,toView=385,nodeIdx=1,changeCycle=0,myNode=7683f020...,timecost=0.336
info|2019-12-05 00:00:54.520415|[g:1][CONSENSUS][PBFT]checkAndChangeView: Reach consensus,org_view=384,org_changeCycle=0,cur_changeCycle=0,to_view=385
info|2019-12-05 00:00:55.520753|[g:1][CONSENSUS][SEALER]++++++++++++++++ Generating seal on,blkNum=29,tx=0,nodeIdx=1,hash=01fe0b86...
info|2019-12-05 00:00:55.527277|[g:1][CONSENSUS][PBFT]checkTimeout Succ,view=385,toView=386,nodeIdx=1,changeCycle=0,myNode=7683f020...,timecost=0.485
info|2019-12-05 00:00:55.528296|[g:1][CONSENSUS][PBFT]checkAndChangeView: Reach consensus,org_view=385,org_changeCycle=0,cur_changeCycle=0,to_view=386
info|2019-12-05 00:00:56.526942|[g:1][CONSENSUS]addRawPrepare,height=29,reqIdx=2,hash=dbb8790f...
info|2019-12-05 00:00:56.527204|[g:1][CONSENSUS][PBFT]checkTimeout Succ,view=386,toView=387,nodeIdx=1,changeCycle=0,myNode=7683f020...,timecost=0.18
info|2019-12-05 00:00:56.530905|[g:1][CONSENSUS][PBFT]checkAndChangeView: Reach consensus,org_view=386,org_changeCycle=0,cur_changeCycle=0,to_view=387
info|2019-12-05 00:00:57.071553|[P2P][Service] heartBeat,connected count=3
info|2019-12-05 00:00:57.531373|[g:1][CONSENSUS]addRawPrepare,height=29,reqIdx=3,hash=f94216b1...
info|2019-12-05 00:00:57.531797|[g:1][CONSENSUS][PBFT]checkTimeout Succ,view=387,toView=388,nodeIdx=1,changeCycle=0,myNode=7683f020...,timecost=0.266
info|2019-12-05 00:00:57.538179|[g:1][CONSENSUS][PBFT]checkAndChangeView: Reach consensus,org_view=387,org_changeCycle=0,cur_changeCycle=0,to_view=388
info|2019-12-05 00:00:58.539915|[g:1][CONSENSUS]addRawPrepare,height=29,reqIdx=0,hash=7d13e9c0...
info|2019-12-05 00:00:58.540921|[g:1][CONSENSUS][PBFT]checkTimeout Succ,view=388,toView=389,nodeIdx=1,changeCycle=0,myNode=7683f020...,timecost=0.668
info|2019-12-05 00:00:58.552156|[g:1][CONSENSUS][PBFT]checkAndChangeView: Reach consensus,org_view=388,org_changeCycle=0,cur_changeCycle=0,to_view=389
info|2019-12-05 00:00:59.552810|[g:1][CONSENSUS][SEALER]++++++++++++++++ Generating seal on,blkNum=29,tx=0,nodeIdx=1,hash=080df2c6...
info|2019-12-05 00:00:59.560756|[g:1][CONSENSUS][PBFT]checkTimeout Succ,view=389,toView=390,nodeIdx=1,changeCycle=0,myNode=7683f020...,timecost=0.58
info|2019-12-05 00:00:59.564649|[g:1][CONSENSUS][PBFT]checkAndChangeView: Reach consensus,org_view=389,org_changeCycle=0,cur_changeCycle=0,to_view=390
info|2019-12-05 00:01:00.560962|[g:1][CONSENSUS]addRawPrepare,height=29,reqIdx=2,hash=84493e36...
info|2019-12-05 00:01:00.571118|[g:1][CONSENSUS][PBFT]checkTimeout Succ,view=390,toView=391,nodeIdx=1,changeCycle=0,myNode=7683f020...,timecost=1.204
info|2019-12-05 00:01:00.573550|[g:1][CONSENSUS][PBFT]checkAndChangeView: Reach consensus,org_view=390,org_changeCycle=0,cur_changeCycle=0,to_view=391
info|2019-12-05 00:01:01.570671|[g:1][CONSENSUS]addRawPrepare,height=29,reqIdx=3,hash=13591ec0...
info|2019-12-05 00:01:01.570970|[g:1][CONSENSUS][PBFT]checkTimeout Succ,view=391,toView=392,nodeIdx=1,changeCycle=0,myNode=7683f020...,timecost=0.184
info|2019-12-05 00:01:01.572851|[g:1][CONSENSUS][PBFT]checkAndChangeView: Reach consensus,org_view=391,org_changeCycle=0,cur_changeCycle=0,to_view=392
info|2019-12-05 00:01:02.575892|[g:1][CONSENSUS]addRawPrepare,height=29,reqIdx=0,hash=c58a6a39...
info|2019-12-05 00:01:02.576148|[g:1][CONSENSUS][PBFT]checkTimeout Succ,view=392,toView=393,nodeIdx=1,changeCycle=0,myNode=7683f020...,timecost=0.185
info|2019-12-05 00:01:02.578683|[g:1][CONSENSUS][PBFT]checkAndChangeView: Reach consensus,org_view=392,org_changeCycle=0,cur_changeCycle=0,to_view=393
info|2019-12-05 00:01:03.578201|[g:1][CONSENSUS][SEALER]++++++++++++++++ Generating seal on,blkNum=29,tx=0,nodeIdx=1,hash=72b774b7...
info|2019-12-05 00:01:03.581191|[g:1][CONSENSUS][PBFT]checkTimeout Succ,view=393,toView=394,nodeIdx=1,changeCycle=0,myNode=7683f020...,timecost=0.182
info|2019-12-05 00:01:03.582647|[g:1][CONSENSUS][PBFT]checkAndChangeView: Reach consensus,org_view=393,org_changeCycle=0,cur_changeCycle=0,to_view=394
info|2019-12-05 00:01:04.585513|[g:1][CONSENSUS]addRawPrepare,height=29,reqIdx=2,hash=d53eb850...
info|2019-12-05 00:01:04.585864|[g:1][CONSENSUS][PBFT]checkTimeout Succ,view=394,toView=395,nodeIdx=1,changeCycle=0,myNode=7683f020...,timecost=0.274
info|2019-12-05 00:01:04.587075|[g:1][CONSENSUS][PBFT]checkAndChangeView: Reach consensus,org_view=394,org_changeCycle=0,cur_changeCycle=0,to_view=395
info|2019-12-05 00:01:05.589407|[g:1][CONSENSUS]addRawPrepare,height=29,reqIdx=3,hash=ae2012d6...
info|2019-12-05 00:01:05.589658|[g:1][CONSENSUS][PBFT]checkTimeout Succ,view=395,toView=396,nodeIdx=1,changeCycle=0,myNode=7683f020...,timecost=0.178
info|2019-12-05 00:01:05.594488|[g:1][CONSENSUS][PBFT]checkAndChangeView: Reach consensus,org_view=395,org_changeCycle=0,cur_changeCycle=0,to_view=396
info|2019-12-05 00:01:06.596447|[g:1][CONSENSUS]addRawPrepare,height=29,reqIdx=0,hash=82165f3b...
info|2019-12-05 00:01:06.597063|[g:1][CONSENSUS][PBFT]checkTimeout Succ,view=396,toView=397,nodeIdx=1,changeCycle=0,myNode=7683f020...,timecost=0.465
info|2019-12-05 00:01:06.605759|[g:1][CONSENSUS][PBFT]checkAndChangeView: Reach consensus,org_view=396,org_changeCycle=0,cur_changeCycle=0,to_view=397
info|2019-12-05 00:01:07.072229|[P2P][Service] heartBeat,connected count=3
info|2019-12-05 00:01:07.608732|[g:1][CONSENSUS][SEALER]++++++++++++++++ Generating seal on,blkNum=29,tx=0,nodeIdx=1,hash=d523088c...
info|2019-12-05 00:01:07.613264|[g:1][CONSENSUS][PBFT]checkTimeout Succ,view=397,toView=398,nodeIdx=1,changeCycle=0,myNode=7683f020...,timecost=0.44
info|2019-12-05 00:01:07.616738|[g:1][CONSENSUS][PBFT]checkAndChangeView: Reach consensus,org_view=397,org_changeCycle=0,cur_changeCycle=0,to_view=398
info|2019-12-05 00:01:08.621297|[g:1][CONSENSUS]addRawPrepare,height=29,reqIdx=2,hash=45f86f8a...
info|2019-12-05 00:01:08.621900|[g:1][CONSENSUS][PBFT]checkTimeout Succ,view=398,toView=399,nodeIdx=1,changeCycle=0,myNode=7683f020...,timecost=0.461
info|2019-12-05 00:01:08.626441|[g:1][CONSENSUS][PBFT]checkAndChangeView: Reach consensus,org_view=398,org_changeCycle=0,cur_changeCycle=0,to_view=399
info|2019-12-05 00:01:09.629185|[g:1][CONSENSUS]addRawPrepare,height=29,reqIdx=3,hash=a1d27452...
info|2019-12-05 00:01:09.629762|[g:1][CONSENSUS][PBFT]checkTimeout Succ,view=399,toView=400,nodeIdx=1,changeCycle=0,myNode=7683f020...,timecost=0.395
info|2019-12-05 00:01:09.638364|[g:1][CONSENSUS][PBFT]checkAndChangeView: Reach consensus,org_view=399,org_changeCycle=0,cur_changeCycle=0,to_view=400
info|2019-12-05 00:01:10.639986|[g:1][CONSENSUS]addRawPrepare,height=29,reqIdx=0,hash=66ae22e1...
info|2019-12-05 00:01:10.640483|[g:1][CONSENSUS][PBFT]checkTimeout Succ,view=400,toView=401,nodeIdx=1,changeCycle=0,myNode=7683f020...,timecost=0.194
info|2019-12-05 00:01:10.642126|[g:1][CONSENSUS][PBFT]checkAndChangeView: Reach consensus,org_view=400,org_changeCycle=0,cur_changeCycle=0,to_view=401
info|2019-12-05 00:01:11.643264|[g:1][CONSENSUS][SEALER]++++++++++++++++ Generating seal on,blkNum=29,tx=0,nodeIdx=1,hash=29961276...
info|2019-12-05 00:01:11.648458|[g:1][CONSENSUS][PBFT]checkTimeout Succ,view=401,toView=402,nodeIdx=1,changeCycle=0,myNode=7683f020...,timecost=0.261
info|2019-12-05 00:01:11.649473|[g:1][CONSENSUS][PBFT]checkAndChangeView: Reach consensus,org_view=401,org_changeCycle=0,cur_changeCycle=0,to_view=402
info|2019-12-05 00:01:12.649787|[g:1][CONSENSUS]addRawPrepare,height=29,reqIdx=2,hash=c5292c7b...
info|2019-12-05 00:01:12.650451|[g:1][CONSENSUS][PBFT]checkTimeout Succ,view=402,toView=403,nodeIdx=1,changeCycle=0,myNode=7683f020...,timecost=0.415
info|2019-12-05 00:01:12.658781|[g:1][CONSENSUS][PBFT]checkAndChangeView: Reach consensus,org_view=402,org_changeCycle=0,cur_changeCycle=0,to_view=403
info|2019-12-05 00:01:13.662628|[g:1][CONSENSUS]addRawPrepare,height=29,reqIdx=3,hash=e0c9d5f0...
info|2019-12-05 00:01:13.662930|[g:1][CONSENSUS][PBFT]checkTimeout Succ,view=403,toView=404,nodeIdx=1,changeCycle=0,myNode=7683f020...,timecost=0.249
info|2019-12-05 00:01:13.663868|[g:1][CONSENSUS][PBFT]checkAndChangeView: Reach consensus,org_view=403,org_changeCycle=0,cur_changeCycle=0,to_view=404
info|2019-12-05 00:01:14.665875|[g:1][CONSENSUS]addRawPrepare,height=29,reqIdx=0,hash=15c4011a...
info|2019-12-05 00:01:14.666505|[g:1][CONSENSUS][PBFT]checkTimeout Succ,view=404,toView=405,nodeIdx=1,changeCycle=0,myNode=7683f020...,timecost=0.422
info|2019-12-05 00:01:14.674377|[g:1][CONSENSUS][PBFT]checkAndChangeView: Reach consensus,org_view=404,org_changeCycle=0,cur_changeCycle=0,to_view=405
info|2019-12-05 00:01:15.674791|[g:1][CONSENSUS][SEALER]++++++++++++++++ Generating seal on,blkNum=29,tx=0,nodeIdx=1,hash=f68793fc...
info|2019-12-05 00:01:15.676269|[g:1][CONSENSUS][PBFT]checkTimeout Succ,view=405,toView=406,nodeIdx=1,changeCycle=0,myNode=7683f020...,timecost=0.2
info|2019-12-05 00:01:15.677605|[g:1][CONSENSUS][PBFT]checkAndChangeView: Reach consensus,org_view=405,org_changeCycle=0,cur_changeCycle=0,to_view=406
info|2019-12-05 00:01:16.689682|[g:1][CONSENSUS]addRawPrepare,height=29,reqIdx=2,hash=48b45d66...
info|2019-12-05 00:01:16.690230|[g:1][CONSENSUS][PBFT]checkTimeout Succ,view=406,toView=407,nodeIdx=1,changeCycle=0,myNode=7683f020...,timecost=0.421
info|2019-12-05 00:01:16.691485|[g:1][CONSENSUS][PBFT]checkAndChangeView: Reach consensus,org_view=406,org_changeCycle=0,cur_changeCycle=0,to_view=407
info|2019-12-05 00:01:17.072587|[P2P][Service] heartBeat,connected count=3
info|2019-12-05 00:01:17.695546|[g:1][CONSENSUS]addRawPrepare,height=29,reqIdx=3,hash=c1f9d8a7...
info|2019-12-05 00:01:17.695904|[g:1][CONSENSUS][PBFT]checkTimeout Succ,view=407,toView=408,nodeIdx=1,changeCycle=0,myNode=7683f020...,timecost=0.263
info|2019-12-05 00:01:17.698798|[g:1][CONSENSUS][PBFT]checkAndChangeView: Reach consensus,org_view=407,org_changeCycle=0,cur_changeCycle=0,to_view=408
info|2019-12-05 00:01:18.701451|[g:1][CONSENSUS]addRawPrepare,height=29,reqIdx=0,hash=5bbbaf23...
info|2019-12-05 00:01:18.701708|[g:1][CONSENSUS][PBFT]checkTimeout Succ,view=408,toView=409,nodeIdx=1,changeCycle=0,myNode=7683f020...,timecost=0.184
info|2019-12-05 00:01:18.703936|[g:1][CONSENSUS][PBFT]checkAndChangeView: Reach consensus,org_view=408,org_changeCycle=0,cur_changeCycle=0,to_view=409
info|2019-12-05 00:01:19.703912|[g:1][CONSENSUS][SEALER]++++++++++++++++ Generating seal on,blkNum=29,tx=0,nodeIdx=1,hash=33de584d...
info|2019-12-05 00:01:19.707180|[g:1][CONSENSUS][PBFT]checkTimeout Succ,view=409,toView=410,nodeIdx=1,changeCycle=0,myNode=7683f020...,timecost=0.273
info|2019-12-05 00:01:19.709291|[g:1][CONSENSUS][PBFT]checkAndChangeView: Reach consensus,org_view=409,org_changeCycle=0,cur_changeCycle=0,to_view=410
info|2019-12-05 00:01:20.710247|[g:1][CONSENSUS]addRawPrepare,height=29,reqIdx=2,hash=1630c995...
info|2019-12-05 00:01:20.710490|[g:1][CONSENSUS][PBFT]checkTimeout Succ,view=410,toView=411,nodeIdx=1,changeCycle=0,myNode=7683f020...,timecost=0.178
info|2019-12-05 00:01:20.711583|[g:1][CONSENSUS][PBFT]checkAndChangeView: Reach consensus,org_view=410,org_changeCycle=0,cur_changeCycle=0,to_view=411
info|2019-12-05 00:01:21.713948|[g:1][CONSENSUS]addRawPrepare,height=29,reqIdx=3,hash=f9a578a1...
info|2019-12-05 00:01:21.714198|[g:1][CONSENSUS][PBFT]checkTimeout Succ,view=411,toView=412,nodeIdx=1,changeCycle=0,myNode=7683f020...,timecost=0.182
info|2019-12-05 00:01:21.716421|[g:1][CONSENSUS][PBFT]checkAndChangeView: Reach consensus,org_view=411,org_changeCycle=0,cur_changeCycle=0,to_view=412
info|2019-12-05 00:01:22.717517|[g:1][CONSENSUS]addRawPrepare,height=29,reqIdx=0,hash=e40830ab...
info|2019-12-05 00:01:22.717838|[g:1][CONSENSUS][PBFT]checkTimeout Succ,view=412,toView=413,nodeIdx=1,changeCycle=0,myNode=7683f020...,timecost=0.188
info|2019-12-05 00:01:22.721505|[g:1][CONSENSUS][PBFT]checkAndChangeView: Reach consensus,org_view=412,org_changeCycle=0,cur_changeCycle=0,to_view=413
info|2019-12-05 00:01:23.721987|[g:1][CONSENSUS][SEALER]++++++++++++++++ Generating seal on,blkNum=29,tx=0,nodeIdx=1,hash=3ab81fd8...
info|2019-12-05 00:01:23.724080|[g:1][CONSENSUS][PBFT]checkTimeout Succ,view=413,toView=414,nodeIdx=1,changeCycle=0,myNode=7683f020...,timecost=0.2
info|2019-12-05 00:01:23.725344|[g:1][CONSENSUS][PBFT]checkAndChangeView: Reach consensus,org_view=413,org_changeCycle=0,cur_changeCycle=0,to_view=414
info|2019-12-05 00:01:24.727433|[g:1][CONSENSUS]addRawPrepare,height=29,reqIdx=2,hash=2219da14...
info|2019-12-05 00:01:24.727695|[g:1][CONSENSUS][PBFT]checkTimeout Succ,view=414,toView=415,nodeIdx=1,changeCycle=0,myNode=7683f020...,timecost=0.195
info|2019-12-05 00:01:24.729029|[g:1][CONSENSUS][PBFT]checkAndChangeView: Reach consensus,org_view=414,org_changeCycle=0,cur_changeCycle=0,to_view=415
info|2019-12-05 00:01:25.730985|[g:1][CONSENSUS]addRawPrepare,height=29,reqIdx=3,hash=74de4239...
info|2019-12-05 00:01:25.731229|[g:1][CONSENSUS][PBFT]checkTimeout Succ,view=415,toView=416,nodeIdx=1,changeCycle=0,myNode=7683f020...,timecost=0.179
info|2019-12-05 00:01:25.732371|[g:1][CONSENSUS][PBFT]checkAndChangeView: Reach consensus,org_view=415,org_changeCycle=0,cur_changeCycle=0,to_view=416
info|2019-12-05 00:01:26.763366|[g:1][CONSENSUS]addRawPrepare,height=29,reqIdx=0,hash=52401008...
info|2019-12-05 00:01:26.763673|[g:1][CONSENSUS][PBFT]checkTimeout Succ,view=416,toView=417,nodeIdx=1,changeCycle=0,myNode=7683f020...,timecost=0.199
info|2019-12-05 00:01:26.765435|[g:1][CONSENSUS][PBFT]checkAndChangeView: Reach consensus,org_view=416,org_changeCycle=0,cur_changeCycle=0,to_view=417
info|2019-12-05 00:01:27.073155|[P2P][Service] heartBeat,connected count=3
info|2019-12-05 00:01:27.766209|[g:1][CONSENSUS][SEALER]++++++++++++++++ Generating seal on,blkNum=29,tx=0,nodeIdx=1,hash=d5c3629a...
info|2019-12-05 00:01:27.770335|[g:1][CONSENSUS][PBFT]checkTimeout Succ,view=417,toView=418,nodeIdx=1,changeCycle=0,myNode=7683f020...,timecost=0.186
info|2019-12-05 00:01:27.770778|[g:1][CONSENSUS][PBFT]checkAndChangeView: Reach consensus,org_view=417,org_changeCycle=0,cur_changeCycle=0,to_view=418
info|2019-12-05 00:01:28.776438|[g:1][CONSENSUS]addRawPrepare,height=29,reqIdx=2,hash=86c73d6b...
info|2019-12-05 00:01:28.776711|[g:1][CONSENSUS][PBFT]checkTimeout Succ,view=418,toView=419,nodeIdx=1,changeCycle=0,myNode=7683f020...,timecost=0.2
info|2019-12-05 00:01:28.777347|[g:1][CONSENSUS][PBFT]checkAndChangeView: Reach consensus,org_view=418,org_changeCycle=0,cur_changeCycle=0,to_view=419
info|2019-12-05 00:01:29.789902|[g:1][CONSENSUS]addRawPrepare,height=29,reqIdx=3,hash=b94d3669...
info|2019-12-05 00:01:29.790239|[g:1][CONSENSUS][PBFT]checkTimeout Succ,view=419,toView=420,nodeIdx=1,changeCycle=0,myNode=7683f020...,timecost=0.207
info|2019-12-05 00:01:29.794482|[g:1][CONSENSUS][PBFT]checkAndChangeView: Reach consensus,org_view=419,org_changeCycle=0,cur_changeCycle=0,to_view=420
info|2019-12-05 00:01:30.795297|[g:1][CONSENSUS]addRawPrepare,height=29,reqIdx=0,hash=2620a507...
info|2019-12-05 00:01:30.795555|[g:1][CONSENSUS][PBFT]checkTimeout Succ,view=420,toView=421,nodeIdx=1,changeCycle=0,myNode=7683f020...,timecost=0.185
info|2019-12-05 00:01:30.800322|[g:1][CONSENSUS][PBFT]checkAndChangeView: Reach consensus,org_view=420,org_changeCycle=0,cur_changeCycle=0,to_view=421
info|2019-12-05 00:01:31.801581|[g:1][CONSENSUS][SEALER]++++++++++++++++ Generating seal on,blkNum=29,tx=0,nodeIdx=1,hash=e0dee207...
info|2019-12-05 00:01:31.802386|[g:1][CONSENSUS][PBFT]checkTimeout Succ,view=421,toView=422,nodeIdx=1,changeCycle=0,myNode=7683f020...,timecost=0.195
info|2019-12-05 00:01:31.806138|[g:1][CONSENSUS][PBFT]checkAndChangeView: Reach consensus,org_view=421,org_changeCycle=0,cur_changeCycle=0,to_view=422
info|2019-12-05 00:01:32.810050|[g:1][CONSENSUS]addRawPrepare,height=29,reqIdx=2,hash=01e62c23...
info|2019-12-05 00:01:32.810961|[g:1][CONSENSUS][PBFT]checkTimeout Succ,view=422,toView=423,nodeIdx=1,changeCycle=0,myNode=7683f020...,timecost=0.852
info|2019-12-05 00:01:32.811482|[g:1][CONSENSUS][PBFT]checkAndChangeView: Reach consensus,org_view=422,org_changeCycle=0,cur_changeCycle=0,to_view=423
info|2019-12-05 00:01:33.814252|[g:1][CONSENSUS]addRawPrepare,height=29,reqIdx=3,hash=ab8201e5...
info|2019-12-05 00:01:33.814505|[g:1][CONSENSUS][PBFT]checkTimeout Succ,view=423,toView=424,nodeIdx=1,changeCycle=0,myNode=7683f020...,timecost=0.184
info|2019-12-05 00:01:33.817021|[g:1][CONSENSUS][PBFT]checkAndChangeView: Reach consensus,org_view=423,org_changeCycle=0,cur_changeCycle=0,to_view=424
info|2019-12-05 00:01:34.818592|[g:1][CONSENSUS]addRawPrepare,height=29,reqIdx=0,hash=960f71bb...
info|2019-12-05 00:01:34.818922|[g:1][CONSENSUS][PBFT]checkTimeout Succ,view=424,toView=425,nodeIdx=1,changeCycle=0,myNode=7683f020...,timecost=0.244
info|2019-12-05 00:01:34.825685|[g:1][CONSENSUS][PBFT]checkAndChangeView: Reach consensus,org_view=424,org_changeCycle=0,cur_changeCycle=0,to_view=425
info|2019-12-05 00:01:35.825672|[g:1][CONSENSUS][SEALER]++++++++++++++++ Generating seal on,blkNum=29,tx=0,nodeIdx=1,hash=5285cb4a...
info|2019-12-05 00:01:35.828332|[g:1][CONSENSUS][PBFT]checkTimeout Succ,view=425,toView=426,nodeIdx=1,changeCycle=0,myNode=7683f020...,timecost=0.347
info|2019-12-05 00:01:35.828614|[g:1][CONSENSUS][PBFT]checkAndChangeView: Reach consensus,org_view=425,org_changeCycle=0,cur_changeCycle=0,to_view=426
info|2019-12-05 00:01:36.833074|[g:1][CONSENSUS]addRawPrepare,height=29,reqIdx=2,hash=67ac7a6f...
info|2019-12-05 00:01:36.833307|[g:1][CONSENSUS][PBFT]checkTimeout Succ,view=426,toView=427,nodeIdx=1,changeCycle=0,myNode=7683f020...,timecost=0.173
info|2019-12-05 00:01:36.838053|[g:1][CONSENSUS][PBFT]checkAndChangeView: Reach consensus,org_view=426,org_changeCycle=0,cur_changeCycle=0,to_view=427
info|2019-12-05 00:01:37.073548|[P2P][Service] heartBeat,connected count=3
info|2019-12-05 00:01:37.838280|[g:1][CONSENSUS]addRawPrepare,height=29,reqIdx=3,hash=d79041da...
info|2019-12-05 00:01:37.838527|[g:1][CONSENSUS][PBFT]checkTimeout Succ,view=427,toView=428,nodeIdx=1,changeCycle=0,myNode=7683f020...,timecost=0.178
info|2019-12-05 00:01:37.841073|[g:1][CONSENSUS][PBFT]checkAndChangeView: Reach consensus,org_view=427,org_changeCycle=0,cur_changeCycle=0,to_view=428
info|2019-12-05 00:01:38.840855|[g:1][CONSENSUS]addRawPrepare,height=29,reqIdx=0,hash=b89841de...
info|2019-12-05 00:01:38.841185|[g:1][CONSENSUS][PBFT]checkTimeout Succ,view=428,toView=429,nodeIdx=1,changeCycle=0,myNode=7683f020...,timecost=0.224
info|2019-12-05 00:01:38.843295|[g:1][CONSENSUS][PBFT]checkAndChangeView: Reach consensus,org_view=428,org_changeCycle=0,cur_changeCycle=0,to_view=429
info|2019-12-05 00:01:39.843158|[g:1][CONSENSUS][SEALER]++++++++++++++++ Generating seal on,blkNum=29,tx=0,nodeIdx=1,hash=9bae9b2c...
info|2019-12-05 00:01:39.844001|[g:1][CONSENSUS][PBFT]checkTimeout Succ,view=429,toView=430,nodeIdx=1,changeCycle=0,myNode=7683f020...,timecost=0.189
info|2019-12-05 00:01:39.846825|[g:1][CONSENSUS][PBFT]checkAndChangeView: Reach consensus,org_view=429,org_changeCycle=0,cur_changeCycle=0,to_view=430
info|2019-12-05 00:01:40.852571|[g:1][CONSENSUS]addRawPrepare,height=29,reqIdx=2,hash=f2e60717...
info|2019-12-05 00:01:40.853989|[g:1][CONSENSUS][PBFT]checkTimeout Succ,view=430,toView=431,nodeIdx=1,changeCycle=0,myNode=7683f020...,timecost=1.292
info|2019-12-05 00:01:40.855338|[g:1][CONSENSUS][PBFT]checkAndChangeView: Reach consensus,org_view=430,org_changeCycle=0,cur_changeCycle=0,to_view=431
info|2019-12-05 00:01:41.861188|[g:1][CONSENSUS]addRawPrepare,height=29,reqIdx=3,hash=8e85a839...
info|2019-12-05 00:01:41.861746|[g:1][CONSENSUS][PBFT]checkTimeout Succ,view=431,toView=432,nodeIdx=1,changeCycle=0,myNode=7683f020...,timecost=0.425
info|2019-12-05 00:01:41.864136|[g:1][CONSENSUS][PBFT]checkAndChangeView: Reach consensus,org_view=431,org_changeCycle=0,cur_changeCycle=0,to_view=432
info|2019-12-05 00:01:42.867585|[g:1][CONSENSUS]addRawPrepare,height=29,reqIdx=0,hash=43f1a57d...
info|2019-12-05 00:01:42.867958|[g:1][CONSENSUS][PBFT]checkTimeout Succ,view=432,toView=433,nodeIdx=1,changeCycle=0,myNode=7683f020...,timecost=0.268
info|2019-12-05 00:01:42.871286|[g:1][CONSENSUS][PBFT]checkAndChangeView: Reach consensus,org_view=432,org_changeCycle=0,cur_changeCycle=0,to_view=433
info|2019-12-05 00:01:43.872055|[g:1][CONSENSUS][SEALER]++++++++++++++++ Generating seal on,blkNum=29,tx=0,nodeIdx=1,hash=16417f69...
info|2019-12-05 00:01:43.875125|[g:1][CONSENSUS][PBFT]checkTimeout Succ,view=433,toView=434,nodeIdx=1,changeCycle=0,myNode=7683f020...,timecost=0.243
info|2019-12-05 00:01:43.875405|[g:1][CONSENSUS][PBFT]checkAndChangeView: Reach consensus,org_view=433,org_changeCycle=0,cur_changeCycle=0,to_view=434
info|2019-12-05 00:01:44.875234|[g:1][CONSENSUS]addRawPrepare,height=29,reqIdx=2,hash=31011e88...
info|2019-12-05 00:01:44.875483|[g:1][CONSENSUS][PBFT]checkTimeout Succ,view=434,toView=435,nodeIdx=1,changeCycle=0,myNode=7683f020...,timecost=0.181
info|2019-12-05 00:01:44.878651|[g:1][CONSENSUS][PBFT]checkAndChangeView: Reach consensus,org_view=434,org_changeCycle=0,cur_changeCycle=0,to_view=435
info|2019-12-05 00:01:45.881360|[g:1][CONSENSUS]addRawPrepare,height=29,reqIdx=3,hash=e0fabe2c...
info|2019-12-05 00:01:45.882186|[g:1][CONSENSUS][PBFT]checkTimeout Succ,view=435,toView=436,nodeIdx=1,changeCycle=0,myNode=7683f020...,timecost=0.642
info|2019-12-05 00:01:45.892093|[g:1][CONSENSUS][PBFT]checkAndChangeView: Reach consensus,org_view=435,org_changeCycle=0,cur_changeCycle=0,to_view=436
info|2019-12-05 00:01:46.893816|[g:1][CONSENSUS]addRawPrepare,height=29,reqIdx=0,hash=d8603eb6...
info|2019-12-05 00:01:46.894317|[g:1][CONSENSUS][PBFT]checkTimeout Succ,view=436,toView=437,nodeIdx=1,changeCycle=0,myNode=7683f020...,timecost=0.39
info|2019-12-05 00:01:46.897442|[g:1][CONSENSUS][PBFT]checkAndChangeView: Reach consensus,org_view=436,org_changeCycle=0,cur_changeCycle=0,to_view=437
info|2019-12-05 00:01:47.073994|[P2P][Service] heartBeat,connected count=3
info|2019-12-05 00:01:47.898341|[g:1][CONSENSUS][SEALER]++++++++++++++++ Generating seal on,blkNum=29,tx=0,nodeIdx=1,hash=85a38a03...
info|2019-12-05 00:01:47.899585|[g:1][CONSENSUS][PBFT]checkTimeout Succ,view=437,toView=438,nodeIdx=1,changeCycle=0,myNode=7683f020...,timecost=0.439
info|2019-12-05 00:01:47.915208|[g:1][CONSENSUS][PBFT]checkAndChangeView: Reach consensus,org_view=437,org_changeCycle=0,cur_changeCycle=0,to_view=438
info|2019-12-05 00:01:48.923463|[g:1][CONSENSUS]addRawPrepare,height=29,reqIdx=2,hash=81f6395d...
info|2019-12-05 00:01:48.924301|[g:1][CONSENSUS][PBFT]checkTimeout Succ,view=438,toView=439,nodeIdx=1,changeCycle=0,myNode=7683f020...,timecost=0.791
info|2019-12-05 00:01:48.933131|[g:1][CONSENSUS][PBFT]checkAndChangeView: Reach consensus,org_view=438,org_changeCycle=0,cur_changeCycle=0,to_view=439
info|2019-12-05 00:01:49.939505|[g:1][CONSENSUS]addRawPrepare,height=29,reqIdx=3,hash=8f06138b...
info|2019-12-05 00:01:49.940081|[g:1][CONSENSUS][PBFT]checkTimeout Succ,view=439,toView=440,nodeIdx=1,changeCycle=0,myNode=7683f020...,timecost=0.456
info|2019-12-05 00:01:49.944600|[g:1][CONSENSUS][PBFT]checkAndChangeView: Reach consensus,org_view=439,org_changeCycle=0,cur_changeCycle=0,to_view=440
info|2019-12-05 00:01:50.948054|[g:1][CONSENSUS]addRawPrepare,height=29,reqIdx=0,hash=55b088ad...
info|2019-12-05 00:01:50.948644|[g:1][CONSENSUS][PBFT]checkTimeout Succ,view=440,toView=441,nodeIdx=1,changeCycle=0,myNode=7683f020...,timecost=0.363
info|2019-12-05 00:01:50.955043|[g:1][CONSENSUS][PBFT]checkAndChangeView: Reach consensus,org_view=440,org_changeCycle=0,cur_changeCycle=0,to_view=441
info|2019-12-05 00:01:51.956791|[g:1][CONSENSUS][SEALER]++++++++++++++++ Generating seal on,blkNum=29,tx=0,nodeIdx=1,hash=d11d9b39...
info|2019-12-05 00:01:51.960823|[g:1][CONSENSUS][PBFT]checkTimeout Succ,view=441,toView=442,nodeIdx=1,changeCycle=0,myNode=7683f020...,timecost=0.438
info|2019-12-05 00:01:51.963925|[g:1][CONSENSUS][PBFT]checkAndChangeView: Reach consensus,org_view=441,org_changeCycle=0,cur_changeCycle=0,to_view=442
info|2019-12-05 00:01:52.969269|[g:1][CONSENSUS]addRawPrepare,height=29,reqIdx=2,hash=d7233093...
info|2019-12-05 00:01:52.969783|[g:1][CONSENSUS][PBFT]checkTimeout Succ,view=442,toView=443,nodeIdx=1,changeCycle=0,myNode=7683f020...,timecost=0.383
info|2019-12-05 00:01:52.974464|[g:1][CONSENSUS][PBFT]checkAndChangeView: Reach consensus,org_view=442,org_changeCycle=0,cur_changeCycle=0,to_view=443
info|2019-12-05 00:01:53.977675|[g:1][CONSENSUS]addRawPrepare,height=29,reqIdx=3,hash=fe1c83ea...
info|2019-12-05 00:01:53.978244|[g:1][CONSENSUS][PBFT]checkTimeout Succ,view=443,toView=444,nodeIdx=1,changeCycle=0,myNode=7683f020...,timecost=0.42
info|2019-12-05 00:01:53.985547|[g:1][CONSENSUS][PBFT]checkAndChangeView: Reach consensus,org_view=443,org_changeCycle=0,cur_changeCycle=0,to_view=444
info|2019-12-05 00:01:54.990903|[g:1][CONSENSUS]addRawPrepare,height=29,reqIdx=0,hash=533739cd...
info|2019-12-05 00:01:54.991595|[g:1][CONSENSUS][PBFT]checkTimeout Succ,view=444,toView=445,nodeIdx=1,changeCycle=0,myNode=7683f020...,timecost=0.475
info|2019-12-05 00:01:54.998565|[g:1][CONSENSUS][PBFT]checkAndChangeView: Reach consensus,org_view=444,org_changeCycle=0,cur_changeCycle=0,to_view=445
info|2019-12-05 00:01:56.000159|[g:1][CONSENSUS][SEALER]++++++++++++++++ Generating seal on,blkNum=29,tx=0,nodeIdx=1,hash=1d7baa93...
info|2019-12-05 00:01:56.006662|[g:1][CONSENSUS][PBFT]checkTimeout Succ,view=445,toView=446,nodeIdx=1,changeCycle=0,myNode=7683f020...,timecost=0.681
info|2019-12-05 00:01:56.011322|[g:1][CONSENSUS][PBFT]checkAndChangeView: Reach consensus,org_view=445,org_changeCycle=0,cur_changeCycle=0,to_view=446
info|2019-12-05 00:01:57.017600|[g:1][CONSENSUS]addRawPrepare,height=29,reqIdx=2,hash=ffd8e3cc...
info|2019-12-05 00:01:57.019225|[g:1][CONSENSUS][PBFT]checkTimeout Succ,view=446,toView=447,nodeIdx=1,changeCycle=0,myNode=7683f020...,timecost=1.502
info|2019-12-05 00:01:57.020504|[g:1][CONSENSUS][PBFT]checkAndChangeView: Reach consensus,org_view=446,org_changeCycle=0,cur_changeCycle=0,to_view=447
info|2019-12-05 00:01:57.075311|[P2P][Service] heartBeat,connected count=3
info|2019-12-05 00:01:58.024383|[g:1][CONSENSUS]addRawPrepare,height=29,reqIdx=3,hash=50a2ad65...
info|2019-12-05 00:01:58.024736|[g:1][CONSENSUS][PBFT]checkTimeout Succ,view=447,toView=448,nodeIdx=1,changeCycle=0,myNode=7683f020...,timecost=0.249
info|2019-12-05 00:01:58.028990|[g:1][CONSENSUS][PBFT]checkAndChangeView: Reach consensus,org_view=447,org_changeCycle=0,cur_changeCycle=0,to_view=448
info|2019-12-05 00:01:59.040112|[g:1][CONSENSUS][PBFT]Trigger fast-viewchange,view=448,toView=448,minView=449,INFO=,reqNum=28,curNum=28,GenIdx=0,Cview=449,view=448,fromIdx=0,fromNode=6e2a3211...,fromIp=127.0.0.1:30300,hash=5fa3d7ce...,nodeIdx=1,myNode=7683f020...
info|2019-12-05 00:01:59.042552|[g:1][CONSENSUS][PBFT]checkAndChangeView: Reach consensus,org_view=448,org_changeCycle=0,cur_changeCycle=0,to_view=449
info|2019-12-05 00:01:59.042961|[g:1][CONSENSUS][PBFT]checkTimeout Succ,view=449,toView=449,nodeIdx=1,changeCycle=0,myNode=7683f020...,timecost=2.72
info|2019-12-05 00:02:00.054081|[g:1][CONSENSUS][SEALER]++++++++++++++++ Generating seal on,blkNum=29,tx=0,nodeIdx=1,hash=cb0578ce...
info|2019-12-05 00:02:00.065424|[g:1][CONSENSUS][PBFT]checkTimeout Succ,view=449,toView=450,nodeIdx=1,changeCycle=0,myNode=7683f020...,timecost=1.284
info|2019-12-05 00:02:00.082860|[g:1][CONSENSUS][PBFT]checkAndChangeView: Reach consensus,org_view=449,org_changeCycle=0,cur_changeCycle=0,to_view=450
info|2019-12-05 00:02:01.088044|[g:1][CONSENSUS]addRawPrepare,height=29,reqIdx=2,hash=5aecd7ac...
info|2019-12-05 00:02:01.088707|[g:1][CONSENSUS][PBFT]checkTimeout Succ,view=450,toView=451,nodeIdx=1,changeCycle=0,myNode=7683f020...,timecost=0.509
info|2019-12-05 00:02:01.093178|[g:1][CONSENSUS][PBFT]checkAndChangeView: Reach consensus,org_view=450,org_changeCycle=0,cur_changeCycle=0,to_view=451
info|2019-12-05 00:02:02.097447|[g:1][CONSENSUS]addRawPrepare,height=29,reqIdx=3,hash=6b44c6e5...
info|2019-12-05 00:02:02.098052|[g:1][CONSENSUS][PBFT]checkTimeout Succ,view=451,toView=452,nodeIdx=1,changeCycle=0,myNode=7683f020...,timecost=0.418
info|2019-12-05 00:02:02.102636|[g:1][CONSENSUS][PBFT]checkAndChangeView: Reach consensus,org_view=451,org_changeCycle=0,cur_changeCycle=0,to_view=452
info|2019-12-05 00:02:03.107905|[g:1][CONSENSUS]addRawPrepare,height=29,reqIdx=0,hash=b9f8f02d...
info|2019-12-05 00:02:03.108637|[g:1][CONSENSUS][PBFT]checkTimeout Succ,view=452,toView=453,nodeIdx=1,changeCycle=0,myNode=7683f020...,timecost=0.591
info|2019-12-05 00:02:03.116534|[g:1][CONSENSUS][PBFT]checkAndChangeView: Reach consensus,org_view=452,org_changeCycle=0,cur_changeCycle=0,to_view=453
info|2019-12-05 00:02:04.118129|[g:1][CONSENSUS][SEALER]++++++++++++++++ Generating seal on,blkNum=29,tx=0,nodeIdx=1,hash=01a0e27b...
info|2019-12-05 00:02:04.123779|[g:1][CONSENSUS][PBFT]checkTimeout Succ,view=453,toView=454,nodeIdx=1,changeCycle=0,myNode=7683f020...,timecost=0.418
info|2019-12-05 00:02:04.124468|[g:1][CONSENSUS][PBFT]checkAndChangeView: Reach consensus,org_view=453,org_changeCycle=0,cur_changeCycle=0,to_view=454
info|2019-12-05 00:02:05.134167|[g:1][CONSENSUS]addRawPrepare,height=29,reqIdx=2,hash=fc2595bd...
info|2019-12-05 00:02:05.134711|[g:1][CONSENSUS][PBFT]checkTimeout Succ,view=454,toView=455,nodeIdx=1,changeCycle=0,myNode=7683f020...,timecost=0.492
info|2019-12-05 00:02:05.138180|[g:1][CONSENSUS][PBFT]checkAndChangeView: Reach consensus,org_view=454,org_changeCycle=0,cur_changeCycle=0,to_view=455
info|2019-12-05 00:02:06.145524|[g:1][CONSENSUS]addRawPrepare,height=29,reqIdx=3,hash=cb60865a...
info|2019-12-05 00:02:06.146339|[g:1][CONSENSUS][PBFT]checkTimeout Succ,view=455,toView=456,nodeIdx=1,changeCycle=0,myNode=7683f020...,timecost=0.621
info|2019-12-05 00:02:06.154017|[g:1][CONSENSUS][PBFT]checkAndChangeView: Reach consensus,org_view=455,org_changeCycle=0,cur_changeCycle=0,to_view=456
info|2019-12-05 00:02:07.076302|[P2P][Service] heartBeat,connected count=3
info|2019-12-05 00:02:07.154830|[g:1][CONSENSUS]addRawPrepare,height=29,reqIdx=0,hash=85606608...
info|2019-12-05 00:02:07.162825|[g:1][CONSENSUS][PBFT]checkTimeout Succ,view=456,toView=457,nodeIdx=1,changeCycle=0,myNode=7683f020...,timecost=7.76
info|2019-12-05 00:02:07.167955|[g:1][CONSENSUS][PBFT]checkAndChangeView: Reach consensus,org_view=456,org_changeCycle=0,cur_changeCycle=0,to_view=457
info|2019-12-05 00:02:08.169159|[g:1][CONSENSUS][SEALER]++++++++++++++++ Generating seal on,blkNum=29,tx=0,nodeIdx=1,hash=a405b2a4...
info|2019-12-05 00:02:08.171744|[g:1][CONSENSUS][PBFT]checkTimeout Succ,view=457,toView=458,nodeIdx=1,changeCycle=0,myNode=7683f020...,timecost=1.12
info|2019-12-05 00:02:08.182708|[g:1][CONSENSUS][PBFT]checkAndChangeView: Reach consensus,org_view=457,org_changeCycle=0,cur_changeCycle=0,to_view=458
info|2019-12-05 00:02:09.189553|[g:1][CONSENSUS]addRawPrepare,height=29,reqIdx=2,hash=190cd102...
info|2019-12-05 00:02:09.192464|[g:1][CONSENSUS][PBFT]checkTimeout Succ,view=458,toView=459,nodeIdx=1,changeCycle=0,myNode=7683f020...,timecost=2.744
info|2019-12-05 00:02:09.194854|[g:1][CONSENSUS][PBFT]checkAndChangeView: Reach consensus,org_view=458,org_changeCycle=0,cur_changeCycle=0,to_view=459
info|2019-12-05 00:02:10.199790|[g:1][CONSENSUS]addRawPrepare,height=29,reqIdx=3,hash=4d9e1d9b...
info|2019-12-05 00:02:10.200148|[g:1][CONSENSUS][PBFT]checkTimeout Succ,view=459,toView=460,nodeIdx=1,changeCycle=0,myNode=7683f020...,timecost=0.301
info|2019-12-05 00:02:10.201753|[g:1][CONSENSUS][PBFT]checkAndChangeView: Reach consensus,org_view=459,org_changeCycle=0,cur_changeCycle=0,to_view=460
info|2019-12-05 00:02:11.207220|[g:1][CONSENSUS]addRawPrepare,height=29,reqIdx=0,hash=6e58312d...
info|2019-12-05 00:02:11.208198|[g:1][CONSENSUS][PBFT]checkTimeout Succ,view=460,toView=461,nodeIdx=1,changeCycle=0,myNode=7683f020...,timecost=0.766
info|2019-12-05 00:02:11.218146|[g:1][CONSENSUS][PBFT]checkAndChangeView: Reach consensus,org_view=460,org_changeCycle=0,cur_changeCycle=0,to_view=461
info|2019-12-05 00:02:12.219796|[g:1][CONSENSUS][SEALER]++++++++++++++++ Generating seal on,blkNum=29,tx=0,nodeIdx=1,hash=e0f93de7...
info|2019-12-05 00:02:12.224526|[g:1][CONSENSUS][PBFT]checkTimeout Succ,view=461,toView=462,nodeIdx=1,changeCycle=0,myNode=7683f020...,timecost=0.465
info|2019-12-05 00:02:12.228483|[g:1][CONSENSUS][PBFT]checkAndChangeView: Reach consensus,org_view=461,org_changeCycle=0,cur_changeCycle=0,to_view=462
info|2019-12-05 00:02:13.230568|[g:1][CONSENSUS]addRawPrepare,height=29,reqIdx=2,hash=9297312d...
info|2019-12-05 00:02:13.231113|[g:1][CONSENSUS][PBFT]checkTimeout Succ,view=462,toView=463,nodeIdx=1,changeCycle=0,myNode=7683f020...,timecost=0.398
info|2019-12-05 00:02:13.234849|[g:1][CONSENSUS][PBFT]checkAndChangeView: Reach consensus,org_view=462,org_changeCycle=0,cur_changeCycle=0,to_view=463
info|2019-12-05 00:02:14.237801|[g:1][CONSENSUS]addRawPrepare,height=29,reqIdx=3,hash=c49dbb3a...
info|2019-12-05 00:02:14.238498|[g:1][CONSENSUS][PBFT]checkTimeout Succ,view=463,toView=464,nodeIdx=1,changeCycle=0,myNode=7683f020...,timecost=0.489
info|2019-12-05 00:02:14.244104|[g:1][CONSENSUS][PBFT]checkAndChangeView: Reach consensus,org_view=463,org_changeCycle=0,cur_changeCycle=0,to_view=464
info|2019-12-05 00:02:15.248244|[g:1][CONSENSUS]addRawPrepare,height=29,reqIdx=0,hash=b053ee29...
info|2019-12-05 00:02:15.253727|[g:1][CONSENSUS][PBFT]checkTimeout Succ,view=464,toView=465,nodeIdx=1,changeCycle=0,myNode=7683f020...,timecost=5.176
info|2019-12-05 00:02:15.257398|[g:1][CONSENSUS][PBFT]checkAndChangeView: Reach consensus,org_view=464,org_changeCycle=0,cur_changeCycle=0,to_view=465
info|2019-12-05 00:02:16.258797|[g:1][CONSENSUS][SEALER]++++++++++++++++ Generating seal on,blkNum=29,tx=0,nodeIdx=1,hash=fb42d8a2...
info|2019-12-05 00:02:16.264783|[g:1][CONSENSUS][PBFT]checkTimeout Succ,view=465,toView=466,nodeIdx=1,changeCycle=0,myNode=7683f020...,timecost=0.73
info|2019-12-05 00:02:16.269371|[g:1][CONSENSUS][PBFT]checkAndChangeView: Reach consensus,org_view=465,org_changeCycle=0,cur_changeCycle=0,to_view=466
info|2019-12-05 00:02:17.078000|[P2P][Service] heartBeat,connected count=3
info|2019-12-05 00:02:17.275217|[g:1][CONSENSUS]addRawPrepare,height=29,reqIdx=2,hash=dbd55022...
info|2019-12-05 00:02:17.276117|[g:1][CONSENSUS][PBFT]checkTimeout Succ,view=466,toView=467,nodeIdx=1,changeCycle=0,myNode=7683f020...,timecost=0.691
info|2019-12-05 00:02:17.288164|[g:1][CONSENSUS][PBFT]checkAndChangeView: Reach consensus,org_view=466,org_changeCycle=0,cur_changeCycle=0,to_view=467
info|2019-12-05 00:02:18.292544|[g:1][CONSENSUS]addRawPrepare,height=29,reqIdx=3,hash=f9f363d5...
info|2019-12-05 00:02:18.293145|[g:1][CONSENSUS][PBFT]checkTimeout Succ,view=467,toView=468,nodeIdx=1,changeCycle=0,myNode=7683f020...,timecost=0.443
info|2019-12-05 00:02:18.297043|[g:1][CONSENSUS][PBFT]checkAndChangeView: Reach consensus,org_view=467,org_changeCycle=0,cur_changeCycle=0,to_view=468
info|2019-12-05 00:02:19.299837|[g:1][CONSENSUS]addRawPrepare,height=29,reqIdx=0,hash=bef41595...
info|2019-12-05 00:02:19.300534|[g:1][CONSENSUS][PBFT]checkTimeout Succ,view=468,toView=469,nodeIdx=1,changeCycle=0,myNode=7683f020...,timecost=0.557
info|2019-12-05 00:02:19.307268|[g:1][CONSENSUS][PBFT]checkAndChangeView: Reach consensus,org_view=468,org_changeCycle=0,cur_changeCycle=0,to_view=469
info|2019-12-05 00:02:20.307533|[g:1][CONSENSUS][SEALER]++++++++++++++++ Generating seal on,blkNum=29,tx=0,nodeIdx=1,hash=9cf3835e...
info|2019-12-05 00:02:20.315871|[g:1][CONSENSUS][PBFT]checkTimeout Succ,view=469,toView=470,nodeIdx=1,changeCycle=0,myNode=7683f020...,timecost=0.738
info|2019-12-05 00:02:20.325357|[g:1][CONSENSUS][PBFT]checkAndChangeView: Reach consensus,org_view=469,org_changeCycle=0,cur_changeCycle=0,to_view=470
info|2019-12-05 00:02:21.330617|[g:1][CONSENSUS]addRawPrepare,height=29,reqIdx=2,hash=c2ecc961...
info|2019-12-05 00:02:21.331137|[g:1][CONSENSUS][PBFT]checkTimeout Succ,view=470,toView=471,nodeIdx=1,changeCycle=0,myNode=7683f020...,timecost=0.408
info|2019-12-05 00:02:21.333594|[g:1][CONSENSUS][PBFT]checkAndChangeView: Reach consensus,org_view=470,org_changeCycle=0,cur_changeCycle=0,to_view=471
info|2019-12-05 00:02:22.339823|[g:1][CONSENSUS]addRawPrepare,height=29,reqIdx=3,hash=cf3bdd1f...
info|2019-12-05 00:02:22.342826|[g:1][CONSENSUS][PBFT]checkTimeout Succ,view=471,toView=472,nodeIdx=1,changeCycle=0,myNode=7683f020...,timecost=0.576
info|2019-12-05 00:02:22.346997|[g:1][CONSENSUS][PBFT]checkAndChangeView: Reach consensus,org_view=471,org_changeCycle=0,cur_changeCycle=0,to_view=472
info|2019-12-05 00:02:23.350857|[g:1][CONSENSUS]addRawPrepare,height=29,reqIdx=0,hash=b28a1584...
info|2019-12-05 00:02:23.351412|[g:1][CONSENSUS][PBFT]checkTimeout Succ,view=472,toView=473,nodeIdx=1,changeCycle=0,myNode=7683f020...,timecost=0.407
info|2019-12-05 00:02:23.357179|[g:1][CONSENSUS][PBFT]checkAndChangeView: Reach consensus,org_view=472,org_changeCycle=0,cur_changeCycle=0,to_view=473
info|2019-12-05 00:02:24.357927|[g:1][CONSENSUS][SEALER]++++++++++++++++ Generating seal on,blkNum=29,tx=0,nodeIdx=1,hash=274e5f60...
info|2019-12-05 00:02:24.364961|[g:1][CONSENSUS][PBFT]checkTimeout Succ,view=473,toView=474,nodeIdx=1,changeCycle=0,myNode=7683f020...,timecost=0.749
info|2019-12-05 00:02:24.370249|[g:1][CONSENSUS][PBFT]checkAndChangeView: Reach consensus,org_view=473,org_changeCycle=0,cur_changeCycle=0,to_view=474
info|2019-12-05 00:02:25.385832|[g:1][CONSENSUS]addRawPrepare,height=29,reqIdx=2,hash=887d4ecf...
info|2019-12-05 00:02:25.389591|[g:1][CONSENSUS][PBFT]checkTimeout Succ,view=474,toView=475,nodeIdx=1,changeCycle=0,myNode=7683f020...,timecost=3.288
info|2019-12-05 00:02:25.396709|[g:1][CONSENSUS][PBFT]checkAndChangeView: Reach consensus,org_view=474,org_changeCycle=0,cur_changeCycle=0,to_view=475
info|2019-12-05 00:02:26.398448|[g:1][CONSENSUS]addRawPrepare,height=29,reqIdx=3,hash=36d4eae2...
info|2019-12-05 00:02:26.399406|[g:1][CONSENSUS][PBFT]checkTimeout Succ,view=475,toView=476,nodeIdx=1,changeCycle=0,myNode=7683f020...,timecost=0.748
info|2019-12-05 00:02:26.417557|[g:1][CONSENSUS][PBFT]checkAndChangeView: Reach consensus,org_view=475,org_changeCycle=0,cur_changeCycle=0,to_view=476
info|2019-12-05 00:02:27.078942|[P2P][Service] heartBeat,connected count=3
info|2019-12-05 00:02:27.422844|[g:1][CONSENSUS]addRawPrepare,height=29,reqIdx=0,hash=3e925afb...
info|2019-12-05 00:02:27.423753|[g:1][CONSENSUS][PBFT]checkTimeout Succ,view=476,toView=477,nodeIdx=1,changeCycle=0,myNode=7683f020...,timecost=0.635
info|2019-12-05 00:02:27.432240|[g:1][CONSENSUS][PBFT]checkAndChangeView: Reach consensus,org_view=476,org_changeCycle=0,cur_changeCycle=0,to_view=477
info|2019-12-05 00:02:28.432462|[g:1][CONSENSUS][SEALER]++++++++++++++++ Generating seal on,blkNum=29,tx=0,nodeIdx=1,hash=d1d85c60...
info|2019-12-05 00:02:28.445640|[g:1][CONSENSUS][PBFT]checkTimeout Succ,view=477,toView=478,nodeIdx=1,changeCycle=0,myNode=7683f020...,timecost=2.058
info|2019-12-05 00:02:28.451370|[g:1][CONSENSUS][PBFT]checkAndChangeView: Reach consensus,org_view=477,org_changeCycle=0,cur_changeCycle=0,to_view=478
info|2019-12-05 00:02:29.449974|[g:1][CONSENSUS]addRawPrepare,height=29,reqIdx=2,hash=aaadbcef...
info|2019-12-05 00:02:29.450497|[g:1][CONSENSUS][PBFT]checkTimeout Succ,view=478,toView=479,nodeIdx=1,changeCycle=0,myNode=7683f020...,timecost=0.382
info|2019-12-05 00:02:29.458109|[g:1][CONSENSUS][PBFT]checkAndChangeView: Reach consensus,org_view=478,org_changeCycle=0,cur_changeCycle=0,to_view=479
info|2019-12-05 00:02:30.463849|[g:1][CONSENSUS]addRawPrepare,height=29,reqIdx=3,hash=4150216d...
info|2019-12-05 00:02:30.464518|[g:1][CONSENSUS][PBFT]checkTimeout Succ,view=479,toView=480,nodeIdx=1,changeCycle=0,myNode=7683f020...,timecost=0.56
info|2019-12-05 00:02:30.468157|[g:1][CONSENSUS][PBFT]checkAndChangeView: Reach consensus,org_view=479,org_changeCycle=0,cur_changeCycle=0,to_view=480
info|2019-12-05 00:02:31.477690|[g:1][CONSENSUS]addRawPrepare,height=29,reqIdx=0,hash=040f11b0...
info|2019-12-05 00:02:31.487519|[g:1][CONSENSUS][PBFT]checkTimeout Succ,view=480,toView=481,nodeIdx=1,changeCycle=0,myNode=7683f020...,timecost=9.574
info|2019-12-05 00:02:31.492630|[g:1][CONSENSUS][PBFT]checkAndChangeView: Reach consensus,org_view=480,org_changeCycle=0,cur_changeCycle=0,to_view=481
info|2019-12-05 00:02:32.492468|[g:1][CONSENSUS][SEALER]++++++++++++++++ Generating seal on,blkNum=29,tx=0,nodeIdx=1,hash=e34642c5...
info|2019-12-05 00:02:32.500906|[g:1][CONSENSUS][PBFT]checkTimeout Succ,view=481,toView=482,nodeIdx=1,changeCycle=0,myNode=7683f020...,timecost=0.821
info|2019-12-05 00:02:32.507326|[g:1][CONSENSUS][PBFT]checkAndChangeView: Reach consensus,org_view=481,org_changeCycle=0,cur_changeCycle=0,to_view=482
info|2019-12-05 00:02:33.512228|[g:1][CONSENSUS]addRawPrepare,height=29,reqIdx=2,hash=a5fe91c9...
info|2019-12-05 00:02:33.512685|[g:1][CONSENSUS][PBFT]checkTimeout Succ,view=482,toView=483,nodeIdx=1,changeCycle=0,myNode=7683f020...,timecost=0.299
info|2019-12-05 00:02:33.515691|[g:1][CONSENSUS][PBFT]checkAndChangeView: Reach consensus,org_view=482,org_changeCycle=0,cur_changeCycle=0,to_view=483
info|2019-12-05 00:02:34.518011|[g:1][CONSENSUS]addRawPrepare,height=29,reqIdx=3,hash=94144c9e...
info|2019-12-05 00:02:34.518625|[g:1][CONSENSUS][PBFT]checkTimeout Succ,view=483,toView=484,nodeIdx=1,changeCycle=0,myNode=7683f020...,timecost=0.466
info|2019-12-05 00:02:34.523716|[g:1][CONSENSUS][PBFT]checkAndChangeView: Reach consensus,org_view=483,org_changeCycle=0,cur_changeCycle=0,to_view=484
info|2019-12-05 00:02:35.528359|[g:1][CONSENSUS]addRawPrepare,height=29,reqIdx=0,hash=05fe1273...
info|2019-12-05 00:02:35.528997|[g:1][CONSENSUS][PBFT]checkTimeout Succ,view=484,toView=485,nodeIdx=1,changeCycle=0,myNode=7683f020...,timecost=0.415
info|2019-12-05 00:02:35.536845|[g:1][CONSENSUS][PBFT]checkAndChangeView: Reach consensus,org_view=484,org_changeCycle=0,cur_changeCycle=0,to_view=485
info|2019-12-05 00:02:36.537800|[g:1][CONSENSUS][SEALER]++++++++++++++++ Generating seal on,blkNum=29,tx=0,nodeIdx=1,hash=224d30ee...
info|2019-12-05 00:02:36.546662|[g:1][CONSENSUS][PBFT]checkTimeout Succ,view=485,toView=486,nodeIdx=1,changeCycle=0,myNode=7683f020...,timecost=1.236
info|2019-12-05 00:02:36.555531|[g:1][CONSENSUS][PBFT]checkAndChangeView: Reach consensus,org_view=485,org_changeCycle=0,cur_changeCycle=0,to_view=486
info|2019-12-05 00:02:37.079348|[P2P][Service] heartBeat,connected count=3
info|2019-12-05 00:02:37.554880|[g:1][CONSENSUS]addRawPrepare,height=29,reqIdx=2,hash=34877473...
info|2019-12-05 00:02:37.555700|[g:1][CONSENSUS][PBFT]checkTimeout Succ,view=486,toView=487,nodeIdx=1,changeCycle=0,myNode=7683f020...,timecost=0.691
info|2019-12-05 00:02:37.561575|[g:1][CONSENSUS][PBFT]checkAndChangeView: Reach consensus,org_view=486,org_changeCycle=0,cur_changeCycle=0,to_view=487
info|2019-12-05 00:02:38.566001|[g:1][CONSENSUS]addRawPrepare,height=29,reqIdx=3,hash=aa5c4e38...
info|2019-12-05 00:02:38.567023|[g:1][CONSENSUS][PBFT]checkTimeout Succ,view=487,toView=488,nodeIdx=1,changeCycle=0,myNode=7683f020...,timecost=0.721
info|2019-12-05 00:02:38.572624|[g:1][CONSENSUS][PBFT]checkAndChangeView: Reach consensus,org_view=487,org_changeCycle=0,cur_changeCycle=0,to_view=488
info|2019-12-05 00:02:39.579696|[g:1][CONSENSUS]addRawPrepare,height=29,reqIdx=0,hash=19cb2c30...
info|2019-12-05 00:02:39.583287|[g:1][CONSENSUS][PBFT]checkTimeout Succ,view=488,toView=489,nodeIdx=1,changeCycle=0,myNode=7683f020...,timecost=3.41
info|2019-12-05 00:02:39.588397|[g:1][CONSENSUS][PBFT]checkAndChangeView: Reach consensus,org_view=488,org_changeCycle=0,cur_changeCycle=0,to_view=489
info|2019-12-05 00:02:40.589752|[g:1][CONSENSUS][SEALER]++++++++++++++++ Generating seal on,blkNum=29,tx=0,nodeIdx=1,hash=b54fdf55...
info|2019-12-05 00:02:40.594749|[g:1][CONSENSUS][PBFT]checkTimeout Succ,view=489,toView=490,nodeIdx=1,changeCycle=0,myNode=7683f020...,timecost=0.602
info|2019-12-05 00:02:40.598270|[g:1][CONSENSUS][PBFT]checkAndChangeView: Reach consensus,org_view=489,org_changeCycle=0,cur_changeCycle=0,to_view=490
info|2019-12-05 00:02:41.609995|[g:1][CONSENSUS]addRawPrepare,height=29,reqIdx=2,hash=ae0fd892...
info|2019-12-05 00:02:41.610955|[g:1][CONSENSUS][PBFT]checkTimeout Succ,view=490,toView=491,nodeIdx=1,changeCycle=0,myNode=7683f020...,timecost=0.64
info|2019-12-05 00:02:41.627623|[g:1][CONSENSUS][PBFT]checkAndChangeView: Reach consensus,org_view=490,org_changeCycle=0,cur_changeCycle=0,to_view=491
info|2019-12-05 00:02:42.631784|[g:1][CONSENSUS]addRawPrepare,height=29,reqIdx=3,hash=5a97eeaf...
info|2019-12-05 00:02:42.632925|[g:1][CONSENSUS][PBFT]checkTimeout Succ,view=491,toView=492,nodeIdx=1,changeCycle=0,myNode=7683f020...,timecost=0.745
info|2019-12-05 00:02:42.649175|[g:1][CONSENSUS][PBFT]checkAndChangeView: Reach consensus,org_view=491,org_changeCycle=0,cur_changeCycle=0,to_view=492
info|2019-12-05 00:02:43.656263|[g:1][CONSENSUS]addRawPrepare,height=29,reqIdx=0,hash=652722c7...
info|2019-12-05 00:02:43.657194|[g:1][CONSENSUS][PBFT]checkTimeout Succ,view=492,toView=493,nodeIdx=1,changeCycle=0,myNode=7683f020...,timecost=0.73
info|2019-12-05 00:02:43.663290|[g:1][CONSENSUS][PBFT]checkAndChangeView: Reach consensus,org_view=492,org_changeCycle=0,cur_changeCycle=0,to_view=493
info|2019-12-05 00:02:44.663795|[g:1][CONSENSUS][SEALER]++++++++++++++++ Generating seal on,blkNum=29,tx=0,nodeIdx=1,hash=4c42ef94...
info|2019-12-05 00:02:44.673132|[g:1][CONSENSUS][PBFT]checkTimeout Succ,view=493,toView=494,nodeIdx=1,changeCycle=0,myNode=7683f020...,timecost=1.501
info|2019-12-05 00:02:44.683307|[g:1][CONSENSUS][PBFT]checkAndChangeView: Reach consensus,org_view=493,org_changeCycle=0,cur_changeCycle=0,to_view=494
info|2019-12-05 00:02:45.683641|[g:1][CONSENSUS]addRawPrepare,height=29,reqIdx=2,hash=7868e023...
info|2019-12-05 00:02:45.684305|[g:1][CONSENSUS][PBFT]checkTimeout Succ,view=494,toView=495,nodeIdx=1,changeCycle=0,myNode=7683f020...,timecost=0.421
info|2019-12-05 00:02:45.692327|[g:1][CONSENSUS][PBFT]checkAndChangeView: Reach consensus,org_view=494,org_changeCycle=0,cur_changeCycle=0,to_view=495
info|2019-12-05 00:02:46.693422|[g:1][CONSENSUS]addRawPrepare,height=29,reqIdx=3,hash=3f360d2f...
info|2019-12-05 00:02:46.694189|[g:1][CONSENSUS][PBFT]checkTimeout Succ,view=495,toView=496,nodeIdx=1,changeCycle=0,myNode=7683f020...,timecost=0.567
info|2019-12-05 00:02:46.700222|[g:1][CONSENSUS][PBFT]checkAndChangeView: Reach consensus,org_view=495,org_changeCycle=0,cur_changeCycle=0,to_view=496
info|2019-12-05 00:02:47.080041|[P2P][Service] heartBeat,connected count=3
info|2019-12-05 00:02:47.710581|[g:1][CONSENSUS]addRawPrepare,height=29,reqIdx=0,hash=7207c6b2...
info|2019-12-05 00:02:47.711157|[g:1][CONSENSUS][PBFT]checkTimeout Succ,view=496,toView=497,nodeIdx=1,changeCycle=0,myNode=7683f020...,timecost=0.409
info|2019-12-05 00:02:47.717011|[g:1][CONSENSUS][PBFT]checkAndChangeView: Reach consensus,org_view=496,org_changeCycle=0,cur_changeCycle=0,to_view=497
info|2019-12-05 00:02:48.718127|[g:1][CONSENSUS][SEALER]++++++++++++++++ Generating seal on,blkNum=29,tx=0,nodeIdx=1,hash=36bb7d1a...
info|2019-12-05 00:02:48.721952|[g:1][CONSENSUS][PBFT]checkTimeout Succ,view=497,toView=498,nodeIdx=1,changeCycle=0,myNode=7683f020...,timecost=0.651
info|2019-12-05 00:02:48.726235|[g:1][CONSENSUS][PBFT]checkAndChangeView: Reach consensus,org_view=497,org_changeCycle=0,cur_changeCycle=0,to_view=498
info|2019-12-05 00:02:49.728647|[g:1][CONSENSUS]addRawPrepare,height=29,reqIdx=2,hash=2c86b442...
info|2019-12-05 00:02:49.729590|[g:1][CONSENSUS][PBFT]checkTimeout Succ,view=498,toView=499,nodeIdx=1,changeCycle=0,myNode=7683f020...,timecost=0.717
info|2019-12-05 00:02:49.738865|[g:1][CONSENSUS][PBFT]checkAndChangeView: Reach consensus,org_view=498,org_changeCycle=0,cur_changeCycle=0,to_view=499
info|2019-12-05 00:02:50.743998|[g:1][CONSENSUS]addRawPrepare,height=29,reqIdx=3,hash=af97abda...
info|2019-12-05 00:02:50.747531|[g:1][CONSENSUS][PBFT]checkTimeout Succ,view=499,toView=500,nodeIdx=1,changeCycle=0,myNode=7683f020...,timecost=3.316
info|2019-12-05 00:02:50.759695|[g:1][CONSENSUS][PBFT]checkAndChangeView: Reach consensus,org_view=499,org_changeCycle=0,cur_changeCycle=0,to_view=500
info|2019-12-05 00:02:51.755325|[g:1][CONSENSUS]addRawPrepare,height=29,reqIdx=0,hash=3cbc7224...
info|2019-12-05 00:02:51.755627|[g:1][CONSENSUS][PBFT]checkTimeout Succ,view=500,toView=501,nodeIdx=1,changeCycle=0,myNode=7683f020...,timecost=0.197
info|2019-12-05 00:02:51.762349|[g:1][CONSENSUS][PBFT]checkAndChangeView: Reach consensus,org_view=500,org_changeCycle=0,cur_changeCycle=0,to_view=501
info|2019-12-05 00:02:52.762595|[g:1][CONSENSUS][SEALER]++++++++++++++++ Generating seal on,blkNum=29,tx=0,nodeIdx=1,hash=9c9c7324...
info|2019-12-05 00:02:52.766656|[g:1][CONSENSUS][PBFT]checkTimeout Succ,view=501,toView=502,nodeIdx=1,changeCycle=0,myNode=7683f020...,timecost=0.378
info|2019-12-05 00:02:52.767205|[g:1][CONSENSUS][PBFT]checkAndChangeView: Reach consensus,org_view=501,org_changeCycle=0,cur_changeCycle=0,to_view=502
info|2019-12-05 00:02:53.773400|[g:1][CONSENSUS]addRawPrepare,height=29,reqIdx=2,hash=57b89d8a...
info|2019-12-05 00:02:53.774322|[g:1][CONSENSUS][PBFT]checkTimeout Succ,view=502,toView=503,nodeIdx=1,changeCycle=0,myNode=7683f020...,timecost=0.712
info|2019-12-05 00:02:53.778863|[g:1][CONSENSUS][PBFT]checkAndChangeView: Reach consensus,org_view=502,org_changeCycle=0,cur_changeCycle=0,to_view=503
info|2019-12-05 00:02:54.780140|[g:1][CONSENSUS]addRawPrepare,height=29,reqIdx=3,hash=79558fe1...
info|2019-12-05 00:02:54.780496|[g:1][CONSENSUS][PBFT]checkTimeout Succ,view=503,toView=504,nodeIdx=1,changeCycle=0,myNode=7683f020...,timecost=0.26
info|2019-12-05 00:02:54.783156|[g:1][CONSENSUS][PBFT]checkAndChangeView: Reach consensus,org_view=503,org_changeCycle=0,cur_changeCycle=0,to_view=504
info|2019-12-05 00:02:55.787987|[g:1][CONSENSUS]addRawPrepare,height=29,reqIdx=0,hash=c36ed1e2...
info|2019-12-05 00:02:55.788393|[g:1][CONSENSUS][PBFT]checkTimeout Succ,view=504,toView=505,nodeIdx=1,changeCycle=0,myNode=7683f020...,timecost=0.303
info|2019-12-05 00:02:55.793518|[g:1][CONSENSUS][PBFT]checkAndChangeView: Reach consensus,org_view=504,org_changeCycle=0,cur_changeCycle=0,to_view=505
info|2019-12-05 00:02:56.794688|[g:1][CONSENSUS][SEALER]++++++++++++++++ Generating seal on,blkNum=29,tx=0,nodeIdx=1,hash=7e41f50d...
info|2019-12-05 00:02:56.797291|[g:1][CONSENSUS][PBFT]checkTimeout Succ,view=505,toView=506,nodeIdx=1,changeCycle=0,myNode=7683f020...,timecost=0.296
info|2019-12-05 00:02:56.797667|[g:1][CONSENSUS][PBFT]checkAndChangeView: Reach consensus,org_view=505,org_changeCycle=0,cur_changeCycle=0,to_view=506
info|2019-12-05 00:02:57.080832|[P2P][Service] heartBeat,connected count=3
info|2019-12-05 00:02:57.800980|[g:1][CONSENSUS]addRawPrepare,height=29,reqIdx=2,hash=61d932d4...
info|2019-12-05 00:02:57.801220|[g:1][CONSENSUS][PBFT]checkTimeout Succ,view=506,toView=507,nodeIdx=1,changeCycle=0,myNode=7683f020...,timecost=0.181
info|2019-12-05 00:02:57.803579|[g:1][CONSENSUS][PBFT]checkAndChangeView: Reach consensus,org_view=506,org_changeCycle=0,cur_changeCycle=0,to_view=507
info|2019-12-05 00:02:58.804539|[g:1][CONSENSUS]addRawPrepare,height=29,reqIdx=3,hash=960dd62e...
info|2019-12-05 00:02:58.804804|[g:1][CONSENSUS][PBFT]checkTimeout Succ,view=507,toView=508,nodeIdx=1,changeCycle=0,myNode=7683f020...,timecost=0.183
info|2019-12-05 00:02:58.807261|[g:1][CONSENSUS][PBFT]checkAndChangeView: Reach consensus,org_view=507,org_changeCycle=0,cur_changeCycle=0,to_view=508
info|2019-12-05 00:02:59.807723|[g:1][CONSENSUS]addRawPrepare,height=29,reqIdx=0,hash=48d52c0d...
info|2019-12-05 00:02:59.808067|[g:1][CONSENSUS][PBFT]checkTimeout Succ,view=508,toView=509,nodeIdx=1,changeCycle=0,myNode=7683f020...,timecost=0.283
info|2019-12-05 00:02:59.810593|[g:1][CONSENSUS][PBFT]checkAndChangeView: Reach consensus,org_view=508,org_changeCycle=0,cur_changeCycle=0,to_view=509
info|2019-12-05 00:03:00.810428|[g:1][CONSENSUS][SEALER]++++++++++++++++ Generating seal on,blkNum=29,tx=0,nodeIdx=1,hash=590ae8c6...
info|2019-12-05 00:03:00.813444|[g:1][CONSENSUS][PBFT]checkTimeout Succ,view=509,toView=510,nodeIdx=1,changeCycle=0,myNode=7683f020...,timecost=0.181
info|2019-12-05 00:03:00.813718|[g:1][CONSENSUS][PBFT]checkAndChangeView: Reach consensus,org_view=509,org_changeCycle=0,cur_changeCycle=0,to_view=510
info|2019-12-05 00:03:01.814252|[g:1][CONSENSUS]addRawPrepare,height=29,reqIdx=2,hash=5119fe3e...
info|2019-12-05 00:03:01.814504|[g:1][CONSENSUS][PBFT]checkTimeout Succ,view=510,toView=511,nodeIdx=1,changeCycle=0,myNode=7683f020...,timecost=0.183
info|2019-12-05 00:03:01.817158|[g:1][CONSENSUS][PBFT]checkAndChangeView: Reach consensus,org_view=510,org_changeCycle=0,cur_changeCycle=0,to_view=511
info|2019-12-05 00:03:02.817219|[g:1][CONSENSUS]addRawPrepare,height=29,reqIdx=3,hash=23474b04...
info|2019-12-05 00:03:02.817731|[g:1][CONSENSUS][PBFT]checkTimeout Succ,view=511,toView=512,nodeIdx=1,changeCycle=0,myNode=7683f020...,timecost=0.453
info|2019-12-05 00:03:02.819776|[g:1][CONSENSUS][PBFT]checkAndChangeView: Reach consensus,org_view=511,org_changeCycle=0,cur_changeCycle=0,to_view=512
info|2019-12-05 00:03:03.822130|[g:1][CONSENSUS]addRawPrepare,height=29,reqIdx=0,hash=09b5a990...
info|2019-12-05 00:03:03.822388|[g:1][CONSENSUS][PBFT]checkTimeout Succ,view=512,toView=513,nodeIdx=1,changeCycle=0,myNode=7683f020...,timecost=0.195
info|2019-12-05 00:03:03.825448|[g:1][CONSENSUS][PBFT]checkAndChangeView: Reach consensus,org_view=512,org_changeCycle=0,cur_changeCycle=0,to_view=513
info|2019-12-05 00:03:04.825597|[g:1][CONSENSUS][SEALER]++++++++++++++++ Generating seal on,blkNum=29,tx=0,nodeIdx=1,hash=cee21980...
info|2019-12-05 00:03:04.827625|[g:1][CONSENSUS][PBFT]checkTimeout Succ,view=513,toView=514,nodeIdx=1,changeCycle=0,myNode=7683f020...,timecost=0.196
info|2019-12-05 00:03:04.833911|[g:1][CONSENSUS][PBFT]checkAndChangeView: Reach consensus,org_view=513,org_changeCycle=0,cur_changeCycle=0,to_view=514
info|2019-12-05 00:03:05.829790|[g:1][CONSENSUS]addRawPrepare,height=29,reqIdx=2,hash=6d892137...
info|2019-12-05 00:03:05.830038|[g:1][CONSENSUS][PBFT]checkTimeout Succ,view=514,toView=515,nodeIdx=1,changeCycle=0,myNode=7683f020...,timecost=0.183
info|2019-12-05 00:03:05.832391|[g:1][CONSENSUS][PBFT]checkAndChangeView: Reach consensus,org_view=514,org_changeCycle=0,cur_changeCycle=0,to_view=515
info|2019-12-05 00:03:06.833088|[g:1][CONSENSUS]addRawPrepare,height=29,reqIdx=3,hash=4c88e75d...
info|2019-12-05 00:03:06.833336|[g:1][CONSENSUS][PBFT]checkTimeout Succ,view=515,toView=516,nodeIdx=1,changeCycle=0,myNode=7683f020...,timecost=0.182
info|2019-12-05 00:03:06.835981|[g:1][CONSENSUS][PBFT]checkAndChangeView: Reach consensus,org_view=515,org_changeCycle=0,cur_changeCycle=0,to_view=516
info|2019-12-05 00:03:07.081055|[P2P][Service] heartBeat,connected count=3
info|2019-12-05 00:03:07.837965|[g:1][CONSENSUS]addRawPrepare,height=29,reqIdx=0,hash=431f25b5...
info|2019-12-05 00:03:07.838236|[g:1][CONSENSUS][PBFT]checkTimeout Succ,view=516,toView=517,nodeIdx=1,changeCycle=0,myNode=7683f020...,timecost=0.181
info|2019-12-05 00:03:07.839704|[g:1][CONSENSUS][PBFT]checkAndChangeView: Reach consensus,org_view=516,org_changeCycle=0,cur_changeCycle=0,to_view=517
info|2019-12-05 00:03:08.839805|[g:1][CONSENSUS][SEALER]++++++++++++++++ Generating seal on,blkNum=29,tx=0,nodeIdx=1,hash=f7098462...
info|2019-12-05 00:03:08.842823|[g:1][CONSENSUS][PBFT]checkTimeout Succ,view=517,toView=518,nodeIdx=1,changeCycle=0,myNode=7683f020...,timecost=0.18
info|2019-12-05 00:03:08.843410|[g:1][CONSENSUS][PBFT]checkAndChangeView: Reach consensus,org_view=517,org_changeCycle=0,cur_changeCycle=0,to_view=518
info|2019-12-05 00:03:09.843419|[g:1][CONSENSUS]addRawPrepare,height=29,reqIdx=2,hash=48b8c681...
info|2019-12-05 00:03:09.843659|[g:1][CONSENSUS][PBFT]checkTimeout Succ,view=518,toView=519,nodeIdx=1,changeCycle=0,myNode=7683f020...,timecost=0.178
info|2019-12-05 00:03:09.847066|[g:1][CONSENSUS][PBFT]checkAndChangeView: Reach consensus,org_view=518,org_changeCycle=0,cur_changeCycle=0,to_view=519
info|2019-12-05 00:03:10.847181|[g:1][CONSENSUS]addRawPrepare,height=29,reqIdx=3,hash=1d46efc4...
info|2019-12-05 00:03:10.847490|[g:1][CONSENSUS][PBFT]checkTimeout Succ,view=519,toView=520,nodeIdx=1,changeCycle=0,myNode=7683f020...,timecost=0.243
info|2019-12-05 00:03:10.850454|[g:1][CONSENSUS][PBFT]checkAndChangeView: Reach consensus,org_view=519,org_changeCycle=0,cur_changeCycle=0,to_view=520
info|2019-12-05 00:03:11.850640|[g:1][CONSENSUS]addRawPrepare,height=29,reqIdx=0,hash=6a985bb3...
info|2019-12-05 00:03:11.850887|[g:1][CONSENSUS][PBFT]checkTimeout Succ,view=520,toView=521,nodeIdx=1,changeCycle=0,myNode=7683f020...,timecost=0.181
info|2019-12-05 00:03:11.853508|[g:1][CONSENSUS][PBFT]checkAndChangeView: Reach consensus,org_view=520,org_changeCycle=0,cur_changeCycle=0,to_view=521
info|2019-12-05 00:03:12.853412|[g:1][CONSENSUS][SEALER]++++++++++++++++ Generating seal on,blkNum=29,tx=0,nodeIdx=1,hash=94272fe7...
info|2019-12-05 00:03:12.855338|[g:1][CONSENSUS][PBFT]checkTimeout Succ,view=521,toView=522,nodeIdx=1,changeCycle=0,myNode=7683f020...,timecost=0.178
info|2019-12-05 00:03:12.855917|[g:1][CONSENSUS][PBFT]checkAndChangeView: Reach consensus,org_view=521,org_changeCycle=0,cur_changeCycle=0,to_view=522
info|2019-12-05 00:03:13.859188|[g:1][CONSENSUS]addRawPrepare,height=29,reqIdx=2,hash=96aa5d08...
info|2019-12-05 00:03:13.859436|[g:1][CONSENSUS][PBFT]checkTimeout Succ,view=522,toView=523,nodeIdx=1,changeCycle=0,myNode=7683f020...,timecost=0.182
info|2019-12-05 00:03:13.861735|[g:1][CONSENSUS][PBFT]checkAndChangeView: Reach consensus,org_view=522,org_changeCycle=0,cur_changeCycle=0,to_view=523
info|2019-12-05 00:03:14.864097|[g:1][CONSENSUS]addRawPrepare,height=29,reqIdx=3,hash=cc517f9e...
info|2019-12-05 00:03:14.864360|[g:1][CONSENSUS][PBFT]checkTimeout Succ,view=523,toView=524,nodeIdx=1,changeCycle=0,myNode=7683f020...,timecost=0.183
info|2019-12-05 00:03:14.867062|[g:1][CONSENSUS][PBFT]checkAndChangeView: Reach consensus,org_view=523,org_changeCycle=0,cur_changeCycle=0,to_view=524
info|2019-12-05 00:03:15.867900|[g:1][CONSENSUS]addRawPrepare,height=29,reqIdx=0,hash=08af20d9...
info|2019-12-05 00:03:15.868143|[g:1][CONSENSUS][PBFT]checkTimeout Succ,view=524,toView=525,nodeIdx=1,changeCycle=0,myNode=7683f020...,timecost=0.179
info|2019-12-05 00:03:15.870718|[g:1][CONSENSUS][PBFT]checkAndChangeView: Reach consensus,org_view=524,org_changeCycle=0,cur_changeCycle=0,to_view=525
info|2019-12-05 00:03:16.870749|[g:1][CONSENSUS][SEALER]++++++++++++++++ Generating seal on,blkNum=29,tx=0,nodeIdx=1,hash=2c30ad2f...
info|2019-12-05 00:03:16.873182|[g:1][CONSENSUS][PBFT]checkTimeout Succ,view=525,toView=526,nodeIdx=1,changeCycle=0,myNode=7683f020...,timecost=0.178
info|2019-12-05 00:03:16.873454|[g:1][CONSENSUS][PBFT]checkAndChangeView: Reach consensus,org_view=525,org_changeCycle=0,cur_changeCycle=0,to_view=526
info|2019-12-05 00:03:17.082373|[P2P][Service] heartBeat,connected count=3
info|2019-12-05 00:03:17.877727|[g:1][CONSENSUS]addRawPrepare,height=29,reqIdx=2,hash=e7e94bdd...
info|2019-12-05 00:03:17.878067|[g:1][CONSENSUS][PBFT]checkTimeout Succ,view=526,toView=527,nodeIdx=1,changeCycle=0,myNode=7683f020...,timecost=0.28
info|2019-12-05 00:03:17.878874|[g:1][CONSENSUS][PBFT]checkAndChangeView: Reach consensus,org_view=526,org_changeCycle=0,cur_changeCycle=0,to_view=527
info|2019-12-05 00:03:18.882692|[g:1][CONSENSUS]addRawPrepare,height=29,reqIdx=3,hash=569c44bd...
info|2019-12-05 00:03:18.882934|[g:1][CONSENSUS][PBFT]checkTimeout Succ,view=527,toView=528,nodeIdx=1,changeCycle=0,myNode=7683f020...,timecost=0.177
info|2019-12-05 00:03:18.885096|[g:1][CONSENSUS][PBFT]checkAndChangeView: Reach consensus,org_view=527,org_changeCycle=0,cur_changeCycle=0,to_view=528
info|2019-12-05 00:03:19.887364|[g:1][CONSENSUS]addRawPrepare,height=29,reqIdx=0,hash=a29e43f2...
info|2019-12-05 00:03:19.888952|[g:1][CONSENSUS][PBFT]checkTimeout Succ,view=528,toView=529,nodeIdx=1,changeCycle=0,myNode=7683f020...,timecost=1.563
info|2019-12-05 00:03:19.890119|[g:1][CONSENSUS][PBFT]checkAndChangeView: Reach consensus,org_view=528,org_changeCycle=0,cur_changeCycle=0,to_view=529
info|2019-12-05 00:03:20.890370|[g:1][CONSENSUS][SEALER]++++++++++++++++ Generating seal on,blkNum=29,tx=0,nodeIdx=1,hash=93cdcc72...
info|2019-12-05 00:03:20.892828|[g:1][CONSENSUS][PBFT]checkTimeout Succ,view=529,toView=530,nodeIdx=1,changeCycle=0,myNode=7683f020...,timecost=0.21
info|2019-12-05 00:03:20.894371|[g:1][CONSENSUS][PBFT]checkAndChangeView: Reach consensus,org_view=529,org_changeCycle=0,cur_changeCycle=0,to_view=530
info|2019-12-05 00:03:21.896520|[g:1][CONSENSUS]addRawPrepare,height=29,reqIdx=2,hash=b61d4432...
info|2019-12-05 00:03:21.896758|[g:1][CONSENSUS][PBFT]checkTimeout Succ,view=530,toView=531,nodeIdx=1,changeCycle=0,myNode=7683f020...,timecost=0.174
info|2019-12-05 00:03:21.899131|[g:1][CONSENSUS][PBFT]checkAndChangeView: Reach consensus,org_view=530,org_changeCycle=0,cur_changeCycle=0,to_view=531
info|2019-12-05 00:03:22.899937|[g:1][CONSENSUS]addRawPrepare,height=29,reqIdx=3,hash=74a83434...
info|2019-12-05 00:03:22.900247|[g:1][CONSENSUS][PBFT]checkTimeout Succ,view=531,toView=532,nodeIdx=1,changeCycle=0,myNode=7683f020...,timecost=0.241
info|2019-12-05 00:03:22.902853|[g:1][CONSENSUS][PBFT]checkAndChangeView: Reach consensus,org_view=531,org_changeCycle=0,cur_changeCycle=0,to_view=532
info|2019-12-05 00:03:23.905190|[g:1][CONSENSUS]addRawPrepare,height=29,reqIdx=0,hash=d9e36162...
info|2019-12-05 00:03:23.905425|[g:1][CONSENSUS][PBFT]checkTimeout Succ,view=532,toView=533,nodeIdx=1,changeCycle=0,myNode=7683f020...,timecost=0.174
info|2019-12-05 00:03:23.907059|[g:1][CONSENSUS][PBFT]checkAndChangeView: Reach consensus,org_view=532,org_changeCycle=0,cur_changeCycle=0,to_view=533
info|2019-12-05 00:03:24.907189|[g:1][CONSENSUS][SEALER]++++++++++++++++ Generating seal on,blkNum=29,tx=0,nodeIdx=1,hash=942a4d93...
info|2019-12-05 00:03:24.910008|[g:1][CONSENSUS][PBFT]checkTimeout Succ,view=533,toView=534,nodeIdx=1,changeCycle=0,myNode=7683f020...,timecost=0.246
info|2019-12-05 00:03:24.910282|[g:1][CONSENSUS][PBFT]checkAndChangeView: Reach consensus,org_view=533,org_changeCycle=0,cur_changeCycle=0,to_view=534
                                                                                                                                                                                                                                                                                                                                                                                                                                                                                                                                                                                                                                                                                                                                                                                                                                                                                                                                                                                                                                                                                                                                                                                                                                                                                                                                                                                                                                                                                                                                                                                                         