warning|2019-12-12 14:34:15.853879|[g:1][CONSENSUS][PBFT]ViewChangeWarning: not caused by omit empty block ,v=1670,toV=1671,curNum=240,hash=49951fa7...,nodeIdx=1,myNode=7683f020...
info|2019-12-12 14:34:15.854117|[g:1][CONSENSUS][PBFT]checkTimeout Succ,view=1670,toView=1671,nodeIdx=1,changeCycle=1,myNode=7683f020...,timecost=0.407
info|2019-12-12 14:34:15.902181|[g:1][CONSENSUS][PBFT]checkAndChangeView: Reach consensus,org_view=1670,org_changeCycle=1,cur_changeCycle=1,to_view=1671
info|2019-12-12 14:34:17.136325|[g:1][CONSENSUS]addRawPrepare,height=241,reqIdx=3,hash=e9bc58a7...
info|2019-12-12 14:34:17.136805|[g:1][CONSENSUS][PBFT]checkTimeout Succ,view=1671,toView=1672,nodeIdx=1,changeCycle=0,myNode=7683f020...,timecost=0.232
info|2019-12-12 14:34:17.249809|[g:1][CONSENSUS][PBFT]checkAndChangeView: Reach consensus,org_view=1671,org_changeCycle=0,cur_changeCycle=0,to_view=1672
info|2019-12-12 14:34:17.929086|[P2P][Service] heartBeat,connected count=3
info|2019-12-12 14:34:18.261388|[g:1][CONSENSUS]addRawPrepare,height=241,reqIdx=0,hash=e64eac67...
info|2019-12-12 14:34:18.261789|[g:1][CONSENSUS][PBFT]checkTimeout Succ,view=1672,toView=1673,nodeIdx=1,changeCycle=0,myNode=7683f020...,timecost=0.268
info|2019-12-12 14:34:18.262501|[g:1][CONSENSUS][PBFT]checkAndChangeView: Reach consensus,org_view=1672,org_changeCycle=0,cur_changeCycle=0,to_view=1673
info|2019-12-12 14:34:19.262321|[g:1][CONSENSUS][SEALER]++++++++++++++++ Generating seal on,blkNum=241,tx=0,nodeIdx=1,hash=591392d4...
info|2019-12-12 14:34:19.268978|[g:1][CONSENSUS][PBFT]checkTimeout Succ,view=1673,toView=1674,nodeIdx=1,changeCycle=0,myNode=7683f020...,timecost=0.244
info|2019-12-12 14:34:19.269946|[g:1][CONSENSUS][PBFT]checkAndChangeView: Reach consensus,org_view=1673,org_changeCycle=0,cur_changeCycle=0,to_view=1674
info|2019-12-12 14:34:20.301380|[g:1][CONSENSUS]addRawPrepare,height=241,reqIdx=2,hash=98972a63...
info|2019-12-12 14:34:20.301760|[g:1][CONSENSUS][PBFT]checkTimeout Succ,view=1674,toView=1675,nodeIdx=1,changeCycle=0,myNode=7683f020...,timecost=0.27
info|2019-12-12 14:34:20.307093|[g:1][CONSENSUS][PBFT]checkAndChangeView: Reach consensus,org_view=1674,org_changeCycle=0,cur_changeCycle=0,to_view=1675
info|2019-12-12 14:34:21.798929|[g:1][CONSENSUS]addRawPrepare,height=241,reqIdx=3,hash=1bd5a442...
info|2019-12-12 14:34:21.799368|[g:1][CONSENSUS][PBFT]checkTimeout Succ,view=1675,toView=1676,nodeIdx=1,changeCycle=0,myNode=7683f020...,timecost=0.304
info|2019-12-12 14:34:21.800108|[g:1][CONSENSUS][PBFT]checkAndChangeView: Reach consensus,org_view=1675,org_changeCycle=0,cur_changeCycle=0,to_view=1676
info|2019-12-12 14:34:22.803361|[g:1][CONSENSUS]addRawPrepare,height=241,reqIdx=0,hash=7d5f1775...
info|2019-12-12 14:34:22.808261|[g:1][CONSENSUS][PBFT]checkTimeout Succ,view=1676,toView=1677,nodeIdx=1,changeCycle=0,myNode=7683f020...,timecost=4.823
info|2019-12-12 14:34:22.862532|[g:1][CONSENSUS][PBFT]checkAndChangeView: Reach consensus,org_view=1676,org_changeCycle=0,cur_changeCycle=0,to_view=1677
