warning|2019-12-12 19:42:41.186041|[g:1][CONSENSUS][PBFT]ViewChangeWarning: not caused by omit empty block ,v=1677,toV=1678,curNum=240,hash=49951fa7...,nodeIdx=1,myNode=7683f020...
info|2019-12-12 19:42:41.186549|[g:1][CONSENSUS][PBFT]checkTimeout Succ,view=1677,toView=1678,nodeIdx=1,changeCycle=1,myNode=7683f020...,timecost=0.726
info|2019-12-12 19:42:41.309266|[g:1][CONSENSUS][PBFT]checkAndChangeView: Reach consensus,org_view=1677,org_changeCycle=1,cur_changeCycle=1,to_view=1678
info|2019-12-12 19:42:42.014755|[g:1][CONSENSUS]addRawPrepare,height=241,reqIdx=2,hash=b0471dd4...
info|2019-12-12 19:42:42.282454|[g:1][CONSENSUS][PBFT]checkTimeout Succ,view=1678,toView=1679,nodeIdx=1,changeCycle=0,myNode=7683f020...,timecost=267.669
info|2019-12-12 19:42:42.283306|[g:1][CONSENSUS][PBFT]checkAndChangeView: Reach consensus,org_view=1678,org_changeCycle=0,cur_changeCycle=0,to_view=1679
info|2019-12-12 19:42:42.493915|[g:1][CONSENSUS][PBFT]Trigger fast-viewchange,view=1679,toView=1679,minView=1680,INFO=,reqNum=240,curNum=240,GenIdx=3,Cview=1680,view=1679,fromIdx=3,fromNode=b5092dbe...,fromIp=127.0.0.1:39388,hash=49951fa7...,nodeIdx=1,myNode=7683f020...
info|2019-12-12 19:42:42.532607|[g:1][CONSENSUS][PBFT]checkAndChangeView: Reach consensus,org_view=1679,org_changeCycle=0,cur_changeCycle=0,to_view=1680
info|2019-12-12 19:42:42.532775|[g:1][CONSENSUS][PBFT]checkTimeout Succ,view=1680,toView=1680,nodeIdx=1,changeCycle=0,myNode=7683f020...,timecost=38.446
info|2019-12-12 19:42:43.216360|[g:1][CONSENSUS]addRawPrepare,height=241,reqIdx=0,hash=54be4f51...
info|2019-12-12 19:42:43.250932|[P2P][Service] heartBeat,connected count=3
info|2019-12-12 19:42:43.253465|[g:1][CONSENSUS][PBFT]checkTimeout Succ,view=1680,toView=1681,nodeIdx=1,changeCycle=0,myNode=7683f020...,timecost=0.577
info|2019-12-12 19:42:43.415312|[g:1][CONSENSUS][PBFT]checkAndChangeView: Reach consensus,org_view=1680,org_changeCycle=0,cur_changeCycle=0,to_view=1681
info|2019-12-12 19:42:44.417817|[g:1][CONSENSUS][SEALER]++++++++++++++++ Generating seal on,blkNum=241,tx=0,nodeIdx=1,hash=d5dcf39d...
info|2019-12-12 19:42:44.437450|[g:1][CONSENSUS][PBFT]checkTimeout Succ,view=1681,toView=1682,nodeIdx=1,changeCycle=0,myNode=7683f020...,timecost=0.448
info|2019-12-12 19:42:44.444116|[g:1][CONSENSUS][PBFT]checkAndChangeView: Reach consensus,org_view=1681,org_changeCycle=0,cur_changeCycle=0,to_view=1682
info|2019-12-12 19:42:45.507458|[g:1][CONSENSUS]addRawPrepare,height=241,reqIdx=2,hash=db4dbdb1...
info|2019-12-12 19:42:45.507786|[g:1][CONSENSUS][PBFT]checkTimeout Succ,view=1682,toView=1683,nodeIdx=1,changeCycle=0,myNode=7683f020...,timecost=0.296
info|2019-12-12 19:42:45.853960|[g:1][CONSENSUS][PBFT]checkAndChangeView: Reach consensus,org_view=1682,org_changeCycle=0,cur_changeCycle=0,to_view=1683
info|2019-12-12 19:42:47.353842|[g:1][CONSENSUS]addRawPrepare,height=241,reqIdx=3,hash=55e32d31...
info|2019-12-12 19:42:47.544005|[g:1][CONSENSUS][PBFT]checkTimeout Succ,view=1683,toView=1684,nodeIdx=1,changeCycle=0,myNode=7683f020...,timecost=0.345
info|2019-12-12 19:42:47.618838|[g:1][CONSENSUS][PBFT]checkAndChangeView: Reach consensus,org_view=1683,org_changeCycle=0,cur_changeCycle=0,to_view=1684
info|2019-12-12 19:42:48.809774|[g:1][CONSENSUS]addRawPrepare,height=241,reqIdx=0,hash=a5f86509...
info|2019-12-12 19:42:48.810349|[g:1][CONSENSUS][PBFT]checkTimeout Succ,view=1684,toView=1685,nodeIdx=1,changeCycle=0,myNode=7683f020...,timecost=0.357
info|2019-12-12 19:42:49.152988|[g:1][CONSENSUS][PBFT]checkAndChangeView: Reach consensus,org_view=1684,org_changeCycle=0,cur_changeCycle=0,to_view=1685
info|2019-12-12 19:42:50.165782|[g:1][CONSENSUS][SEALER]++++++++++++++++ Generating seal on,blkNum=241,tx=0,nodeIdx=1,hash=d97675fc...
info|2019-12-12 19:42:50.252630|[g:1][CONSENSUS][PBFT]checkTimeout Succ,view=1685,toView=1686,nodeIdx=1,changeCycle=0,myNode=7683f020...,timecost=10.31
info|2019-12-12 19:42:50.378372|[g:1][CONSENSUS][PBFT]checkAndChangeView: Reach consensus,org_view=1685,org_changeCycle=0,cur_changeCycle=0,to_view=1686
info|2019-12-12 19:42:51.349186|[g:1][CONSENSUS]addRawPrepare,height=241,reqIdx=2,hash=13fe4946...
info|2019-12-12 19:42:51.349501|[g:1][CONSENSUS][PBFT]checkTimeout Succ,view=1686,toView=1687,nodeIdx=1,changeCycle=0,myNode=7683f020...,timecost=0.288
info|2019-12-12 19:42:51.458496|[g:1][CONSENSUS][PBFT]checkAndChangeView: Reach consensus,org_view=1686,org_changeCycle=0,cur_changeCycle=0,to_view=1687
info|2019-12-12 19:42:52.422363|[g:1][CONSENSUS]addRawPrepare,height=241,reqIdx=3,hash=673381b2...
info|2019-12-12 19:42:52.505725|[g:1][CONSENSUS][PBFT]checkTimeout Succ,view=1687,toView=1688,nodeIdx=1,changeCycle=0,myNode=7683f020...,timecost=1.879
info|2019-12-12 19:42:52.506728|[g:1][CONSENSUS][PBFT]checkAndChangeView: Reach consensus,org_view=1687,org_changeCycle=0,cur_changeCycle=0,to_view=1688
info|2019-12-12 19:42:53.251060|[P2P][Service] heartBeat,connected count=3
info|2019-12-12 19:42:53.621119|[g:1][CONSENSUS]addRawPrepare,height=241,reqIdx=0,hash=545bd88f...
info|2019-12-12 19:42:53.622034|[g:1][CONSENSUS][PBFT]checkTimeout Succ,view=1688,toView=1689,nodeIdx=1,changeCycle=0,myNode=7683f020...,timecost=0.616
info|2019-12-12 19:42:53.623270|[g:1][CONSENSUS][PBFT]checkAndChangeView: Reach consensus,org_view=1688,org_changeCycle=0,cur_changeCycle=0,to_view=1689
info|2019-12-12 19:42:54.623644|[g:1][CONSENSUS][SEALER]++++++++++++++++ Generating seal on,blkNum=241,tx=0,nodeIdx=1,hash=00daa175...
info|2019-12-12 19:42:54.727130|[g:1][CONSENSUS][PBFT]checkTimeout Succ,view=1689,toView=1690,nodeIdx=1,changeCycle=0,myNode=7683f020...,timecost=3.686
info|2019-12-12 19:42:54.985286|[g:1][CONSENSUS][PBFT]checkAndChangeView: Reach consensus,org_view=1689,org_changeCycle=0,cur_changeCycle=0,to_view=1690
info|2019-12-12 19:42:56.007218|[g:1][CONSENSUS]addRawPrepare,height=241,reqIdx=2,hash=bea2eab9...
info|2019-12-12 19:42:56.194972|[g:1][CONSENSUS][PBFT]checkTimeout Succ,view=1690,toView=1691,nodeIdx=1,changeCycle=0,myNode=7683f020...,timecost=187.597
info|2019-12-12 19:42:56.196187|[g:1][CONSENSUS][PBFT]checkAndChangeView: Reach consensus,org_view=1690,org_changeCycle=0,cur_changeCycle=0,to_view=1691
info|2019-12-12 19:42:57.205701|[g:1][CONSENSUS]addRawPrepare,height=241,reqIdx=3,hash=08d323c3...
info|2019-12-12 19:42:57.206453|[g:1][CONSENSUS][PBFT]checkTimeout Succ,view=1691,toView=1692,nodeIdx=1,changeCycle=0,myNode=7683f020...,timecost=0.451
info|2019-12-12 19:42:57.748454|[g:1][CONSENSUS][PBFT]checkAndChangeView: Reach consensus,org_view=1691,org_changeCycle=0,cur_changeCycle=0,to_view=1692
info|2019-12-12 19:42:58.718400|[g:1][CONSENSUS]addRawPrepare,height=241,reqIdx=0,hash=0fdbef6d...
info|2019-12-12 19:42:58.719275|[g:1][CONSENSUS][PBFT]checkTimeout Succ,view=1692,toView=1693,nodeIdx=1,changeCycle=0,myNode=7683f020...,timecost=0.625
info|2019-12-12 19:42:58.752377|[g:1][CONSENSUS][PBFT]checkAndChangeView: Reach consensus,org_view=1692,org_changeCycle=0,cur_changeCycle=0,to_view=1693
info|2019-12-12 19:42:59.759579|[g:1][CONSENSUS][SEALER]++++++++++++++++ Generating seal on,blkNum=241,tx=0,nodeIdx=1,hash=3b5afcca...
info|2019-12-12 19:42:59.779166|[g:1][CONSENSUS][PBFT]checkTimeout Succ,view=1693,toView=1694,nodeIdx=1,changeCycle=0,myNode=7683f020...,timecost=0.366
info|2019-12-12 19:42:59.989223|[g:1][CONSENSUS][PBFT]checkAndChangeView: Reach consensus,org_view=1693,org_changeCycle=0,cur_changeCycle=0,to_view=1694
info|2019-12-12 19:43:01.576950|[g:1][CONSENSUS]addRawPrepare,height=241,reqIdx=2,hash=86e4454b...
info|2019-12-12 19:43:01.580124|[g:1][CONSENSUS][PBFT]checkTimeout Succ,view=1694,toView=1695,nodeIdx=1,changeCycle=0,myNode=7683f020...,timecost=2.785
info|2019-12-12 19:43:01.582941|[g:1][CONSENSUS][PBFT]checkAndChangeView: Reach consensus,org_view=1694,org_changeCycle=0,cur_changeCycle=0,to_view=1695
info|2019-12-12 19:43:02.642050|[g:1][CONSENSUS]addRawPrepare,height=241,reqIdx=3,hash=6dfdf94c...
info|2019-12-12 19:43:02.684957|[g:1][CONSENSUS][PBFT]checkTimeout Succ,view=1695,toView=1696,nodeIdx=1,changeCycle=0,myNode=7683f020...,timecost=8.004
info|2019-12-12 19:43:02.685512|[g:1][CONSENSUS][PBFT]checkAndChangeView: Reach consensus,org_view=1695,org_changeCycle=0,cur_changeCycle=0,to_view=1696
info|2019-12-12 19:43:03.259121|[P2P][Service] heartBeat,connected count=3
info|2019-12-12 19:43:03.687385|[g:1][CONSENSUS]addRawPrepare,height=241,reqIdx=0,hash=5199ffb6...
info|2019-12-12 19:43:03.787026|[g:1][CONSENSUS][PBFT]checkTimeout Succ,view=1696,toView=1697,nodeIdx=1,changeCycle=0,myNode=7683f020...,timecost=99.444
info|2019-12-12 19:43:03.903997|[g:1][CONSENSUS][PBFT]checkAndChangeView: Reach consensus,org_view=1696,org_changeCycle=0,cur_changeCycle=0,to_view=1697
info|2019-12-12 19:43:04.907534|[g:1][CONSENSUS][SEALER]++++++++++++++++ Generating seal on,blkNum=241,tx=0,nodeIdx=1,hash=fb235d25...
info|2019-12-12 19:43:04.976146|[g:1][CONSENSUS][PBFT]checkTimeout Succ,view=1697,toView=1698,nodeIdx=1,changeCycle=0,myNode=7683f020...,timecost=19.274
info|2019-12-12 19:43:05.011686|[g:1][CONSENSUS][PBFT]checkAndChangeView: Reach consensus,org_view=1697,org_changeCycle=0,cur_changeCycle=0,to_view=1698
info|2019-12-12 19:43:06.185940|[g:1][CONSENSUS]addRawPrepare,height=241,reqIdx=2,hash=9517207d...
info|2019-12-12 19:43:06.186456|[g:1][CONSENSUS][PBFT]checkTimeout Succ,view=1698,toView=1699,nodeIdx=1,changeCycle=0,myNode=7683f020...,timecost=0.312
info|2019-12-12 19:43:06.333459|[g:1][CONSENSUS][PBFT]checkAndChangeView: Reach consensus,org_view=1698,org_changeCycle=0,cur_changeCycle=0,to_view=1699
info|2019-12-12 19:43:07.399593|[g:1][CONSENSUS]addRawPrepare,height=241,reqIdx=3,hash=439b6317...
info|2019-12-12 19:43:07.495553|[g:1][CONSENSUS][PBFT]checkTimeout Succ,view=1699,toView=1700,nodeIdx=1,changeCycle=0,myNode=7683f020...,timecost=95.793
info|2019-12-12 19:43:07.496651|[g:1][CONSENSUS][PBFT]checkAndChangeView: Reach consensus,org_view=1699,org_changeCycle=0,cur_changeCycle=0,to_view=1700
info|2019-12-12 19:43:08.665757|[g:1][CONSENSUS]addRawPrepare,height=241,reqIdx=0,hash=6fabb462...
info|2019-12-12 19:43:08.666406|[g:1][CONSENSUS][PBFT]checkTimeout Succ,view=1700,toView=1701,nodeIdx=1,changeCycle=0,myNode=7683f020...,timecost=0.338
info|2019-12-12 19:43:08.670358|[g:1][CONSENSUS][PBFT]checkAndChangeView: Reach consensus,org_view=1700,org_changeCycle=0,cur_changeCycle=0,to_view=1701
info|2019-12-12 19:43:09.673769|[g:1][CONSENSUS][SEALER]++++++++++++++++ Generating seal on,blkNum=241,tx=0,nodeIdx=1,hash=c823f6b5...
info|2019-12-12 19:43:09.987671|[g:1][CONSENSUS][PBFT]checkTimeout Succ,view=1701,toView=1702,nodeIdx=1,changeCycle=0,myNode=7683f020...,timecost=0.307
info|2019-12-12 19:43:10.292706|[g:1][CONSENSUS][PBFT]checkAndChangeView: Reach consensus,org_view=1701,org_changeCycle=0,cur_changeCycle=0,to_view=1702
info|2019-12-12 19:43:11.331722|[g:1][CONSENSUS]addRawPrepare,height=241,reqIdx=2,hash=c10d7711...
info|2019-12-12 19:43:11.469304|[g:1][CONSENSUS][PBFT]checkTimeout Succ,view=1702,toView=1703,nodeIdx=1,changeCycle=0,myNode=7683f020...,timecost=98.081
info|2019-12-12 19:43:11.470414|[g:1][CONSENSUS][PBFT]checkAndChangeView: Reach consensus,org_view=1702,org_changeCycle=0,cur_changeCycle=0,to_view=1703
info|2019-12-12 19:43:12.526895|[g:1][CONSENSUS]addRawPrepare,height=241,reqIdx=3,hash=4ee94136...
info|2019-12-12 19:43:12.580188|[g:1][CONSENSUS][PBFT]checkTimeout Succ,view=1703,toView=1704,nodeIdx=1,changeCycle=0,myNode=7683f020...,timecost=52.817
info|2019-12-12 19:43:12.696370|[g:1][CONSENSUS][PBFT]checkAndChangeView: Reach consensus,org_view=1703,org_changeCycle=0,cur_changeCycle=0,to_view=1704
info|2019-12-12 19:43:13.267167|[P2P][Service] heartBeat,connected count=3
info|2019-12-12 19:43:13.721270|[g:1][CONSENSUS]addRawPrepare,height=241,reqIdx=0,hash=496eb426...
info|2019-12-12 19:43:14.051152|[g:1][CONSENSUS][PBFT]checkTimeout Succ,view=1704,toView=1705,nodeIdx=1,changeCycle=0,myNode=7683f020...,timecost=73.341
info|2019-12-12 19:43:14.089803|[g:1][CONSENSUS][PBFT]checkAndChangeView: Reach consensus,org_view=1704,org_changeCycle=0,cur_changeCycle=0,to_view=1705
info|2019-12-12 19:43:15.516723|[g:1][CONSENSUS][SEALER]++++++++++++++++ Generating seal on,blkNum=241,tx=0,nodeIdx=1,hash=2cb9934d...
info|2019-12-12 19:43:15.805381|[g:1][CONSENSUS][PBFT]checkTimeout Succ,view=1705,toView=1706,nodeIdx=1,changeCycle=0,myNode=7683f020...,timecost=13.235
info|2019-12-12 19:43:15.823383|[g:1][CONSENSUS][PBFT]checkAndChangeView: Reach consensus,org_view=1705,org_changeCycle=0,cur_changeCycle=0,to_view=1706
info|2019-12-12 19:43:16.878686|[g:1][CONSENSUS]addRawPrepare,height=241,reqIdx=2,hash=36d0e246...
info|2019-12-12 19:43:16.879702|[g:1][CONSENSUS][PBFT]checkTimeout Succ,view=1706,toView=1707,nodeIdx=1,changeCycle=0,myNode=7683f020...,timecost=0.981
info|2019-12-12 19:43:16.881170|[g:1][CONSENSUS][PBFT]checkAndChangeView: Reach consensus,org_view=1706,org_changeCycle=0,cur_changeCycle=0,to_view=1707
info|2019-12-12 19:43:18.124505|[g:1][CONSENSUS]addRawPrepare,height=241,reqIdx=3,hash=98446da5...
info|2019-12-12 19:43:18.124990|[g:1][CONSENSUS][PBFT]checkTimeout Succ,view=1707,toView=1708,nodeIdx=1,changeCycle=0,myNode=7683f020...,timecost=0.265
info|2019-12-12 19:43:18.150204|[g:1][CONSENSUS][PBFT]checkAndChangeView: Reach consensus,org_view=1707,org_changeCycle=0,cur_changeCycle=0,to_view=1708
info|2019-12-12 19:43:19.215055|[g:1][CONSENSUS]addRawPrepare,height=241,reqIdx=0,hash=e83b2abd...
info|2019-12-12 19:43:19.329053|[g:1][CONSENSUS][PBFT]checkTimeout Succ,view=1708,toView=1709,nodeIdx=1,changeCycle=0,myNode=7683f020...,timecost=0.562
info|2019-12-12 19:43:19.344555|[g:1][CONSENSUS][PBFT]checkAndChangeView: Reach consensus,org_view=1708,org_changeCycle=0,cur_changeCycle=0,to_view=1709
info|2019-12-12 19:43:20.350917|[g:1][CONSENSUS][SEALER]++++++++++++++++ Generating seal on,blkNum=241,tx=0,nodeIdx=1,hash=a98b339a...
info|2019-12-12 19:43:20.468667|[g:1][CONSENSUS][PBFT]checkTimeout Succ,view=1709,toView=1710,nodeIdx=1,changeCycle=0,myNode=7683f020...,timecost=111.412
info|2019-12-12 19:43:20.473314|[g:1][CONSENSUS][PBFT]checkAndChangeView: Reach consensus,org_view=1709,org_changeCycle=0,cur_changeCycle=0,to_view=1710
info|2019-12-12 19:43:21.631703|[g:1][CONSENSUS]addRawPrepare,height=241,reqIdx=2,hash=2f9f28ef...
info|2019-12-12 19:43:21.633321|[g:1][CONSENSUS][PBFT]checkTimeout Succ,view=1710,toView=1711,nodeIdx=1,changeCycle=0,myNode=7683f020...,timecost=0.997
info|2019-12-12 19:43:21.677229|[g:1][CONSENSUS][PBFT]checkAndChangeView: Reach consensus,org_view=1710,org_changeCycle=0,cur_changeCycle=0,to_view=1711
info|2019-12-12 19:43:22.701139|[g:1][CONSENSUS]addRawPrepare,height=241,reqIdx=3,hash=a1f0f346...
info|2019-12-12 19:43:23.083725|[g:1][CONSENSUS][PBFT]checkTimeout Succ,view=1711,toView=1712,nodeIdx=1,changeCycle=0,myNode=7683f020...,timecost=0.599
info|2019-12-12 19:43:23.104663|[g:1][CONSENSUS][PBFT]checkAndChangeView: Reach consensus,org_view=1711,org_changeCycle=0,cur_changeCycle=0,to_view=1712
info|2019-12-12 19:43:23.343374|[P2P][Service] heartBeat,connected count=3
info|2019-12-12 19:43:24.102046|[g:1][CONSENSUS]addRawPrepare,height=241,reqIdx=0,hash=e7031a2b...
info|2019-12-12 19:43:24.264132|[g:1][CONSENSUS][PBFT]checkTimeout Succ,view=1712,toView=1713,nodeIdx=1,changeCycle=0,myNode=7683f020...,timecost=151.334
info|2019-12-12 19:43:24.265677|[g:1][CONSENSUS][PBFT]checkAndChangeView: Reach consensus,org_view=1712,org_changeCycle=0,cur_changeCycle=0,to_view=1713
info|2019-12-12 19:43:25.266845|[g:1][CONSENSUS][SEALER]++++++++++++++++ Generating seal on,blkNum=241,tx=0,nodeIdx=1,hash=ea638339...
info|2019-12-12 19:43:25.316780|[g:1][CONSENSUS][PBFT]checkTimeout Succ,view=1713,toView=1714,nodeIdx=1,changeCycle=0,myNode=7683f020...,timecost=26.112
info|2019-12-12 19:43:25.321882|[g:1][CONSENSUS][PBFT]checkAndChangeView: Reach consensus,org_view=1713,org_changeCycle=0,cur_changeCycle=0,to_view=1714
info|2019-12-12 19:43:26.538719|[g:1][CONSENSUS]addRawPrepare,height=241,reqIdx=2,hash=9f42cb62...
info|2019-12-12 19:43:26.547111|[g:1][CONSENSUS][PBFT]checkTimeout Succ,view=1714,toView=1715,nodeIdx=1,changeCycle=0,myNode=7683f020...,timecost=0.35
info|2019-12-12 19:43:26.641543|[g:1][CONSENSUS][PBFT]checkAndChangeView: Reach consensus,org_view=1714,org_changeCycle=0,cur_changeCycle=0,to_view=1715
info|2019-12-12 19:43:27.604201|[g:1][CONSENSUS]addRawPrepare,height=241,reqIdx=3,hash=c33a2655...
info|2019-12-12 19:43:27.712318|[g:1][CONSENSUS][PBFT]checkTimeout Succ,view=1715,toView=1716,nodeIdx=1,changeCycle=0,myNode=7683f020...,timecost=20.849
info|2019-12-12 19:43:27.798977|[g:1][CONSENSUS][PBFT]checkAndChangeView: Reach consensus,org_view=1715,org_changeCycle=0,cur_changeCycle=0,to_view=1716
info|2019-12-12 19:43:28.855253|[g:1][CONSENSUS]addRawPrepare,height=241,reqIdx=0,hash=ba4e4079...
info|2019-12-12 19:43:28.871383|[g:1][CONSENSUS][PBFT]checkTimeout Succ,view=1716,toView=1717,nodeIdx=1,changeCycle=0,myNode=7683f020...,timecost=1.508
info|2019-12-12 19:43:28.966927|[g:1][CONSENSUS][PBFT]checkAndChangeView: Reach consensus,org_view=1716,org_changeCycle=0,cur_changeCycle=0,to_view=1717
info|2019-12-12 19:43:29.967751|[g:1][CONSENSUS][SEALER]++++++++++++++++ Generating seal on,blkNum=241,tx=0,nodeIdx=1,hash=b16fa007...
info|2019-12-12 19:43:30.014826|[g:1][CONSENSUS][PBFT]checkTimeout Succ,view=1717,toView=1718,nodeIdx=1,changeCycle=0,myNode=7683f020...,timecost=0.248
info|2019-12-12 19:43:30.087001|[g:1][CONSENSUS][PBFT]checkAndChangeView: Reach consensus,org_view=1717,org_changeCycle=0,cur_changeCycle=0,to_view=1718
info|2019-12-12 19:43:31.159754|[g:1][CONSENSUS]addRawPrepare,height=241,reqIdx=2,hash=04093708...
info|2019-12-12 19:43:31.160202|[g:1][CONSENSUS][PBFT]checkTimeout Succ,view=1718,toView=1719,nodeIdx=1,changeCycle=0,myNode=7683f020...,timecost=0.427
info|2019-12-12 19:43:31.192292|[g:1][CONSENSUS][PBFT]checkAndChangeView: Reach consensus,org_view=1718,org_changeCycle=0,cur_changeCycle=0,to_view=1719
info|2019-12-12 19:43:32.216613|[g:1][CONSENSUS]addRawPrepare,height=241,reqIdx=3,hash=27a7c052...
info|2019-12-12 19:43:32.474968|[g:1][CONSENSUS][PBFT]checkTimeout Succ,view=1719,toView=1720,nodeIdx=1,changeCycle=0,myNode=7683f020...,timecost=166.64
info|2019-12-12 19:43:32.475853|[g:1][CONSENSUS][PBFT]checkAndChangeView: Reach consensus,org_view=1719,org_changeCycle=0,cur_changeCycle=0,to_view=1720
info|2019-12-12 19:43:33.348476|[P2P][Service] heartBeat,connected count=3
info|2019-12-12 19:43:33.494105|[g:1][CONSENSUS]addRawPrepare,height=241,reqIdx=0,hash=734167f3...
info|2019-12-12 19:43:33.575209|[g:1][CONSENSUS][PBFT]checkTimeout Succ,view=1720,toView=1721,nodeIdx=1,changeCycle=0,myNode=7683f020...,timecost=1.742
info|2019-12-12 19:43:33.615211|[g:1][CONSENSUS][PBFT]checkAndChangeView: Reach consensus,org_view=1720,org_changeCycle=0,cur_changeCycle=0,to_view=1721
info|2019-12-12 19:43:34.616228|[g:1][CONSENSUS][SEALER]++++++++++++++++ Generating seal on,blkNum=241,tx=0,nodeIdx=1,hash=52fbcedd...
info|2019-12-12 19:43:34.641451|[g:1][CONSENSUS][PBFT]checkTimeout Succ,view=1721,toView=1722,nodeIdx=1,changeCycle=0,myNode=7683f020...,timecost=0.293
info|2019-12-12 19:43:34.761316|[g:1][CONSENSUS][PBFT]checkAndChangeView: Reach consensus,org_view=1721,org_changeCycle=0,cur_changeCycle=0,to_view=1722
info|2019-12-12 19:43:35.736932|[g:1][CONSENSUS]addRawPrepare,height=241,reqIdx=2,hash=3e5522fb...
info|2019-12-12 19:43:35.806158|[g:1][CONSENSUS][PBFT]checkTimeout Succ,view=1722,toView=1723,nodeIdx=1,changeCycle=0,myNode=7683f020...,timecost=0.695
info|2019-12-12 19:43:35.807076|[g:1][CONSENSUS][PBFT]checkAndChangeView: Reach consensus,org_view=1722,org_changeCycle=0,cur_changeCycle=0,to_view=1723
info|2019-12-12 19:43:36.846952|[g:1][CONSENSUS]addRawPrepare,height=241,reqIdx=3,hash=82f958dd...
info|2019-12-12 19:43:36.861164|[g:1][CONSENSUS][PBFT]checkTimeout Succ,view=1723,toView=1724,nodeIdx=1,changeCycle=0,myNode=7683f020...,timecost=13.282
info|2019-12-12 19:43:36.862910|[g:1][CONSENSUS][PBFT]checkAndChangeView: Reach consensus,org_view=1723,org_changeCycle=0,cur_changeCycle=0,to_view=1724
info|2019-12-12 19:43:38.162013|[g:1][CONSENSUS]addRawPrepare,height=241,reqIdx=0,hash=7551a1a1...
info|2019-12-12 19:43:38.162753|[g:1][CONSENSUS][PBFT]checkTimeout Succ,view=1724,toView=1725,nodeIdx=1,changeCycle=0,myNode=7683f020...,timecost=0.584
info|2019-12-12 19:43:38.249902|[g:1][CONSENSUS][PBFT]checkAndChangeView: Reach consensus,org_view=1724,org_changeCycle=0,cur_changeCycle=0,to_view=1725
info|2019-12-12 19:43:39.313059|[g:1][CONSENSUS][SEALER]++++++++++++++++ Generating seal on,blkNum=241,tx=0,nodeIdx=1,hash=a230335f...
info|2019-12-12 19:43:39.500988|[g:1][CONSENSUS][PBFT]checkTimeout Succ,view=1725,toView=1726,nodeIdx=1,changeCycle=0,myNode=7683f020...,timecost=0.299
info|2019-12-12 19:43:39.502359|[g:1][CONSENSUS][PBFT]checkAndChangeView: Reach consensus,org_view=1725,org_changeCycle=0,cur_changeCycle=0,to_view=1726
info|2019-12-12 19:43:40.536215|[g:1][CONSENSUS]addRawPrepare,height=241,reqIdx=2,hash=f793bcef...
info|2019-12-12 19:43:40.601459|[g:1][CONSENSUS][PBFT]checkTimeout Succ,view=1726,toView=1727,nodeIdx=1,changeCycle=0,myNode=7683f020...,timecost=29.991
info|2019-12-12 19:43:40.602372|[g:1][CONSENSUS][PBFT]checkAndChangeView: Reach consensus,org_view=1726,org_changeCycle=0,cur_changeCycle=0,to_view=1727
info|2019-12-12 19:43:41.648677|[g:1][CONSENSUS]addRawPrepare,height=241,reqIdx=3,hash=80be92fa...
info|2019-12-12 19:43:41.653380|[g:1][CONSENSUS][PBFT]checkTimeout Succ,view=1727,toView=1728,nodeIdx=1,changeCycle=0,myNode=7683f020...,timecost=2.875
info|2019-12-12 19:43:41.673063|[g:1][CONSENSUS][PBFT]checkAndChangeView: Reach consensus,org_view=1727,org_changeCycle=0,cur_changeCycle=0,to_view=1728
info|2019-12-12 19:43:42.679978|[g:1][CONSENSUS]addRawPrepare,height=241,reqIdx=0,hash=7f8beb48...
info|2019-12-12 19:43:42.680286|[g:1][CONSENSUS][PBFT]checkTimeout Succ,view=1728,toView=1729,nodeIdx=1,changeCycle=0,myNode=7683f020...,timecost=0.227
info|2019-12-12 19:43:42.742831|[g:1][CONSENSUS][PBFT]checkAndChangeView: Reach consensus,org_view=1728,org_changeCycle=0,cur_changeCycle=0,to_view=1729
info|2019-12-12 19:43:43.348819|[P2P][Service] heartBeat,connected count=3
info|2019-12-12 19:43:43.749655|[g:1][CONSENSUS][SEALER]++++++++++++++++ Generating seal on,blkNum=241,tx=0,nodeIdx=1,hash=2d7af3f1...
info|2019-12-12 19:43:43.795025|[g:1][CONSENSUS][PBFT]checkTimeout Succ,view=1729,toView=1730,nodeIdx=1,changeCycle=0,myNode=7683f020...,timecost=0.434
info|2019-12-12 19:43:43.797195|[g:1][CONSENSUS][PBFT]checkAndChangeView: Reach consensus,org_view=1729,org_changeCycle=0,cur_changeCycle=0,to_view=1730
info|2019-12-12 19:43:44.805964|[g:1][CONSENSUS]addRawPrepare,height=241,reqIdx=2,hash=596f7e18...
info|2019-12-12 19:43:44.806338|[g:1][CONSENSUS][PBFT]checkTimeout Succ,view=1730,toView=1731,nodeIdx=1,changeCycle=0,myNode=7683f020...,timecost=0.236
info|2019-12-12 19:43:44.830305|[g:1][CONSENSUS][PBFT]checkAndChangeView: Reach consensus,org_view=1730,org_changeCycle=0,cur_changeCycle=0,to_view=1731
info|2019-12-12 19:43:45.812097|[g:1][CONSENSUS]addRawPrepare,height=241,reqIdx=3,hash=21f5e398...
info|2019-12-12 19:43:45.813661|[g:1][CONSENSUS][PBFT]checkTimeout Succ,view=1731,toView=1732,nodeIdx=1,changeCycle=0,myNode=7683f020...,timecost=1.38
info|2019-12-12 19:43:45.823769|[g:1][CONSENSUS][PBFT]checkAndChangeView: Reach consensus,org_view=1731,org_changeCycle=0,cur_changeCycle=0,to_view=1732
info|2019-12-12 19:43:46.931159|[g:1][CONSENSUS]addRawPrepare,height=241,reqIdx=0,hash=3103de7f...
info|2019-12-12 19:43:46.956409|[g:1][CONSENSUS][PBFT]checkTimeout Succ,view=1732,toView=1733,nodeIdx=1,changeCycle=0,myNode=7683f020...,timecost=24.795
info|2019-12-12 19:43:46.957922|[g:1][CONSENSUS][PBFT]checkAndChangeView: Reach consensus,org_view=1732,org_changeCycle=0,cur_changeCycle=0,to_view=1733
info|2019-12-12 19:43:47.991275|[g:1][CONSENSUS][SEALER]++++++++++++++++ Generating seal on,blkNum=241,tx=0,nodeIdx=1,hash=9091a4fe...
info|2019-12-12 19:43:48.049490|[g:1][CONSENSUS][PBFT]checkTimeout Succ,view=1733,toView=1734,nodeIdx=1,changeCycle=0,myNode=7683f020...,timecost=0.738
info|2019-12-12 19:43:48.050096|[g:1][CONSENSUS][PBFT]checkAndChangeView: Reach consensus,org_view=1733,org_changeCycle=0,cur_changeCycle=0,to_view=1734
info|2019-12-12 19:43:49.111563|[g:1][CONSENSUS]addRawPrepare,height=241,reqIdx=2,hash=1f1ed9af...
info|2019-12-12 19:43:49.112489|[g:1][CONSENSUS][PBFT]checkTimeout Succ,view=1734,toView=1735,nodeIdx=1,changeCycle=0,myNode=7683f020...,timecost=0.877
info|2019-12-12 19:43:49.112800|[g:1][CONSENSUS][PBFT]checkAndChangeView: Reach consensus,org_view=1734,org_changeCycle=0,cur_changeCycle=0,to_view=1735
info|2019-12-12 19:43:50.146570|[g:1][CONSENSUS]addRawPrepare,height=241,reqIdx=3,hash=cc6f3226...
info|2019-12-12 19:43:50.147090|[g:1][CONSENSUS][PBFT]checkTimeout Succ,view=1735,toView=1736,nodeIdx=1,changeCycle=0,myNode=7683f020...,timecost=0.313
info|2019-12-12 19:43:50.198846|[g:1][CONSENSUS][PBFT]checkAndChangeView: Reach consensus,org_view=1735,org_changeCycle=0,cur_changeCycle=0,to_view=1736
info|2019-12-12 19:43:51.482822|[g:1][CONSENSUS]addRawPrepare,height=241,reqIdx=0,hash=5e40dd68...
info|2019-12-12 19:43:51.483801|[g:1][CONSENSUS][PBFT]checkTimeout Succ,view=1736,toView=1737,nodeIdx=1,changeCycle=0,myNode=7683f020...,timecost=0.599
info|2019-12-12 19:43:51.578571|[g:1][CONSENSUS][PBFT]checkAndChangeView: Reach consensus,org_view=1736,org_changeCycle=0,cur_changeCycle=0,to_view=1737
info|2019-12-12 19:43:52.586755|[g:1][CONSENSUS][SEALER]++++++++++++++++ Generating seal on,blkNum=241,tx=0,nodeIdx=1,hash=8d503cbb...
info|2019-12-12 19:43:52.774631|[g:1][CONSENSUS][PBFT]checkTimeout Succ,view=1737,toView=1738,nodeIdx=1,changeCycle=0,myNode=7683f020...,timecost=98.404
info|2019-12-12 19:43:52.776238|[g:1][CONSENSUS][PBFT]checkAndChangeView: Reach consensus,org_view=1737,org_changeCycle=0,cur_changeCycle=0,to_view=1738
info|2019-12-12 19:43:53.427214|[P2P][Service] heartBeat,connected count=3
info|2019-12-12 19:43:54.004752|[g:1][CONSENSUS]addRawPrepare,height=241,reqIdx=2,hash=1e368cfe...
info|2019-12-12 19:43:54.048091|[g:1][CONSENSUS][PBFT]checkTimeout Succ,view=1738,toView=1739,nodeIdx=1,changeCycle=0,myNode=7683f020...,timecost=43.232
info|2019-12-12 19:43:54.048848|[g:1][CONSENSUS][PBFT]checkAndChangeView: Reach consensus,org_view=1738,org_changeCycle=0,cur_changeCycle=0,to_view=1739
info|2019-12-12 19:43:55.169268|[g:1][CONSENSUS]addRawPrepare,height=241,reqIdx=3,hash=9b539331...
info|2019-12-12 19:43:55.169785|[g:1][CONSENSUS][PBFT]checkTimeout Succ,view=1739,toView=1740,nodeIdx=1,changeCycle=0,myNode=7683f020...,timecost=0.392
info|2019-12-12 19:43:55.174599|[g:1][CONSENSUS][PBFT]checkAndChangeView: Reach consensus,org_view=1739,org_changeCycle=0,cur_changeCycle=0,to_view=1740
info|2019-12-12 19:43:56.218285|[g:1][CONSENSUS]addRawPrepare,height=241,reqIdx=0,hash=f4a0bec5...
info|2019-12-12 19:43:56.219847|[g:1][CONSENSUS][PBFT]checkTimeout Succ,view=1740,toView=1741,nodeIdx=1,changeCycle=0,myNode=7683f020...,timecost=1.223
info|2019-12-12 19:43:56.221959|[g:1][CONSENSUS][PBFT]checkAndChangeView: Reach consensus,org_view=1740,org_changeCycle=0,cur_changeCycle=0,to_view=1741
info|2019-12-12 19:43:57.221868|[g:1][CONSENSUS][SEALER]++++++++++++++++ Generating seal on,blkNum=241,tx=0,nodeIdx=1,hash=656dcac5...
info|2019-12-12 19:43:57.223040|[g:1][CONSENSUS][PBFT]checkTimeout Succ,view=1741,toView=1742,nodeIdx=1,changeCycle=0,myNode=7683f020...,timecost=0.481
info|2019-12-12 19:43:57.245816|[g:1][CONSENSUS][PBFT]checkAndChangeView: Reach consensus,org_view=1741,org_changeCycle=0,cur_changeCycle=0,to_view=1742
info|2019-12-12 19:43:58.258701|[g:1][CONSENSUS]addRawPrepare,height=241,reqIdx=2,hash=3c93f887...
info|2019-12-12 19:43:58.259270|[g:1][CONSENSUS][PBFT]checkTimeout Succ,view=1742,toView=1743,nodeIdx=1,changeCycle=0,myNode=7683f020...,timecost=0.463
info|2019-12-12 19:43:58.285235|[g:1][CONSENSUS][PBFT]checkAndChangeView: Reach consensus,org_view=1742,org_changeCycle=0,cur_changeCycle=0,to_view=1743
info|2019-12-12 19:43:59.395328|[g:1][CONSENSUS]addRawPrepare,height=241,reqIdx=3,hash=5a4ec10a...
info|2019-12-12 19:43:59.407548|[g:1][CONSENSUS][PBFT]checkTimeout Succ,view=1743,toView=1744,nodeIdx=1,changeCycle=0,myNode=7683f020...,timecost=1.217
info|2019-12-12 19:43:59.415398|[g:1][CONSENSUS][PBFT]checkAndChangeView: Reach consensus,org_view=1743,org_changeCycle=0,cur_changeCycle=0,to_view=1744
info|2019-12-12 19:44:00.435379|[g:1][CONSENSUS]addRawPrepare,height=241,reqIdx=0,hash=19dabc2b...
info|2019-12-12 19:44:00.435777|[g:1][CONSENSUS][PBFT]checkTimeout Succ,view=1744,toView=1745,nodeIdx=1,changeCycle=0,myNode=7683f020...,timecost=0.252
info|2019-12-12 19:44:00.437268|[g:1][CONSENSUS][PBFT]checkAndChangeView: Reach consensus,org_view=1744,org_changeCycle=0,cur_changeCycle=0,to_view=1745
info|2019-12-12 19:44:01.453786|[g:1][CONSENSUS][SEALER]++++++++++++++++ Generating seal on,blkNum=241,tx=0,nodeIdx=1,hash=3e77f7d2...
info|2019-12-12 19:44:01.454448|[g:1][CONSENSUS][PBFT]checkTimeout Succ,view=1745,toView=1746,nodeIdx=1,changeCycle=0,myNode=7683f020...,timecost=0.342
info|2019-12-12 19:44:01.509700|[g:1][CONSENSUS][PBFT]checkAndChangeView: Reach consensus,org_view=1745,org_changeCycle=0,cur_changeCycle=0,to_view=1746
info|2019-12-12 19:44:02.522359|[g:1][CONSENSUS]addRawPrepare,height=241,reqIdx=2,hash=53a03da2...
info|2019-12-12 19:44:02.524231|[g:1][CONSENSUS][PBFT]checkTimeout Succ,view=1746,toView=1747,nodeIdx=1,changeCycle=0,myNode=7683f020...,timecost=1.356
info|2019-12-12 19:44:02.597380|[g:1][CONSENSUS][PBFT]checkAndChangeView: Reach consensus,org_view=1746,org_changeCycle=0,cur_changeCycle=0,to_view=1747
info|2019-12-12 19:44:03.436296|[P2P][Service] heartBeat,connected count=3
info|2019-12-12 19:44:03.637224|[g:1][CONSENSUS]addRawPrepare,height=241,reqIdx=3,hash=51c454c3...
info|2019-12-12 19:44:03.637667|[g:1][CONSENSUS][PBFT]checkTimeout Succ,view=1747,toView=1748,nodeIdx=1,changeCycle=0,myNode=7683f020...,timecost=0.257
info|2019-12-12 19:44:03.703583|[g:1][CONSENSUS][PBFT]checkAndChangeView: Reach consensus,org_view=1747,org_changeCycle=0,cur_changeCycle=0,to_view=1748
info|2019-12-12 19:44:04.777011|[g:1][CONSENSUS]addRawPrepare,height=241,reqIdx=0,hash=89b60659...
info|2019-12-12 19:44:04.843471|[g:1][CONSENSUS][PBFT]checkTimeout Succ,view=1748,toView=1749,nodeIdx=1,changeCycle=0,myNode=7683f020...,timecost=0.227
info|2019-12-12 19:44:04.844294|[g:1][CONSENSUS][PBFT]checkAndChangeView: Reach consensus,org_view=1748,org_changeCycle=0,cur_changeCycle=0,to_view=1749
info|2019-12-12 19:44:05.851553|[g:1][CONSENSUS][SEALER]++++++++++++++++ Generating seal on,blkNum=241,tx=0,nodeIdx=1,hash=5d91ca9e...
info|2019-12-12 19:44:05.864878|[g:1][CONSENSUS][PBFT]checkTimeout Succ,view=1749,toView=1750,nodeIdx=1,changeCycle=0,myNode=7683f020...,timecost=0.253
info|2019-12-12 19:44:05.963483|[g:1][CONSENSUS][PBFT]checkAndChangeView: Reach consensus,org_view=1749,org_changeCycle=0,cur_changeCycle=0,to_view=1750
info|2019-12-12 19:44:06.983731|[g:1][CONSENSUS]addRawPrepare,height=241,reqIdx=2,hash=b68d3556...
info|2019-12-12 19:44:06.984093|[g:1][CONSENSUS][PBFT]checkTimeout Succ,view=1750,toView=1751,nodeIdx=1,changeCycle=0,myNode=7683f020...,timecost=0.257
info|2019-12-12 19:44:06.985948|[g:1][CONSENSUS][PBFT]checkAndChangeView: Reach consensus,org_view=1750,org_changeCycle=0,cur_changeCycle=0,to_view=1751
info|2019-12-12 19:44:08.025781|[g:1][CONSENSUS]addRawPrepare,height=241,reqIdx=3,hash=a8e2eab4...
info|2019-12-12 19:44:08.044171|[g:1][CONSENSUS][PBFT]checkTimeout Succ,view=1751,toView=1752,nodeIdx=1,changeCycle=0,myNode=7683f020...,timecost=0.434
info|2019-12-12 19:44:08.166614|[g:1][CONSENSUS][PBFT]checkAndChangeView: Reach consensus,org_view=1751,org_changeCycle=0,cur_changeCycle=0,to_view=1752
info|2019-12-12 19:44:09.069519|[g:1][CONSENSUS]addRawPrepare,height=241,reqIdx=0,hash=c785bfb8...
info|2019-12-12 19:44:09.069912|[g:1][CONSENSUS][PBFT]checkTimeout Succ,view=1752,toView=1753,nodeIdx=1,changeCycle=0,myNode=7683f020...,timecost=0.219
info|2019-12-12 19:44:09.072576|[g:1][CONSENSUS][PBFT]checkAndChangeView: Reach consensus,org_view=1752,org_changeCycle=0,cur_changeCycle=0,to_view=1753
info|2019-12-12 19:44:10.089391|[g:1][CONSENSUS][SEALER]++++++++++++++++ Generating seal on,blkNum=241,tx=0,nodeIdx=1,hash=7bdb4247...
info|2019-12-12 19:44:10.169076|[g:1][CONSENSUS][PBFT]checkTimeout Succ,view=1753,toView=1754,nodeIdx=1,changeCycle=0,myNode=7683f020...,timecost=73.262
info|2019-12-12 19:44:10.170138|[g:1][CONSENSUS][PBFT]checkAndChangeView: Reach consensus,org_view=1753,org_changeCycle=0,cur_changeCycle=0,to_view=1754
info|2019-12-12 19:44:11.172980|[g:1][CONSENSUS]addRawPrepare,height=241,reqIdx=2,hash=50c9f6f7...
info|2019-12-12 19:44:11.244916|[g:1][CONSENSUS][PBFT]checkTimeout Succ,view=1754,toView=1755,nodeIdx=1,changeCycle=0,myNode=7683f020...,timecost=71.412
info|2019-12-12 19:44:11.245755|[g:1][CONSENSUS][PBFT]checkAndChangeView: Reach consensus,org_view=1754,org_changeCycle=0,cur_changeCycle=0,to_view=1755
info|2019-12-12 19:44:12.271070|[g:1][CONSENSUS]addRawPrepare,height=241,reqIdx=3,hash=b7d21ac7...
info|2019-12-12 19:44:12.271541|[g:1][CONSENSUS][PBFT]checkTimeout Succ,view=1755,toView=1756,nodeIdx=1,changeCycle=0,myNode=7683f020...,timecost=0.359
info|2019-12-12 19:44:12.275325|[g:1][CONSENSUS][PBFT]checkAndChangeView: Reach consensus,org_view=1755,org_changeCycle=0,cur_changeCycle=0,to_view=1756
info|2019-12-12 19:44:13.280553|[g:1][CONSENSUS]addRawPrepare,height=241,reqIdx=0,hash=83ee387f...
info|2019-12-12 19:44:13.280855|[g:1][CONSENSUS][PBFT]checkTimeout Succ,view=1756,toView=1757,nodeIdx=1,changeCycle=0,myNode=7683f020...,timecost=0.205
info|2019-12-12 19:44:13.283692|[g:1][CONSENSUS][PBFT]checkAndChangeView: Reach consensus,org_view=1756,org_changeCycle=0,cur_changeCycle=0,to_view=1757
info|2019-12-12 19:44:13.436375|[P2P][Service] heartBeat,connected count=3
info|2019-12-12 19:44:14.287313|[g:1][CONSENSUS][SEALER]++++++++++++++++ Generating seal on,blkNum=241,tx=0,nodeIdx=1,hash=adf3d9e7...
info|2019-12-12 19:44:14.350509|[g:1][CONSENSUS][PBFT]checkTimeout Succ,view=1757,toView=1758,nodeIdx=1,changeCycle=0,myNode=7683f020...,timecost=0.33
info|2019-12-12 19:44:14.351153|[g:1][CONSENSUS][PBFT]checkAndChangeView: Reach consensus,org_view=1757,org_changeCycle=0,cur_changeCycle=0,to_view=1758
info|2019-12-12 19:44:15.361413|[g:1][CONSENSUS]addRawPrepare,height=241,reqIdx=2,hash=08f52879...
info|2019-12-12 19:44:15.423275|[g:1][CONSENSUS][PBFT]checkTimeout Succ,view=1758,toView=1759,nodeIdx=1,changeCycle=0,myNode=7683f020...,timecost=8.263
info|2019-12-12 19:44:15.424225|[g:1][CONSENSUS][PBFT]checkAndChangeView: Reach consensus,org_view=1758,org_changeCycle=0,cur_changeCycle=0,to_view=1759
info|2019-12-12 19:44:16.455014|[g:1][CONSENSUS]addRawPrepare,height=241,reqIdx=3,hash=67df25cf...
info|2019-12-12 19:44:16.455970|[g:1][CONSENSUS][PBFT]checkTimeout Succ,view=1759,toView=1760,nodeIdx=1,changeCycle=0,myNode=7683f020...,timecost=0.679
info|2019-12-12 19:44:16.457113|[g:1][CONSENSUS][PBFT]checkAndChangeView: Reach consensus,org_view=1759,org_changeCycle=0,cur_changeCycle=0,to_view=1760
info|2019-12-12 19:44:17.455753|[g:1][CONSENSUS]addRawPrepare,height=241,reqIdx=0,hash=83a9bd35...
info|2019-12-12 19:44:17.457849|[g:1][CONSENSUS][PBFT]checkTimeout Succ,view=1760,toView=1761,nodeIdx=1,changeCycle=0,myNode=7683f020...,timecost=1.803
info|2019-12-12 19:44:17.458933|[g:1][CONSENSUS][PBFT]checkAndChangeView: Reach consensus,org_view=1760,org_changeCycle=0,cur_changeCycle=0,to_view=1761
info|2019-12-12 19:44:18.459864|[g:1][CONSENSUS][SEALER]++++++++++++++++ Generating seal on,blkNum=241,tx=0,nodeIdx=1,hash=5468f4de...
info|2019-12-12 19:44:18.571339|[g:1][CONSENSUS][PBFT]checkTimeout Succ,view=1761,toView=1762,nodeIdx=1,changeCycle=0,myNode=7683f020...,timecost=0.381
info|2019-12-12 19:44:18.636637|[g:1][CONSENSUS][PBFT]checkAndChangeView: Reach consensus,org_view=1761,org_changeCycle=0,cur_changeCycle=0,to_view=1762
info|2019-12-12 19:44:19.721283|[g:1][CONSENSUS]addRawPrepare,height=241,reqIdx=2,hash=d51de3eb...
info|2019-12-12 19:44:19.721698|[g:1][CONSENSUS][PBFT]checkTimeout Succ,view=1762,toView=1763,nodeIdx=1,changeCycle=0,myNode=7683f020...,timecost=0.288
info|2019-12-12 19:44:19.745917|[g:1][CONSENSUS][PBFT]checkAndChangeView: Reach consensus,org_view=1762,org_changeCycle=0,cur_changeCycle=0,to_view=1763
info|2019-12-12 19:44:20.785872|[g:1][CONSENSUS]addRawPrepare,height=241,reqIdx=3,hash=0edd42c0...
info|2019-12-12 19:44:20.786193|[g:1][CONSENSUS][PBFT]checkTimeout Succ,view=1763,toView=1764,nodeIdx=1,changeCycle=0,myNode=7683f020...,timecost=0.244
info|2019-12-12 19:44:20.815305|[g:1][CONSENSUS][PBFT]checkAndChangeView: Reach consensus,org_view=1763,org_changeCycle=0,cur_changeCycle=0,to_view=1764
info|2019-12-12 19:44:21.876101|[g:1][CONSENSUS]addRawPrepare,height=241,reqIdx=0,hash=c942c426...
info|2019-12-12 19:44:21.876585|[g:1][CONSENSUS][PBFT]checkTimeout Succ,view=1764,toView=1765,nodeIdx=1,changeCycle=0,myNode=7683f020...,timecost=0.378
info|2019-12-12 19:44:21.956945|[g:1][CONSENSUS][PBFT]checkAndChangeView: Reach consensus,org_view=1764,org_changeCycle=0,cur_changeCycle=0,to_view=1765
info|2019-12-12 19:44:22.957735|[g:1][CONSENSUS][SEALER]++++++++++++++++ Generating seal on,blkNum=241,tx=0,nodeIdx=1,hash=81e72603...
info|2019-12-12 19:44:22.960896|[g:1][CONSENSUS][PBFT]checkTimeout Succ,view=1765,toView=1766,nodeIdx=1,changeCycle=0,myNode=7683f020...,timecost=0.257
info|2019-12-12 19:44:22.961184|[g:1][CONSENSUS][PBFT]checkAndChangeView: Reach consensus,org_view=1765,org_changeCycle=0,cur_changeCycle=0,to_view=1766
info|2019-12-12 19:44:23.451286|[P2P][Service] heartBeat,connected count=3
info|2019-12-12 19:44:23.964133|[g:1][CONSENSUS]addRawPrepare,height=241,reqIdx=2,hash=d2cd0211...
info|2019-12-12 19:44:23.964479|[g:1][CONSENSUS][PBFT]checkTimeout Succ,view=1766,toView=1767,nodeIdx=1,changeCycle=0,myNode=7683f020...,timecost=0.276
info|2019-12-12 19:44:23.966285|[g:1][CONSENSUS][PBFT]checkAndChangeView: Reach consensus,org_view=1766,org_changeCycle=0,cur_changeCycle=0,to_view=1767
info|2019-12-12 19:44:24.992219|[g:1][CONSENSUS]addRawPrepare,height=241,reqIdx=3,hash=29ed5944...
info|2019-12-12 19:44:24.992591|[g:1][CONSENSUS][PBFT]checkTimeout Succ,view=1767,toView=1768,nodeIdx=1,changeCycle=0,myNode=7683f020...,timecost=0.202
info|2019-12-12 19:44:24.999440|[g:1][CONSENSUS][PBFT]checkAndChangeView: Reach consensus,org_view=1767,org_changeCycle=0,cur_changeCycle=0,to_view=1768
info|2019-12-12 19:44:26.063834|[g:1][CONSENSUS]addRawPrepare,height=241,reqIdx=0,hash=9a01c379...
info|2019-12-12 19:44:26.064150|[g:1][CONSENSUS][PBFT]checkTimeout Succ,view=1768,toView=1769,nodeIdx=1,changeCycle=0,myNode=7683f020...,timecost=0.182
info|2019-12-12 19:44:26.261129|[g:1][CONSENSUS][PBFT]checkAndChangeView: Reach consensus,org_view=1768,org_changeCycle=0,cur_changeCycle=0,to_view=1769
info|2019-12-12 19:44:27.261586|[g:1][CONSENSUS][SEALER]++++++++++++++++ Generating seal on,blkNum=241,tx=0,nodeIdx=1,hash=34075b4a...
info|2019-12-12 19:44:27.341686|[g:1][CONSENSUS][PBFT]checkTimeout Succ,view=1769,toView=1770,nodeIdx=1,changeCycle=0,myNode=7683f020...,timecost=19.123
info|2019-12-12 19:44:27.342248|[g:1][CONSENSUS][PBFT]checkAndChangeView: Reach consensus,org_view=1769,org_changeCycle=0,cur_changeCycle=0,to_view=1770
info|2019-12-12 19:44:28.412121|[g:1][CONSENSUS]addRawPrepare,height=241,reqIdx=2,hash=fc0916b9...
info|2019-12-12 19:44:28.412405|[g:1][CONSENSUS][PBFT]checkTimeout Succ,view=1770,toView=1771,nodeIdx=1,changeCycle=0,myNode=7683f020...,timecost=0.256
info|2019-12-12 19:44:28.414282|[g:1][CONSENSUS][PBFT]checkAndChangeView: Reach consensus,org_view=1770,org_changeCycle=0,cur_changeCycle=0,to_view=1771
info|2019-12-12 19:44:29.414004|[g:1][CONSENSUS]addRawPrepare,height=241,reqIdx=3,hash=8e801517...
info|2019-12-12 19:44:29.414461|[g:1][CONSENSUS][PBFT]checkTimeout Succ,view=1771,toView=1772,nodeIdx=1,changeCycle=0,myNode=7683f020...,timecost=0.328
info|2019-12-12 19:44:29.417802|[g:1][CONSENSUS][PBFT]checkAndChangeView: Reach consensus,org_view=1771,org_changeCycle=0,cur_changeCycle=0,to_view=1772
info|2019-12-12 19:44:30.446351|[g:1][CONSENSUS]addRawPrepare,height=241,reqIdx=0,hash=3696045b...
info|2019-12-12 19:44:30.446696|[g:1][CONSENSUS][PBFT]checkTimeout Succ,view=1772,toView=1773,nodeIdx=1,changeCycle=0,myNode=7683f020...,timecost=0.261
info|2019-12-12 19:44:30.481777|[g:1][CONSENSUS][PBFT]checkAndChangeView: Reach consensus,org_view=1772,org_changeCycle=0,cur_changeCycle=0,to_view=1773
info|2019-12-12 19:44:31.481370|[g:1][CONSENSUS][SEALER]++++++++++++++++ Generating seal on,blkNum=241,tx=0,nodeIdx=1,hash=06333d34...
info|2019-12-12 19:44:31.616796|[g:1][CONSENSUS][PBFT]checkTimeout Succ,view=1773,toView=1774,nodeIdx=1,changeCycle=0,myNode=7683f020...,timecost=0.483
info|2019-12-12 19:44:31.617235|[g:1][CONSENSUS][PBFT]checkAndChangeView: Reach consensus,org_view=1773,org_changeCycle=0,cur_changeCycle=0,to_view=1774
info|2019-12-12 19:44:32.620049|[g:1][CONSENSUS]addRawPrepare,height=241,reqIdx=2,hash=d3769eca...
info|2019-12-12 19:44:32.620324|[g:1][CONSENSUS][PBFT]checkTimeout Succ,view=1774,toView=1775,nodeIdx=1,changeCycle=0,myNode=7683f020...,timecost=0.206
info|2019-12-12 19:44:32.622314|[g:1][CONSENSUS][PBFT]checkAndChangeView: Reach consensus,org_view=1774,org_changeCycle=0,cur_changeCycle=0,to_view=1775
info|2019-12-12 19:44:33.451704|[P2P][Service] heartBeat,connected count=3
info|2019-12-12 19:44:33.637791|[g:1][CONSENSUS]addRawPrepare,height=241,reqIdx=3,hash=a3bfb847...
info|2019-12-12 19:44:33.638489|[g:1][CONSENSUS][PBFT]checkTimeout Succ,view=1775,toView=1776,nodeIdx=1,changeCycle=0,myNode=7683f020...,timecost=0.378
info|2019-12-12 19:44:33.657501|[g:1][CONSENSUS][PBFT]checkAndChangeView: Reach consensus,org_view=1775,org_changeCycle=0,cur_changeCycle=0,to_view=1776
info|2019-12-12 19:44:34.892436|[g:1][CONSENSUS]addRawPrepare,height=241,reqIdx=0,hash=59852197...
info|2019-12-12 19:44:34.892825|[g:1][CONSENSUS][PBFT]checkTimeout Succ,view=1776,toView=1777,nodeIdx=1,changeCycle=0,myNode=7683f020...,timecost=0.261
info|2019-12-12 19:44:34.896029|[g:1][CONSENSUS][PBFT]checkAndChangeView: Reach consensus,org_view=1776,org_changeCycle=0,cur_changeCycle=0,to_view=1777
info|2019-12-12 19:44:35.896233|[g:1][CONSENSUS][SEALER]++++++++++++++++ Generating seal on,blkNum=241,tx=0,nodeIdx=1,hash=9caf1dc8...
info|2019-12-12 19:44:35.897255|[g:1][CONSENSUS][PBFT]checkTimeout Succ,view=1777,toView=1778,nodeIdx=1,changeCycle=0,myNode=7683f020...,timecost=0.36
info|2019-12-12 19:44:35.921736|[g:1][CONSENSUS][PBFT]checkAndChangeView: Reach consensus,org_view=1777,org_changeCycle=0,cur_changeCycle=0,to_view=1778
info|2019-12-12 19:44:36.931193|[g:1][CONSENSUS]addRawPrepare,height=241,reqIdx=2,hash=9d70a88e...
info|2019-12-12 19:44:36.931940|[g:1][CONSENSUS][PBFT]checkTimeout Succ,view=1778,toView=1779,nodeIdx=1,changeCycle=0,myNode=7683f020...,timecost=0.198
info|2019-12-12 19:44:36.955655|[g:1][CONSENSUS][PBFT]checkAndChangeView: Reach consensus,org_view=1778,org_changeCycle=0,cur_changeCycle=0,to_view=1779
info|2019-12-12 19:44:37.980091|[g:1][CONSENSUS]addRawPrepare,height=241,reqIdx=3,hash=49bc4507...
info|2019-12-12 19:44:37.983856|[g:1][CONSENSUS][PBFT]checkTimeout Succ,view=1779,toView=1780,nodeIdx=1,changeCycle=0,myNode=7683f020...,timecost=0.29
info|2019-12-12 19:44:37.999189|[g:1][CONSENSUS][PBFT]checkAndChangeView: Reach consensus,org_view=1779,org_changeCycle=0,cur_changeCycle=0,to_view=1780
info|2019-12-12 19:44:39.037135|[g:1][CONSENSUS]addRawPrepare,height=241,reqIdx=0,hash=e3dee425...
info|2019-12-12 19:44:39.037364|[g:1][CONSENSUS][PBFT]checkTimeout Succ,view=1780,toView=1781,nodeIdx=1,changeCycle=0,myNode=7683f020...,timecost=0.2
info|2019-12-12 19:44:39.058558|[g:1][CONSENSUS][PBFT]checkAndChangeView: Reach consensus,org_view=1780,org_changeCycle=0,cur_changeCycle=0,to_view=1781
info|2019-12-12 19:44:40.079433|[g:1][CONSENSUS][SEALER]++++++++++++++++ Generating seal on,blkNum=241,tx=0,nodeIdx=1,hash=24a06e9d...
info|2019-12-12 19:44:40.470325|[g:1][CONSENSUS][PBFT]checkTimeout Succ,view=1781,toView=1782,nodeIdx=1,changeCycle=0,myNode=7683f020...,timecost=24.824
info|2019-12-12 19:44:40.478700|[g:1][CONSENSUS][PBFT]checkAndChangeView: Reach consensus,org_view=1781,org_changeCycle=0,cur_changeCycle=0,to_view=1782
info|2019-12-12 19:44:41.509041|[g:1][CONSENSUS]addRawPrepare,height=241,reqIdx=2,hash=cd3eebff...
info|2019-12-12 19:44:41.632694|[g:1][CONSENSUS][PBFT]checkTimeout Succ,view=1782,toView=1783,nodeIdx=1,changeCycle=0,myNode=7683f020...,timecost=123.635
info|2019-12-12 19:44:41.633761|[g:1][CONSENSUS][PBFT]checkAndChangeView: Reach consensus,org_view=1782,org_changeCycle=0,cur_changeCycle=0,to_view=1783
info|2019-12-12 19:44:42.710232|[g:1][CONSENSUS]addRawPrepare,height=241,reqIdx=3,hash=930b93ea...
info|2019-12-12 19:44:42.807823|[g:1][CONSENSUS][PBFT]checkTimeout Succ,view=1783,toView=1784,nodeIdx=1,changeCycle=0,myNode=7683f020...,timecost=19.616
info|2019-12-12 19:44:42.809049|[g:1][CONSENSUS][PBFT]checkAndChangeView: Reach consensus,org_view=1783,org_changeCycle=0,cur_changeCycle=0,to_view=1784
info|2019-12-12 19:44:43.453102|[P2P][Service] heartBeat,connected count=3
info|2019-12-12 19:44:43.844070|[g:1][CONSENSUS]addRawPrepare,height=241,reqIdx=0,hash=410379d5...
info|2019-12-12 19:44:43.929051|[g:1][CONSENSUS][PBFT]checkTimeout Succ,view=1784,toView=1785,nodeIdx=1,changeCycle=0,myNode=7683f020...,timecost=84.892
info|2019-12-12 19:44:43.974445|[g:1][CONSENSUS][PBFT]checkAndChangeView: Reach consensus,org_view=1784,org_changeCycle=0,cur_changeCycle=0,to_view=1785
info|2019-12-12 19:44:44.974678|[g:1][CONSENSUS][SEALER]++++++++++++++++ Generating seal on,blkNum=241,tx=0,nodeIdx=1,hash=5b0d2e4c...
info|2019-12-12 19:44:45.003968|[g:1][CONSENSUS][PBFT]checkTimeout Succ,view=1785,toView=1786,nodeIdx=1,changeCycle=0,myNode=7683f020...,timecost=6.8
info|2019-12-12 19:44:45.006046|[g:1][CONSENSUS][PBFT]checkAndChangeView: Reach consensus,org_view=1785,org_changeCycle=0,cur_changeCycle=0,to_view=1786
info|2019-12-12 19:44:46.039236|[g:1][CONSENSUS]addRawPrepare,height=241,reqIdx=2,hash=4f5dee1c...
info|2019-12-12 19:44:46.039546|[g:1][CONSENSUS][PBFT]checkTimeout Succ,view=1786,toView=1787,nodeIdx=1,changeCycle=0,myNode=7683f020...,timecost=0.224
info|2019-12-12 19:44:46.040245|[g:1][CONSENSUS][PBFT]checkAndChangeView: Reach consensus,org_view=1786,org_changeCycle=0,cur_changeCycle=0,to_view=1787
info|2019-12-12 19:44:47.077869|[g:1][CONSENSUS]addRawPrepare,height=241,reqIdx=3,hash=0323057d...
info|2019-12-12 19:44:47.078292|[g:1][CONSENSUS][PBFT]checkTimeout Succ,view=1787,toView=1788,nodeIdx=1,changeCycle=0,myNode=7683f020...,timecost=0.245
info|2019-12-12 19:44:47.109579|[g:1][CONSENSUS][PBFT]checkAndChangeView: Reach consensus,org_view=1787,org_changeCycle=0,cur_changeCycle=0,to_view=1788
info|2019-12-12 19:44:48.104910|[g:1][CONSENSUS]addRawPrepare,height=241,reqIdx=0,hash=92d0f45c...
info|2019-12-12 19:44:48.277885|[g:1][CONSENSUS][PBFT]checkTimeout Succ,view=1788,toView=1789,nodeIdx=1,changeCycle=0,myNode=7683f020...,timecost=0.648
info|2019-12-12 19:44:48.281710|[g:1][CONSENSUS][PBFT]checkAndChangeView: Reach consensus,org_view=1788,org_changeCycle=0,cur_changeCycle=0,to_view=1789
info|2019-12-12 19:44:49.281651|[g:1][CONSENSUS][SEALER]++++++++++++++++ Generating seal on,blkNum=241,tx=0,nodeIdx=1,hash=da716ec0...
info|2019-12-12 19:44:49.282294|[g:1][CONSENSUS][PBFT]checkTimeout Succ,view=1789,toView=1790,nodeIdx=1,changeCycle=0,myNode=7683f020...,timecost=0.242
info|2019-12-12 19:44:49.285261|[g:1][CONSENSUS][PBFT]checkAndChangeView: Reach consensus,org_view=1789,org_changeCycle=0,cur_changeCycle=0,to_view=1790
info|2019-12-12 19:44:50.302370|[g:1][CONSENSUS]addRawPrepare,height=241,reqIdx=2,hash=c00b2947...
info|2019-12-12 19:44:50.330865|[g:1][CONSENSUS][PBFT]checkTimeout Succ,view=1790,toView=1791,nodeIdx=1,changeCycle=0,myNode=7683f020...,timecost=28.396
info|2019-12-12 19:44:50.331848|[g:1][CONSENSUS][PBFT]checkAndChangeView: Reach consensus,org_view=1790,org_changeCycle=0,cur_changeCycle=0,to_view=1791
info|2019-12-12 19:44:51.361047|[g:1][CONSENSUS]addRawPrepare,height=241,reqIdx=3,hash=96b06016...
info|2019-12-12 19:44:51.381890|[g:1][CONSENSUS][PBFT]checkTimeout Succ,view=1791,toView=1792,nodeIdx=1,changeCycle=0,myNode=7683f020...,timecost=1.328
info|2019-12-12 19:44:51.384068|[g:1][CONSENSUS][PBFT]checkAndChangeView: Reach consensus,org_view=1791,org_changeCycle=0,cur_changeCycle=0,to_view=1792
info|2019-12-12 19:44:52.386218|[g:1][CONSENSUS]addRawPrepare,height=241,reqIdx=0,hash=fbbd6314...
info|2019-12-12 19:44:52.386626|[g:1][CONSENSUS][PBFT]checkTimeout Succ,view=1792,toView=1793,nodeIdx=1,changeCycle=0,myNode=7683f020...,timecost=0.243
info|2019-12-12 19:44:52.391531|[g:1][CONSENSUS][PBFT]checkAndChangeView: Reach consensus,org_view=1792,org_changeCycle=0,cur_changeCycle=0,to_view=1793
info|2019-12-12 19:44:53.391187|[g:1][CONSENSUS][SEALER]++++++++++++++++ Generating seal on,blkNum=241,tx=0,nodeIdx=1,hash=a8420800...
info|2019-12-12 19:44:53.427623|[g:1][CONSENSUS][PBFT]checkTimeout Succ,view=1793,toView=1794,nodeIdx=1,changeCycle=0,myNode=7683f020...,timecost=0.254
info|2019-12-12 19:44:53.428537|[g:1][CONSENSUS][PBFT]checkAndChangeView: Reach consensus,org_view=1793,org_changeCycle=0,cur_changeCycle=0,to_view=1794
info|2019-12-12 19:44:53.453568|[P2P][Service] heartBeat,connected count=3
info|2019-12-12 19:44:54.449542|[g:1][CONSENSUS]addRawPrepare,height=241,reqIdx=2,hash=981be7fb...
info|2019-12-12 19:44:54.449792|[g:1][CONSENSUS][PBFT]checkTimeout Succ,view=1794,toView=1795,nodeIdx=1,changeCycle=0,myNode=7683f020...,timecost=0.216
info|2019-12-12 19:44:54.452732|[g:1][CONSENSUS][PBFT]checkAndChangeView: Reach consensus,org_view=1794,org_changeCycle=0,cur_changeCycle=0,to_view=1795
info|2019-12-12 19:44:55.478516|[g:1][CONSENSUS]addRawPrepare,height=241,reqIdx=3,hash=31cc1b59...
info|2019-12-12 19:44:55.478812|[g:1][CONSENSUS][PBFT]checkTimeout Succ,view=1795,toView=1796,nodeIdx=1,changeCycle=0,myNode=7683f020...,timecost=0.182
info|2019-12-12 19:44:55.482865|[g:1][CONSENSUS][PBFT]checkAndChangeView: Reach consensus,org_view=1795,org_changeCycle=0,cur_changeCycle=0,to_view=1796
info|2019-12-12 19:44:56.485151|[g:1][CONSENSUS]addRawPrepare,height=241,reqIdx=0,hash=de7eba2a...
info|2019-12-12 19:44:56.485924|[g:1][CONSENSUS][PBFT]checkTimeout Succ,view=1796,toView=1797,nodeIdx=1,changeCycle=0,myNode=7683f020...,timecost=0.371
info|2019-12-12 19:44:56.490777|[g:1][CONSENSUS][PBFT]checkAndChangeView: Reach consensus,org_view=1796,org_changeCycle=0,cur_changeCycle=0,to_view=1797
info|2019-12-12 19:44:57.490501|[g:1][CONSENSUS][SEALER]++++++++++++++++ Generating seal on,blkNum=241,tx=0,nodeIdx=1,hash=0a402cc0...
info|2019-12-12 19:44:57.509433|[g:1][CONSENSUS][PBFT]checkTimeout Succ,view=1797,toView=1798,nodeIdx=1,changeCycle=0,myNode=7683f020...,timecost=0.288
info|2019-12-12 19:44:57.510362|[g:1][CONSENSUS][PBFT]checkAndChangeView: Reach consensus,org_view=1797,org_changeCycle=0,cur_changeCycle=0,to_view=1798
info|2019-12-12 19:44:58.510128|[g:1][CONSENSUS]addRawPrepare,height=241,reqIdx=2,hash=e05a3ccf...
info|2019-12-12 19:44:58.510415|[g:1][CONSENSUS][PBFT]checkTimeout Succ,view=1798,toView=1799,nodeIdx=1,changeCycle=0,myNode=7683f020...,timecost=0.218
info|2019-12-12 19:44:58.536870|[g:1][CONSENSUS][PBFT]checkAndChangeView: Reach consensus,org_view=1798,org_changeCycle=0,cur_changeCycle=0,to_view=1799
info|2019-12-12 19:44:59.549961|[g:1][CONSENSUS]addRawPrepare,height=241,reqIdx=3,hash=1ec49f2f...
info|2019-12-12 19:44:59.550293|[g:1][CONSENSUS][PBFT]checkTimeout Succ,view=1799,toView=1800,nodeIdx=1,changeCycle=0,myNode=7683f020...,timecost=0.309
info|2019-12-12 19:44:59.551932|[g:1][CONSENSUS][PBFT]checkAndChangeView: Reach consensus,org_view=1799,org_changeCycle=0,cur_changeCycle=0,to_view=1800
info|2019-12-12 19:45:00.553361|[g:1][CONSENSUS]addRawPrepare,height=241,reqIdx=0,hash=73dfd9c3...
info|2019-12-12 19:45:00.553758|[g:1][CONSENSUS][PBFT]checkTimeout Succ,view=1800,toView=1801,nodeIdx=1,changeCycle=0,myNode=7683f020...,timecost=0.268
info|2019-12-12 19:45:00.577277|[g:1][CONSENSUS][PBFT]checkAndChangeView: Reach consensus,org_view=1800,org_changeCycle=0,cur_changeCycle=0,to_view=1801
info|2019-12-12 19:45:01.577651|[g:1][CONSENSUS][SEALER]++++++++++++++++ Generating seal on,blkNum=241,tx=0,nodeIdx=1,hash=a46b7f3b...
info|2019-12-12 19:45:01.586296|[g:1][CONSENSUS][PBFT]checkTimeout Succ,view=1801,toView=1802,nodeIdx=1,changeCycle=0,myNode=7683f020...,timecost=0.3
info|2019-12-12 19:45:01.610710|[g:1][CONSENSUS][PBFT]checkAndChangeView: Reach consensus,org_view=1801,org_changeCycle=0,cur_changeCycle=0,to_view=1802
info|2019-12-12 19:45:02.611481|[g:1][CONSENSUS]addRawPrepare,height=241,reqIdx=2,hash=4beb2b60...
info|2019-12-12 19:45:02.611837|[g:1][CONSENSUS][PBFT]checkTimeout Succ,view=1802,toView=1803,nodeIdx=1,changeCycle=0,myNode=7683f020...,timecost=0.271
info|2019-12-12 19:45:02.643686|[g:1][CONSENSUS][PBFT]checkAndChangeView: Reach consensus,org_view=1802,org_changeCycle=0,cur_changeCycle=0,to_view=1803
info|2019-12-12 19:45:03.454491|[P2P][Service] heartBeat,connected count=3
info|2019-12-12 19:45:03.636543|[g:1][CONSENSUS]addRawPrepare,height=241,reqIdx=3,hash=8294ff4c...
info|2019-12-12 19:45:03.636822|[g:1][CONSENSUS][PBFT]checkTimeout Succ,view=1803,toView=1804,nodeIdx=1,changeCycle=0,myNode=7683f020...,timecost=0.188
info|2019-12-12 19:45:03.657686|[g:1][CONSENSUS][PBFT]checkAndChangeView: Reach consensus,org_view=1803,org_changeCycle=0,cur_changeCycle=0,to_view=1804
info|2019-12-12 19:45:04.679559|[g:1][CONSENSUS]addRawPrepare,height=241,reqIdx=0,hash=d0acf2f5...
info|2019-12-12 19:45:04.679804|[g:1][CONSENSUS][PBFT]checkTimeout Succ,view=1804,toView=1805,nodeIdx=1,changeCycle=0,myNode=7683f020...,timecost=0.177
info|2019-12-12 19:45:04.691449|[g:1][CONSENSUS][PBFT]checkAndChangeView: Reach consensus,org_view=1804,org_changeCycle=0,cur_changeCycle=0,to_view=1805
info|2019-12-12 19:45:05.691431|[g:1][CONSENSUS][SEALER]++++++++++++++++ Generating seal on,blkNum=241,tx=0,nodeIdx=1,hash=53abd6ca...
info|2019-12-12 19:45:05.708641|[g:1][CONSENSUS][PBFT]checkTimeout Succ,view=1805,toView=1806,nodeIdx=1,changeCycle=0,myNode=7683f020...,timecost=0.189
info|2019-12-12 19:45:05.710331|[g:1][CONSENSUS][PBFT]checkAndChangeView: Reach consensus,org_view=1805,org_changeCycle=0,cur_changeCycle=0,to_view=1806
info|2019-12-12 19:45:06.711568|[g:1][CONSENSUS]addRawPrepare,height=241,reqIdx=2,hash=1baf7043...
info|2019-12-12 19:45:06.711840|[g:1][CONSENSUS][PBFT]checkTimeout Succ,view=1806,toView=1807,nodeIdx=1,changeCycle=0,myNode=7683f020...,timecost=0.176
info|2019-12-12 19:45:06.713388|[g:1][CONSENSUS][PBFT]checkAndChangeView: Reach consensus,org_view=1806,org_changeCycle=0,cur_changeCycle=0,to_view=1807
                                                                                                                                                                                                                                                                                                                                                                                                                                                                                                                                                                                                                                                                                                                                                                                                                                                                                                                                                                                                                                                                                                                                                                                                                                                                                                                                                                                                                                                                                                                                                                                                                                                                                                                                                                                                                                                                                                                                                                                                                                                                                                                                                                                                                                                                                                                                                               