warning|2019-12-12 19:42:41.106932|[g:1][CONSENSUS][PBFT]ViewChangeWarning: not caused by omit empty block ,v=1677,toV=1678,curNum=240,hash=49951fa7...,nodeIdx=0,myNode=6e2a3211...
info|2019-12-12 19:42:41.107326|[g:1][CONSENSUS][PBFT]checkTimeout Succ,view=1677,toView=1678,nodeIdx=0,changeCycle=1,myNode=6e2a3211...,timecost=0.604
info|2019-12-12 19:42:41.293202|[g:1][CONSENSUS][PBFT]checkAndChangeView: Reach consensus,org_view=1677,org_changeCycle=1,cur_changeCycle=1,to_view=1678
info|2019-12-12 19:42:43.926351|[g:1][CONSENSUS]addRawPrepare,height=241,reqIdx=2,hash=b0471dd4...
info|2019-12-12 19:42:41.866614|[g:1][CONSENSUS][PBFT]checkTimeout Succ,view=1678,toView=1679,nodeIdx=0,changeCycle=0,myNode=6e2a3211...,timecost=-2059.77
warning|2019-12-12 19:42:42.151683|[g:1][CONSENSUS][PBFT]ViewChangeWarning: not caused by omit empty block ,v=1678,toV=1680,curNum=240,hash=49951fa7...,nodeIdx=0,myNode=6e2a3211...
info|2019-12-12 19:42:42.189618|[g:1][CONSENSUS][PBFT]checkTimeout Succ,view=1678,toView=1680,nodeIdx=0,changeCycle=1,myNode=6e2a3211...,timecost=38.113
info|2019-12-12 19:42:42.191868|[g:1][CONSENSUS][PBFT]checkAndChangeView, update m_changeCycle to 1
info|2019-12-12 19:42:42.191882|[g:1][CONSENSUS][PBFT]checkAndChangeView: Reach consensus,org_view=1678,org_changeCycle=1,cur_changeCycle=1,to_view=1680
info|2019-12-12 19:42:43.193282|[g:1][CONSENSUS][SEALER]++++++++++++++++ Generating seal on,blkNum=241,tx=0,nodeIdx=0,hash=54be4f51...
info|2019-12-12 19:42:43.238838|[g:1][CONSENSUS][PBFT]checkTimeout Succ,view=1680,toView=1681,nodeIdx=0,changeCycle=0,myNode=6e2a3211...,timecost=0.33
info|2019-12-12 19:42:43.238928|[P2P][Service] heartBeat,connected count=3
info|2019-12-12 19:42:43.335472|[g:1][CONSENSUS][PBFT]checkAndChangeView: Reach consensus,org_view=1680,org_changeCycle=0,cur_changeCycle=0,to_view=1681
info|2019-12-12 19:42:44.418956|[g:1][CONSENSUS]addRawPrepare,height=241,reqIdx=1,hash=d5dcf39d...
info|2019-12-12 19:42:44.419577|[g:1][CONSENSUS][PBFT]checkTimeout Succ,view=1681,toView=1682,nodeIdx=0,changeCycle=0,myNode=6e2a3211...,timecost=0.308
info|2019-12-12 19:42:44.561713|[g:1][CONSENSUS][PBFT]checkAndChangeView: Reach consensus,org_view=1681,org_changeCycle=0,cur_changeCycle=0,to_view=1682
info|2019-12-12 19:42:45.507625|[g:1][CONSENSUS]addRawPrepare,height=241,reqIdx=2,hash=db4dbdb1...
info|2019-12-12 19:42:45.712101|[g:1][CONSENSUS][PBFT]checkTimeout Succ,view=1682,toView=1683,nodeIdx=0,changeCycle=0,myNode=6e2a3211...,timecost=204.447
info|2019-12-12 19:42:45.759288|[g:1][CONSENSUS][PBFT]checkAndChangeView: Reach consensus,org_view=1682,org_changeCycle=0,cur_changeCycle=0,to_view=1683
info|2019-12-12 19:42:47.579646|[g:1][CONSENSUS]addRawPrepare,height=241,reqIdx=3,hash=55e32d31...
info|2019-12-12 19:42:47.777681|[g:1][CONSENSUS][PBFT]checkTimeout Succ,view=1683,toView=1684,nodeIdx=0,changeCycle=0,myNode=6e2a3211...,timecost=197.456
info|2019-12-12 19:42:47.778942|[g:1][CONSENSUS][PBFT]checkAndChangeView: Reach consensus,org_view=1683,org_changeCycle=0,cur_changeCycle=0,to_view=1684
info|2019-12-12 19:42:48.802645|[g:1][CONSENSUS][SEALER]++++++++++++++++ Generating seal on,blkNum=241,tx=0,nodeIdx=0,hash=a5f86509...
info|2019-12-12 19:42:49.150170|[g:1][CONSENSUS][PBFT]checkTimeout Succ,view=1684,toView=1685,nodeIdx=0,changeCycle=0,myNode=6e2a3211...,timecost=148.521
info|2019-12-12 19:42:49.150768|[g:1][CONSENSUS][PBFT]checkAndChangeView: Reach consensus,org_view=1684,org_changeCycle=0,cur_changeCycle=0,to_view=1685
info|2019-12-12 19:42:50.241230|[g:1][CONSENSUS]addRawPrepare,height=241,reqIdx=1,hash=d97675fc...
info|2019-12-12 19:42:50.241584|[g:1][CONSENSUS][PBFT]checkTimeout Succ,view=1685,toView=1686,nodeIdx=0,changeCycle=0,myNode=6e2a3211...,timecost=0.324
info|2019-12-12 19:42:50.324752|[g:1][CONSENSUS][PBFT]checkAndChangeView: Reach consensus,org_view=1685,org_changeCycle=0,cur_changeCycle=0,to_view=1686
info|2019-12-12 19:42:51.350313|[g:1][CONSENSUS]addRawPrepare,height=241,reqIdx=2,hash=13fe4946...
info|2019-12-12 19:42:51.350785|[g:1][CONSENSUS][PBFT]checkTimeout Succ,view=1686,toView=1687,nodeIdx=0,changeCycle=0,myNode=6e2a3211...,timecost=0.28
info|2019-12-12 19:42:51.351437|[g:1][CONSENSUS][PBFT]checkAndChangeView: Reach consensus,org_view=1686,org_changeCycle=0,cur_changeCycle=0,to_view=1687
info|2019-12-12 19:42:52.447410|[g:1][CONSENSUS]addRawPrepare,height=241,reqIdx=3,hash=673381b2...
info|2019-12-12 19:42:52.502886|[g:1][CONSENSUS][PBFT]checkTimeout Succ,view=1687,toView=1688,nodeIdx=0,changeCycle=0,myNode=6e2a3211...,timecost=10.548
info|2019-12-12 19:42:52.527402|[g:1][CONSENSUS][PBFT]checkAndChangeView: Reach consensus,org_view=1687,org_changeCycle=0,cur_changeCycle=0,to_view=1688
info|2019-12-12 19:42:53.239315|[P2P][Service] heartBeat,connected count=3
info|2019-12-12 19:42:53.529062|[g:1][CONSENSUS][SEALER]++++++++++++++++ Generating seal on,blkNum=241,tx=0,nodeIdx=0,hash=545bd88f...
info|2019-12-12 19:42:53.616650|[g:1][CONSENSUS][PBFT]checkTimeout Succ,view=1688,toView=1689,nodeIdx=0,changeCycle=0,myNode=6e2a3211...,timecost=0.323
info|2019-12-12 19:42:53.619257|[g:1][CONSENSUS][PBFT]checkAndChangeView: Reach consensus,org_view=1688,org_changeCycle=0,cur_changeCycle=0,to_view=1689
info|2019-12-12 19:42:54.814013|[g:1][CONSENSUS]addRawPrepare,height=241,reqIdx=1,hash=00daa175...
info|2019-12-12 19:42:54.933894|[g:1][CONSENSUS][PBFT]checkTimeout Succ,view=1689,toView=1690,nodeIdx=0,changeCycle=0,myNode=6e2a3211...,timecost=0.431
info|2019-12-12 19:42:54.934360|[g:1][CONSENSUS][PBFT]checkAndChangeView: Reach consensus,org_view=1689,org_changeCycle=0,cur_changeCycle=0,to_view=1690
info|2019-12-12 19:42:56.007123|[g:1][CONSENSUS]addRawPrepare,height=241,reqIdx=2,hash=bea2eab9...
info|2019-12-12 19:42:56.041349|[g:1][CONSENSUS][PBFT]checkTimeout Succ,view=1690,toView=1691,nodeIdx=0,changeCycle=0,myNode=6e2a3211...,timecost=34.049
info|2019-12-12 19:42:56.194237|[g:1][CONSENSUS][PBFT]checkAndChangeView: Reach consensus,org_view=1690,org_changeCycle=0,cur_changeCycle=0,to_view=1691
info|2019-12-12 19:42:57.189027|[g:1][CONSENSUS]addRawPrepare,height=241,reqIdx=3,hash=08d323c3...
info|2019-12-12 19:42:57.667351|[g:1][CONSENSUS][PBFT]checkTimeout Succ,view=1691,toView=1692,nodeIdx=0,changeCycle=0,myNode=6e2a3211...,timecost=0.686
info|2019-12-12 19:42:57.668298|[g:1][CONSENSUS][PBFT]checkAndChangeView: Reach consensus,org_view=1691,org_changeCycle=0,cur_changeCycle=0,to_view=1692
info|2019-12-12 19:42:58.669580|[g:1][CONSENSUS][SEALER]++++++++++++++++ Generating seal on,blkNum=241,tx=0,nodeIdx=0,hash=0fdbef6d...
info|2019-12-12 19:42:58.719504|[g:1][CONSENSUS][PBFT]checkTimeout Succ,view=1692,toView=1693,nodeIdx=0,changeCycle=0,myNode=6e2a3211...,timecost=1.655
info|2019-12-12 19:42:58.719923|[g:1][CONSENSUS][PBFT]checkAndChangeView: Reach consensus,org_view=1692,org_changeCycle=0,cur_changeCycle=0,to_view=1693
info|2019-12-12 19:42:59.813251|[g:1][CONSENSUS]addRawPrepare,height=241,reqIdx=1,hash=3b5afcca...
info|2019-12-12 19:43:00.030542|[g:1][CONSENSUS][PBFT]checkTimeout Succ,view=1693,toView=1694,nodeIdx=0,changeCycle=0,myNode=6e2a3211...,timecost=41.531
info|2019-12-12 19:43:00.120892|[g:1][CONSENSUS][PBFT]checkAndChangeView: Reach consensus,org_view=1693,org_changeCycle=0,cur_changeCycle=0,to_view=1694
info|2019-12-12 19:43:01.577928|[g:1][CONSENSUS]addRawPrepare,height=241,reqIdx=2,hash=86e4454b...
info|2019-12-12 19:43:01.578242|[g:1][CONSENSUS][PBFT]checkTimeout Succ,view=1694,toView=1695,nodeIdx=0,changeCycle=0,myNode=6e2a3211...,timecost=0.287
info|2019-12-12 19:43:01.581583|[g:1][CONSENSUS][PBFT]checkAndChangeView: Reach consensus,org_view=1694,org_changeCycle=0,cur_changeCycle=0,to_view=1695
info|2019-12-12 19:43:02.640989|[g:1][CONSENSUS]addRawPrepare,height=241,reqIdx=3,hash=6dfdf94c...
info|2019-12-12 19:43:02.641612|[g:1][CONSENSUS][PBFT]checkTimeout Succ,view=1695,toView=1696,nodeIdx=0,changeCycle=0,myNode=6e2a3211...,timecost=0.369
info|2019-12-12 19:43:02.684639|[g:1][CONSENSUS][PBFT]checkAndChangeView: Reach consensus,org_view=1695,org_changeCycle=0,cur_changeCycle=0,to_view=1696
info|2019-12-12 19:43:03.248273|[P2P][Service] heartBeat,connected count=3
info|2019-12-12 19:43:03.686519|[g:1][CONSENSUS][SEALER]++++++++++++++++ Generating seal on,blkNum=241,tx=0,nodeIdx=0,hash=5199ffb6...
info|2019-12-12 19:43:03.860218|[g:1][CONSENSUS][PBFT]checkTimeout Succ,view=1696,toView=1697,nodeIdx=0,changeCycle=0,myNode=6e2a3211...,timecost=141.752
info|2019-12-12 19:43:03.909531|[g:1][CONSENSUS][PBFT]checkAndChangeView: Reach consensus,org_view=1696,org_changeCycle=0,cur_changeCycle=0,to_view=1697
info|2019-12-12 19:43:04.965245|[g:1][CONSENSUS]addRawPrepare,height=241,reqIdx=1,hash=fb235d25...
info|2019-12-12 19:43:05.083140|[g:1][CONSENSUS][PBFT]checkTimeout Succ,view=1697,toView=1698,nodeIdx=0,changeCycle=0,myNode=6e2a3211...,timecost=117.709
info|2019-12-12 19:43:05.105825|[g:1][CONSENSUS][PBFT]checkAndChangeView: Reach consensus,org_view=1697,org_changeCycle=0,cur_changeCycle=0,to_view=1698
info|2019-12-12 19:43:06.267207|[g:1][CONSENSUS]addRawPrepare,height=241,reqIdx=2,hash=9517207d...
info|2019-12-12 19:43:06.267781|[g:1][CONSENSUS][PBFT]checkTimeout Succ,view=1698,toView=1699,nodeIdx=0,changeCycle=0,myNode=6e2a3211...,timecost=0.31
info|2019-12-12 19:43:06.325909|[g:1][CONSENSUS][PBFT]checkAndChangeView: Reach consensus,org_view=1698,org_changeCycle=0,cur_changeCycle=0,to_view=1699
info|2019-12-12 19:43:07.399659|[g:1][CONSENSUS]addRawPrepare,height=241,reqIdx=3,hash=439b6317...
info|2019-12-12 19:43:07.416767|[g:1][CONSENSUS][PBFT]checkTimeout Succ,view=1699,toView=1700,nodeIdx=0,changeCycle=0,myNode=6e2a3211...,timecost=0.509
info|2019-12-12 19:43:07.594914|[g:1][CONSENSUS][PBFT]checkAndChangeView: Reach consensus,org_view=1699,org_changeCycle=0,cur_changeCycle=0,to_view=1700
info|2019-12-12 19:43:08.611313|[g:1][CONSENSUS][SEALER]++++++++++++++++ Generating seal on,blkNum=241,tx=0,nodeIdx=0,hash=6fabb462...
info|2019-12-12 19:43:08.622135|[g:1][CONSENSUS][PBFT]checkTimeout Succ,view=1700,toView=1701,nodeIdx=0,changeCycle=0,myNode=6e2a3211...,timecost=10.456
info|2019-12-12 19:43:08.704793|[g:1][CONSENSUS][PBFT]checkAndChangeView: Reach consensus,org_view=1700,org_changeCycle=0,cur_changeCycle=0,to_view=1701
info|2019-12-12 19:43:10.231176|[g:1][CONSENSUS]addRawPrepare,height=241,reqIdx=1,hash=c823f6b5...
info|2019-12-12 19:43:10.294692|[g:1][CONSENSUS][PBFT]checkTimeout Succ,view=1701,toView=1702,nodeIdx=0,changeCycle=0,myNode=6e2a3211...,timecost=63.085
info|2019-12-12 19:43:10.295675|[g:1][CONSENSUS][PBFT]checkAndChangeView: Reach consensus,org_view=1701,org_changeCycle=0,cur_changeCycle=0,to_view=1702
info|2019-12-12 19:43:11.371797|[g:1][CONSENSUS]addRawPrepare,height=241,reqIdx=2,hash=c10d7711...
info|2019-12-12 19:43:11.414707|[g:1][CONSENSUS][PBFT]checkTimeout Succ,view=1702,toView=1703,nodeIdx=0,changeCycle=0,myNode=6e2a3211...,timecost=0.553
info|2019-12-12 19:43:11.488765|[g:1][CONSENSUS][PBFT]checkAndChangeView: Reach consensus,org_view=1702,org_changeCycle=0,cur_changeCycle=0,to_view=1703
info|2019-12-12 19:43:12.556759|[g:1][CONSENSUS]addRawPrepare,height=241,reqIdx=3,hash=4ee94136...
info|2019-12-12 19:43:12.697096|[g:1][CONSENSUS][PBFT]checkTimeout Succ,view=1703,toView=1704,nodeIdx=0,changeCycle=0,myNode=6e2a3211...,timecost=126.708
info|2019-12-12 19:43:12.697872|[g:1][CONSENSUS][PBFT]checkAndChangeView: Reach consensus,org_view=1703,org_changeCycle=0,cur_changeCycle=0,to_view=1704
info|2019-12-12 19:43:13.249078|[P2P][Service] heartBeat,connected count=3
info|2019-12-12 19:43:13.720621|[g:1][CONSENSUS][SEALER]++++++++++++++++ Generating seal on,blkNum=241,tx=0,nodeIdx=0,hash=496eb426...
info|2019-12-12 19:43:13.769387|[g:1][CONSENSUS][PBFT]checkTimeout Succ,view=1704,toView=1705,nodeIdx=0,changeCycle=0,myNode=6e2a3211...,timecost=1.018
info|2019-12-12 19:43:13.928629|[g:1][CONSENSUS][PBFT]checkAndChangeView: Reach consensus,org_view=1704,org_changeCycle=0,cur_changeCycle=0,to_view=1705
info|2019-12-12 19:43:15.583362|[g:1][CONSENSUS]addRawPrepare,height=241,reqIdx=1,hash=2cb9934d...
info|2019-12-12 19:43:15.864903|[g:1][CONSENSUS][PBFT]checkTimeout Succ,view=1705,toView=1706,nodeIdx=0,changeCycle=0,myNode=6e2a3211...,timecost=0.757
info|2019-12-12 19:43:15.924407|[g:1][CONSENSUS][PBFT]checkAndChangeView: Reach consensus,org_view=1705,org_changeCycle=0,cur_changeCycle=0,to_view=1706
info|2019-12-12 19:43:16.832186|[g:1][CONSENSUS]addRawPrepare,height=241,reqIdx=2,hash=36d0e246...
info|2019-12-12 19:43:16.944396|[g:1][CONSENSUS][PBFT]checkTimeout Succ,view=1706,toView=1707,nodeIdx=0,changeCycle=0,myNode=6e2a3211...,timecost=112.092
info|2019-12-12 19:43:17.226737|[g:1][CONSENSUS][PBFT]checkAndChangeView: Reach consensus,org_view=1706,org_changeCycle=0,cur_changeCycle=0,to_view=1707
info|2019-12-12 19:43:18.150162|[g:1][CONSENSUS]addRawPrepare,height=241,reqIdx=3,hash=98446da5...
info|2019-12-12 19:43:18.151332|[g:1][CONSENSUS][PBFT]checkTimeout Succ,view=1707,toView=1708,nodeIdx=0,changeCycle=0,myNode=6e2a3211...,timecost=0.733
info|2019-12-12 19:43:18.152299|[g:1][CONSENSUS][PBFT]checkAndChangeView: Reach consensus,org_view=1707,org_changeCycle=0,cur_changeCycle=0,to_view=1708
info|2019-12-12 19:43:19.213860|[g:1][CONSENSUS][SEALER]++++++++++++++++ Generating seal on,blkNum=241,tx=0,nodeIdx=0,hash=e83b2abd...
info|2019-12-12 19:43:19.343896|[g:1][CONSENSUS][PBFT]checkTimeout Succ,view=1708,toView=1709,nodeIdx=0,changeCycle=0,myNode=6e2a3211...,timecost=94.204
info|2019-12-12 19:43:19.345406|[g:1][CONSENSUS][PBFT]checkAndChangeView: Reach consensus,org_view=1708,org_changeCycle=0,cur_changeCycle=0,to_view=1709
info|2019-12-12 19:43:20.357521|[g:1][CONSENSUS]addRawPrepare,height=241,reqIdx=1,hash=a98b339a...
info|2019-12-12 19:43:20.478924|[g:1][CONSENSUS][PBFT]checkTimeout Succ,view=1709,toView=1710,nodeIdx=0,changeCycle=0,myNode=6e2a3211...,timecost=6.968
info|2019-12-12 19:43:20.506848|[g:1][CONSENSUS][PBFT]checkAndChangeView: Reach consensus,org_view=1709,org_changeCycle=0,cur_changeCycle=0,to_view=1710
info|2019-12-12 19:43:21.632110|[g:1][CONSENSUS]addRawPrepare,height=241,reqIdx=2,hash=2f9f28ef...
info|2019-12-12 19:43:21.632598|[g:1][CONSENSUS][PBFT]checkTimeout Succ,view=1710,toView=1711,nodeIdx=0,changeCycle=0,myNode=6e2a3211...,timecost=0.3
info|2019-12-12 19:43:21.677533|[g:1][CONSENSUS][PBFT]checkAndChangeView: Reach consensus,org_view=1710,org_changeCycle=0,cur_changeCycle=0,to_view=1711
info|2019-12-12 19:43:22.638976|[g:1][CONSENSUS]addRawPrepare,height=241,reqIdx=3,hash=a1f0f346...
info|2019-12-12 19:43:22.639455|[g:1][CONSENSUS][PBFT]checkTimeout Succ,view=1711,toView=1712,nodeIdx=0,changeCycle=0,myNode=6e2a3211...,timecost=0.323
info|2019-12-12 19:43:23.082645|[g:1][CONSENSUS][PBFT]checkAndChangeView: Reach consensus,org_view=1711,org_changeCycle=0,cur_changeCycle=0,to_view=1712
info|2019-12-12 19:43:23.257228|[P2P][Service] heartBeat,connected count=3
info|2019-12-12 19:43:24.082673|[g:1][CONSENSUS][SEALER]++++++++++++++++ Generating seal on,blkNum=241,tx=0,nodeIdx=0,hash=e7031a2b...
info|2019-12-12 19:43:24.248508|[g:1][CONSENSUS][PBFT]checkTimeout Succ,view=1712,toView=1713,nodeIdx=0,changeCycle=0,myNode=6e2a3211...,timecost=9.779
info|2019-12-12 19:43:24.250690|[g:1][CONSENSUS][PBFT]checkAndChangeView: Reach consensus,org_view=1712,org_changeCycle=0,cur_changeCycle=0,to_view=1713
info|2019-12-12 19:43:25.305688|[g:1][CONSENSUS]addRawPrepare,height=241,reqIdx=1,hash=ea638339...
info|2019-12-12 19:43:25.310632|[g:1][CONSENSUS][PBFT]checkTimeout Succ,view=1713,toView=1714,nodeIdx=0,changeCycle=0,myNode=6e2a3211...,timecost=0.551
info|2019-12-12 19:43:25.317827|[g:1][CONSENSUS][PBFT]checkAndChangeView: Reach consensus,org_view=1713,org_changeCycle=0,cur_changeCycle=0,to_view=1714
info|2019-12-12 19:43:26.479271|[g:1][CONSENSUS]addRawPrepare,height=241,reqIdx=2,hash=9f42cb62...
info|2019-12-12 19:43:26.641363|[g:1][CONSENSUS][PBFT]checkTimeout Succ,view=1714,toView=1715,nodeIdx=0,changeCycle=0,myNode=6e2a3211...,timecost=102.603
info|2019-12-12 19:43:26.642325|[g:1][CONSENSUS][PBFT]checkAndChangeView: Reach consensus,org_view=1714,org_changeCycle=0,cur_changeCycle=0,to_view=1715
info|2019-12-12 19:43:27.691520|[g:1][CONSENSUS]addRawPrepare,height=241,reqIdx=3,hash=c33a2655...
info|2019-12-12 19:43:27.798443|[g:1][CONSENSUS][PBFT]checkTimeout Succ,view=1715,toView=1716,nodeIdx=0,changeCycle=0,myNode=6e2a3211...,timecost=0.327
info|2019-12-12 19:43:27.804948|[g:1][CONSENSUS][PBFT]checkAndChangeView: Reach consensus,org_view=1715,org_changeCycle=0,cur_changeCycle=0,to_view=1716
info|2019-12-12 19:43:28.814753|[g:1][CONSENSUS][SEALER]++++++++++++++++ Generating seal on,blkNum=241,tx=0,nodeIdx=0,hash=ba4e4079...
info|2019-12-12 19:43:28.856913|[g:1][CONSENSUS][PBFT]checkTimeout Succ,view=1716,toView=1717,nodeIdx=0,changeCycle=0,myNode=6e2a3211...,timecost=41.434
info|2019-12-12 19:43:28.871905|[g:1][CONSENSUS][PBFT]checkAndChangeView: Reach consensus,org_view=1716,org_changeCycle=0,cur_changeCycle=0,to_view=1717
info|2019-12-12 19:43:30.015575|[g:1][CONSENSUS]addRawPrepare,height=241,reqIdx=1,hash=b16fa007...
info|2019-12-12 19:43:30.042818|[g:1][CONSENSUS][PBFT]checkTimeout Succ,view=1717,toView=1718,nodeIdx=0,changeCycle=0,myNode=6e2a3211...,timecost=0.337
info|2019-12-12 19:43:30.088666|[g:1][CONSENSUS][PBFT]checkAndChangeView: Reach consensus,org_view=1717,org_changeCycle=0,cur_changeCycle=0,to_view=1718
info|2019-12-12 19:43:31.185272|[g:1][CONSENSUS]addRawPrepare,height=241,reqIdx=2,hash=04093708...
info|2019-12-12 19:43:31.186053|[g:1][CONSENSUS][PBFT]checkTimeout Succ,view=1718,toView=1719,nodeIdx=0,changeCycle=0,myNode=6e2a3211...,timecost=0.729
info|2019-12-12 19:43:31.186804|[g:1][CONSENSUS][PBFT]checkAndChangeView: Reach consensus,org_view=1718,org_changeCycle=0,cur_changeCycle=0,to_view=1719
info|2019-12-12 19:43:32.308069|[g:1][CONSENSUS]addRawPrepare,height=241,reqIdx=3,hash=27a7c052...
info|2019-12-12 19:43:32.395373|[g:1][CONSENSUS][PBFT]checkTimeout Succ,view=1719,toView=1720,nodeIdx=0,changeCycle=0,myNode=6e2a3211...,timecost=87.194
info|2019-12-12 19:43:32.474197|[g:1][CONSENSUS][PBFT]checkAndChangeView: Reach consensus,org_view=1719,org_changeCycle=0,cur_changeCycle=0,to_view=1720
info|2019-12-12 19:43:33.322527|[P2P][Service] heartBeat,connected count=3
info|2019-12-12 19:43:33.488150|[g:1][CONSENSUS][SEALER]++++++++++++++++ Generating seal on,blkNum=241,tx=0,nodeIdx=0,hash=734167f3...
info|2019-12-12 19:43:33.572184|[g:1][CONSENSUS][PBFT]checkTimeout Succ,view=1720,toView=1721,nodeIdx=0,changeCycle=0,myNode=6e2a3211...,timecost=0.315
info|2019-12-12 19:43:33.586095|[g:1][CONSENSUS][PBFT]checkAndChangeView: Reach consensus,org_view=1720,org_changeCycle=0,cur_changeCycle=0,to_view=1721
info|2019-12-12 19:43:34.680581|[g:1][CONSENSUS]addRawPrepare,height=241,reqIdx=1,hash=52fbcedd...
info|2019-12-12 19:43:34.680989|[g:1][CONSENSUS][PBFT]checkTimeout Succ,view=1721,toView=1722,nodeIdx=0,changeCycle=0,myNode=6e2a3211...,timecost=0.214
info|2019-12-12 19:43:34.760702|[g:1][CONSENSUS][PBFT]checkAndChangeView: Reach consensus,org_view=1721,org_changeCycle=0,cur_changeCycle=0,to_view=1722
info|2019-12-12 19:43:35.723386|[g:1][CONSENSUS]addRawPrepare,height=241,reqIdx=2,hash=3e5522fb...
info|2019-12-12 19:43:35.751484|[g:1][CONSENSUS][PBFT]checkTimeout Succ,view=1722,toView=1723,nodeIdx=0,changeCycle=0,myNode=6e2a3211...,timecost=15.116
info|2019-12-12 19:43:35.804361|[g:1][CONSENSUS][PBFT]checkAndChangeView: Reach consensus,org_view=1722,org_changeCycle=0,cur_changeCycle=0,to_view=1723
info|2019-12-12 19:43:36.819253|[g:1][CONSENSUS]addRawPrepare,height=241,reqIdx=3,hash=82f958dd...
info|2019-12-12 19:43:36.863982|[g:1][CONSENSUS][PBFT]checkTimeout Succ,view=1723,toView=1724,nodeIdx=0,changeCycle=0,myNode=6e2a3211...,timecost=44.311
info|2019-12-12 19:43:36.864963|[g:1][CONSENSUS][PBFT]checkAndChangeView: Reach consensus,org_view=1723,org_changeCycle=0,cur_changeCycle=0,to_view=1724
info|2019-12-12 19:43:38.031490|[g:1][CONSENSUS][SEALER]++++++++++++++++ Generating seal on,blkNum=241,tx=0,nodeIdx=0,hash=7551a1a1...
info|2019-12-12 19:43:38.032533|[g:1][CONSENSUS][PBFT]checkTimeout Succ,view=1724,toView=1725,nodeIdx=0,changeCycle=0,myNode=6e2a3211...,timecost=0.299
info|2019-12-12 19:43:38.205729|[g:1][CONSENSUS][PBFT]checkAndChangeView: Reach consensus,org_view=1724,org_changeCycle=0,cur_changeCycle=0,to_view=1725
info|2019-12-12 19:43:39.335660|[g:1][CONSENSUS]addRawPrepare,height=241,reqIdx=1,hash=a230335f...
info|2019-12-12 19:43:39.500288|[g:1][CONSENSUS][PBFT]checkTimeout Succ,view=1725,toView=1726,nodeIdx=0,changeCycle=0,myNode=6e2a3211...,timecost=164.61
info|2019-12-12 19:43:39.501148|[g:1][CONSENSUS][PBFT]checkAndChangeView: Reach consensus,org_view=1725,org_changeCycle=0,cur_changeCycle=0,to_view=1726
info|2019-12-12 19:43:40.571612|[g:1][CONSENSUS]addRawPrepare,height=241,reqIdx=2,hash=f793bcef...
info|2019-12-12 19:43:40.590330|[g:1][CONSENSUS][PBFT]checkTimeout Succ,view=1726,toView=1727,nodeIdx=0,changeCycle=0,myNode=6e2a3211...,timecost=18.546
info|2019-12-12 19:43:40.591637|[g:1][CONSENSUS][PBFT]checkAndChangeView: Reach consensus,org_view=1726,org_changeCycle=0,cur_changeCycle=0,to_view=1727
info|2019-12-12 19:43:41.638834|[g:1][CONSENSUS]addRawPrepare,height=241,reqIdx=3,hash=80be92fa...
info|2019-12-12 19:43:41.660727|[g:1][CONSENSUS][PBFT]checkTimeout Succ,view=1727,toView=1728,nodeIdx=0,changeCycle=0,myNode=6e2a3211...,timecost=0.912
info|2019-12-12 19:43:41.673937|[g:1][CONSENSUS][PBFT]checkAndChangeView: Reach consensus,org_view=1727,org_changeCycle=0,cur_changeCycle=0,to_view=1728
info|2019-12-12 19:43:42.679320|[g:1][CONSENSUS][SEALER]++++++++++++++++ Generating seal on,blkNum=241,tx=0,nodeIdx=0,hash=7f8beb48...
info|2019-12-12 19:43:42.713617|[g:1][CONSENSUS][PBFT]checkTimeout Succ,view=1728,toView=1729,nodeIdx=0,changeCycle=0,myNode=6e2a3211...,timecost=13.805
info|2019-12-12 19:43:42.714329|[g:1][CONSENSUS][PBFT]checkAndChangeView: Reach consensus,org_view=1728,org_changeCycle=0,cur_changeCycle=0,to_view=1729
info|2019-12-12 19:43:43.328255|[P2P][Service] heartBeat,connected count=3
info|2019-12-12 19:43:43.754144|[g:1][CONSENSUS]addRawPrepare,height=241,reqIdx=1,hash=2d7af3f1...
info|2019-12-12 19:43:43.754546|[g:1][CONSENSUS][PBFT]checkTimeout Succ,view=1729,toView=1730,nodeIdx=0,changeCycle=0,myNode=6e2a3211...,timecost=0.259
info|2019-12-12 19:43:43.809865|[g:1][CONSENSUS][PBFT]checkAndChangeView: Reach consensus,org_view=1729,org_changeCycle=0,cur_changeCycle=0,to_view=1730
info|2019-12-12 19:43:44.817058|[g:1][CONSENSUS]addRawPrepare,height=241,reqIdx=2,hash=596f7e18...
info|2019-12-12 19:43:44.832467|[g:1][CONSENSUS][PBFT]checkTimeout Succ,view=1730,toView=1731,nodeIdx=0,changeCycle=0,myNode=6e2a3211...,timecost=0.64
info|2019-12-12 19:43:44.833355|[g:1][CONSENSUS][PBFT]checkAndChangeView: Reach consensus,org_view=1730,org_changeCycle=0,cur_changeCycle=0,to_view=1731
info|2019-12-12 19:43:45.811940|[g:1][CONSENSUS]addRawPrepare,height=241,reqIdx=3,hash=21f5e398...
info|2019-12-12 19:43:45.813518|[g:1][CONSENSUS][PBFT]checkTimeout Succ,view=1731,toView=1732,nodeIdx=0,changeCycle=0,myNode=6e2a3211...,timecost=0.595
info|2019-12-12 19:43:45.872973|[g:1][CONSENSUS][PBFT]checkAndChangeView: Reach consensus,org_view=1731,org_changeCycle=0,cur_changeCycle=0,to_view=1732
info|2019-12-12 19:43:46.874703|[g:1][CONSENSUS][SEALER]++++++++++++++++ Generating seal on,blkNum=241,tx=0,nodeIdx=0,hash=3103de7f...
info|2019-12-12 19:43:46.958051|[g:1][CONSENSUS][PBFT]checkTimeout Succ,view=1732,toView=1733,nodeIdx=0,changeCycle=0,myNode=6e2a3211...,timecost=41.733
info|2019-12-12 19:43:46.973018|[g:1][CONSENSUS][PBFT]checkAndChangeView: Reach consensus,org_view=1732,org_changeCycle=0,cur_changeCycle=0,to_view=1733
info|2019-12-12 19:43:48.046585|[g:1][CONSENSUS]addRawPrepare,height=241,reqIdx=1,hash=9091a4fe...
info|2019-12-12 19:43:48.047062|[g:1][CONSENSUS][PBFT]checkTimeout Succ,view=1733,toView=1734,nodeIdx=0,changeCycle=0,myNode=6e2a3211...,timecost=0.431
info|2019-12-12 19:43:48.049499|[g:1][CONSENSUS][PBFT]checkAndChangeView: Reach consensus,org_view=1733,org_changeCycle=0,cur_changeCycle=0,to_view=1734
info|2019-12-12 19:43:49.098091|[g:1][CONSENSUS]addRawPrepare,height=241,reqIdx=2,hash=1f1ed9af...
info|2019-12-12 19:43:49.098668|[g:1][CONSENSUS][PBFT]checkTimeout Succ,view=1734,toView=1735,nodeIdx=0,changeCycle=0,myNode=6e2a3211...,timecost=0.298
info|2019-12-12 19:43:49.126967|[g:1][CONSENSUS][PBFT]checkAndChangeView: Reach consensus,org_view=1734,org_changeCycle=0,cur_changeCycle=0,to_view=1735
info|2019-12-12 19:43:50.132560|[g:1][CONSENSUS]addRawPrepare,height=241,reqIdx=3,hash=cc6f3226...
info|2019-12-12 19:43:50.141034|[g:1][CONSENSUS][PBFT]checkTimeout Succ,view=1735,toView=1736,nodeIdx=0,changeCycle=0,myNode=6e2a3211...,timecost=0.378
info|2019-12-12 19:43:50.147832|[g:1][CONSENSUS][PBFT]checkAndChangeView: Reach consensus,org_view=1735,org_changeCycle=0,cur_changeCycle=0,to_view=1736
info|2019-12-12 19:43:51.477942|[g:1][CONSENSUS][SEALER]++++++++++++++++ Generating seal on,blkNum=241,tx=0,nodeIdx=0,hash=5e40dd68...
info|2019-12-12 19:43:51.482077|[g:1][CONSENSUS][PBFT]checkTimeout Succ,view=1736,toView=1737,nodeIdx=0,changeCycle=0,myNode=6e2a3211...,timecost=0.304
info|2019-12-12 19:43:51.576277|[g:1][CONSENSUS][PBFT]checkAndChangeView: Reach consensus,org_view=1736,org_changeCycle=0,cur_changeCycle=0,to_view=1737
info|2019-12-12 19:43:52.674639|[g:1][CONSENSUS]addRawPrepare,height=241,reqIdx=1,hash=8d503cbb...
info|2019-12-12 19:43:52.675523|[g:1][CONSENSUS][PBFT]checkTimeout Succ,view=1737,toView=1738,nodeIdx=0,changeCycle=0,myNode=6e2a3211...,timecost=0.238
info|2019-12-12 19:43:52.775117|[g:1][CONSENSUS][PBFT]checkAndChangeView: Reach consensus,org_view=1737,org_changeCycle=0,cur_changeCycle=0,to_view=1738
info|2019-12-12 19:43:53.427264|[P2P][Service] heartBeat,connected count=3
info|2019-12-12 19:43:54.005945|[g:1][CONSENSUS]addRawPrepare,height=241,reqIdx=2,hash=1e368cfe...
info|2019-12-12 19:43:54.006419|[g:1][CONSENSUS][PBFT]checkTimeout Succ,view=1738,toView=1739,nodeIdx=0,changeCycle=0,myNode=6e2a3211...,timecost=0.271
info|2019-12-12 19:43:54.007052|[g:1][CONSENSUS][PBFT]checkAndChangeView: Reach consensus,org_view=1738,org_changeCycle=0,cur_changeCycle=0,to_view=1739
info|2019-12-12 19:43:55.122061|[g:1][CONSENSUS]addRawPrepare,height=241,reqIdx=3,hash=9b539331...
info|2019-12-12 19:43:55.170949|[g:1][CONSENSUS][PBFT]checkTimeout Succ,view=1739,toView=1740,nodeIdx=0,changeCycle=0,myNode=6e2a3211...,timecost=48.773
info|2019-12-12 19:43:55.175182|[g:1][CONSENSUS][PBFT]checkAndChangeView: Reach consensus,org_view=1739,org_changeCycle=0,cur_changeCycle=0,to_view=1740
info|2019-12-12 19:43:56.175787|[g:1][CONSENSUS][SEALER]++++++++++++++++ Generating seal on,blkNum=241,tx=0,nodeIdx=0,hash=f4a0bec5...
info|2019-12-12 19:43:56.219161|[g:1][CONSENSUS][PBFT]checkTimeout Succ,view=1740,toView=1741,nodeIdx=0,changeCycle=0,myNode=6e2a3211...,timecost=0.214
info|2019-12-12 19:43:56.221577|[g:1][CONSENSUS][PBFT]checkAndChangeView: Reach consensus,org_view=1740,org_changeCycle=0,cur_changeCycle=0,to_view=1741
info|2019-12-12 19:43:57.223380|[g:1][CONSENSUS]addRawPrepare,height=241,reqIdx=1,hash=656dcac5...
info|2019-12-12 19:43:57.276221|[g:1][CONSENSUS][PBFT]checkTimeout Succ,view=1741,toView=1742,nodeIdx=0,changeCycle=0,myNode=6e2a3211...,timecost=0.536
info|2019-12-12 19:43:57.278164|[g:1][CONSENSUS][PBFT]checkAndChangeView: Reach consensus,org_view=1741,org_changeCycle=0,cur_changeCycle=0,to_view=1742
info|2019-12-12 19:43:58.259965|[g:1][CONSENSUS]addRawPrepare,height=241,reqIdx=2,hash=3c93f887...
info|2019-12-12 19:43:58.260504|[g:1][CONSENSUS][PBFT]checkTimeout Succ,view=1742,toView=1743,nodeIdx=0,changeCycle=0,myNode=6e2a3211...,timecost=0.401
info|2019-12-12 19:43:58.333058|[g:1][CONSENSUS][PBFT]checkAndChangeView: Reach consensus,org_view=1742,org_changeCycle=0,cur_changeCycle=0,to_view=1743
info|2019-12-12 19:43:59.416387|[g:1][CONSENSUS]addRawPrepare,height=241,reqIdx=3,hash=5a4ec10a...
info|2019-12-12 19:43:59.417083|[g:1][CONSENSUS][PBFT]checkTimeout Succ,view=1743,toView=1744,nodeIdx=0,changeCycle=0,myNode=6e2a3211...,timecost=0.652
info|2019-12-12 19:43:59.417591|[g:1][CONSENSUS][PBFT]checkAndChangeView: Reach consensus,org_view=1743,org_changeCycle=0,cur_changeCycle=0,to_view=1744
info|2019-12-12 19:44:00.417209|[g:1][CONSENSUS][SEALER]++++++++++++++++ Generating seal on,blkNum=241,tx=0,nodeIdx=0,hash=19dabc2b...
info|2019-12-12 19:44:00.417829|[g:1][CONSENSUS][PBFT]checkTimeout Succ,view=1744,toView=1745,nodeIdx=0,changeCycle=0,myNode=6e2a3211...,timecost=0.225
info|2019-12-12 19:44:00.453443|[g:1][CONSENSUS][PBFT]checkAndChangeView: Reach consensus,org_view=1744,org_changeCycle=0,cur_changeCycle=0,to_view=1745
info|2019-12-12 19:44:01.505478|[g:1][CONSENSUS]addRawPrepare,height=241,reqIdx=1,hash=3e77f7d2...
info|2019-12-12 19:44:01.508003|[g:1][CONSENSUS][PBFT]checkTimeout Succ,view=1745,toView=1746,nodeIdx=0,changeCycle=0,myNode=6e2a3211...,timecost=2.219
info|2019-12-12 19:44:01.518588|[g:1][CONSENSUS][PBFT]checkAndChangeView: Reach consensus,org_view=1745,org_changeCycle=0,cur_changeCycle=0,to_view=1746
info|2019-12-12 19:44:02.522007|[g:1][CONSENSUS]addRawPrepare,height=241,reqIdx=2,hash=53a03da2...
info|2019-12-12 19:44:02.524886|[g:1][CONSENSUS][PBFT]checkTimeout Succ,view=1746,toView=1747,nodeIdx=0,changeCycle=0,myNode=6e2a3211...,timecost=1.058
info|2019-12-12 19:44:02.596804|[g:1][CONSENSUS][PBFT]checkAndChangeView: Reach consensus,org_view=1746,org_changeCycle=0,cur_changeCycle=0,to_view=1747
info|2019-12-12 19:44:03.436345|[P2P][Service] heartBeat,connected count=3
info|2019-12-12 19:44:03.638001|[g:1][CONSENSUS]addRawPrepare,height=241,reqIdx=3,hash=51c454c3...
info|2019-12-12 19:44:03.638399|[g:1][CONSENSUS][PBFT]checkTimeout Succ,view=1747,toView=1748,nodeIdx=0,changeCycle=0,myNode=6e2a3211...,timecost=0.234
info|2019-12-12 19:44:03.683832|[g:1][CONSENSUS][PBFT]checkAndChangeView: Reach consensus,org_view=1747,org_changeCycle=0,cur_changeCycle=0,to_view=1748
info|2019-12-12 19:44:04.701257|[g:1][CONSENSUS][SEALER]++++++++++++++++ Generating seal on,blkNum=241,tx=0,nodeIdx=0,hash=89b60659...
info|2019-12-12 19:44:04.701936|[g:1][CONSENSUS][PBFT]checkTimeout Succ,view=1748,toView=1749,nodeIdx=0,changeCycle=0,myNode=6e2a3211...,timecost=0.255
info|2019-12-12 19:44:04.845334|[g:1][CONSENSUS][PBFT]checkAndChangeView: Reach consensus,org_view=1748,org_changeCycle=0,cur_changeCycle=0,to_view=1749
info|2019-12-12 19:44:05.875586|[g:1][CONSENSUS]addRawPrepare,height=241,reqIdx=1,hash=5d91ca9e...
info|2019-12-12 19:44:05.930830|[g:1][CONSENSUS][PBFT]checkTimeout Succ,view=1749,toView=1750,nodeIdx=0,changeCycle=0,myNode=6e2a3211...,timecost=55.135
info|2019-12-12 19:44:05.931238|[g:1][CONSENSUS][PBFT]checkAndChangeView: Reach consensus,org_view=1749,org_changeCycle=0,cur_changeCycle=0,to_view=1750
info|2019-12-12 19:44:06.986492|[g:1][CONSENSUS]addRawPrepare,height=241,reqIdx=2,hash=b68d3556...
info|2019-12-12 19:44:06.995192|[g:1][CONSENSUS][PBFT]checkTimeout Succ,view=1750,toView=1751,nodeIdx=0,changeCycle=0,myNode=6e2a3211...,timecost=8.583
info|2019-12-12 19:44:06.996024|[g:1][CONSENSUS][PBFT]checkAndChangeView: Reach consensus,org_view=1750,org_changeCycle=0,cur_changeCycle=0,to_view=1751
info|2019-12-12 19:44:08.044523|[g:1][CONSENSUS]addRawPrepare,height=241,reqIdx=3,hash=a8e2eab4...
info|2019-12-12 19:44:08.056836|[g:1][CONSENSUS][PBFT]checkTimeout Succ,view=1751,toView=1752,nodeIdx=0,changeCycle=0,myNode=6e2a3211...,timecost=12.138
info|2019-12-12 19:44:08.057919|[g:1][CONSENSUS][PBFT]checkAndChangeView: Reach consensus,org_view=1751,org_changeCycle=0,cur_changeCycle=0,to_view=1752
info|2019-12-12 19:44:09.067862|[g:1][CONSENSUS][SEALER]++++++++++++++++ Generating seal on,blkNum=241,tx=0,nodeIdx=0,hash=c785bfb8...
info|2019-12-12 19:44:09.068971|[g:1][CONSENSUS][PBFT]checkTimeout Succ,view=1752,toView=1753,nodeIdx=0,changeCycle=0,myNode=6e2a3211...,timecost=0.323
info|2019-12-12 19:44:09.071639|[g:1][CONSENSUS][PBFT]checkAndChangeView: Reach consensus,org_view=1752,org_changeCycle=0,cur_changeCycle=0,to_view=1753
info|2019-12-12 19:44:10.093780|[g:1][CONSENSUS]addRawPrepare,height=241,reqIdx=1,hash=7bdb4247...
info|2019-12-12 19:44:10.094097|[g:1][CONSENSUS][PBFT]checkTimeout Succ,view=1753,toView=1754,nodeIdx=0,changeCycle=0,myNode=6e2a3211...,timecost=0.309
info|2019-12-12 19:44:10.141853|[g:1][CONSENSUS][PBFT]checkAndChangeView: Reach consensus,org_view=1753,org_changeCycle=0,cur_changeCycle=0,to_view=1754
info|2019-12-12 19:44:11.144154|[g:1][CONSENSUS]addRawPrepare,height=241,reqIdx=2,hash=50c9f6f7...
info|2019-12-12 19:44:11.144440|[g:1][CONSENSUS][PBFT]checkTimeout Succ,view=1754,toView=1755,nodeIdx=0,changeCycle=0,myNode=6e2a3211...,timecost=0.186
info|2019-12-12 19:44:11.274721|[g:1][CONSENSUS][PBFT]checkAndChangeView: Reach consensus,org_view=1754,org_changeCycle=0,cur_changeCycle=0,to_view=1755
info|2019-12-12 19:44:12.273523|[g:1][CONSENSUS]addRawPrepare,height=241,reqIdx=3,hash=b7d21ac7...
info|2019-12-12 19:44:12.273769|[g:1][CONSENSUS][PBFT]checkTimeout Succ,view=1755,toView=1756,nodeIdx=0,changeCycle=0,myNode=6e2a3211...,timecost=0.209
info|2019-12-12 19:44:12.274432|[g:1][CONSENSUS][PBFT]checkAndChangeView: Reach consensus,org_view=1755,org_changeCycle=0,cur_changeCycle=0,to_view=1756
info|2019-12-12 19:44:13.279468|[g:1][CONSENSUS][SEALER]++++++++++++++++ Generating seal on,blkNum=241,tx=0,nodeIdx=0,hash=83ee387f...
info|2019-12-12 19:44:13.280076|[g:1][CONSENSUS][PBFT]checkTimeout Succ,view=1756,toView=1757,nodeIdx=0,changeCycle=0,myNode=6e2a3211...,timecost=0.297
info|2019-12-12 19:44:13.283801|[g:1][CONSENSUS][PBFT]checkAndChangeView: Reach consensus,org_view=1756,org_changeCycle=0,cur_changeCycle=0,to_view=1757
info|2019-12-12 19:44:13.436491|[P2P][Service] heartBeat,connected count=3
info|2019-12-12 19:44:14.306420|[g:1][CONSENSUS]addRawPrepare,height=241,reqIdx=1,hash=adf3d9e7...
info|2019-12-12 19:44:14.306652|[g:1][CONSENSUS][PBFT]checkTimeout Succ,view=1757,toView=1758,nodeIdx=0,changeCycle=0,myNode=6e2a3211...,timecost=0.209
info|2019-12-12 19:44:14.357017|[g:1][CONSENSUS][PBFT]checkAndChangeView: Reach consensus,org_view=1757,org_changeCycle=0,cur_changeCycle=0,to_view=1758
info|2019-12-12 19:44:15.385989|[g:1][CONSENSUS]addRawPrepare,height=241,reqIdx=2,hash=08f52879...
info|2019-12-12 19:44:15.386430|[g:1][CONSENSUS][PBFT]checkTimeout Succ,view=1758,toView=1759,nodeIdx=0,changeCycle=0,myNode=6e2a3211...,timecost=0.274
info|2019-12-12 19:44:15.413121|[g:1][CONSENSUS][PBFT]checkAndChangeView: Reach consensus,org_view=1758,org_changeCycle=0,cur_changeCycle=0,to_view=1759
info|2019-12-12 19:44:16.452933|[g:1][CONSENSUS]addRawPrepare,height=241,reqIdx=3,hash=67df25cf...
info|2019-12-12 19:44:16.453275|[g:1][CONSENSUS][PBFT]checkTimeout Succ,view=1759,toView=1760,nodeIdx=0,changeCycle=0,myNode=6e2a3211...,timecost=0.188
info|2019-12-12 19:44:16.454626|[g:1][CONSENSUS][PBFT]checkAndChangeView: Reach consensus,org_view=1759,org_changeCycle=0,cur_changeCycle=0,to_view=1760
info|2019-12-12 19:44:17.454385|[g:1][CONSENSUS][SEALER]++++++++++++++++ Generating seal on,blkNum=241,tx=0,nodeIdx=0,hash=83a9bd35...
info|2019-12-12 19:44:17.454889|[g:1][CONSENSUS][PBFT]checkTimeout Succ,view=1760,toView=1761,nodeIdx=0,changeCycle=0,myNode=6e2a3211...,timecost=0.193
info|2019-12-12 19:44:17.458358|[g:1][CONSENSUS][PBFT]checkAndChangeView: Reach consensus,org_view=1760,org_changeCycle=0,cur_changeCycle=0,to_view=1761
info|2019-12-12 19:44:18.512635|[g:1][CONSENSUS]addRawPrepare,height=241,reqIdx=1,hash=5468f4de...
info|2019-12-12 19:44:18.636292|[g:1][CONSENSUS][PBFT]checkTimeout Succ,view=1761,toView=1762,nodeIdx=0,changeCycle=0,myNode=6e2a3211...,timecost=0.503
info|2019-12-12 19:44:18.658233|[g:1][CONSENSUS][PBFT]checkAndChangeView: Reach consensus,org_view=1761,org_changeCycle=0,cur_changeCycle=0,to_view=1762
info|2019-12-12 19:44:19.721882|[g:1][CONSENSUS]addRawPrepare,height=241,reqIdx=2,hash=d51de3eb...
info|2019-12-12 19:44:19.722297|[g:1][CONSENSUS][PBFT]checkTimeout Succ,view=1762,toView=1763,nodeIdx=0,changeCycle=0,myNode=6e2a3211...,timecost=0.285
info|2019-12-12 19:44:19.746591|[g:1][CONSENSUS][PBFT]checkAndChangeView: Reach consensus,org_view=1762,org_changeCycle=0,cur_changeCycle=0,to_view=1763
info|2019-12-12 19:44:20.786821|[g:1][CONSENSUS]addRawPrepare,height=241,reqIdx=3,hash=0edd42c0...
info|2019-12-12 19:44:20.816543|[g:1][CONSENSUS][PBFT]checkTimeout Succ,view=1763,toView=1764,nodeIdx=0,changeCycle=0,myNode=6e2a3211...,timecost=29.672
info|2019-12-12 19:44:20.818661|[g:1][CONSENSUS][PBFT]checkAndChangeView: Reach consensus,org_view=1763,org_changeCycle=0,cur_changeCycle=0,to_view=1764
info|2019-12-12 19:44:21.819144|[g:1][CONSENSUS][SEALER]++++++++++++++++ Generating seal on,blkNum=241,tx=0,nodeIdx=0,hash=c942c426...
info|2019-12-12 19:44:21.847583|[g:1][CONSENSUS][PBFT]checkTimeout Succ,view=1764,toView=1765,nodeIdx=0,changeCycle=0,myNode=6e2a3211...,timecost=17.82
info|2019-12-12 19:44:22.040806|[g:1][CONSENSUS][PBFT]checkAndChangeView: Reach consensus,org_view=1764,org_changeCycle=0,cur_changeCycle=0,to_view=1765
info|2019-12-12 19:44:22.958532|[g:1][CONSENSUS]addRawPrepare,height=241,reqIdx=1,hash=81e72603...
info|2019-12-12 19:44:22.958845|[g:1][CONSENSUS][PBFT]checkTimeout Succ,view=1765,toView=1766,nodeIdx=0,changeCycle=0,myNode=6e2a3211...,timecost=0.213
info|2019-12-12 19:44:22.962536|[g:1][CONSENSUS][PBFT]checkAndChangeView: Reach consensus,org_view=1765,org_changeCycle=0,cur_changeCycle=0,to_view=1766
info|2019-12-12 19:44:23.451039|[P2P][Service] heartBeat,connected count=3
info|2019-12-12 19:44:23.964096|[g:1][CONSENSUS]addRawPrepare,height=241,reqIdx=2,hash=d2cd0211...
info|2019-12-12 19:44:23.964668|[g:1][CONSENSUS][PBFT]checkTimeout Succ,view=1766,toView=1767,nodeIdx=0,changeCycle=0,myNode=6e2a3211...,timecost=0.245
info|2019-12-12 19:44:23.966761|[g:1][CONSENSUS][PBFT]checkAndChangeView: Reach consensus,org_view=1766,org_changeCycle=0,cur_changeCycle=0,to_view=1767
info|2019-12-12 19:44:24.998120|[g:1][CONSENSUS]addRawPrepare,height=241,reqIdx=3,hash=29ed5944...
info|2019-12-12 19:44:24.998500|[g:1][CONSENSUS][PBFT]checkTimeout Succ,view=1767,toView=1768,nodeIdx=0,changeCycle=0,myNode=6e2a3211...,timecost=0.239
info|2019-12-12 19:44:24.999386|[g:1][CONSENSUS][PBFT]checkAndChangeView: Reach consensus,org_view=1767,org_changeCycle=0,cur_changeCycle=0,to_view=1768
info|2019-12-12 19:44:26.008267|[g:1][CONSENSUS][SEALER]++++++++++++++++ Generating seal on,blkNum=241,tx=0,nodeIdx=0,hash=9a01c379...
info|2019-12-12 19:44:26.063913|[g:1][CONSENSUS][PBFT]checkTimeout Succ,view=1768,toView=1769,nodeIdx=0,changeCycle=0,myNode=6e2a3211...,timecost=0.249
info|2019-12-12 19:44:26.098814|[g:1][CONSENSUS][PBFT]checkAndChangeView: Reach consensus,org_view=1768,org_changeCycle=0,cur_changeCycle=0,to_view=1769
info|2019-12-12 19:44:27.322404|[g:1][CONSENSUS]addRawPrepare,height=241,reqIdx=1,hash=34075b4a...
info|2019-12-12 19:44:27.342591|[g:1][CONSENSUS][PBFT]checkTimeout Succ,view=1769,toView=1770,nodeIdx=0,changeCycle=0,myNode=6e2a3211...,timecost=19.859
info|2019-12-12 19:44:27.348319|[g:1][CONSENSUS][PBFT]checkAndChangeView: Reach consensus,org_view=1769,org_changeCycle=0,cur_changeCycle=0,to_view=1770
info|2019-12-12 19:44:28.412720|[g:1][CONSENSUS]addRawPrepare,height=241,reqIdx=2,hash=fc0916b9...
info|2019-12-12 19:44:28.413034|[g:1][CONSENSUS][PBFT]checkTimeout Succ,view=1770,toView=1771,nodeIdx=0,changeCycle=0,myNode=6e2a3211...,timecost=0.294
info|2019-12-12 19:44:28.413629|[g:1][CONSENSUS][PBFT]checkAndChangeView: Reach consensus,org_view=1770,org_changeCycle=0,cur_changeCycle=0,to_view=1771
info|2019-12-12 19:44:29.415192|[g:1][CONSENSUS]addRawPrepare,height=241,reqIdx=3,hash=8e801517...
info|2019-12-12 19:44:29.415627|[g:1][CONSENSUS][PBFT]checkTimeout Succ,view=1771,toView=1772,nodeIdx=0,changeCycle=0,myNode=6e2a3211...,timecost=0.316
info|2019-12-12 19:44:29.445823|[g:1][CONSENSUS][PBFT]checkAndChangeView: Reach consensus,org_view=1771,org_changeCycle=0,cur_changeCycle=0,to_view=1772
info|2019-12-12 19:44:30.445183|[g:1][CONSENSUS][SEALER]++++++++++++++++ Generating seal on,blkNum=241,tx=0,nodeIdx=0,hash=3696045b...
info|2019-12-12 19:44:30.480179|[g:1][CONSENSUS][PBFT]checkTimeout Succ,view=1772,toView=1773,nodeIdx=0,changeCycle=0,myNode=6e2a3211...,timecost=0.237
info|2019-12-12 19:44:30.481000|[g:1][CONSENSUS][PBFT]checkAndChangeView: Reach consensus,org_view=1772,org_changeCycle=0,cur_changeCycle=0,to_view=1773
info|2019-12-12 19:44:31.483018|[g:1][CONSENSUS]addRawPrepare,height=241,reqIdx=1,hash=06333d34...
info|2019-12-12 19:44:31.483276|[g:1][CONSENSUS][PBFT]checkTimeout Succ,view=1773,toView=1774,nodeIdx=0,changeCycle=0,myNode=6e2a3211...,timecost=0.231
info|2019-12-12 19:44:31.484359|[g:1][CONSENSUS][PBFT]checkAndChangeView: Reach consensus,org_view=1773,org_changeCycle=0,cur_changeCycle=0,to_view=1774
info|2019-12-12 19:44:32.619202|[g:1][CONSENSUS]addRawPrepare,height=241,reqIdx=2,hash=d3769eca...
info|2019-12-12 19:44:32.619561|[g:1][CONSENSUS][PBFT]checkTimeout Succ,view=1774,toView=1775,nodeIdx=0,changeCycle=0,myNode=6e2a3211...,timecost=0.181
info|2019-12-12 19:44:32.621654|[g:1][CONSENSUS][PBFT]checkAndChangeView: Reach consensus,org_view=1774,org_changeCycle=0,cur_changeCycle=0,to_view=1775
info|2019-12-12 19:44:33.451733|[P2P][Service] heartBeat,connected count=3
info|2019-12-12 19:44:33.659579|[g:1][CONSENSUS]addRawPrepare,height=241,reqIdx=3,hash=a3bfb847...
info|2019-12-12 19:44:33.666812|[g:1][CONSENSUS][PBFT]checkTimeout Succ,view=1775,toView=1776,nodeIdx=0,changeCycle=0,myNode=6e2a3211...,timecost=7.175
info|2019-12-12 19:44:33.668552|[g:1][CONSENSUS][PBFT]checkAndChangeView: Reach consensus,org_view=1775,org_changeCycle=0,cur_changeCycle=0,to_view=1776
info|2019-12-12 19:44:34.858426|[g:1][CONSENSUS][SEALER]++++++++++++++++ Generating seal on,blkNum=241,tx=0,nodeIdx=0,hash=59852197...
info|2019-12-12 19:44:34.912233|[g:1][CONSENSUS][PBFT]checkTimeout Succ,view=1776,toView=1777,nodeIdx=0,changeCycle=0,myNode=6e2a3211...,timecost=34.778
info|2019-12-12 19:44:34.913103|[g:1][CONSENSUS][PBFT]checkAndChangeView: Reach consensus,org_view=1776,org_changeCycle=0,cur_changeCycle=0,to_view=1777
info|2019-12-12 19:44:35.920574|[g:1][CONSENSUS]addRawPrepare,height=241,reqIdx=1,hash=9caf1dc8...
info|2019-12-12 19:44:35.921204|[g:1][CONSENSUS][PBFT]checkTimeout Succ,view=1777,toView=1778,nodeIdx=0,changeCycle=0,myNode=6e2a3211...,timecost=0.433
info|2019-12-12 19:44:35.922495|[g:1][CONSENSUS][PBFT]checkAndChangeView: Reach consensus,org_view=1777,org_changeCycle=0,cur_changeCycle=0,to_view=1778
info|2019-12-12 19:44:36.924257|[g:1][CONSENSUS]addRawPrepare,height=241,reqIdx=2,hash=9d70a88e...
info|2019-12-12 19:44:36.941082|[g:1][CONSENSUS][PBFT]checkTimeout Succ,view=1778,toView=1779,nodeIdx=0,changeCycle=0,myNode=6e2a3211...,timecost=0.822
info|2019-12-12 19:44:36.956148|[g:1][CONSENSUS][PBFT]checkAndChangeView: Reach consensus,org_view=1778,org_changeCycle=0,cur_changeCycle=0,to_view=1779
info|2019-12-12 19:44:37.959857|[g:1][CONSENSUS]addRawPrepare,height=241,reqIdx=3,hash=49bc4507...
info|2019-12-12 19:44:37.981031|[g:1][CONSENSUS][PBFT]checkTimeout Succ,view=1779,toView=1780,nodeIdx=0,changeCycle=0,myNode=6e2a3211...,timecost=0.382
info|2019-12-12 19:44:37.999320|[g:1][CONSENSUS][PBFT]checkAndChangeView: Reach consensus,org_view=1779,org_changeCycle=0,cur_changeCycle=0,to_view=1780
info|2019-12-12 19:44:39.001032|[g:1][CONSENSUS][SEALER]++++++++++++++++ Generating seal on,blkNum=241,tx=0,nodeIdx=0,hash=e3dee425...
info|2019-12-12 19:44:39.015575|[g:1][CONSENSUS][PBFT]checkTimeout Succ,view=1780,toView=1781,nodeIdx=0,changeCycle=0,myNode=6e2a3211...,timecost=0.256
info|2019-12-12 19:44:39.038130|[g:1][CONSENSUS][PBFT]checkAndChangeView: Reach consensus,org_view=1780,org_changeCycle=0,cur_changeCycle=0,to_view=1781
info|2019-12-12 19:44:40.440530|[g:1][CONSENSUS]addRawPrepare,height=241,reqIdx=1,hash=24a06e9d...
info|2019-12-12 19:44:40.454841|[g:1][CONSENSUS][PBFT]checkTimeout Succ,view=1781,toView=1782,nodeIdx=0,changeCycle=0,myNode=6e2a3211...,timecost=9.6
info|2019-12-12 19:44:40.479268|[g:1][CONSENSUS][PBFT]checkAndChangeView: Reach consensus,org_view=1781,org_changeCycle=0,cur_changeCycle=0,to_view=1782
info|2019-12-12 19:44:41.509489|[g:1][CONSENSUS]addRawPrepare,height=241,reqIdx=2,hash=cd3eebff...
info|2019-12-12 19:44:41.604524|[g:1][CONSENSUS][PBFT]checkTimeout Succ,view=1782,toView=1783,nodeIdx=0,changeCycle=0,myNode=6e2a3211...,timecost=95.019
info|2019-12-12 19:44:41.693484|[g:1][CONSENSUS][PBFT]checkAndChangeView: Reach consensus,org_view=1782,org_changeCycle=0,cur_changeCycle=0,to_view=1783
info|2019-12-12 19:44:42.730419|[g:1][CONSENSUS]addRawPrepare,height=241,reqIdx=3,hash=930b93ea...
info|2019-12-12 19:44:42.837022|[g:1][CONSENSUS][PBFT]checkTimeout Succ,view=1783,toView=1784,nodeIdx=0,changeCycle=0,myNode=6e2a3211...,timecost=70.547
info|2019-12-12 19:44:42.837796|[g:1][CONSENSUS][PBFT]checkAndChangeView: Reach consensus,org_view=1783,org_changeCycle=0,cur_changeCycle=0,to_view=1784
info|2019-12-12 19:44:43.453221|[P2P][Service] heartBeat,connected count=3
info|2019-12-12 19:44:43.837177|[g:1][CONSENSUS][SEALER]++++++++++++++++ Generating seal on,blkNum=241,tx=0,nodeIdx=0,hash=410379d5...
info|2019-12-12 19:44:43.856290|[g:1][CONSENSUS][PBFT]checkTimeout Succ,view=1784,toView=1785,nodeIdx=0,changeCycle=0,myNode=6e2a3211...,timecost=0.269
info|2019-12-12 19:44:43.952322|[g:1][CONSENSUS][PBFT]checkAndChangeView: Reach consensus,org_view=1784,org_changeCycle=0,cur_changeCycle=0,to_view=1785
info|2019-12-12 19:44:44.976233|[g:1][CONSENSUS]addRawPrepare,height=241,reqIdx=1,hash=5b0d2e4c...
info|2019-12-12 19:44:44.976586|[g:1][CONSENSUS][PBFT]checkTimeout Succ,view=1785,toView=1786,nodeIdx=0,changeCycle=0,myNode=6e2a3211...,timecost=0.319
info|2019-12-12 19:44:44.980276|[g:1][CONSENSUS][PBFT]checkAndChangeView: Reach consensus,org_view=1785,org_changeCycle=0,cur_changeCycle=0,to_view=1786
info|2019-12-12 19:44:45.985394|[g:1][CONSENSUS]addRawPrepare,height=241,reqIdx=2,hash=4f5dee1c...
info|2019-12-12 19:44:45.985870|[g:1][CONSENSUS][PBFT]checkTimeout Succ,view=1786,toView=1787,nodeIdx=0,changeCycle=0,myNode=6e2a3211...,timecost=0.269
info|2019-12-12 19:44:46.040140|[g:1][CONSENSUS][PBFT]checkAndChangeView: Reach consensus,org_view=1786,org_changeCycle=0,cur_changeCycle=0,to_view=1787
info|2019-12-12 19:44:47.078942|[g:1][CONSENSUS]addRawPrepare,height=241,reqIdx=3,hash=0323057d...
info|2019-12-12 19:44:47.079220|[g:1][CONSENSUS][PBFT]checkTimeout Succ,view=1787,toView=1788,nodeIdx=0,changeCycle=0,myNode=6e2a3211...,timecost=0.211
info|2019-12-12 19:44:47.103241|[g:1][CONSENSUS][PBFT]checkAndChangeView: Reach consensus,org_view=1787,org_changeCycle=0,cur_changeCycle=0,to_view=1788
info|2019-12-12 19:44:48.103901|[g:1][CONSENSUS][SEALER]++++++++++++++++ Generating seal on,blkNum=241,tx=0,nodeIdx=0,hash=92d0f45c...
info|2019-12-12 19:44:48.278378|[g:1][CONSENSUS][PBFT]checkTimeout Succ,view=1788,toView=1789,nodeIdx=0,changeCycle=0,myNode=6e2a3211...,timecost=0.323
info|2019-12-12 19:44:48.279676|[g:1][CONSENSUS][PBFT]checkAndChangeView: Reach consensus,org_view=1788,org_changeCycle=0,cur_changeCycle=0,to_view=1789
info|2019-12-12 19:44:49.283007|[g:1][CONSENSUS]addRawPrepare,height=241,reqIdx=1,hash=da716ec0...
info|2019-12-12 19:44:49.283276|[g:1][CONSENSUS][PBFT]checkTimeout Succ,view=1789,toView=1790,nodeIdx=0,changeCycle=0,myNode=6e2a3211...,timecost=0.186
info|2019-12-12 19:44:49.285031|[g:1][CONSENSUS][PBFT]checkAndChangeView: Reach consensus,org_view=1789,org_changeCycle=0,cur_changeCycle=0,to_view=1790
info|2019-12-12 19:44:50.317945|[g:1][CONSENSUS]addRawPrepare,height=241,reqIdx=2,hash=c00b2947...
info|2019-12-12 19:44:50.329212|[g:1][CONSENSUS][PBFT]checkTimeout Succ,view=1790,toView=1791,nodeIdx=0,changeCycle=0,myNode=6e2a3211...,timecost=11.121
info|2019-12-12 19:44:50.330071|[g:1][CONSENSUS][PBFT]checkAndChangeView: Reach consensus,org_view=1790,org_changeCycle=0,cur_changeCycle=0,to_view=1791
info|2019-12-12 19:44:51.380565|[g:1][CONSENSUS]addRawPrepare,height=241,reqIdx=3,hash=96b06016...
info|2019-12-12 19:44:51.380958|[g:1][CONSENSUS][PBFT]checkTimeout Succ,view=1791,toView=1792,nodeIdx=0,changeCycle=0,myNode=6e2a3211...,timecost=0.369
info|2019-12-12 19:44:51.384714|[g:1][CONSENSUS][PBFT]checkAndChangeView: Reach consensus,org_view=1791,org_changeCycle=0,cur_changeCycle=0,to_view=1792
info|2019-12-12 19:44:52.385524|[g:1][CONSENSUS][SEALER]++++++++++++++++ Generating seal on,blkNum=241,tx=0,nodeIdx=0,hash=fbbd6314...
info|2019-12-12 19:44:52.392662|[g:1][CONSENSUS][PBFT]checkTimeout Succ,view=1792,toView=1793,nodeIdx=0,changeCycle=0,myNode=6e2a3211...,timecost=0.209
info|2019-12-12 19:44:52.393676|[g:1][CONSENSUS][PBFT]checkAndChangeView: Reach consensus,org_view=1792,org_changeCycle=0,cur_changeCycle=0,to_view=1793
info|2019-12-12 19:44:53.422983|[g:1][CONSENSUS]addRawPrepare,height=241,reqIdx=1,hash=a8420800...
info|2019-12-12 19:44:53.423731|[g:1][CONSENSUS][PBFT]checkTimeout Succ,view=1793,toView=1794,nodeIdx=0,changeCycle=0,myNode=6e2a3211...,timecost=0.724
info|2019-12-12 19:44:53.426728|[g:1][CONSENSUS][PBFT]checkAndChangeView: Reach consensus,org_view=1793,org_changeCycle=0,cur_changeCycle=0,to_view=1794
info|2019-12-12 19:44:53.453634|[P2P][Service] heartBeat,connected count=3
info|2019-12-12 19:44:54.448046|[g:1][CONSENSUS]addRawPrepare,height=241,reqIdx=2,hash=981be7fb...
info|2019-12-12 19:44:54.448740|[g:1][CONSENSUS][PBFT]checkTimeout Succ,view=1794,toView=1795,nodeIdx=0,changeCycle=0,myNode=6e2a3211...,timecost=0.579
info|2019-12-12 19:44:54.453380|[g:1][CONSENSUS][PBFT]checkAndChangeView: Reach consensus,org_view=1794,org_changeCycle=0,cur_changeCycle=0,to_view=1795
info|2019-12-12 19:44:55.479480|[g:1][CONSENSUS]addRawPrepare,height=241,reqIdx=3,hash=31cc1b59...
info|2019-12-12 19:44:55.479701|[g:1][CONSENSUS][PBFT]checkTimeout Succ,view=1795,toView=1796,nodeIdx=0,changeCycle=0,myNode=6e2a3211...,timecost=0.193
info|2019-12-12 19:44:55.483444|[g:1][CONSENSUS][PBFT]checkAndChangeView: Reach consensus,org_view=1795,org_changeCycle=0,cur_changeCycle=0,to_view=1796
info|2019-12-12 19:44:56.484493|[g:1][CONSENSUS][SEALER]++++++++++++++++ Generating seal on,blkNum=241,tx=0,nodeIdx=0,hash=de7eba2a...
info|2019-12-12 19:44:56.492586|[g:1][CONSENSUS][PBFT]checkTimeout Succ,view=1796,toView=1797,nodeIdx=0,changeCycle=0,myNode=6e2a3211...,timecost=0.557
info|2019-12-12 19:44:56.494032|[g:1][CONSENSUS][PBFT]checkAndChangeView: Reach consensus,org_view=1796,org_changeCycle=0,cur_changeCycle=0,to_view=1797
info|2019-12-12 19:44:57.492163|[g:1][CONSENSUS]addRawPrepare,height=241,reqIdx=1,hash=0a402cc0...
info|2019-12-12 19:44:57.492621|[g:1][CONSENSUS][PBFT]checkTimeout Succ,view=1797,toView=1798,nodeIdx=0,changeCycle=0,myNode=6e2a3211...,timecost=0.362
info|2019-12-12 19:44:57.507820|[g:1][CONSENSUS][PBFT]checkAndChangeView: Reach consensus,org_view=1797,org_changeCycle=0,cur_changeCycle=0,to_view=1798
info|2019-12-12 19:44:58.510127|[g:1][CONSENSUS]addRawPrepare,height=241,reqIdx=2,hash=e05a3ccf...
info|2019-12-12 19:44:58.510413|[g:1][CONSENSUS][PBFT]checkTimeout Succ,view=1798,toView=1799,nodeIdx=0,changeCycle=0,myNode=6e2a3211...,timecost=0.214
info|2019-12-12 19:44:58.537064|[g:1][CONSENSUS][PBFT]checkAndChangeView: Reach consensus,org_view=1798,org_changeCycle=0,cur_changeCycle=0,to_view=1799
info|2019-12-12 19:44:59.549856|[g:1][CONSENSUS]addRawPrepare,height=241,reqIdx=3,hash=1ec49f2f...
info|2019-12-12 19:44:59.550207|[g:1][CONSENSUS][PBFT]checkTimeout Succ,view=1799,toView=1800,nodeIdx=0,changeCycle=0,myNode=6e2a3211...,timecost=0.3
info|2019-12-12 19:44:59.551316|[g:1][CONSENSUS][PBFT]checkAndChangeView: Reach consensus,org_view=1799,org_changeCycle=0,cur_changeCycle=0,to_view=1800
info|2019-12-12 19:45:00.552470|[g:1][CONSENSUS][SEALER]++++++++++++++++ Generating seal on,blkNum=241,tx=0,nodeIdx=0,hash=73dfd9c3...
info|2019-12-12 19:45:00.578033|[g:1][CONSENSUS][PBFT]checkTimeout Succ,view=1800,toView=1801,nodeIdx=0,changeCycle=0,myNode=6e2a3211...,timecost=0.278
info|2019-12-12 19:45:00.578719|[g:1][CONSENSUS][PBFT]checkAndChangeView: Reach consensus,org_view=1800,org_changeCycle=0,cur_changeCycle=0,to_view=1801
info|2019-12-12 19:45:01.586434|[g:1][CONSENSUS]addRawPrepare,height=241,reqIdx=1,hash=a46b7f3b...
info|2019-12-12 19:45:01.609171|[g:1][CONSENSUS][PBFT]checkTimeout Succ,view=1801,toView=1802,nodeIdx=0,changeCycle=0,myNode=6e2a3211...,timecost=22.668
info|2019-12-12 19:45:01.610056|[g:1][CONSENSUS][PBFT]checkAndChangeView: Reach consensus,org_view=1801,org_changeCycle=0,cur_changeCycle=0,to_view=1802
info|2019-12-12 19:45:02.613081|[g:1][CONSENSUS]addRawPrepare,height=241,reqIdx=2,hash=4beb2b60...
info|2019-12-12 19:45:02.613422|[g:1][CONSENSUS][PBFT]checkTimeout Succ,view=1802,toView=1803,nodeIdx=0,changeCycle=0,myNode=6e2a3211...,timecost=0.201
info|2019-12-12 19:45:02.614174|[g:1][CONSENSUS][PBFT]checkAndChangeView: Reach consensus,org_view=1802,org_changeCycle=0,cur_changeCycle=0,to_view=1803
info|2019-12-12 19:45:03.454615|[P2P][Service] heartBeat,connected count=3
info|2019-12-12 19:45:03.635719|[g:1][CONSENSUS]addRawPrepare,height=241,reqIdx=3,hash=8294ff4c...
info|2019-12-12 19:45:03.636062|[g:1][CONSENSUS][PBFT]checkTimeout Succ,view=1803,toView=1804,nodeIdx=0,changeCycle=0,myNode=6e2a3211...,timecost=0.186
info|2019-12-12 19:45:03.638296|[g:1][CONSENSUS][PBFT]checkAndChangeView: Reach consensus,org_view=1803,org_changeCycle=0,cur_changeCycle=0,to_view=1804
info|2019-12-12 19:45:04.661706|[g:1][CONSENSUS][SEALER]++++++++++++++++ Generating seal on,blkNum=241,tx=0,nodeIdx=0,hash=d0acf2f5...
info|2019-12-12 19:45:04.692734|[g:1][CONSENSUS][PBFT]checkTimeout Succ,view=1804,toView=1805,nodeIdx=0,changeCycle=0,myNode=6e2a3211...,timecost=29.33
info|2019-12-12 19:45:04.704827|[g:1][CONSENSUS][PBFT]checkAndChangeView: Reach consensus,org_view=1804,org_changeCycle=0,cur_changeCycle=0,to_view=1805
info|2019-12-12 19:45:05.710539|[g:1][CONSENSUS]addRawPrepare,height=241,reqIdx=1,hash=53abd6ca...
info|2019-12-12 19:45:05.711148|[g:1][CONSENSUS][PBFT]checkTimeout Succ,view=1805,toView=1806,nodeIdx=0,changeCycle=0,myNode=6e2a3211...,timecost=0.375
info|2019-12-12 19:45:05.713245|[g:1][CONSENSUS][PBFT]checkAndChangeView: Reach consensus,org_view=1805,org_changeCycle=0,cur_changeCycle=0,to_view=1806
info|2019-12-12 19:45:06.711889|[g:1][CONSENSUS]addRawPrepare,height=241,reqIdx=2,hash=1baf7043...
info|2019-12-12 19:45:06.712182|[g:1][CONSENSUS][PBFT]checkTimeout Succ,view=1806,toView=1807,nodeIdx=0,changeCycle=0,myNode=6e2a3211...,timecost=0.224
info|2019-12-12 19:45:06.715757|[g:1][CONSENSUS][PBFT]checkAndChangeView: Reach consensus,org_view=1806,org_changeCycle=0,cur_changeCycle=0,to_view=1807
                                                                                                                                                                                                                                                                                                                                                                                                                                                                                                                                                                                                                                                                                                                                                                                                                                                                                                                                                                                                                                                                                                                                                                                                                                                                                                                                                                                                                                                                                                                                                                                                                                                                                                                                                                                                                                                                                                                                                                                                                                                                                                                                                                                                                                                                                                                                                                                                                                                                                                  