info|2019-12-05 00:00:00.780399|[g:1][CONSENSUS]addRawPrepare,height=29,reqIdx=3,hash=6aab21a6...
info|2019-12-05 00:00:00.781008|[g:1][CONSENSUS][PBFT]checkTimeout Succ,view=331,toView=332,nodeIdx=0,changeCycle=0,myNode=6e2a3211...,timecost=0.436
info|2019-12-05 00:00:00.790248|[g:1][CONSENSUS][PBFT]checkAndChangeView: Reach consensus,org_view=331,org_changeCycle=0,cur_changeCycle=0,to_view=332
info|2019-12-05 00:00:01.792043|[g:1][CONSENSUS][SEALER]++++++++++++++++ Generating seal on,blkNum=29,tx=0,nodeIdx=0,hash=91e9a601...
info|2019-12-05 00:00:01.794855|[g:1][CONSENSUS][PBFT]checkTimeout Succ,view=332,toView=333,nodeIdx=0,changeCycle=0,myNode=6e2a3211...,timecost=0.789
info|2019-12-05 00:00:01.803621|[g:1][CONSENSUS][PBFT]checkAndChangeView: Reach consensus,org_view=332,org_changeCycle=0,cur_changeCycle=0,to_view=333
info|2019-12-05 00:00:02.812032|[g:1][CONSENSUS]addRawPrepare,height=29,reqIdx=1,hash=0b4249e0...
info|2019-12-05 00:00:02.813000|[g:1][CONSENSUS][PBFT]checkTimeout Succ,view=333,toView=334,nodeIdx=0,changeCycle=0,myNode=6e2a3211...,timecost=0.839
info|2019-12-05 00:00:02.818223|[g:1][CONSENSUS][PBFT]checkAndChangeView: Reach consensus,org_view=333,org_changeCycle=0,cur_changeCycle=0,to_view=334
info|2019-12-05 00:00:03.825877|[g:1][CONSENSUS]addRawPrepare,height=29,reqIdx=2,hash=79e97446...
info|2019-12-05 00:00:03.826725|[g:1][CONSENSUS][PBFT]checkTimeout Succ,view=334,toView=335,nodeIdx=0,changeCycle=0,myNode=6e2a3211...,timecost=0.601
info|2019-12-05 00:00:03.835492|[g:1][CONSENSUS][PBFT]checkAndChangeView: Reach consensus,org_view=334,org_changeCycle=0,cur_changeCycle=0,to_view=335
info|2019-12-05 00:00:04.843068|[g:1][CONSENSUS]addRawPrepare,height=29,reqIdx=3,hash=b2f91b19...
info|2019-12-05 00:00:04.843755|[g:1][CONSENSUS][PBFT]checkTimeout Succ,view=335,toView=336,nodeIdx=0,changeCycle=0,myNode=6e2a3211...,timecost=0.451
info|2019-12-05 00:00:04.858863|[g:1][CONSENSUS][PBFT]checkAndChangeView: Reach consensus,org_view=335,org_changeCycle=0,cur_changeCycle=0,to_view=336
info|2019-12-05 00:00:05.859485|[g:1][CONSENSUS][SEALER]++++++++++++++++ Generating seal on,blkNum=29,tx=0,nodeIdx=0,hash=a30daf64...
info|2019-12-05 00:00:05.866307|[g:1][CONSENSUS][PBFT]checkTimeout Succ,view=336,toView=337,nodeIdx=0,changeCycle=0,myNode=6e2a3211...,timecost=0.717
info|2019-12-05 00:00:05.874185|[g:1][CONSENSUS][PBFT]checkAndChangeView: Reach consensus,org_view=336,org_changeCycle=0,cur_changeCycle=0,to_view=337
info|2019-12-05 00:00:06.876960|[g:1][CONSENSUS]addRawPrepare,height=29,reqIdx=1,hash=9a9a16e2...
info|2019-12-05 00:00:06.879131|[g:1][CONSENSUS][PBFT]checkTimeout Succ,view=337,toView=338,nodeIdx=0,changeCycle=0,myNode=6e2a3211...,timecost=2.128
info|2019-12-05 00:00:06.883400|[g:1][CONSENSUS][PBFT]checkAndChangeView: Reach consensus,org_view=337,org_changeCycle=0,cur_changeCycle=0,to_view=338
info|2019-12-05 00:00:06.933322|[P2P][Service] heartBeat,connected count=3
info|2019-12-05 00:00:07.884782|[g:1][CONSENSUS]addRawPrepare,height=29,reqIdx=2,hash=ca527ad1...
info|2019-12-05 00:00:07.885203|[g:1][CONSENSUS][PBFT]checkTimeout Succ,view=338,toView=339,nodeIdx=0,changeCycle=0,myNode=6e2a3211...,timecost=0.302
info|2019-12-05 00:00:07.889159|[g:1][CONSENSUS][PBFT]checkAndChangeView: Reach consensus,org_view=338,org_changeCycle=0,cur_changeCycle=0,to_view=339
info|2019-12-05 00:00:08.892384|[g:1][CONSENSUS]addRawPrepare,height=29,reqIdx=3,hash=9a9d86c5...
info|2019-12-05 00:00:08.892940|[g:1][CONSENSUS][PBFT]checkTimeout Succ,view=339,toView=340,nodeIdx=0,changeCycle=0,myNode=6e2a3211...,timecost=0.409
info|2019-12-05 00:00:08.899439|[g:1][CONSENSUS][PBFT]checkAndChangeView: Reach consensus,org_view=339,org_changeCycle=0,cur_changeCycle=0,to_view=340
info|2019-12-05 00:00:09.901504|[g:1][CONSENSUS][SEALER]++++++++++++++++ Generating seal on,blkNum=29,tx=0,nodeIdx=0,hash=3c33d18d...
info|2019-12-05 00:00:09.906901|[g:1][CONSENSUS][PBFT]checkTimeout Succ,view=340,toView=341,nodeIdx=0,changeCycle=0,myNode=6e2a3211...,timecost=0.451
info|2019-12-05 00:00:09.908072|[g:1][CONSENSUS][PBFT]checkAndChangeView: Reach consensus,org_view=340,org_changeCycle=0,cur_changeCycle=0,to_view=341
info|2019-12-05 00:00:10.913699|[g:1][CONSENSUS]addRawPrepare,height=29,reqIdx=1,hash=6383f49e...
info|2019-12-05 00:00:10.914680|[g:1][CONSENSUS][PBFT]checkTimeout Succ,view=341,toView=342,nodeIdx=0,changeCycle=0,myNode=6e2a3211...,timecost=0.716
info|2019-12-05 00:00:10.928490|[g:1][CONSENSUS][PBFT]checkAndChangeView: Reach consensus,org_view=341,org_changeCycle=0,cur_changeCycle=0,to_view=342
info|2019-12-05 00:00:11.936374|[g:1][CONSENSUS]addRawPrepare,height=29,reqIdx=2,hash=674117ea...
info|2019-12-05 00:00:11.937280|[g:1][CONSENSUS][PBFT]checkTimeout Succ,view=342,toView=343,nodeIdx=0,changeCycle=0,myNode=6e2a3211...,timecost=0.69
info|2019-12-05 00:00:11.944181|[g:1][CONSENSUS][PBFT]checkAndChangeView: Reach consensus,org_view=342,org_changeCycle=0,cur_changeCycle=0,to_view=343
info|2019-12-05 00:00:12.949815|[g:1][CONSENSUS]addRawPrepare,height=29,reqIdx=3,hash=a8ca6cb7...
info|2019-12-05 00:00:12.950413|[g:1][CONSENSUS][PBFT]checkTimeout Succ,view=343,toView=344,nodeIdx=0,changeCycle=0,myNode=6e2a3211...,timecost=0.46
info|2019-12-05 00:00:12.959163|[g:1][CONSENSUS][PBFT]checkAndChangeView: Reach consensus,org_view=343,org_changeCycle=0,cur_changeCycle=0,to_view=344
info|2019-12-05 00:00:13.960056|[g:1][CONSENSUS][SEALER]++++++++++++++++ Generating seal on,blkNum=29,tx=0,nodeIdx=0,hash=05d5b7e2...
info|2019-12-05 00:00:13.963753|[g:1][CONSENSUS][PBFT]checkTimeout Succ,view=344,toView=345,nodeIdx=0,changeCycle=0,myNode=6e2a3211...,timecost=0.613
info|2019-12-05 00:00:13.965046|[g:1][CONSENSUS][PBFT]checkAndChangeView: Reach consensus,org_view=344,org_changeCycle=0,cur_changeCycle=0,to_view=345
info|2019-12-05 00:00:14.969343|[g:1][CONSENSUS]addRawPrepare,height=29,reqIdx=1,hash=63ede89c...
info|2019-12-05 00:00:14.970312|[g:1][CONSENSUS][PBFT]checkTimeout Succ,view=345,toView=346,nodeIdx=0,changeCycle=0,myNode=6e2a3211...,timecost=0.692
info|2019-12-05 00:00:14.983167|[g:1][CONSENSUS][PBFT]checkAndChangeView: Reach consensus,org_view=345,org_changeCycle=0,cur_changeCycle=0,to_view=346
info|2019-12-05 00:00:15.984118|[g:1][CONSENSUS]addRawPrepare,height=29,reqIdx=2,hash=eb609997...
info|2019-12-05 00:00:15.984385|[g:1][CONSENSUS][PBFT]checkTimeout Succ,view=346,toView=347,nodeIdx=0,changeCycle=0,myNode=6e2a3211...,timecost=0.188
info|2019-12-05 00:00:15.986945|[g:1][CONSENSUS][PBFT]checkAndChangeView: Reach consensus,org_view=346,org_changeCycle=0,cur_changeCycle=0,to_view=347
info|2019-12-05 00:00:16.933553|[P2P][Service] heartBeat,connected count=3
info|2019-12-05 00:00:16.997075|[g:1][CONSENSUS]addRawPrepare,height=29,reqIdx=3,hash=d8d5d2e9...
info|2019-12-05 00:00:16.997648|[g:1][CONSENSUS][PBFT]checkTimeout Succ,view=347,toView=348,nodeIdx=0,changeCycle=0,myNode=6e2a3211...,timecost=0.425
info|2019-12-05 00:00:17.001150|[g:1][CONSENSUS][PBFT]checkAndChangeView: Reach consensus,org_view=347,org_changeCycle=0,cur_changeCycle=0,to_view=348
info|2019-12-05 00:00:18.004275|[g:1][CONSENSUS][SEALER]++++++++++++++++ Generating seal on,blkNum=29,tx=0,nodeIdx=0,hash=f57d0dae...
info|2019-12-05 00:00:18.011280|[g:1][CONSENSUS][PBFT]checkTimeout Succ,view=348,toView=349,nodeIdx=0,changeCycle=0,myNode=6e2a3211...,timecost=0.481
info|2019-12-05 00:00:18.012853|[g:1][CONSENSUS][PBFT]checkAndChangeView: Reach consensus,org_view=348,org_changeCycle=0,cur_changeCycle=0,to_view=349
info|2019-12-05 00:00:19.023372|[g:1][CONSENSUS]addRawPrepare,height=29,reqIdx=1,hash=4fbab550...
info|2019-12-05 00:00:19.024516|[g:1][CONSENSUS][PBFT]checkTimeout Succ,view=349,toView=350,nodeIdx=0,changeCycle=0,myNode=6e2a3211...,timecost=0.713
info|2019-12-05 00:00:19.036000|[g:1][CONSENSUS][PBFT]checkAndChangeView: Reach consensus,org_view=349,org_changeCycle=0,cur_changeCycle=0,to_view=350
info|2019-12-05 00:00:20.048887|[g:1][CONSENSUS]addRawPrepare,height=29,reqIdx=2,hash=74714fb3...
info|2019-12-05 00:00:20.051075|[g:1][CONSENSUS][PBFT]checkTimeout Succ,view=350,toView=351,nodeIdx=0,changeCycle=0,myNode=6e2a3211...,timecost=0.918
info|2019-12-05 00:00:20.053112|[g:1][CONSENSUS][PBFT]checkAndChangeView: Reach consensus,org_view=350,org_changeCycle=0,cur_changeCycle=0,to_view=351
info|2019-12-05 00:00:21.051765|[g:1][CONSENSUS]addRawPrepare,height=29,reqIdx=3,hash=e79e3a00...
info|2019-12-05 00:00:21.053077|[g:1][CONSENSUS][PBFT]checkTimeout Succ,view=351,toView=352,nodeIdx=0,changeCycle=0,myNode=6e2a3211...,timecost=1.085
info|2019-12-05 00:00:21.061321|[g:1][CONSENSUS][PBFT]checkAndChangeView: Reach consensus,org_view=351,org_changeCycle=0,cur_changeCycle=0,to_view=352
info|2019-12-05 00:00:22.062274|[g:1][CONSENSUS][SEALER]++++++++++++++++ Generating seal on,blkNum=29,tx=0,nodeIdx=0,hash=bec217ba...
info|2019-12-05 00:00:22.068444|[g:1][CONSENSUS][PBFT]checkTimeout Succ,view=352,toView=353,nodeIdx=0,changeCycle=0,myNode=6e2a3211...,timecost=0.798
info|2019-12-05 00:00:22.072690|[g:1][CONSENSUS][PBFT]checkAndChangeView: Reach consensus,org_view=352,org_changeCycle=0,cur_changeCycle=0,to_view=353
info|2019-12-05 00:00:23.083327|[g:1][CONSENSUS]addRawPrepare,height=29,reqIdx=1,hash=3b0ae4ab...
info|2019-12-05 00:00:23.084296|[g:1][CONSENSUS][PBFT]checkTimeout Succ,view=353,toView=354,nodeIdx=0,changeCycle=0,myNode=6e2a3211...,timecost=0.841
info|2019-12-05 00:00:23.094514|[g:1][CONSENSUS][PBFT]checkAndChangeView: Reach consensus,org_view=353,org_changeCycle=0,cur_changeCycle=0,to_view=354
info|2019-12-05 00:00:24.116226|[g:1][CONSENSUS]addRawPrepare,height=29,reqIdx=2,hash=97156a6a...
info|2019-12-05 00:00:24.117365|[g:1][CONSENSUS][PBFT]checkTimeout Succ,view=354,toView=355,nodeIdx=0,changeCycle=0,myNode=6e2a3211...,timecost=0.999
info|2019-12-05 00:00:24.125630|[g:1][CONSENSUS][PBFT]checkAndChangeView: Reach consensus,org_view=354,org_changeCycle=0,cur_changeCycle=0,to_view=355
info|2019-12-05 00:00:25.127713|[g:1][CONSENSUS]addRawPrepare,height=29,reqIdx=3,hash=c507dedf...
info|2019-12-05 00:00:25.128932|[g:1][CONSENSUS][PBFT]checkTimeout Succ,view=355,toView=356,nodeIdx=0,changeCycle=0,myNode=6e2a3211...,timecost=0.967
info|2019-12-05 00:00:25.142297|[g:1][CONSENSUS][PBFT]checkAndChangeView: Reach consensus,org_view=355,org_changeCycle=0,cur_changeCycle=0,to_view=356
info|2019-12-05 00:00:26.143141|[g:1][CONSENSUS][SEALER]++++++++++++++++ Generating seal on,blkNum=29,tx=0,nodeIdx=0,hash=514b39f7...
info|2019-12-05 00:00:26.148518|[g:1][CONSENSUS][PBFT]checkTimeout Succ,view=356,toView=357,nodeIdx=0,changeCycle=0,myNode=6e2a3211...,timecost=1.989
info|2019-12-05 00:00:26.149244|[g:1][CONSENSUS][PBFT]checkAndChangeView: Reach consensus,org_view=356,org_changeCycle=0,cur_changeCycle=0,to_view=357
info|2019-12-05 00:00:26.934152|[P2P][Service] heartBeat,connected count=3
info|2019-12-05 00:00:27.152219|[g:1][CONSENSUS]addRawPrepare,height=29,reqIdx=1,hash=082181a0...
info|2019-12-05 00:00:27.152708|[g:1][CONSENSUS][PBFT]checkTimeout Succ,view=357,toView=358,nodeIdx=0,changeCycle=0,myNode=6e2a3211...,timecost=0.43
info|2019-12-05 00:00:27.155469|[g:1][CONSENSUS][PBFT]checkAndChangeView: Reach consensus,org_view=357,org_changeCycle=0,cur_changeCycle=0,to_view=358
info|2019-12-05 00:00:28.157763|[g:1][CONSENSUS]addRawPrepare,height=29,reqIdx=2,hash=cc825ff1...
info|2019-12-05 00:00:28.160651|[g:1][CONSENSUS][PBFT]checkTimeout Succ,view=358,toView=359,nodeIdx=0,changeCycle=0,myNode=6e2a3211...,timecost=0.447
info|2019-12-05 00:00:28.165032|[g:1][CONSENSUS][PBFT]checkAndChangeView: Reach consensus,org_view=358,org_changeCycle=0,cur_changeCycle=0,to_view=359
info|2019-12-05 00:00:29.171129|[g:1][CONSENSUS]addRawPrepare,height=29,reqIdx=3,hash=4682cbfb...
info|2019-12-05 00:00:29.172223|[g:1][CONSENSUS][PBFT]checkTimeout Succ,view=359,toView=360,nodeIdx=0,changeCycle=0,myNode=6e2a3211...,timecost=0.725
info|2019-12-05 00:00:29.179048|[g:1][CONSENSUS][PBFT]checkAndChangeView: Reach consensus,org_view=359,org_changeCycle=0,cur_changeCycle=0,to_view=360
info|2019-12-05 00:00:30.180237|[g:1][CONSENSUS][SEALER]++++++++++++++++ Generating seal on,blkNum=29,tx=0,nodeIdx=0,hash=da1ad848...
info|2019-12-05 00:00:30.181974|[g:1][CONSENSUS][PBFT]checkTimeout Succ,view=360,toView=361,nodeIdx=0,changeCycle=0,myNode=6e2a3211...,timecost=0.669
info|2019-12-05 00:00:30.194448|[g:1][CONSENSUS][PBFT]checkAndChangeView: Reach consensus,org_view=360,org_changeCycle=0,cur_changeCycle=0,to_view=361
info|2019-12-05 00:00:31.201871|[g:1][CONSENSUS]addRawPrepare,height=29,reqIdx=1,hash=87c04e54...
info|2019-12-05 00:00:31.202580|[g:1][CONSENSUS][PBFT]checkTimeout Succ,view=361,toView=362,nodeIdx=0,changeCycle=0,myNode=6e2a3211...,timecost=0.546
info|2019-12-05 00:00:31.211169|[g:1][CONSENSUS][PBFT]checkAndChangeView: Reach consensus,org_view=361,org_changeCycle=0,cur_changeCycle=0,to_view=362
info|2019-12-05 00:00:32.214253|[g:1][CONSENSUS]addRawPrepare,height=29,reqIdx=2,hash=29d25dbb...
info|2019-12-05 00:00:32.217417|[g:1][CONSENSUS][PBFT]checkTimeout Succ,view=362,toView=363,nodeIdx=0,changeCycle=0,myNode=6e2a3211...,timecost=2.878
info|2019-12-05 00:00:32.218235|[g:1][CONSENSUS][PBFT]checkAndChangeView: Reach consensus,org_view=362,org_changeCycle=0,cur_changeCycle=0,to_view=363
info|2019-12-05 00:00:33.221943|[g:1][CONSENSUS]addRawPrepare,height=29,reqIdx=3,hash=8afd0e23...
info|2019-12-05 00:00:33.222522|[g:1][CONSENSUS][PBFT]checkTimeout Succ,view=363,toView=364,nodeIdx=0,changeCycle=0,myNode=6e2a3211...,timecost=0.444
info|2019-12-05 00:00:33.227949|[g:1][CONSENSUS][PBFT]checkAndChangeView: Reach consensus,org_view=363,org_changeCycle=0,cur_changeCycle=0,to_view=364
info|2019-12-05 00:00:34.228897|[g:1][CONSENSUS][SEALER]++++++++++++++++ Generating seal on,blkNum=29,tx=0,nodeIdx=0,hash=f716d653...
info|2019-12-05 00:00:34.235962|[g:1][CONSENSUS][PBFT]checkTimeout Succ,view=364,toView=365,nodeIdx=0,changeCycle=0,myNode=6e2a3211...,timecost=0.422
info|2019-12-05 00:00:34.237203|[g:1][CONSENSUS][PBFT]checkAndChangeView: Reach consensus,org_view=364,org_changeCycle=0,cur_changeCycle=0,to_view=365
info|2019-12-05 00:00:35.244441|[g:1][CONSENSUS]addRawPrepare,height=29,reqIdx=1,hash=0bdfbc7d...
info|2019-12-05 00:00:35.244906|[g:1][CONSENSUS][PBFT]checkTimeout Succ,view=365,toView=366,nodeIdx=0,changeCycle=0,myNode=6e2a3211...,timecost=0.39
info|2019-12-05 00:00:35.256529|[g:1][CONSENSUS][PBFT]checkAndChangeView: Reach consensus,org_view=365,org_changeCycle=0,cur_changeCycle=0,to_view=366
info|2019-12-05 00:00:36.248113|[g:1][CONSENSUS]addRawPrepare,height=29,reqIdx=2,hash=2d0e8d52...
info|2019-12-05 00:00:36.248482|[g:1][CONSENSUS][PBFT]checkTimeout Succ,view=366,toView=367,nodeIdx=0,changeCycle=0,myNode=6e2a3211...,timecost=0.285
info|2019-12-05 00:00:36.252049|[g:1][CONSENSUS][PBFT]checkAndChangeView: Reach consensus,org_view=366,org_changeCycle=0,cur_changeCycle=0,to_view=367
info|2019-12-05 00:00:36.934624|[P2P][Service] heartBeat,connected count=3
info|2019-12-05 00:00:37.254797|[g:1][CONSENSUS]addRawPrepare,height=29,reqIdx=3,hash=63316f56...
info|2019-12-05 00:00:37.260521|[g:1][CONSENSUS][PBFT]checkTimeout Succ,view=367,toView=368,nodeIdx=0,changeCycle=0,myNode=6e2a3211...,timecost=5.577
info|2019-12-05 00:00:37.268195|[g:1][CONSENSUS][PBFT]checkAndChangeView: Reach consensus,org_view=367,org_changeCycle=0,cur_changeCycle=0,to_view=368
info|2019-12-05 00:00:38.269768|[g:1][CONSENSUS][SEALER]++++++++++++++++ Generating seal on,blkNum=29,tx=0,nodeIdx=0,hash=e1b821ce...
info|2019-12-05 00:00:38.272111|[g:1][CONSENSUS][PBFT]checkTimeout Succ,view=368,toView=369,nodeIdx=0,changeCycle=0,myNode=6e2a3211...,timecost=0.335
info|2019-12-05 00:00:38.274042|[g:1][CONSENSUS][PBFT]checkAndChangeView: Reach consensus,org_view=368,org_changeCycle=0,cur_changeCycle=0,to_view=369
info|2019-12-05 00:00:39.275577|[g:1][CONSENSUS]addRawPrepare,height=29,reqIdx=1,hash=7419abdf...
info|2019-12-05 00:00:39.275944|[g:1][CONSENSUS][PBFT]checkTimeout Succ,view=369,toView=370,nodeIdx=0,changeCycle=0,myNode=6e2a3211...,timecost=0.284
info|2019-12-05 00:00:39.279781|[g:1][CONSENSUS][PBFT]checkAndChangeView: Reach consensus,org_view=369,org_changeCycle=0,cur_changeCycle=0,to_view=370
info|2019-12-05 00:00:40.285297|[g:1][CONSENSUS]addRawPrepare,height=29,reqIdx=2,hash=bf515970...
info|2019-12-05 00:00:40.286435|[g:1][CONSENSUS][PBFT]checkTimeout Succ,view=370,toView=371,nodeIdx=0,changeCycle=0,myNode=6e2a3211...,timecost=0.838
info|2019-12-05 00:00:40.296981|[g:1][CONSENSUS][PBFT]checkAndChangeView: Reach consensus,org_view=370,org_changeCycle=0,cur_changeCycle=0,to_view=371
info|2019-12-05 00:00:41.308506|[g:1][CONSENSUS]addRawPrepare,height=29,reqIdx=3,hash=2cd096e7...
info|2019-12-05 00:00:41.309465|[g:1][CONSENSUS][PBFT]checkTimeout Succ,view=371,toView=372,nodeIdx=0,changeCycle=0,myNode=6e2a3211...,timecost=0.763
info|2019-12-05 00:00:41.311583|[g:1][CONSENSUS][PBFT]checkAndChangeView: Reach consensus,org_view=371,org_changeCycle=0,cur_changeCycle=0,to_view=372
info|2019-12-05 00:00:42.312522|[g:1][CONSENSUS][SEALER]++++++++++++++++ Generating seal on,blkNum=29,tx=0,nodeIdx=0,hash=65ff18e0...
info|2019-12-05 00:00:42.315409|[g:1][CONSENSUS][PBFT]checkTimeout Succ,view=372,toView=373,nodeIdx=0,changeCycle=0,myNode=6e2a3211...,timecost=1.602
info|2019-12-05 00:00:42.322666|[g:1][CONSENSUS][PBFT]checkAndChangeView: Reach consensus,org_view=372,org_changeCycle=0,cur_changeCycle=0,to_view=373
info|2019-12-05 00:00:43.339716|[g:1][CONSENSUS]addRawPrepare,height=29,reqIdx=1,hash=229c1f91...
info|2019-12-05 00:00:43.340720|[g:1][CONSENSUS][PBFT]checkTimeout Succ,view=373,toView=374,nodeIdx=0,changeCycle=0,myNode=6e2a3211...,timecost=0.783
info|2019-12-05 00:00:43.362465|[g:1][CONSENSUS][PBFT]checkAndChangeView: Reach consensus,org_view=373,org_changeCycle=0,cur_changeCycle=0,to_view=374
info|2019-12-05 00:00:44.368104|[g:1][CONSENSUS]addRawPrepare,height=29,reqIdx=2,hash=04e8ed66...
info|2019-12-05 00:00:44.369121|[g:1][CONSENSUS][PBFT]checkTimeout Succ,view=374,toView=375,nodeIdx=0,changeCycle=0,myNode=6e2a3211...,timecost=0.805
info|2019-12-05 00:00:44.382770|[g:1][CONSENSUS][PBFT]checkAndChangeView: Reach consensus,org_view=374,org_changeCycle=0,cur_changeCycle=0,to_view=375
info|2019-12-05 00:00:45.387665|[g:1][CONSENSUS]addRawPrepare,height=29,reqIdx=3,hash=9a9ed7c8...
info|2019-12-05 00:00:45.387898|[g:1][CONSENSUS][PBFT]checkTimeout Succ,view=375,toView=376,nodeIdx=0,changeCycle=0,myNode=6e2a3211...,timecost=0.173
info|2019-12-05 00:00:45.390400|[g:1][CONSENSUS][PBFT]checkAndChangeView: Reach consensus,org_view=375,org_changeCycle=0,cur_changeCycle=0,to_view=376
info|2019-12-05 00:00:46.390666|[g:1][CONSENSUS][SEALER]++++++++++++++++ Generating seal on,blkNum=29,tx=0,nodeIdx=0,hash=9b95ca72...
info|2019-12-05 00:00:46.393332|[g:1][CONSENSUS][PBFT]checkTimeout Succ,view=376,toView=377,nodeIdx=0,changeCycle=0,myNode=6e2a3211...,timecost=0.255
info|2019-12-05 00:00:46.393631|[g:1][CONSENSUS][PBFT]checkAndChangeView: Reach consensus,org_view=376,org_changeCycle=0,cur_changeCycle=0,to_view=377
info|2019-12-05 00:00:46.934896|[P2P][Service] heartBeat,connected count=3
info|2019-12-05 00:00:47.395261|[g:1][CONSENSUS]addRawPrepare,height=29,reqIdx=1,hash=0d19ba21...
info|2019-12-05 00:00:47.395627|[g:1][CONSENSUS][PBFT]checkTimeout Succ,view=377,toView=378,nodeIdx=0,changeCycle=0,myNode=6e2a3211...,timecost=0.268
info|2019-12-05 00:00:47.396219|[g:1][CONSENSUS][PBFT]checkAndChangeView: Reach consensus,org_view=377,org_changeCycle=0,cur_changeCycle=0,to_view=378
info|2019-12-05 00:00:48.400419|[g:1][CONSENSUS]addRawPrepare,height=29,reqIdx=2,hash=e12d9830...
info|2019-12-05 00:00:48.400692|[g:1][CONSENSUS][PBFT]checkTimeout Succ,view=378,toView=379,nodeIdx=0,changeCycle=0,myNode=6e2a3211...,timecost=0.214
info|2019-12-05 00:00:48.403005|[g:1][CONSENSUS][PBFT]checkAndChangeView: Reach consensus,org_view=378,org_changeCycle=0,cur_changeCycle=0,to_view=379
info|2019-12-05 00:00:49.408452|[g:1][CONSENSUS]addRawPrepare,height=29,reqIdx=3,hash=f87ac558...
info|2019-12-05 00:00:49.409263|[g:1][CONSENSUS][PBFT]checkTimeout Succ,view=379,toView=380,nodeIdx=0,changeCycle=0,myNode=6e2a3211...,timecost=0.726
info|2019-12-05 00:00:49.429549|[g:1][CONSENSUS][PBFT]checkAndChangeView: Reach consensus,org_view=379,org_changeCycle=0,cur_changeCycle=0,to_view=380
info|2019-12-05 00:00:50.430844|[g:1][CONSENSUS][SEALER]++++++++++++++++ Generating seal on,blkNum=29,tx=0,nodeIdx=0,hash=fc37b6a0...
info|2019-12-05 00:00:50.437632|[g:1][CONSENSUS][PBFT]checkTimeout Succ,view=380,toView=381,nodeIdx=0,changeCycle=0,myNode=6e2a3211...,timecost=0.257
info|2019-12-05 00:00:50.438216|[g:1][CONSENSUS][PBFT]checkAndChangeView: Reach consensus,org_view=380,org_changeCycle=0,cur_changeCycle=0,to_view=381
info|2019-12-05 00:00:51.446584|[g:1][CONSENSUS]addRawPrepare,height=29,reqIdx=1,hash=ad57411f...
info|2019-12-05 00:00:51.447264|[g:1][CONSENSUS][PBFT]checkTimeout Succ,view=381,toView=382,nodeIdx=0,changeCycle=0,myNode=6e2a3211...,timecost=0.524
info|2019-12-05 00:00:51.453627|[g:1][CONSENSUS][PBFT]checkAndChangeView: Reach consensus,org_view=381,org_changeCycle=0,cur_changeCycle=0,to_view=382
info|2019-12-05 00:00:52.461521|[g:1][CONSENSUS]addRawPrepare,height=29,reqIdx=2,hash=14f9f636...
info|2019-12-05 00:00:52.462661|[g:1][CONSENSUS][PBFT]checkTimeout Succ,view=382,toView=383,nodeIdx=0,changeCycle=0,myNode=6e2a3211...,timecost=0.719
info|2019-12-05 00:00:52.467069|[g:1][CONSENSUS][PBFT]checkAndChangeView: Reach consensus,org_view=382,org_changeCycle=0,cur_changeCycle=0,to_view=383
info|2019-12-05 00:00:53.489204|[g:1][CONSENSUS]addRawPrepare,height=29,reqIdx=3,hash=cfcacf9b...
info|2019-12-05 00:00:53.495451|[g:1][CONSENSUS][PBFT]checkTimeout Succ,view=383,toView=384,nodeIdx=0,changeCycle=0,myNode=6e2a3211...,timecost=2.832
info|2019-12-05 00:00:53.501284|[g:1][CONSENSUS][PBFT]checkAndChangeView: Reach consensus,org_view=383,org_changeCycle=0,cur_changeCycle=0,to_view=384
info|2019-12-05 00:00:54.502154|[g:1][CONSENSUS][SEALER]++++++++++++++++ Generating seal on,blkNum=29,tx=0,nodeIdx=0,hash=443cb7d5...
info|2019-12-05 00:00:54.509448|[g:1][CONSENSUS][PBFT]checkTimeout Succ,view=384,toView=385,nodeIdx=0,changeCycle=0,myNode=6e2a3211...,timecost=0.36
info|2019-12-05 00:00:54.510413|[g:1][CONSENSUS][PBFT]checkAndChangeView: Reach consensus,org_view=384,org_changeCycle=0,cur_changeCycle=0,to_view=385
info|2019-12-05 00:00:55.521734|[g:1][CONSENSUS]addRawPrepare,height=29,reqIdx=1,hash=01fe0b86...
info|2019-12-05 00:00:55.524404|[g:1][CONSENSUS][PBFT]checkTimeout Succ,view=385,toView=386,nodeIdx=0,changeCycle=0,myNode=6e2a3211...,timecost=2.58
info|2019-12-05 00:00:55.525215|[g:1][CONSENSUS][PBFT]checkAndChangeView: Reach consensus,org_view=385,org_changeCycle=0,cur_changeCycle=0,to_view=386
info|2019-12-05 00:00:56.525938|[g:1][CONSENSUS]addRawPrepare,height=29,reqIdx=2,hash=dbb8790f...
info|2019-12-05 00:00:56.526250|[g:1][CONSENSUS][PBFT]checkTimeout Succ,view=386,toView=387,nodeIdx=0,changeCycle=0,myNode=6e2a3211...,timecost=0.231
info|2019-12-05 00:00:56.530737|[g:1][CONSENSUS][PBFT]checkAndChangeView: Reach consensus,org_view=386,org_changeCycle=0,cur_changeCycle=0,to_view=387
info|2019-12-05 00:00:56.935190|[P2P][Service] heartBeat,connected count=3
info|2019-12-05 00:00:57.532596|[g:1][CONSENSUS]addRawPrepare,height=29,reqIdx=3,hash=f94216b1...
info|2019-12-05 00:00:57.532916|[g:1][CONSENSUS][PBFT]checkTimeout Succ,view=387,toView=388,nodeIdx=0,changeCycle=0,myNode=6e2a3211...,timecost=0.238
info|2019-12-05 00:00:57.535243|[g:1][CONSENSUS][PBFT]checkAndChangeView: Reach consensus,org_view=387,org_changeCycle=0,cur_changeCycle=0,to_view=388
info|2019-12-05 00:00:58.536211|[g:1][CONSENSUS][SEALER]++++++++++++++++ Generating seal on,blkNum=29,tx=0,nodeIdx=0,hash=7d13e9c0...
info|2019-12-05 00:00:58.542998|[g:1][CONSENSUS][PBFT]checkTimeout Succ,view=388,toView=389,nodeIdx=0,changeCycle=0,myNode=6e2a3211...,timecost=0.66
info|2019-12-05 00:00:58.547448|[g:1][CONSENSUS][PBFT]checkAndChangeView: Reach consensus,org_view=388,org_changeCycle=0,cur_changeCycle=0,to_view=389
info|2019-12-05 00:00:59.554919|[g:1][CONSENSUS]addRawPrepare,height=29,reqIdx=1,hash=080df2c6...
info|2019-12-05 00:00:59.555365|[g:1][CONSENSUS][PBFT]checkTimeout Succ,view=389,toView=390,nodeIdx=0,changeCycle=0,myNode=6e2a3211...,timecost=0.333
info|2019-12-05 00:00:59.558121|[g:1][CONSENSUS][PBFT]checkAndChangeView: Reach consensus,org_view=389,org_changeCycle=0,cur_changeCycle=0,to_view=390
info|2019-12-05 00:01:00.562106|[g:1][CONSENSUS]addRawPrepare,height=29,reqIdx=2,hash=84493e36...
info|2019-12-05 00:01:00.562792|[g:1][CONSENSUS][PBFT]checkTimeout Succ,view=390,toView=391,nodeIdx=0,changeCycle=0,myNode=6e2a3211...,timecost=0.493
info|2019-12-05 00:01:00.569579|[g:1][CONSENSUS][PBFT]checkAndChangeView: Reach consensus,org_view=390,org_changeCycle=0,cur_changeCycle=0,to_view=391
info|2019-12-05 00:01:01.569695|[g:1][CONSENSUS]addRawPrepare,height=29,reqIdx=3,hash=13591ec0...
info|2019-12-05 00:01:01.569981|[g:1][CONSENSUS][PBFT]checkTimeout Succ,view=391,toView=392,nodeIdx=0,changeCycle=0,myNode=6e2a3211...,timecost=0.216
info|2019-12-05 00:01:01.574032|[g:1][CONSENSUS][PBFT]checkAndChangeView: Reach consensus,org_view=391,org_changeCycle=0,cur_changeCycle=0,to_view=392
info|2019-12-05 00:01:02.575164|[g:1][CONSENSUS][SEALER]++++++++++++++++ Generating seal on,blkNum=29,tx=0,nodeIdx=0,hash=c58a6a39...
info|2019-12-05 00:01:02.579232|[g:1][CONSENSUS][PBFT]checkTimeout Succ,view=392,toView=393,nodeIdx=0,changeCycle=0,myNode=6e2a3211...,timecost=1.474
info|2019-12-05 00:01:02.579945|[g:1][CONSENSUS][PBFT]checkAndChangeView: Reach consensus,org_view=392,org_changeCycle=0,cur_changeCycle=0,to_view=393
info|2019-12-05 00:01:03.579077|[g:1][CONSENSUS]addRawPrepare,height=29,reqIdx=1,hash=72b774b7...
info|2019-12-05 00:01:03.579371|[g:1][CONSENSUS][PBFT]checkTimeout Succ,view=393,toView=394,nodeIdx=0,changeCycle=0,myNode=6e2a3211...,timecost=0.231
info|2019-12-05 00:01:03.582096|[g:1][CONSENSUS][PBFT]checkAndChangeView: Reach consensus,org_view=393,org_changeCycle=0,cur_changeCycle=0,to_view=394
info|2019-12-05 00:01:04.584607|[g:1][CONSENSUS]addRawPrepare,height=29,reqIdx=2,hash=d53eb850...
info|2019-12-05 00:01:04.584959|[g:1][CONSENSUS][PBFT]checkTimeout Succ,view=394,toView=395,nodeIdx=0,changeCycle=0,myNode=6e2a3211...,timecost=0.219
info|2019-12-05 00:01:04.588100|[g:1][CONSENSUS][PBFT]checkAndChangeView: Reach consensus,org_view=394,org_changeCycle=0,cur_changeCycle=0,to_view=395
info|2019-12-05 00:01:05.589669|[g:1][CONSENSUS]addRawPrepare,height=29,reqIdx=3,hash=ae2012d6...
info|2019-12-05 00:01:05.589937|[g:1][CONSENSUS][PBFT]checkTimeout Succ,view=395,toView=396,nodeIdx=0,changeCycle=0,myNode=6e2a3211...,timecost=0.208
info|2019-12-05 00:01:05.593225|[g:1][CONSENSUS][PBFT]checkAndChangeView: Reach consensus,org_view=395,org_changeCycle=0,cur_changeCycle=0,to_view=396
info|2019-12-05 00:01:06.594455|[g:1][CONSENSUS][SEALER]++++++++++++++++ Generating seal on,blkNum=29,tx=0,nodeIdx=0,hash=82165f3b...
info|2019-12-05 00:01:06.601535|[g:1][CONSENSUS][PBFT]checkTimeout Succ,view=396,toView=397,nodeIdx=0,changeCycle=0,myNode=6e2a3211...,timecost=0.439
info|2019-12-05 00:01:06.603061|[g:1][CONSENSUS][PBFT]checkAndChangeView: Reach consensus,org_view=396,org_changeCycle=0,cur_changeCycle=0,to_view=397
info|2019-12-05 00:01:06.935745|[P2P][Service] heartBeat,connected count=3
info|2019-12-05 00:01:07.610691|[g:1][CONSENSUS]addRawPrepare,height=29,reqIdx=1,hash=d523088c...
info|2019-12-05 00:01:07.611262|[g:1][CONSENSUS][PBFT]checkTimeout Succ,view=397,toView=398,nodeIdx=0,changeCycle=0,myNode=6e2a3211...,timecost=0.395
info|2019-12-05 00:01:07.618975|[g:1][CONSENSUS][PBFT]checkAndChangeView: Reach consensus,org_view=397,org_changeCycle=0,cur_changeCycle=0,to_view=398
info|2019-12-05 00:01:08.622564|[g:1][CONSENSUS]addRawPrepare,height=29,reqIdx=2,hash=45f86f8a...
info|2019-12-05 00:01:08.627111|[g:1][CONSENSUS][PBFT]checkTimeout Succ,view=398,toView=399,nodeIdx=0,changeCycle=0,myNode=6e2a3211...,timecost=3.54
info|2019-12-05 00:01:08.628841|[g:1][CONSENSUS][PBFT]checkAndChangeView: Reach consensus,org_view=398,org_changeCycle=0,cur_changeCycle=0,to_view=399
info|2019-12-05 00:01:09.628520|[g:1][CONSENSUS]addRawPrepare,height=29,reqIdx=3,hash=a1d27452...
info|2019-12-05 00:01:09.635107|[g:1][CONSENSUS][PBFT]checkTimeout Succ,view=399,toView=400,nodeIdx=0,changeCycle=0,myNode=6e2a3211...,timecost=3.091
info|2019-12-05 00:01:09.636282|[g:1][CONSENSUS][PBFT]checkAndChangeView: Reach consensus,org_view=399,org_changeCycle=0,cur_changeCycle=0,to_view=400
info|2019-12-05 00:01:10.637303|[g:1][CONSENSUS][SEALER]++++++++++++++++ Generating seal on,blkNum=29,tx=0,nodeIdx=0,hash=66ae22e1...
info|2019-12-05 00:01:10.641343|[g:1][CONSENSUS][PBFT]checkTimeout Succ,view=400,toView=401,nodeIdx=0,changeCycle=0,myNode=6e2a3211...,timecost=0.253
info|2019-12-05 00:01:10.641904|[g:1][CONSENSUS][PBFT]checkAndChangeView: Reach consensus,org_view=400,org_changeCycle=0,cur_changeCycle=0,to_view=401
info|2019-12-05 00:01:11.645310|[g:1][CONSENSUS]addRawPrepare,height=29,reqIdx=1,hash=29961276...
info|2019-12-05 00:01:11.645820|[g:1][CONSENSUS][PBFT]checkTimeout Succ,view=401,toView=402,nodeIdx=0,changeCycle=0,myNode=6e2a3211...,timecost=0.38
info|2019-12-05 00:01:11.647302|[g:1][CONSENSUS][PBFT]checkAndChangeView: Reach consensus,org_view=401,org_changeCycle=0,cur_changeCycle=0,to_view=402
info|2019-12-05 00:01:12.649018|[g:1][CONSENSUS]addRawPrepare,height=29,reqIdx=2,hash=c5292c7b...
info|2019-12-05 00:01:12.652024|[g:1][CONSENSUS][PBFT]checkTimeout Succ,view=402,toView=403,nodeIdx=0,changeCycle=0,myNode=6e2a3211...,timecost=0.592
info|2019-12-05 00:01:12.658760|[g:1][CONSENSUS][PBFT]checkAndChangeView: Reach consensus,org_view=402,org_changeCycle=0,cur_changeCycle=0,to_view=403
info|2019-12-05 00:01:13.661359|[g:1][CONSENSUS]addRawPrepare,height=29,reqIdx=3,hash=e0c9d5f0...
info|2019-12-05 00:01:13.661662|[g:1][CONSENSUS][PBFT]checkTimeout Succ,view=403,toView=404,nodeIdx=0,changeCycle=0,myNode=6e2a3211...,timecost=0.209
info|2019-12-05 00:01:13.663405|[g:1][CONSENSUS][PBFT]checkAndChangeView: Reach consensus,org_view=403,org_changeCycle=0,cur_changeCycle=0,to_view=404
info|2019-12-05 00:01:14.664154|[g:1][CONSENSUS][SEALER]++++++++++++++++ Generating seal on,blkNum=29,tx=0,nodeIdx=0,hash=15c4011a...
info|2019-12-05 00:01:14.670459|[g:1][CONSENSUS][PBFT]checkTimeout Succ,view=404,toView=405,nodeIdx=0,changeCycle=0,myNode=6e2a3211...,timecost=1.504
info|2019-12-05 00:01:14.674214|[g:1][CONSENSUS][PBFT]checkAndChangeView: Reach consensus,org_view=404,org_changeCycle=0,cur_changeCycle=0,to_view=405
info|2019-12-05 00:01:15.675770|[g:1][CONSENSUS]addRawPrepare,height=29,reqIdx=1,hash=f68793fc...
info|2019-12-05 00:01:15.676098|[g:1][CONSENSUS][PBFT]checkTimeout Succ,view=405,toView=406,nodeIdx=0,changeCycle=0,myNode=6e2a3211...,timecost=0.258
info|2019-12-05 00:01:15.679759|[g:1][CONSENSUS][PBFT]checkAndChangeView: Reach consensus,org_view=405,org_changeCycle=0,cur_changeCycle=0,to_view=406
info|2019-12-05 00:01:16.682746|[g:1][CONSENSUS]addRawPrepare,height=29,reqIdx=2,hash=48b45d66...
info|2019-12-05 00:01:16.686275|[g:1][CONSENSUS][PBFT]checkTimeout Succ,view=406,toView=407,nodeIdx=0,changeCycle=0,myNode=6e2a3211...,timecost=0.386
info|2019-12-05 00:01:16.694545|[g:1][CONSENSUS][PBFT]checkAndChangeView: Reach consensus,org_view=406,org_changeCycle=0,cur_changeCycle=0,to_view=407
info|2019-12-05 00:01:16.936237|[P2P][Service] heartBeat,connected count=3
info|2019-12-05 00:01:17.696358|[g:1][CONSENSUS]addRawPrepare,height=29,reqIdx=3,hash=c1f9d8a7...
info|2019-12-05 00:01:17.696714|[g:1][CONSENSUS][PBFT]checkTimeout Succ,view=407,toView=408,nodeIdx=0,changeCycle=0,myNode=6e2a3211...,timecost=0.268
info|2019-12-05 00:01:17.699252|[g:1][CONSENSUS][PBFT]checkAndChangeView: Reach consensus,org_view=407,org_changeCycle=0,cur_changeCycle=0,to_view=408
info|2019-12-05 00:01:18.700655|[g:1][CONSENSUS][SEALER]++++++++++++++++ Generating seal on,blkNum=29,tx=0,nodeIdx=0,hash=5bbbaf23...
info|2019-12-05 00:01:18.704807|[g:1][CONSENSUS][PBFT]checkTimeout Succ,view=408,toView=409,nodeIdx=0,changeCycle=0,myNode=6e2a3211...,timecost=0.286
info|2019-12-05 00:01:18.705133|[g:1][CONSENSUS][PBFT]checkAndChangeView: Reach consensus,org_view=408,org_changeCycle=0,cur_changeCycle=0,to_view=409
info|2019-12-05 00:01:19.705601|[g:1][CONSENSUS]addRawPrepare,height=29,reqIdx=1,hash=33de584d...
info|2019-12-05 00:01:19.705880|[g:1][CONSENSUS][PBFT]checkTimeout Succ,view=409,toView=410,nodeIdx=0,changeCycle=0,myNode=6e2a3211...,timecost=0.214
info|2019-12-05 00:01:19.710773|[g:1][CONSENSUS][PBFT]checkAndChangeView: Reach consensus,org_view=409,org_changeCycle=0,cur_changeCycle=0,to_view=410
info|2019-12-05 00:01:20.709366|[g:1][CONSENSUS]addRawPrepare,height=29,reqIdx=2,hash=1630c995...
info|2019-12-05 00:01:20.709614|[g:1][CONSENSUS][PBFT]checkTimeout Succ,view=410,toView=411,nodeIdx=0,changeCycle=0,myNode=6e2a3211...,timecost=0.181
info|2019-12-05 00:01:20.712218|[g:1][CONSENSUS][PBFT]checkAndChangeView: Reach consensus,org_view=410,org_changeCycle=0,cur_changeCycle=0,to_view=411
info|2019-12-05 00:01:21.714027|[g:1][CONSENSUS]addRawPrepare,height=29,reqIdx=3,hash=f9a578a1...
info|2019-12-05 00:01:21.714279|[g:1][CONSENSUS][PBFT]checkTimeout Succ,view=411,toView=412,nodeIdx=0,changeCycle=0,myNode=6e2a3211...,timecost=0.182
info|2019-12-05 00:01:21.715845|[g:1][CONSENSUS][PBFT]checkAndChangeView: Reach consensus,org_view=411,org_changeCycle=0,cur_changeCycle=0,to_view=412
info|2019-12-05 00:01:22.716685|[g:1][CONSENSUS][SEALER]++++++++++++++++ Generating seal on,blkNum=29,tx=0,nodeIdx=0,hash=e40830ab...
info|2019-12-05 00:01:22.719913|[g:1][CONSENSUS][PBFT]checkTimeout Succ,view=412,toView=413,nodeIdx=0,changeCycle=0,myNode=6e2a3211...,timecost=0.184
info|2019-12-05 00:01:22.720299|[g:1][CONSENSUS][PBFT]checkAndChangeView: Reach consensus,org_view=412,org_changeCycle=0,cur_changeCycle=0,to_view=413
info|2019-12-05 00:01:23.722854|[g:1][CONSENSUS]addRawPrepare,height=29,reqIdx=1,hash=3ab81fd8...
info|2019-12-05 00:01:23.723107|[g:1][CONSENSUS][PBFT]checkTimeout Succ,view=413,toView=414,nodeIdx=0,changeCycle=0,myNode=6e2a3211...,timecost=0.184
info|2019-12-05 00:01:23.724786|[g:1][CONSENSUS][PBFT]checkAndChangeView: Reach consensus,org_view=413,org_changeCycle=0,cur_changeCycle=0,to_view=414
info|2019-12-05 00:01:24.727638|[g:1][CONSENSUS]addRawPrepare,height=29,reqIdx=2,hash=2219da14...
info|2019-12-05 00:01:24.727883|[g:1][CONSENSUS][PBFT]checkTimeout Succ,view=414,toView=415,nodeIdx=0,changeCycle=0,myNode=6e2a3211...,timecost=0.183
info|2019-12-05 00:01:24.729700|[g:1][CONSENSUS][PBFT]checkAndChangeView: Reach consensus,org_view=414,org_changeCycle=0,cur_changeCycle=0,to_view=415
info|2019-12-05 00:01:25.730841|[g:1][CONSENSUS]addRawPrepare,height=29,reqIdx=3,hash=74de4239...
info|2019-12-05 00:01:25.731087|[g:1][CONSENSUS][PBFT]checkTimeout Succ,view=415,toView=416,nodeIdx=0,changeCycle=0,myNode=6e2a3211...,timecost=0.179
info|2019-12-05 00:01:25.732546|[g:1][CONSENSUS][PBFT]checkAndChangeView: Reach consensus,org_view=415,org_changeCycle=0,cur_changeCycle=0,to_view=416
info|2019-12-05 00:01:26.762634|[g:1][CONSENSUS][SEALER]++++++++++++++++ Generating seal on,blkNum=29,tx=0,nodeIdx=0,hash=52401008...
info|2019-12-05 00:01:26.764911|[g:1][CONSENSUS][PBFT]checkTimeout Succ,view=416,toView=417,nodeIdx=0,changeCycle=0,myNode=6e2a3211...,timecost=0.176
info|2019-12-05 00:01:26.765230|[g:1][CONSENSUS][PBFT]checkAndChangeView: Reach consensus,org_view=416,org_changeCycle=0,cur_changeCycle=0,to_view=417
info|2019-12-05 00:01:26.936545|[P2P][Service] heartBeat,connected count=3
info|2019-12-05 00:01:27.767325|[g:1][CONSENSUS]addRawPrepare,height=29,reqIdx=1,hash=d5c3629a...
info|2019-12-05 00:01:27.767762|[g:1][CONSENSUS][PBFT]checkTimeout Succ,view=417,toView=418,nodeIdx=0,changeCycle=0,myNode=6e2a3211...,timecost=0.374
info|2019-12-05 00:01:27.771470|[g:1][CONSENSUS][PBFT]checkAndChangeView: Reach consensus,org_view=417,org_changeCycle=0,cur_changeCycle=0,to_view=418
info|2019-12-05 00:01:28.775656|[g:1][CONSENSUS]addRawPrepare,height=29,reqIdx=2,hash=86c73d6b...
info|2019-12-05 00:01:28.776062|[g:1][CONSENSUS][PBFT]checkTimeout Succ,view=418,toView=419,nodeIdx=0,changeCycle=0,myNode=6e2a3211...,timecost=0.336
info|2019-12-05 00:01:28.781931|[g:1][CONSENSUS][PBFT]checkAndChangeView: Reach consensus,org_view=418,org_changeCycle=0,cur_changeCycle=0,to_view=419
info|2019-12-05 00:01:29.792045|[g:1][CONSENSUS]addRawPrepare,height=29,reqIdx=3,hash=b94d3669...
info|2019-12-05 00:01:29.792408|[g:1][CONSENSUS][PBFT]checkTimeout Succ,view=419,toView=420,nodeIdx=0,changeCycle=0,myNode=6e2a3211...,timecost=0.281
info|2019-12-05 00:01:29.793093|[g:1][CONSENSUS][PBFT]checkAndChangeView: Reach consensus,org_view=419,org_changeCycle=0,cur_changeCycle=0,to_view=420
info|2019-12-05 00:01:30.794410|[g:1][CONSENSUS][SEALER]++++++++++++++++ Generating seal on,blkNum=29,tx=0,nodeIdx=0,hash=2620a507...
info|2019-12-05 00:01:30.801403|[g:1][CONSENSUS][PBFT]checkTimeout Succ,view=420,toView=421,nodeIdx=0,changeCycle=0,myNode=6e2a3211...,timecost=0.31
info|2019-12-05 00:01:30.802655|[g:1][CONSENSUS][PBFT]checkAndChangeView: Reach consensus,org_view=420,org_changeCycle=0,cur_changeCycle=0,to_view=421
info|2019-12-05 00:01:31.804574|[g:1][CONSENSUS]addRawPrepare,height=29,reqIdx=1,hash=e0dee207...
info|2019-12-05 00:01:31.805022|[g:1][CONSENSUS][PBFT]checkTimeout Succ,view=421,toView=422,nodeIdx=0,changeCycle=0,myNode=6e2a3211...,timecost=0.298
info|2019-12-05 00:01:31.808080|[g:1][CONSENSUS][PBFT]checkAndChangeView: Reach consensus,org_view=421,org_changeCycle=0,cur_changeCycle=0,to_view=422
info|2019-12-05 00:01:32.810374|[g:1][CONSENSUS]addRawPrepare,height=29,reqIdx=2,hash=01e62c23...
info|2019-12-05 00:01:32.810616|[g:1][CONSENSUS][PBFT]checkTimeout Succ,view=422,toView=423,nodeIdx=0,changeCycle=0,myNode=6e2a3211...,timecost=0.176
info|2019-12-05 00:01:32.811217|[g:1][CONSENSUS][PBFT]checkAndChangeView: Reach consensus,org_view=422,org_changeCycle=0,cur_changeCycle=0,to_view=423
info|2019-12-05 00:01:33.814854|[g:1][CONSENSUS]addRawPrepare,height=29,reqIdx=3,hash=ab8201e5...
info|2019-12-05 00:01:33.815130|[g:1][CONSENSUS][PBFT]checkTimeout Succ,view=423,toView=424,nodeIdx=0,changeCycle=0,myNode=6e2a3211...,timecost=0.214
info|2019-12-05 00:01:33.817531|[g:1][CONSENSUS][PBFT]checkAndChangeView: Reach consensus,org_view=423,org_changeCycle=0,cur_changeCycle=0,to_view=424
info|2019-12-05 00:01:34.817400|[g:1][CONSENSUS][SEALER]++++++++++++++++ Generating seal on,blkNum=29,tx=0,nodeIdx=0,hash=960f71bb...
info|2019-12-05 00:01:34.821457|[g:1][CONSENSUS][PBFT]checkTimeout Succ,view=424,toView=425,nodeIdx=0,changeCycle=0,myNode=6e2a3211...,timecost=3.352
info|2019-12-05 00:01:34.822595|[g:1][CONSENSUS][PBFT]checkAndChangeView: Reach consensus,org_view=424,org_changeCycle=0,cur_changeCycle=0,to_view=425
info|2019-12-05 00:01:35.826485|[g:1][CONSENSUS]addRawPrepare,height=29,reqIdx=1,hash=5285cb4a...
info|2019-12-05 00:01:35.826793|[g:1][CONSENSUS][PBFT]checkTimeout Succ,view=425,toView=426,nodeIdx=0,changeCycle=0,myNode=6e2a3211...,timecost=0.242
info|2019-12-05 00:01:35.830176|[g:1][CONSENSUS][PBFT]checkAndChangeView: Reach consensus,org_view=425,org_changeCycle=0,cur_changeCycle=0,to_view=426
info|2019-12-05 00:01:36.832402|[g:1][CONSENSUS]addRawPrepare,height=29,reqIdx=2,hash=67ac7a6f...
info|2019-12-05 00:01:36.832705|[g:1][CONSENSUS][PBFT]checkTimeout Succ,view=426,toView=427,nodeIdx=0,changeCycle=0,myNode=6e2a3211...,timecost=0.219
info|2019-12-05 00:01:36.837322|[g:1][CONSENSUS][PBFT]checkAndChangeView: Reach consensus,org_view=426,org_changeCycle=0,cur_changeCycle=0,to_view=427
info|2019-12-05 00:01:36.937314|[P2P][Service] heartBeat,connected count=3
info|2019-12-05 00:01:37.838795|[g:1][CONSENSUS]addRawPrepare,height=29,reqIdx=3,hash=d79041da...
info|2019-12-05 00:01:37.839039|[g:1][CONSENSUS][PBFT]checkTimeout Succ,view=427,toView=428,nodeIdx=0,changeCycle=0,myNode=6e2a3211...,timecost=0.18
info|2019-12-05 00:01:37.839613|[g:1][CONSENSUS][PBFT]checkAndChangeView: Reach consensus,org_view=427,org_changeCycle=0,cur_changeCycle=0,to_view=428
info|2019-12-05 00:01:38.839128|[g:1][CONSENSUS][SEALER]++++++++++++++++ Generating seal on,blkNum=29,tx=0,nodeIdx=0,hash=b89841de...
info|2019-12-05 00:01:38.842086|[g:1][CONSENSUS][PBFT]checkTimeout Succ,view=428,toView=429,nodeIdx=0,changeCycle=0,myNode=6e2a3211...,timecost=0.207
info|2019-12-05 00:01:38.842787|[g:1][CONSENSUS][PBFT]checkAndChangeView: Reach consensus,org_view=428,org_changeCycle=0,cur_changeCycle=0,to_view=429
info|2019-12-05 00:01:39.844665|[g:1][CONSENSUS]addRawPrepare,height=29,reqIdx=1,hash=9bae9b2c...
info|2019-12-05 00:01:39.846503|[g:1][CONSENSUS][PBFT]checkTimeout Succ,view=429,toView=430,nodeIdx=0,changeCycle=0,myNode=6e2a3211...,timecost=1.775
info|2019-12-05 00:01:39.847039|[g:1][CONSENSUS][PBFT]checkAndChangeView: Reach consensus,org_view=429,org_changeCycle=0,cur_changeCycle=0,to_view=430
info|2019-12-05 00:01:40.851482|[g:1][CONSENSUS]addRawPrepare,height=29,reqIdx=2,hash=f2e60717...
info|2019-12-05 00:01:40.852116|[g:1][CONSENSUS][PBFT]checkTimeout Succ,view=430,toView=431,nodeIdx=0,changeCycle=0,myNode=6e2a3211...,timecost=0.5
info|2019-12-05 00:01:40.856747|[g:1][CONSENSUS][PBFT]checkAndChangeView: Reach consensus,org_view=430,org_changeCycle=0,cur_changeCycle=0,to_view=431
info|2019-12-05 00:01:41.860015|[g:1][CONSENSUS]addRawPrepare,height=29,reqIdx=3,hash=8e85a839...
info|2019-12-05 00:01:41.861090|[g:1][CONSENSUS][PBFT]checkTimeout Succ,view=431,toView=432,nodeIdx=0,changeCycle=0,myNode=6e2a3211...,timecost=0.732
info|2019-12-05 00:01:41.866276|[g:1][CONSENSUS][PBFT]checkAndChangeView: Reach consensus,org_view=431,org_changeCycle=0,cur_changeCycle=0,to_view=432
info|2019-12-05 00:01:42.866329|[g:1][CONSENSUS][SEALER]++++++++++++++++ Generating seal on,blkNum=29,tx=0,nodeIdx=0,hash=43f1a57d...
info|2019-12-05 00:01:42.869963|[g:1][CONSENSUS][PBFT]checkTimeout Succ,view=432,toView=433,nodeIdx=0,changeCycle=0,myNode=6e2a3211...,timecost=0.275
info|2019-12-05 00:01:42.871015|[g:1][CONSENSUS][PBFT]checkAndChangeView: Reach consensus,org_view=432,org_changeCycle=0,cur_changeCycle=0,to_view=433
info|2019-12-05 00:01:43.874014|[g:1][CONSENSUS]addRawPrepare,height=29,reqIdx=1,hash=16417f69...
info|2019-12-05 00:01:43.874250|[g:1][CONSENSUS][PBFT]checkTimeout Succ,view=433,toView=434,nodeIdx=0,changeCycle=0,myNode=6e2a3211...,timecost=0.177
info|2019-12-05 00:01:43.875599|[g:1][CONSENSUS][PBFT]checkAndChangeView: Reach consensus,org_view=433,org_changeCycle=0,cur_changeCycle=0,to_view=434
info|2019-12-05 00:01:44.875166|[g:1][CONSENSUS]addRawPrepare,height=29,reqIdx=2,hash=31011e88...
info|2019-12-05 00:01:44.875425|[g:1][CONSENSUS][PBFT]checkTimeout Succ,view=434,toView=435,nodeIdx=0,changeCycle=0,myNode=6e2a3211...,timecost=0.186
info|2019-12-05 00:01:44.878259|[g:1][CONSENSUS][PBFT]checkAndChangeView: Reach consensus,org_view=434,org_changeCycle=0,cur_changeCycle=0,to_view=435
info|2019-12-05 00:01:45.880648|[g:1][CONSENSUS]addRawPrepare,height=29,reqIdx=3,hash=e0fabe2c...
info|2019-12-05 00:01:45.881427|[g:1][CONSENSUS][PBFT]checkTimeout Succ,view=435,toView=436,nodeIdx=0,changeCycle=0,myNode=6e2a3211...,timecost=0.597
info|2019-12-05 00:01:45.891335|[g:1][CONSENSUS][PBFT]checkAndChangeView: Reach consensus,org_view=435,org_changeCycle=0,cur_changeCycle=0,to_view=436
info|2019-12-05 00:01:46.891493|[g:1][CONSENSUS][SEALER]++++++++++++++++ Generating seal on,blkNum=29,tx=0,nodeIdx=0,hash=d8603eb6...
info|2019-12-05 00:01:46.898458|[g:1][CONSENSUS][PBFT]checkTimeout Succ,view=436,toView=437,nodeIdx=0,changeCycle=0,myNode=6e2a3211...,timecost=0.407
info|2019-12-05 00:01:46.899670|[g:1][CONSENSUS][PBFT]checkAndChangeView: Reach consensus,org_view=436,org_changeCycle=0,cur_changeCycle=0,to_view=437
info|2019-12-05 00:01:46.937707|[P2P][Service] heartBeat,connected count=3
info|2019-12-05 00:01:47.899880|[g:1][CONSENSUS]addRawPrepare,height=29,reqIdx=1,hash=85a38a03...
info|2019-12-05 00:01:47.900412|[g:1][CONSENSUS][PBFT]checkTimeout Succ,view=437,toView=438,nodeIdx=0,changeCycle=0,myNode=6e2a3211...,timecost=0.383
info|2019-12-05 00:01:47.919276|[g:1][CONSENSUS][PBFT]checkAndChangeView: Reach consensus,org_view=437,org_changeCycle=0,cur_changeCycle=0,to_view=438
info|2019-12-05 00:01:48.926224|[g:1][CONSENSUS]addRawPrepare,height=29,reqIdx=2,hash=81f6395d...
info|2019-12-05 00:01:48.927036|[g:1][CONSENSUS][PBFT]checkTimeout Succ,view=438,toView=439,nodeIdx=0,changeCycle=0,myNode=6e2a3211...,timecost=0.725
info|2019-12-05 00:01:48.933309|[g:1][CONSENSUS][PBFT]checkAndChangeView: Reach consensus,org_view=438,org_changeCycle=0,cur_changeCycle=0,to_view=439
info|2019-12-05 00:01:49.941380|[g:1][CONSENSUS]addRawPrepare,height=29,reqIdx=3,hash=8f06138b...
info|2019-12-05 00:01:49.941885|[g:1][CONSENSUS][PBFT]checkTimeout Succ,view=439,toView=440,nodeIdx=0,changeCycle=0,myNode=6e2a3211...,timecost=0.363
info|2019-12-05 00:01:49.945513|[g:1][CONSENSUS][PBFT]checkAndChangeView: Reach consensus,org_view=439,org_changeCycle=0,cur_changeCycle=0,to_view=440
info|2019-12-05 00:01:50.946103|[g:1][CONSENSUS][SEALER]++++++++++++++++ Generating seal on,blkNum=29,tx=0,nodeIdx=0,hash=55b088ad...
info|2019-12-05 00:01:50.951104|[g:1][CONSENSUS][PBFT]checkTimeout Succ,view=440,toView=441,nodeIdx=0,changeCycle=0,myNode=6e2a3211...,timecost=3.477
info|2019-12-05 00:01:50.952173|[g:1][CONSENSUS][PBFT]checkAndChangeView: Reach consensus,org_view=440,org_changeCycle=0,cur_changeCycle=0,to_view=441
info|2019-12-05 00:01:51.958874|[g:1][CONSENSUS]addRawPrepare,height=29,reqIdx=1,hash=d11d9b39...
info|2019-12-05 00:01:51.959466|[g:1][CONSENSUS][PBFT]checkTimeout Succ,view=441,toView=442,nodeIdx=0,changeCycle=0,myNode=6e2a3211...,timecost=0.449
info|2019-12-05 00:01:51.966179|[g:1][CONSENSUS][PBFT]checkAndChangeView: Reach consensus,org_view=441,org_changeCycle=0,cur_changeCycle=0,to_view=442
info|2019-12-05 00:01:52.966987|[g:1][CONSENSUS]addRawPrepare,height=29,reqIdx=2,hash=d7233093...
info|2019-12-05 00:01:52.967569|[g:1][CONSENSUS][PBFT]checkTimeout Succ,view=442,toView=443,nodeIdx=0,changeCycle=0,myNode=6e2a3211...,timecost=0.446
info|2019-12-05 00:01:52.973535|[g:1][CONSENSUS][PBFT]checkAndChangeView: Reach consensus,org_view=442,org_changeCycle=0,cur_changeCycle=0,to_view=443
info|2019-12-05 00:01:53.979491|[g:1][CONSENSUS]addRawPrepare,height=29,reqIdx=3,hash=fe1c83ea...
info|2019-12-05 00:01:53.980362|[g:1][CONSENSUS][PBFT]checkTimeout Succ,view=443,toView=444,nodeIdx=0,changeCycle=0,myNode=6e2a3211...,timecost=0.481
info|2019-12-05 00:01:53.985075|[g:1][CONSENSUS][PBFT]checkAndChangeView: Reach consensus,org_view=443,org_changeCycle=0,cur_changeCycle=0,to_view=444
info|2019-12-05 00:01:54.987184|[g:1][CONSENSUS][SEALER]++++++++++++++++ Generating seal on,blkNum=29,tx=0,nodeIdx=0,hash=533739cd...
info|2019-12-05 00:01:54.993889|[g:1][CONSENSUS][PBFT]checkTimeout Succ,view=444,toView=445,nodeIdx=0,changeCycle=0,myNode=6e2a3211...,timecost=2.274
info|2019-12-05 00:01:54.994655|[g:1][CONSENSUS][PBFT]checkAndChangeView: Reach consensus,org_view=444,org_changeCycle=0,cur_changeCycle=0,to_view=445
info|2019-12-05 00:01:56.003557|[g:1][CONSENSUS]addRawPrepare,height=29,reqIdx=1,hash=1d7baa93...
info|2019-12-05 00:01:56.004528|[g:1][CONSENSUS][PBFT]checkTimeout Succ,view=445,toView=446,nodeIdx=0,changeCycle=0,myNode=6e2a3211...,timecost=0.764
info|2019-12-05 00:01:56.015356|[g:1][CONSENSUS][PBFT]checkAndChangeView: Reach consensus,org_view=445,org_changeCycle=0,cur_changeCycle=0,to_view=446
info|2019-12-05 00:01:56.938015|[P2P][Service] heartBeat,connected count=3
info|2019-12-05 00:01:57.016372|[g:1][CONSENSUS]addRawPrepare,height=29,reqIdx=2,hash=ffd8e3cc...
info|2019-12-05 00:01:57.016894|[g:1][CONSENSUS][PBFT]checkTimeout Succ,view=446,toView=447,nodeIdx=0,changeCycle=0,myNode=6e2a3211...,timecost=0.383
info|2019-12-05 00:01:57.022424|[g:1][CONSENSUS][PBFT]checkAndChangeView: Reach consensus,org_view=446,org_changeCycle=0,cur_changeCycle=0,to_view=447
info|2019-12-05 00:01:58.023623|[g:1][CONSENSUS]addRawPrepare,height=29,reqIdx=3,hash=50a2ad65...
info|2019-12-05 00:01:58.023946|[g:1][CONSENSUS][PBFT]checkTimeout Succ,view=447,toView=448,nodeIdx=0,changeCycle=0,myNode=6e2a3211...,timecost=0.241
info|2019-12-05 00:01:58.029425|[g:1][CONSENSUS][PBFT]checkAndChangeView: Reach consensus,org_view=447,org_changeCycle=0,cur_changeCycle=0,to_view=448
info|2019-12-05 00:01:59.030157|[g:1][CONSENSUS][SEALER]++++++++++++++++ Generating seal on,blkNum=29,tx=0,nodeIdx=0,hash=1140a323...
info|2019-12-05 00:01:59.035910|[g:1][CONSENSUS][PBFT]checkTimeout Succ,view=448,toView=449,nodeIdx=0,changeCycle=0,myNode=6e2a3211...,timecost=0.729
info|2019-12-05 00:01:59.045689|[g:1][CONSENSUS][PBFT]checkAndChangeView: Reach consensus,org_view=448,org_changeCycle=0,cur_changeCycle=0,to_view=449
info|2019-12-05 00:02:00.059071|[g:1][CONSENSUS]addRawPrepare,height=29,reqIdx=1,hash=cb0578ce...
info|2019-12-05 00:02:00.060221|[g:1][CONSENSUS][PBFT]checkTimeout Succ,view=449,toView=450,nodeIdx=0,changeCycle=0,myNode=6e2a3211...,timecost=0.792
info|2019-12-05 00:02:00.083540|[g:1][CONSENSUS][PBFT]checkAndChangeView: Reach consensus,org_view=449,org_changeCycle=0,cur_changeCycle=0,to_view=450
info|2019-12-05 00:02:01.089460|[g:1][CONSENSUS]addRawPrepare,height=29,reqIdx=2,hash=5aecd7ac...
info|2019-12-05 00:02:01.090044|[g:1][CONSENSUS][PBFT]checkTimeout Succ,view=450,toView=451,nodeIdx=0,changeCycle=0,myNode=6e2a3211...,timecost=0.435
info|2019-12-05 00:02:01.094130|[g:1][CONSENSUS][PBFT]checkAndChangeView: Reach consensus,org_view=450,org_changeCycle=0,cur_changeCycle=0,to_view=451
info|2019-12-05 00:02:02.099908|[g:1][CONSENSUS]addRawPrepare,height=29,reqIdx=3,hash=6b44c6e5...
info|2019-12-05 00:02:02.104001|[g:1][CONSENSUS][PBFT]checkTimeout Succ,view=451,toView=452,nodeIdx=0,changeCycle=0,myNode=6e2a3211...,timecost=3.601
info|2019-12-05 00:02:02.105948|[g:1][CONSENSUS][PBFT]checkAndChangeView: Reach consensus,org_view=451,org_changeCycle=0,cur_changeCycle=0,to_view=452
info|2019-12-05 00:02:03.106176|[g:1][CONSENSUS][SEALER]++++++++++++++++ Generating seal on,blkNum=29,tx=0,nodeIdx=0,hash=b9f8f02d...
info|2019-12-05 00:02:03.111107|[g:1][CONSENSUS][PBFT]checkTimeout Succ,view=452,toView=453,nodeIdx=0,changeCycle=0,myNode=6e2a3211...,timecost=0.472
info|2019-12-05 00:02:03.114101|[g:1][CONSENSUS][PBFT]checkAndChangeView: Reach consensus,org_view=452,org_changeCycle=0,cur_changeCycle=0,to_view=453
info|2019-12-05 00:02:04.122061|[g:1][CONSENSUS]addRawPrepare,height=29,reqIdx=1,hash=01a0e27b...
info|2019-12-05 00:02:04.122795|[g:1][CONSENSUS][PBFT]checkTimeout Succ,view=453,toView=454,nodeIdx=0,changeCycle=0,myNode=6e2a3211...,timecost=0.577
info|2019-12-05 00:02:04.127292|[g:1][CONSENSUS][PBFT]checkAndChangeView: Reach consensus,org_view=453,org_changeCycle=0,cur_changeCycle=0,to_view=454
info|2019-12-05 00:02:05.130616|[g:1][CONSENSUS]addRawPrepare,height=29,reqIdx=2,hash=fc2595bd...
info|2019-12-05 00:02:05.131246|[g:1][CONSENSUS][PBFT]checkTimeout Succ,view=454,toView=455,nodeIdx=0,changeCycle=0,myNode=6e2a3211...,timecost=0.452
info|2019-12-05 00:02:05.136881|[g:1][CONSENSUS][PBFT]checkAndChangeView: Reach consensus,org_view=454,org_changeCycle=0,cur_changeCycle=0,to_view=455
info|2019-12-05 00:02:06.142860|[g:1][CONSENSUS]addRawPrepare,height=29,reqIdx=3,hash=cb60865a...
info|2019-12-05 00:02:06.147042|[g:1][CONSENSUS][PBFT]checkTimeout Succ,view=455,toView=456,nodeIdx=0,changeCycle=0,myNode=6e2a3211...,timecost=3.962
info|2019-12-05 00:02:06.151516|[g:1][CONSENSUS][PBFT]checkAndChangeView: Reach consensus,org_view=455,org_changeCycle=0,cur_changeCycle=0,to_view=456
info|2019-12-05 00:02:06.939097|[P2P][Service] heartBeat,connected count=3
info|2019-12-05 00:02:07.152395|[g:1][CONSENSUS][SEALER]++++++++++++++++ Generating seal on,blkNum=29,tx=0,nodeIdx=0,hash=85606608...
info|2019-12-05 00:02:07.156743|[g:1][CONSENSUS][PBFT]checkTimeout Succ,view=456,toView=457,nodeIdx=0,changeCycle=0,myNode=6e2a3211...,timecost=0.801
info|2019-12-05 00:02:07.164762|[g:1][CONSENSUS][PBFT]checkAndChangeView: Reach consensus,org_view=456,org_changeCycle=0,cur_changeCycle=0,to_view=457
info|2019-12-05 00:02:08.173097|[g:1][CONSENSUS]addRawPrepare,height=29,reqIdx=1,hash=a405b2a4...
info|2019-12-05 00:02:08.174004|[g:1][CONSENSUS][PBFT]checkTimeout Succ,view=457,toView=458,nodeIdx=0,changeCycle=0,myNode=6e2a3211...,timecost=0.69
info|2019-12-05 00:02:08.178584|[g:1][CONSENSUS][PBFT]checkAndChangeView: Reach consensus,org_view=457,org_changeCycle=0,cur_changeCycle=0,to_view=458
info|2019-12-05 00:02:09.187813|[g:1][CONSENSUS]addRawPrepare,height=29,reqIdx=2,hash=190cd102...
info|2019-12-05 00:02:09.191961|[g:1][CONSENSUS][PBFT]checkTimeout Succ,view=458,toView=459,nodeIdx=0,changeCycle=0,myNode=6e2a3211...,timecost=3.965
info|2019-12-05 00:02:09.196170|[g:1][CONSENSUS][PBFT]checkAndChangeView: Reach consensus,org_view=458,org_changeCycle=0,cur_changeCycle=0,to_view=459
info|2019-12-05 00:02:10.199006|[g:1][CONSENSUS]addRawPrepare,height=29,reqIdx=3,hash=4d9e1d9b...
info|2019-12-05 00:02:10.199306|[g:1][CONSENSUS][PBFT]checkTimeout Succ,view=459,toView=460,nodeIdx=0,changeCycle=0,myNode=6e2a3211...,timecost=0.196
info|2019-12-05 00:02:10.201541|[g:1][CONSENSUS][PBFT]checkAndChangeView: Reach consensus,org_view=459,org_changeCycle=0,cur_changeCycle=0,to_view=460
info|2019-12-05 00:02:11.203070|[g:1][CONSENSUS][SEALER]++++++++++++++++ Generating seal on,blkNum=29,tx=0,nodeIdx=0,hash=6e58312d...
info|2019-12-05 00:02:11.205898|[g:1][CONSENSUS][PBFT]checkTimeout Succ,view=460,toView=461,nodeIdx=0,changeCycle=0,myNode=6e2a3211...,timecost=0.939
info|2019-12-05 00:02:11.217556|[g:1][CONSENSUS][PBFT]checkAndChangeView: Reach consensus,org_view=460,org_changeCycle=0,cur_changeCycle=0,to_view=461
info|2019-12-05 00:02:12.221845|[g:1][CONSENSUS]addRawPrepare,height=29,reqIdx=1,hash=e0f93de7...
info|2019-12-05 00:02:12.222463|[g:1][CONSENSUS][PBFT]checkTimeout Succ,view=461,toView=462,nodeIdx=0,changeCycle=0,myNode=6e2a3211...,timecost=0.412
info|2019-12-05 00:02:12.229959|[g:1][CONSENSUS][PBFT]checkAndChangeView: Reach consensus,org_view=461,org_changeCycle=0,cur_changeCycle=0,to_view=462
info|2019-12-05 00:02:13.229131|[g:1][CONSENSUS]addRawPrepare,height=29,reqIdx=2,hash=9297312d...
info|2019-12-05 00:02:13.229647|[g:1][CONSENSUS][PBFT]checkTimeout Succ,view=462,toView=463,nodeIdx=0,changeCycle=0,myNode=6e2a3211...,timecost=0.383
info|2019-12-05 00:02:13.234041|[g:1][CONSENSUS][PBFT]checkAndChangeView: Reach consensus,org_view=462,org_changeCycle=0,cur_changeCycle=0,to_view=463
info|2019-12-05 00:02:14.240228|[g:1][CONSENSUS]addRawPrepare,height=29,reqIdx=3,hash=c49dbb3a...
info|2019-12-05 00:02:14.240916|[g:1][CONSENSUS][PBFT]checkTimeout Succ,view=463,toView=464,nodeIdx=0,changeCycle=0,myNode=6e2a3211...,timecost=0.533
info|2019-12-05 00:02:14.244503|[g:1][CONSENSUS][PBFT]checkAndChangeView: Reach consensus,org_view=463,org_changeCycle=0,cur_changeCycle=0,to_view=464
info|2019-12-05 00:02:15.244664|[g:1][CONSENSUS][SEALER]++++++++++++++++ Generating seal on,blkNum=29,tx=0,nodeIdx=0,hash=b053ee29...
info|2019-12-05 00:02:15.250961|[g:1][CONSENSUS][PBFT]checkTimeout Succ,view=464,toView=465,nodeIdx=0,changeCycle=0,myNode=6e2a3211...,timecost=0.614
info|2019-12-05 00:02:15.258017|[g:1][CONSENSUS][PBFT]checkAndChangeView: Reach consensus,org_view=464,org_changeCycle=0,cur_changeCycle=0,to_view=465
info|2019-12-05 00:02:16.261371|[g:1][CONSENSUS]addRawPrepare,height=29,reqIdx=1,hash=fb42d8a2...
info|2019-12-05 00:02:16.262308|[g:1][CONSENSUS][PBFT]checkTimeout Succ,view=465,toView=466,nodeIdx=0,changeCycle=0,myNode=6e2a3211...,timecost=0.701
info|2019-12-05 00:02:16.273245|[g:1][CONSENSUS][PBFT]checkAndChangeView: Reach consensus,org_view=465,org_changeCycle=0,cur_changeCycle=0,to_view=466
info|2019-12-05 00:02:16.939530|[P2P][Service] heartBeat,connected count=3
info|2019-12-05 00:02:17.278237|[g:1][CONSENSUS]addRawPrepare,height=29,reqIdx=2,hash=dbd55022...
info|2019-12-05 00:02:17.279405|[g:1][CONSENSUS][PBFT]checkTimeout Succ,view=466,toView=467,nodeIdx=0,changeCycle=0,myNode=6e2a3211...,timecost=0.634
info|2019-12-05 00:02:17.282320|[g:1][CONSENSUS][PBFT]checkAndChangeView: Reach consensus,org_view=466,org_changeCycle=0,cur_changeCycle=0,to_view=467
info|2019-12-05 00:02:18.292853|[g:1][CONSENSUS]addRawPrepare,height=29,reqIdx=3,hash=f9f363d5...
info|2019-12-05 00:02:18.293501|[g:1][CONSENSUS][PBFT]checkTimeout Succ,view=467,toView=468,nodeIdx=0,changeCycle=0,myNode=6e2a3211...,timecost=0.492
info|2019-12-05 00:02:18.296253|[g:1][CONSENSUS][PBFT]checkAndChangeView: Reach consensus,org_view=467,org_changeCycle=0,cur_changeCycle=0,to_view=468
info|2019-12-05 00:02:19.297858|[g:1][CONSENSUS][SEALER]++++++++++++++++ Generating seal on,blkNum=29,tx=0,nodeIdx=0,hash=bef41595...
info|2019-12-05 00:02:19.302902|[g:1][CONSENSUS][PBFT]checkTimeout Succ,view=468,toView=469,nodeIdx=0,changeCycle=0,myNode=6e2a3211...,timecost=0.44
info|2019-12-05 00:02:19.304579|[g:1][CONSENSUS][PBFT]checkAndChangeView: Reach consensus,org_view=468,org_changeCycle=0,cur_changeCycle=0,to_view=469
info|2019-12-05 00:02:20.310305|[g:1][CONSENSUS]addRawPrepare,height=29,reqIdx=1,hash=9cf3835e...
info|2019-12-05 00:02:20.311361|[g:1][CONSENSUS][PBFT]checkTimeout Succ,view=469,toView=470,nodeIdx=0,changeCycle=0,myNode=6e2a3211...,timecost=0.777
info|2019-12-05 00:02:20.327407|[g:1][CONSENSUS][PBFT]checkAndChangeView: Reach consensus,org_view=469,org_changeCycle=0,cur_changeCycle=0,to_view=470
info|2019-12-05 00:02:21.330218|[g:1][CONSENSUS]addRawPrepare,height=29,reqIdx=2,hash=c2ecc961...
info|2019-12-05 00:02:21.332514|[g:1][CONSENSUS][PBFT]checkTimeout Succ,view=470,toView=471,nodeIdx=0,changeCycle=0,myNode=6e2a3211...,timecost=1.839
info|2019-12-05 00:02:21.334440|[g:1][CONSENSUS][PBFT]checkAndChangeView: Reach consensus,org_view=470,org_changeCycle=0,cur_changeCycle=0,to_view=471
info|2019-12-05 00:02:22.337882|[g:1][CONSENSUS]addRawPrepare,height=29,reqIdx=3,hash=cf3bdd1f...
info|2019-12-05 00:02:22.338644|[g:1][CONSENSUS][PBFT]checkTimeout Succ,view=471,toView=472,nodeIdx=0,changeCycle=0,myNode=6e2a3211...,timecost=0.52
info|2019-12-05 00:02:22.348516|[g:1][CONSENSUS][PBFT]checkAndChangeView: Reach consensus,org_view=471,org_changeCycle=0,cur_changeCycle=0,to_view=472
info|2019-12-05 00:02:23.349134|[g:1][CONSENSUS][SEALER]++++++++++++++++ Generating seal on,blkNum=29,tx=0,nodeIdx=0,hash=b28a1584...
info|2019-12-05 00:02:23.350751|[g:1][CONSENSUS][PBFT]checkTimeout Succ,view=472,toView=473,nodeIdx=0,changeCycle=0,myNode=6e2a3211...,timecost=0.477
info|2019-12-05 00:02:23.356816|[g:1][CONSENSUS][PBFT]checkAndChangeView: Reach consensus,org_view=472,org_changeCycle=0,cur_changeCycle=0,to_view=473
info|2019-12-05 00:02:24.365171|[g:1][CONSENSUS]addRawPrepare,height=29,reqIdx=1,hash=274e5f60...
info|2019-12-05 00:02:24.366426|[g:1][CONSENSUS][PBFT]checkTimeout Succ,view=473,toView=474,nodeIdx=0,changeCycle=0,myNode=6e2a3211...,timecost=0.671
info|2019-12-05 00:02:24.373484|[g:1][CONSENSUS][PBFT]checkAndChangeView: Reach consensus,org_view=473,org_changeCycle=0,cur_changeCycle=0,to_view=474
info|2019-12-05 00:02:25.381236|[g:1][CONSENSUS]addRawPrepare,height=29,reqIdx=2,hash=887d4ecf...
info|2019-12-05 00:02:25.383258|[g:1][CONSENSUS][PBFT]checkTimeout Succ,view=474,toView=475,nodeIdx=0,changeCycle=0,myNode=6e2a3211...,timecost=0.708
info|2019-12-05 00:02:25.394341|[g:1][CONSENSUS][PBFT]checkAndChangeView: Reach consensus,org_view=474,org_changeCycle=0,cur_changeCycle=0,to_view=475
info|2019-12-05 00:02:26.407074|[g:1][CONSENSUS]addRawPrepare,height=29,reqIdx=3,hash=36d4eae2...
info|2019-12-05 00:02:26.410454|[g:1][CONSENSUS][PBFT]checkTimeout Succ,view=475,toView=476,nodeIdx=0,changeCycle=0,myNode=6e2a3211...,timecost=3.302
info|2019-12-05 00:02:26.417662|[g:1][CONSENSUS][PBFT]checkAndChangeView: Reach consensus,org_view=475,org_changeCycle=0,cur_changeCycle=0,to_view=476
info|2019-12-05 00:02:26.939970|[P2P][Service] heartBeat,connected count=3
info|2019-12-05 00:02:27.419109|[g:1][CONSENSUS][SEALER]++++++++++++++++ Generating seal on,blkNum=29,tx=0,nodeIdx=0,hash=3e925afb...
info|2019-12-05 00:02:27.421198|[g:1][CONSENSUS][PBFT]checkTimeout Succ,view=476,toView=477,nodeIdx=0,changeCycle=0,myNode=6e2a3211...,timecost=0.864
info|2019-12-05 00:02:27.435765|[g:1][CONSENSUS][PBFT]checkAndChangeView: Reach consensus,org_view=476,org_changeCycle=0,cur_changeCycle=0,to_view=477
info|2019-12-05 00:02:28.435682|[g:1][CONSENSUS]addRawPrepare,height=29,reqIdx=1,hash=d1d85c60...
info|2019-12-05 00:02:28.436745|[g:1][CONSENSUS][PBFT]checkTimeout Succ,view=477,toView=478,nodeIdx=0,changeCycle=0,myNode=6e2a3211...,timecost=0.807
info|2019-12-05 00:02:28.453280|[g:1][CONSENSUS][PBFT]checkAndChangeView: Reach consensus,org_view=477,org_changeCycle=0,cur_changeCycle=0,to_view=478
info|2019-12-05 00:02:29.452622|[g:1][CONSENSUS]addRawPrepare,height=29,reqIdx=2,hash=aaadbcef...
info|2019-12-05 00:02:29.453214|[g:1][CONSENSUS][PBFT]checkTimeout Succ,view=478,toView=479,nodeIdx=0,changeCycle=0,myNode=6e2a3211...,timecost=0.411
info|2019-12-05 00:02:29.454742|[g:1][CONSENSUS][PBFT]checkAndChangeView: Reach consensus,org_view=478,org_changeCycle=0,cur_changeCycle=0,to_view=479
info|2019-12-05 00:02:30.461697|[g:1][CONSENSUS]addRawPrepare,height=29,reqIdx=3,hash=4150216d...
info|2019-12-05 00:02:30.462293|[g:1][CONSENSUS][PBFT]checkTimeout Succ,view=479,toView=480,nodeIdx=0,changeCycle=0,myNode=6e2a3211...,timecost=0.437
info|2019-12-05 00:02:30.468897|[g:1][CONSENSUS][PBFT]checkAndChangeView: Reach consensus,org_view=479,org_changeCycle=0,cur_changeCycle=0,to_view=480
info|2019-12-05 00:02:31.469818|[g:1][CONSENSUS][SEALER]++++++++++++++++ Generating seal on,blkNum=29,tx=0,nodeIdx=0,hash=040f11b0...
info|2019-12-05 00:02:31.475920|[g:1][CONSENSUS][PBFT]checkTimeout Succ,view=480,toView=481,nodeIdx=0,changeCycle=0,myNode=6e2a3211...,timecost=0.788
info|2019-12-05 00:02:31.490949|[g:1][CONSENSUS][PBFT]checkAndChangeView: Reach consensus,org_view=480,org_changeCycle=0,cur_changeCycle=0,to_view=481
info|2019-12-05 00:02:32.496756|[g:1][CONSENSUS]addRawPrepare,height=29,reqIdx=1,hash=e34642c5...
info|2019-12-05 00:02:32.497816|[g:1][CONSENSUS][PBFT]checkTimeout Succ,view=481,toView=482,nodeIdx=0,changeCycle=0,myNode=6e2a3211...,timecost=0.746
info|2019-12-05 00:02:32.508788|[g:1][CONSENSUS][PBFT]checkAndChangeView: Reach consensus,org_view=481,org_changeCycle=0,cur_changeCycle=0,to_view=482
info|2019-12-05 00:02:33.511281|[g:1][CONSENSUS]addRawPrepare,height=29,reqIdx=2,hash=a5fe91c9...
info|2019-12-05 00:02:33.511737|[g:1][CONSENSUS][PBFT]checkTimeout Succ,view=482,toView=483,nodeIdx=0,changeCycle=0,myNode=6e2a3211...,timecost=0.329
info|2019-12-05 00:02:33.516653|[g:1][CONSENSUS][PBFT]checkAndChangeView: Reach consensus,org_view=482,org_changeCycle=0,cur_changeCycle=0,to_view=483
info|2019-12-05 00:02:34.518269|[g:1][CONSENSUS]addRawPrepare,height=29,reqIdx=3,hash=94144c9e...
info|2019-12-05 00:02:34.518816|[g:1][CONSENSUS][PBFT]checkTimeout Succ,view=483,toView=484,nodeIdx=0,changeCycle=0,myNode=6e2a3211...,timecost=0.407
info|2019-12-05 00:02:34.525769|[g:1][CONSENSUS][PBFT]checkAndChangeView: Reach consensus,org_view=483,org_changeCycle=0,cur_changeCycle=0,to_view=484
info|2019-12-05 00:02:35.525535|[g:1][CONSENSUS][SEALER]++++++++++++++++ Generating seal on,blkNum=29,tx=0,nodeIdx=0,hash=05fe1273...
info|2019-12-05 00:02:35.528078|[g:1][CONSENSUS][PBFT]checkTimeout Succ,view=484,toView=485,nodeIdx=0,changeCycle=0,myNode=6e2a3211...,timecost=0.454
info|2019-12-05 00:02:35.534681|[g:1][CONSENSUS][PBFT]checkAndChangeView: Reach consensus,org_view=484,org_changeCycle=0,cur_changeCycle=0,to_view=485
info|2019-12-05 00:02:36.540744|[g:1][CONSENSUS]addRawPrepare,height=29,reqIdx=1,hash=224d30ee...
info|2019-12-05 00:02:36.543169|[g:1][CONSENSUS][PBFT]checkTimeout Succ,view=485,toView=486,nodeIdx=0,changeCycle=0,myNode=6e2a3211...,timecost=1.647
info|2019-12-05 00:02:36.557170|[g:1][CONSENSUS][PBFT]checkAndChangeView: Reach consensus,org_view=485,org_changeCycle=0,cur_changeCycle=0,to_view=486
info|2019-12-05 00:02:36.940844|[P2P][Service] heartBeat,connected count=3
info|2019-12-05 00:02:37.554387|[g:1][CONSENSUS]addRawPrepare,height=29,reqIdx=2,hash=34877473...
info|2019-12-05 00:02:37.554918|[g:1][CONSENSUS][PBFT]checkTimeout Succ,view=486,toView=487,nodeIdx=0,changeCycle=0,myNode=6e2a3211...,timecost=0.385
info|2019-12-05 00:02:37.562203|[g:1][CONSENSUS][PBFT]checkAndChangeView: Reach consensus,org_view=486,org_changeCycle=0,cur_changeCycle=0,to_view=487
info|2019-12-05 00:02:38.563260|[g:1][CONSENSUS]addRawPrepare,height=29,reqIdx=3,hash=aa5c4e38...
info|2019-12-05 00:02:38.569007|[g:1][CONSENSUS][PBFT]checkTimeout Succ,view=487,toView=488,nodeIdx=0,changeCycle=0,myNode=6e2a3211...,timecost=5.435
info|2019-12-05 00:02:38.573325|[g:1][CONSENSUS][PBFT]checkAndChangeView: Reach consensus,org_view=487,org_changeCycle=0,cur_changeCycle=0,to_view=488
info|2019-12-05 00:02:39.574208|[g:1][CONSENSUS][SEALER]++++++++++++++++ Generating seal on,blkNum=29,tx=0,nodeIdx=0,hash=19cb2c30...
info|2019-12-05 00:02:39.580087|[g:1][CONSENSUS][PBFT]checkTimeout Succ,view=488,toView=489,nodeIdx=0,changeCycle=0,myNode=6e2a3211...,timecost=0.896
info|2019-12-05 00:02:39.584484|[g:1][CONSENSUS][PBFT]checkAndChangeView: Reach consensus,org_view=488,org_changeCycle=0,cur_changeCycle=0,to_view=489
info|2019-12-05 00:02:40.598027|[g:1][CONSENSUS]addRawPrepare,height=29,reqIdx=1,hash=b54fdf55...
info|2019-12-05 00:02:40.598998|[g:1][CONSENSUS][PBFT]checkTimeout Succ,view=489,toView=490,nodeIdx=0,changeCycle=0,myNode=6e2a3211...,timecost=0.72
info|2019-12-05 00:02:40.601651|[g:1][CONSENSUS][PBFT]checkAndChangeView: Reach consensus,org_view=489,org_changeCycle=0,cur_changeCycle=0,to_view=490
info|2019-12-05 00:02:41.616115|[g:1][CONSENSUS]addRawPrepare,height=29,reqIdx=2,hash=ae0fd892...
info|2019-12-05 00:02:41.617052|[g:1][CONSENSUS][PBFT]checkTimeout Succ,view=490,toView=491,nodeIdx=0,changeCycle=0,myNode=6e2a3211...,timecost=0.717
info|2019-12-05 00:02:41.625235|[g:1][CONSENSUS][PBFT]checkAndChangeView: Reach consensus,org_view=490,org_changeCycle=0,cur_changeCycle=0,to_view=491
info|2019-12-05 00:02:42.639377|[g:1][CONSENSUS]addRawPrepare,height=29,reqIdx=3,hash=5a97eeaf...
info|2019-12-05 00:02:42.641675|[g:1][CONSENSUS][PBFT]checkTimeout Succ,view=491,toView=492,nodeIdx=0,changeCycle=0,myNode=6e2a3211...,timecost=0.768
info|2019-12-05 00:02:42.649798|[g:1][CONSENSUS][PBFT]checkAndChangeView: Reach consensus,org_view=491,org_changeCycle=0,cur_changeCycle=0,to_view=492
info|2019-12-05 00:02:43.650611|[g:1][CONSENSUS][SEALER]++++++++++++++++ Generating seal on,blkNum=29,tx=0,nodeIdx=0,hash=652722c7...
info|2019-12-05 00:02:43.652366|[g:1][CONSENSUS][PBFT]checkTimeout Succ,view=492,toView=493,nodeIdx=0,changeCycle=0,myNode=6e2a3211...,timecost=0.808
info|2019-12-05 00:02:43.662196|[g:1][CONSENSUS][PBFT]checkAndChangeView: Reach consensus,org_view=492,org_changeCycle=0,cur_changeCycle=0,to_view=493
info|2019-12-05 00:02:44.669147|[g:1][CONSENSUS]addRawPrepare,height=29,reqIdx=1,hash=4c42ef94...
info|2019-12-05 00:02:44.670168|[g:1][CONSENSUS][PBFT]checkTimeout Succ,view=493,toView=494,nodeIdx=0,changeCycle=0,myNode=6e2a3211...,timecost=0.817
info|2019-12-05 00:02:44.686808|[g:1][CONSENSUS][PBFT]checkAndChangeView: Reach consensus,org_view=493,org_changeCycle=0,cur_changeCycle=0,to_view=494
info|2019-12-05 00:02:45.685826|[g:1][CONSENSUS]addRawPrepare,height=29,reqIdx=2,hash=7868e023...
info|2019-12-05 00:02:45.686457|[g:1][CONSENSUS][PBFT]checkTimeout Succ,view=494,toView=495,nodeIdx=0,changeCycle=0,myNode=6e2a3211...,timecost=0.462
info|2019-12-05 00:02:45.693262|[g:1][CONSENSUS][PBFT]checkAndChangeView: Reach consensus,org_view=494,org_changeCycle=0,cur_changeCycle=0,to_view=495
info|2019-12-05 00:02:46.695106|[g:1][CONSENSUS]addRawPrepare,height=29,reqIdx=3,hash=3f360d2f...
info|2019-12-05 00:02:46.696856|[g:1][CONSENSUS][PBFT]checkTimeout Succ,view=495,toView=496,nodeIdx=0,changeCycle=0,myNode=6e2a3211...,timecost=1.537
info|2019-12-05 00:02:46.701479|[g:1][CONSENSUS][PBFT]checkAndChangeView: Reach consensus,org_view=495,org_changeCycle=0,cur_changeCycle=0,to_view=496
info|2019-12-05 00:02:46.941405|[P2P][Service] heartBeat,connected count=3
info|2019-12-05 00:02:47.702107|[g:1][CONSENSUS][SEALER]++++++++++++++++ Generating seal on,blkNum=29,tx=0,nodeIdx=0,hash=7207c6b2...
info|2019-12-05 00:02:47.703145|[g:1][CONSENSUS][PBFT]checkTimeout Succ,view=496,toView=497,nodeIdx=0,changeCycle=0,myNode=6e2a3211...,timecost=0.415
info|2019-12-05 00:02:47.714607|[g:1][CONSENSUS][PBFT]checkAndChangeView: Reach consensus,org_view=496,org_changeCycle=0,cur_changeCycle=0,to_view=497
info|2019-12-05 00:02:48.721219|[g:1][CONSENSUS]addRawPrepare,height=29,reqIdx=1,hash=36bb7d1a...
info|2019-12-05 00:02:48.721794|[g:1][CONSENSUS][PBFT]checkTimeout Succ,view=497,toView=498,nodeIdx=0,changeCycle=0,myNode=6e2a3211...,timecost=0.438
info|2019-12-05 00:02:48.725764|[g:1][CONSENSUS][PBFT]checkAndChangeView: Reach consensus,org_view=497,org_changeCycle=0,cur_changeCycle=0,to_view=498
info|2019-12-05 00:02:49.730926|[g:1][CONSENSUS]addRawPrepare,height=29,reqIdx=2,hash=2c86b442...
info|2019-12-05 00:02:49.731846|[g:1][CONSENSUS][PBFT]checkTimeout Succ,view=498,toView=499,nodeIdx=0,changeCycle=0,myNode=6e2a3211...,timecost=1.257
info|2019-12-05 00:02:49.740801|[g:1][CONSENSUS][PBFT]checkAndChangeView: Reach consensus,org_view=498,org_changeCycle=0,cur_changeCycle=0,to_view=499
info|2019-12-05 00:02:50.743521|[g:1][CONSENSUS]addRawPrepare,height=29,reqIdx=3,hash=af97abda...
info|2019-12-05 00:02:50.744633|[g:1][CONSENSUS][PBFT]checkTimeout Succ,view=499,toView=500,nodeIdx=0,changeCycle=0,myNode=6e2a3211...,timecost=0.804
info|2019-12-05 00:02:50.754337|[g:1][CONSENSUS][PBFT]checkAndChangeView: Reach consensus,org_view=499,org_changeCycle=0,cur_changeCycle=0,to_view=500
info|2019-12-05 00:02:51.754481|[g:1][CONSENSUS][SEALER]++++++++++++++++ Generating seal on,blkNum=29,tx=0,nodeIdx=0,hash=3cbc7224...
info|2019-12-05 00:02:51.761096|[g:1][CONSENSUS][PBFT]checkTimeout Succ,view=500,toView=501,nodeIdx=0,changeCycle=0,myNode=6e2a3211...,timecost=0.193
info|2019-12-05 00:02:51.761414|[g:1][CONSENSUS][PBFT]checkAndChangeView: Reach consensus,org_view=500,org_changeCycle=0,cur_changeCycle=0,to_view=501
info|2019-12-05 00:02:52.764593|[g:1][CONSENSUS]addRawPrepare,height=29,reqIdx=1,hash=9c9c7324...
info|2019-12-05 00:02:52.765087|[g:1][CONSENSUS][PBFT]checkTimeout Succ,view=501,toView=502,nodeIdx=0,changeCycle=0,myNode=6e2a3211...,timecost=0.38
info|2019-12-05 00:02:52.768727|[g:1][CONSENSUS][PBFT]checkAndChangeView: Reach consensus,org_view=501,org_changeCycle=0,cur_changeCycle=0,to_view=502
info|2019-12-05 00:02:53.772425|[g:1][CONSENSUS]addRawPrepare,height=29,reqIdx=2,hash=57b89d8a...
info|2019-12-05 00:02:53.775780|[g:1][CONSENSUS][PBFT]checkTimeout Succ,view=502,toView=503,nodeIdx=0,changeCycle=0,myNode=6e2a3211...,timecost=0.741
info|2019-12-05 00:02:53.778557|[g:1][CONSENSUS][PBFT]checkAndChangeView: Reach consensus,org_view=502,org_changeCycle=0,cur_changeCycle=0,to_view=503
info|2019-12-05 00:02:54.780147|[g:1][CONSENSUS]addRawPrepare,height=29,reqIdx=3,hash=79558fe1...
info|2019-12-05 00:02:54.780497|[g:1][CONSENSUS][PBFT]checkTimeout Succ,view=503,toView=504,nodeIdx=0,changeCycle=0,myNode=6e2a3211...,timecost=0.263
info|2019-12-05 00:02:54.784987|[g:1][CONSENSUS][PBFT]checkAndChangeView: Reach consensus,org_view=503,org_changeCycle=0,cur_changeCycle=0,to_view=504
info|2019-12-05 00:02:55.786748|[g:1][CONSENSUS][SEALER]++++++++++++++++ Generating seal on,blkNum=29,tx=0,nodeIdx=0,hash=c36ed1e2...
info|2019-12-05 00:02:55.789067|[g:1][CONSENSUS][PBFT]checkTimeout Succ,view=504,toView=505,nodeIdx=0,changeCycle=0,myNode=6e2a3211...,timecost=0.18
info|2019-12-05 00:02:55.792208|[g:1][CONSENSUS][PBFT]checkAndChangeView: Reach consensus,org_view=504,org_changeCycle=0,cur_changeCycle=0,to_view=505
info|2019-12-05 00:02:56.795716|[g:1][CONSENSUS]addRawPrepare,height=29,reqIdx=1,hash=7e41f50d...
info|2019-12-05 00:02:56.795985|[g:1][CONSENSUS][PBFT]checkTimeout Succ,view=505,toView=506,nodeIdx=0,changeCycle=0,myNode=6e2a3211...,timecost=0.196
info|2019-12-05 00:02:56.798337|[g:1][CONSENSUS][PBFT]checkAndChangeView: Reach consensus,org_view=505,org_changeCycle=0,cur_changeCycle=0,to_view=506
info|2019-12-05 00:02:56.941848|[P2P][Service] heartBeat,connected count=3
info|2019-12-05 00:02:57.800393|[g:1][CONSENSUS]addRawPrepare,height=29,reqIdx=2,hash=61d932d4...
info|2019-12-05 00:02:57.800634|[g:1][CONSENSUS][PBFT]checkTimeout Succ,view=506,toView=507,nodeIdx=0,changeCycle=0,myNode=6e2a3211...,timecost=0.179
info|2019-12-05 00:02:57.802250|[g:1][CONSENSUS][PBFT]checkAndChangeView: Reach consensus,org_view=506,org_changeCycle=0,cur_changeCycle=0,to_view=507
info|2019-12-05 00:02:58.805092|[g:1][CONSENSUS]addRawPrepare,height=29,reqIdx=3,hash=960dd62e...
info|2019-12-05 00:02:58.805390|[g:1][CONSENSUS][PBFT]checkTimeout Succ,view=507,toView=508,nodeIdx=0,changeCycle=0,myNode=6e2a3211...,timecost=0.239
info|2019-12-05 00:02:58.806222|[g:1][CONSENSUS][PBFT]checkAndChangeView: Reach consensus,org_view=507,org_changeCycle=0,cur_changeCycle=0,to_view=508
info|2019-12-05 00:02:59.806596|[g:1][CONSENSUS][SEALER]++++++++++++++++ Generating seal on,blkNum=29,tx=0,nodeIdx=0,hash=48d52c0d...
info|2019-12-05 00:02:59.807239|[g:1][CONSENSUS][PBFT]checkTimeout Succ,view=508,toView=509,nodeIdx=0,changeCycle=0,myNode=6e2a3211...,timecost=0.266
info|2019-12-05 00:02:59.810559|[g:1][CONSENSUS][PBFT]checkAndChangeView: Reach consensus,org_view=508,org_changeCycle=0,cur_changeCycle=0,to_view=509
info|2019-12-05 00:03:00.811576|[g:1][CONSENSUS]addRawPrepare,height=29,reqIdx=1,hash=590ae8c6...
info|2019-12-05 00:03:00.811830|[g:1][CONSENSUS][PBFT]checkTimeout Succ,view=509,toView=510,nodeIdx=0,changeCycle=0,myNode=6e2a3211...,timecost=0.184
info|2019-12-05 00:03:00.814589|[g:1][CONSENSUS][PBFT]checkAndChangeView: Reach consensus,org_view=509,org_changeCycle=0,cur_changeCycle=0,to_view=510
info|2019-12-05 00:03:01.814276|[g:1][CONSENSUS]addRawPrepare,height=29,reqIdx=2,hash=5119fe3e...
info|2019-12-05 00:03:01.814532|[g:1][CONSENSUS][PBFT]checkTimeout Succ,view=510,toView=511,nodeIdx=0,changeCycle=0,myNode=6e2a3211...,timecost=0.182
info|2019-12-05 00:03:01.816928|[g:1][CONSENSUS][PBFT]checkAndChangeView: Reach consensus,org_view=510,org_changeCycle=0,cur_changeCycle=0,to_view=511
info|2019-12-05 00:03:02.818173|[g:1][CONSENSUS]addRawPrepare,height=29,reqIdx=3,hash=23474b04...
info|2019-12-05 00:03:02.818416|[g:1][CONSENSUS][PBFT]checkTimeout Succ,view=511,toView=512,nodeIdx=0,changeCycle=0,myNode=6e2a3211...,timecost=0.182
info|2019-12-05 00:03:02.819014|[g:1][CONSENSUS][PBFT]checkAndChangeView: Reach consensus,org_view=511,org_changeCycle=0,cur_changeCycle=0,to_view=512
info|2019-12-05 00:03:03.819985|[g:1][CONSENSUS][SEALER]++++++++++++++++ Generating seal on,blkNum=29,tx=0,nodeIdx=0,hash=09b5a990...
info|2019-12-05 00:03:03.820506|[g:1][CONSENSUS][PBFT]checkTimeout Succ,view=512,toView=513,nodeIdx=0,changeCycle=0,myNode=6e2a3211...,timecost=0.196
info|2019-12-05 00:03:03.823262|[g:1][CONSENSUS][PBFT]checkAndChangeView: Reach consensus,org_view=512,org_changeCycle=0,cur_changeCycle=0,to_view=513
info|2019-12-05 00:03:04.826392|[g:1][CONSENSUS]addRawPrepare,height=29,reqIdx=1,hash=cee21980...
info|2019-12-05 00:03:04.826641|[g:1][CONSENSUS][PBFT]checkTimeout Succ,view=513,toView=514,nodeIdx=0,changeCycle=0,myNode=6e2a3211...,timecost=0.181
info|2019-12-05 00:03:04.828680|[g:1][CONSENSUS][PBFT]checkAndChangeView: Reach consensus,org_view=513,org_changeCycle=0,cur_changeCycle=0,to_view=514
info|2019-12-05 00:03:05.830353|[g:1][CONSENSUS]addRawPrepare,height=29,reqIdx=2,hash=6d892137...
info|2019-12-05 00:03:05.830824|[g:1][CONSENSUS][PBFT]checkTimeout Succ,view=514,toView=515,nodeIdx=0,changeCycle=0,myNode=6e2a3211...,timecost=0.41
info|2019-12-05 00:03:05.831441|[g:1][CONSENSUS][PBFT]checkAndChangeView: Reach consensus,org_view=514,org_changeCycle=0,cur_changeCycle=0,to_view=515
info|2019-12-05 00:03:06.833074|[g:1][CONSENSUS]addRawPrepare,height=29,reqIdx=3,hash=4c88e75d...
info|2019-12-05 00:03:06.833328|[g:1][CONSENSUS][PBFT]checkTimeout Succ,view=515,toView=516,nodeIdx=0,changeCycle=0,myNode=6e2a3211...,timecost=0.185
info|2019-12-05 00:03:06.836138|[g:1][CONSENSUS][PBFT]checkAndChangeView: Reach consensus,org_view=515,org_changeCycle=0,cur_changeCycle=0,to_view=516
info|2019-12-05 00:03:06.942622|[P2P][Service] heartBeat,connected count=3
info|2019-12-05 00:03:07.836717|[g:1][CONSENSUS][SEALER]++++++++++++++++ Generating seal on,blkNum=29,tx=0,nodeIdx=0,hash=431f25b5...
info|2019-12-05 00:03:07.839475|[g:1][CONSENSUS][PBFT]checkTimeout Succ,view=516,toView=517,nodeIdx=0,changeCycle=0,myNode=6e2a3211...,timecost=2.309
info|2019-12-05 00:03:07.840331|[g:1][CONSENSUS][PBFT]checkAndChangeView: Reach consensus,org_view=516,org_changeCycle=0,cur_changeCycle=0,to_view=517
info|2019-12-05 00:03:08.841377|[g:1][CONSENSUS]addRawPrepare,height=29,reqIdx=1,hash=f7098462...
info|2019-12-05 00:03:08.841647|[g:1][CONSENSUS][PBFT]checkTimeout Succ,view=517,toView=518,nodeIdx=0,changeCycle=0,myNode=6e2a3211...,timecost=0.188
info|2019-12-05 00:03:08.842208|[g:1][CONSENSUS][PBFT]checkAndChangeView: Reach consensus,org_view=517,org_changeCycle=0,cur_changeCycle=0,to_view=518
info|2019-12-05 00:03:09.844275|[g:1][CONSENSUS]addRawPrepare,height=29,reqIdx=2,hash=48b8c681...
info|2019-12-05 00:03:09.844517|[g:1][CONSENSUS][PBFT]checkTimeout Succ,view=518,toView=519,nodeIdx=0,changeCycle=0,myNode=6e2a3211...,timecost=0.179
info|2019-12-05 00:03:09.847732|[g:1][CONSENSUS][PBFT]checkAndChangeView: Reach consensus,org_view=518,org_changeCycle=0,cur_changeCycle=0,to_view=519
info|2019-12-05 00:03:10.847181|[g:1][CONSENSUS]addRawPrepare,height=29,reqIdx=3,hash=1d46efc4...
info|2019-12-05 00:03:10.847497|[g:1][CONSENSUS][PBFT]checkTimeout Succ,view=519,toView=520,nodeIdx=0,changeCycle=0,myNode=6e2a3211...,timecost=0.25
info|2019-12-05 00:03:10.848503|[g:1][CONSENSUS][PBFT]checkAndChangeView: Reach consensus,org_view=519,org_changeCycle=0,cur_changeCycle=0,to_view=520
info|2019-12-05 00:03:11.849624|[g:1][CONSENSUS][SEALER]++++++++++++++++ Generating seal on,blkNum=29,tx=0,nodeIdx=0,hash=6a985bb3...
info|2019-12-05 00:03:11.851506|[g:1][CONSENSUS][PBFT]checkTimeout Succ,view=520,toView=521,nodeIdx=0,changeCycle=0,myNode=6e2a3211...,timecost=1.31
info|2019-12-05 00:03:11.852792|[g:1][CONSENSUS][PBFT]checkAndChangeView: Reach consensus,org_view=520,org_changeCycle=0,cur_changeCycle=0,to_view=521
info|2019-12-05 00:03:12.854368|[g:1][CONSENSUS]addRawPrepare,height=29,reqIdx=1,hash=94272fe7...
info|2019-12-05 00:03:12.854627|[g:1][CONSENSUS][PBFT]checkTimeout Succ,view=521,toView=522,nodeIdx=0,changeCycle=0,myNode=6e2a3211...,timecost=0.183
info|2019-12-05 00:03:12.856812|[g:1][CONSENSUS][PBFT]checkAndChangeView: Reach consensus,org_view=521,org_changeCycle=0,cur_changeCycle=0,to_view=522
info|2019-12-05 00:03:13.859193|[g:1][CONSENSUS]addRawPrepare,height=29,reqIdx=2,hash=96aa5d08...
info|2019-12-05 00:03:13.859446|[g:1][CONSENSUS][PBFT]checkTimeout Succ,view=522,toView=523,nodeIdx=0,changeCycle=0,myNode=6e2a3211...,timecost=0.184
info|2019-12-05 00:03:13.862435|[g:1][CONSENSUS][PBFT]checkAndChangeView: Reach consensus,org_view=522,org_changeCycle=0,cur_changeCycle=0,to_view=523
info|2019-12-05 00:03:14.864302|[g:1][CONSENSUS]addRawPrepare,height=29,reqIdx=3,hash=cc517f9e...
info|2019-12-05 00:03:14.864546|[g:1][CONSENSUS][PBFT]checkTimeout Succ,view=523,toView=524,nodeIdx=0,changeCycle=0,myNode=6e2a3211...,timecost=0.18
info|2019-12-05 00:03:14.865458|[g:1][CONSENSUS][PBFT]checkAndChangeView: Reach consensus,org_view=523,org_changeCycle=0,cur_changeCycle=0,to_view=524
info|2019-12-05 00:03:15.866636|[g:1][CONSENSUS][SEALER]++++++++++++++++ Generating seal on,blkNum=29,tx=0,nodeIdx=0,hash=08af20d9...
info|2019-12-05 00:03:15.869700|[g:1][CONSENSUS][PBFT]checkTimeout Succ,view=524,toView=525,nodeIdx=0,changeCycle=0,myNode=6e2a3211...,timecost=0.265
info|2019-12-05 00:03:15.869964|[g:1][CONSENSUS][PBFT]checkAndChangeView: Reach consensus,org_view=524,org_changeCycle=0,cur_changeCycle=0,to_view=525
info|2019-12-05 00:03:16.871608|[g:1][CONSENSUS]addRawPrepare,height=29,reqIdx=1,hash=2c30ad2f...
info|2019-12-05 00:03:16.871900|[g:1][CONSENSUS][PBFT]checkTimeout Succ,view=525,toView=526,nodeIdx=0,changeCycle=0,myNode=6e2a3211...,timecost=0.183
info|2019-12-05 00:03:16.874391|[g:1][CONSENSUS][PBFT]checkAndChangeView: Reach consensus,org_view=525,org_changeCycle=0,cur_changeCycle=0,to_view=526
info|2019-12-05 00:03:16.942771|[P2P][Service] heartBeat,connected count=3
info|2019-12-05 00:03:17.877334|[g:1][CONSENSUS]addRawPrepare,height=29,reqIdx=2,hash=e7e94bdd...
info|2019-12-05 00:03:17.877602|[g:1][CONSENSUS][PBFT]checkTimeout Succ,view=526,toView=527,nodeIdx=0,changeCycle=0,myNode=6e2a3211...,timecost=0.177
info|2019-12-05 00:03:17.879967|[g:1][CONSENSUS][PBFT]checkAndChangeView: Reach consensus,org_view=526,org_changeCycle=0,cur_changeCycle=0,to_view=527
info|2019-12-05 00:03:18.882968|[g:1][CONSENSUS]addRawPrepare,height=29,reqIdx=3,hash=569c44bd...
info|2019-12-05 00:03:18.883308|[g:1][CONSENSUS][PBFT]checkTimeout Succ,view=527,toView=528,nodeIdx=0,changeCycle=0,myNode=6e2a3211...,timecost=0.279
info|2019-12-05 00:03:18.885705|[g:1][CONSENSUS][PBFT]checkAndChangeView: Reach consensus,org_view=527,org_changeCycle=0,cur_changeCycle=0,to_view=528
info|2019-12-05 00:03:19.885201|[g:1][CONSENSUS][SEALER]++++++++++++++++ Generating seal on,blkNum=29,tx=0,nodeIdx=0,hash=a29e43f2...
info|2019-12-05 00:03:19.887921|[g:1][CONSENSUS][PBFT]checkTimeout Succ,view=528,toView=529,nodeIdx=0,changeCycle=0,myNode=6e2a3211...,timecost=0.205
info|2019-12-05 00:03:19.889198|[g:1][CONSENSUS][PBFT]checkAndChangeView: Reach consensus,org_view=528,org_changeCycle=0,cur_changeCycle=0,to_view=529
info|2019-12-05 00:03:20.891594|[g:1][CONSENSUS]addRawPrepare,height=29,reqIdx=1,hash=93cdcc72...
info|2019-12-05 00:03:20.893194|[g:1][CONSENSUS][PBFT]checkTimeout Succ,view=529,toView=530,nodeIdx=0,changeCycle=0,myNode=6e2a3211...,timecost=1.537
info|2019-12-05 00:03:20.895241|[g:1][CONSENSUS][PBFT]checkAndChangeView: Reach consensus,org_view=529,org_changeCycle=0,cur_changeCycle=0,to_view=530
info|2019-12-05 00:03:21.898304|[g:1][CONSENSUS]addRawPrepare,height=29,reqIdx=2,hash=b61d4432...
info|2019-12-05 00:03:21.898546|[g:1][CONSENSUS][PBFT]checkTimeout Succ,view=530,toView=531,nodeIdx=0,changeCycle=0,myNode=6e2a3211...,timecost=0.181
info|2019-12-05 00:03:21.899167|[g:1][CONSENSUS][PBFT]checkAndChangeView: Reach consensus,org_view=530,org_changeCycle=0,cur_changeCycle=0,to_view=531
info|2019-12-05 00:03:22.899922|[g:1][CONSENSUS]addRawPrepare,height=29,reqIdx=3,hash=74a83434...
info|2019-12-05 00:03:22.900245|[g:1][CONSENSUS][PBFT]checkTimeout Succ,view=531,toView=532,nodeIdx=0,changeCycle=0,myNode=6e2a3211...,timecost=0.238
info|2019-12-05 00:03:22.902381|[g:1][CONSENSUS][PBFT]checkAndChangeView: Reach consensus,org_view=531,org_changeCycle=0,cur_changeCycle=0,to_view=532
info|2019-12-05 00:03:23.903608|[g:1][CONSENSUS][SEALER]++++++++++++++++ Generating seal on,blkNum=29,tx=0,nodeIdx=0,hash=d9e36162...
info|2019-12-05 00:03:23.905670|[g:1][CONSENSUS][PBFT]checkTimeout Succ,view=532,toView=533,nodeIdx=0,changeCycle=0,myNode=6e2a3211...,timecost=0.171
info|2019-12-05 00:03:23.907027|[g:1][CONSENSUS][PBFT]checkAndChangeView: Reach consensus,org_view=532,org_changeCycle=0,cur_changeCycle=0,to_view=533
info|2019-12-05 00:03:24.908874|[g:1][CONSENSUS]addRawPrepare,height=29,reqIdx=1,hash=942a4d93...
info|2019-12-05 00:03:24.909385|[g:1][CONSENSUS][PBFT]checkTimeout Succ,view=533,toView=534,nodeIdx=0,changeCycle=0,myNode=6e2a3211...,timecost=0.293
info|2019-12-05 00:03:24.913316|[g:1][CONSENSUS][PBFT]checkAndChangeView: Reach consensus,org_view=533,org_changeCycle=0,cur_changeCycle=0,to_view=534
                                                                                                                                                                                                                                                                                                                                                                                                                                                                                                                                                                                                                                                                                                                                                                                                                                                                                                                                                                                                                                                                                                                                                                                                                                                                                                                                                                                                                                                                                                                                                                                                                                                                                                                                                                          