warning|2019-12-12 14:34:15.855223|[g:1][CONSENSUS][PBFT]ViewChangeWarning: not caused by omit empty block ,v=1670,toV=1671,curNum=240,hash=49951fa7...,nodeIdx=0,myNode=6e2a3211...
info|2019-12-12 14:34:15.855576|[g:1][CONSENSUS][PBFT]checkTimeout Succ,view=1670,toView=1671,nodeIdx=0,changeCycle=1,myNode=6e2a3211...,timecost=0.555
info|2019-12-12 14:34:15.908496|[g:1][CONSENSUS][PBFT]checkAndChangeView: Reach consensus,org_view=1670,org_changeCycle=1,cur_changeCycle=1,to_view=1671
info|2019-12-12 14:34:17.135251|[g:1][CONSENSUS]addRawPrepare,height=241,reqIdx=3,hash=e9bc58a7...
info|2019-12-12 14:34:17.135853|[g:1][CONSENSUS][PBFT]checkTimeout Succ,view=1671,toView=1672,nodeIdx=0,changeCycle=0,myNode=6e2a3211...,timecost=0.296
info|2019-12-12 14:34:17.251652|[g:1][CONSENSUS][PBFT]checkAndChangeView: Reach consensus,org_view=1671,org_changeCycle=0,cur_changeCycle=0,to_view=1672
info|2019-12-12 14:34:17.929201|[P2P][Service] heartBeat,connected count=3
info|2019-12-12 14:34:18.255470|[g:1][CONSENSUS][SEALER]++++++++++++++++ Generating seal on,blkNum=241,tx=0,nodeIdx=0,hash=e64eac67...
info|2019-12-12 14:34:18.256575|[g:1][CONSENSUS][PBFT]checkTimeout Succ,view=1672,toView=1673,nodeIdx=0,changeCycle=0,myNode=6e2a3211...,timecost=0.443
info|2019-12-12 14:34:18.264030|[g:1][CONSENSUS][PBFT]checkAndChangeView: Reach consensus,org_view=1672,org_changeCycle=0,cur_changeCycle=0,to_view=1673
info|2019-12-12 14:34:19.264914|[g:1][CONSENSUS]addRawPrepare,height=241,reqIdx=1,hash=591392d4...
info|2019-12-12 14:34:19.265153|[g:1][CONSENSUS][PBFT]checkTimeout Succ,view=1673,toView=1674,nodeIdx=0,changeCycle=0,myNode=6e2a3211...,timecost=0.214
info|2019-12-12 14:34:19.265746|[g:1][CONSENSUS][PBFT]checkAndChangeView: Reach consensus,org_view=1673,org_changeCycle=0,cur_changeCycle=0,to_view=1674
info|2019-12-12 14:34:20.299170|[g:1][CONSENSUS]addRawPrepare,height=241,reqIdx=2,hash=98972a63...
info|2019-12-12 14:34:20.299701|[g:1][CONSENSUS][PBFT]checkTimeout Succ,view=1674,toView=1675,nodeIdx=0,changeCycle=0,myNode=6e2a3211...,timecost=0.304
info|2019-12-12 14:34:20.308014|[g:1][CONSENSUS][PBFT]checkAndChangeView: Reach consensus,org_view=1674,org_changeCycle=0,cur_changeCycle=0,to_view=1675
info|2019-12-12 14:34:21.795199|[g:1][CONSENSUS]addRawPrepare,height=241,reqIdx=3,hash=1bd5a442...
info|2019-12-12 14:34:21.795714|[g:1][CONSENSUS][PBFT]checkTimeout Succ,view=1675,toView=1676,nodeIdx=0,changeCycle=0,myNode=6e2a3211...,timecost=0.313
info|2019-12-12 14:34:21.802273|[g:1][CONSENSUS][PBFT]checkAndChangeView: Reach consensus,org_view=1675,org_changeCycle=0,cur_changeCycle=0,to_view=1676
info|2019-12-12 14:34:22.802508|[g:1][CONSENSUS][SEALER]++++++++++++++++ Generating seal on,blkNum=241,tx=0,nodeIdx=0,hash=7d5f1775...
info|2019-12-12 14:34:22.809590|[g:1][CONSENSUS][PBFT]checkTimeout Succ,view=1676,toView=1677,nodeIdx=0,changeCycle=0,myNode=6e2a3211...,timecost=0.227
info|2019-12-12 14:34:22.810456|[g:1][CONSENSUS][PBFT]checkAndChangeView: Reach consensus,org_view=1676,org_changeCycle=0,cur_changeCycle=0,to_view=1677
